<?xml version="1.0" encoding="UTF-8"?>
<coverage generated="1772994773740" clover="3.2.0">
  <project timestamp="1772994773740" name="All files">
    <metrics statements="155" coveredstatements="146" conditionals="76" coveredconditionals="66" methods="27" coveredmethods="27" elements="258" coveredelements="239" complexity="0" loc="155" ncloc="155" packages="4" files="6" classes="6"/>
    <package name="controllers">
      <metrics statements="65" coveredstatements="60" conditionals="22" coveredconditionals="20" methods="11" coveredmethods="11"/>
      <file name="notificationController.js" path="C:\Users\lasit\OneDrive\Documents\IDEs\VS Code\Task-Management-System\notifications-management\src\controllers\notificationController.js">
        <metrics statements="65" coveredstatements="60" conditionals="22" coveredconditionals="20" methods="11" coveredmethods="11"/>
        <line num="1" count="2" type="stmt"/>
        <line num="4" count="5" type="stmt"/>
        <line num="5" count="5" type="stmt"/>
        <line num="6" count="5" type="stmt"/>
        <line num="16" count="35" type="stmt"/>
        <line num="18" count="35" type="stmt"/>
        <line num="19" count="35" type="stmt"/>
        <line num="20" count="35" type="stmt"/>
        <line num="21" count="35" type="stmt"/>
        <line num="22" count="35" type="stmt"/>
        <line num="23" count="35" type="stmt"/>
        <line num="24" count="35" type="stmt"/>
        <line num="25" count="35" type="stmt"/>
        <line num="26" count="35" type="stmt"/>
        <line num="30" count="7" type="stmt"/>
        <line num="31" count="7" type="stmt"/>
        <line num="32" count="7" type="cond" truecount="4" falsecount="0"/>
        <line num="33" count="2" type="stmt"/>
        <line num="36" count="5" type="cond" truecount="3" falsecount="1"/>
        <line num="37" count="5" type="stmt"/>
        <line num="44" count="4" type="stmt"/>
        <line num="45" count="3" type="stmt"/>
        <line num="49" count="3" type="stmt"/>
        <line num="50" count="3" type="stmt"/>
        <line num="51" count="2" type="stmt"/>
        <line num="52" count="1" type="stmt"/>
        <line num="56" count="2" type="stmt"/>
        <line num="57" count="2" type="stmt"/>
        <line num="58" count="2" type="stmt"/>
        <line num="59" count="0" type="stmt"/>
        <line num="63" count="2" type="stmt"/>
        <line num="64" count="2" type="stmt"/>
        <line num="65" count="2" type="stmt"/>
        <line num="66" count="0" type="stmt"/>
        <line num="70" count="3" type="stmt"/>
        <line num="71" count="3" type="stmt"/>
        <line num="72" count="3" type="cond" truecount="2" falsecount="0"/>
        <line num="73" count="1" type="stmt"/>
        <line num="76" count="2" type="stmt"/>
        <line num="77" count="2" type="stmt"/>
        <line num="78" count="1" type="stmt"/>
        <line num="82" count="2" type="stmt"/>
        <line num="83" count="2" type="stmt"/>
        <line num="84" count="2" type="stmt"/>
        <line num="85" count="0" type="stmt"/>
        <line num="89" count="3" type="stmt"/>
        <line num="90" count="3" type="stmt"/>
        <line num="91" count="3" type="cond" truecount="4" falsecount="0"/>
        <line num="92" count="1" type="stmt"/>
        <line num="95" count="2" type="stmt"/>
        <line num="96" count="2" type="stmt"/>
        <line num="97" count="1" type="stmt"/>
        <line num="101" count="2" type="stmt"/>
        <line num="102" count="2" type="cond" truecount="1" falsecount="1"/>
        <line num="103" count="0" type="stmt"/>
        <line num="106" count="2" type="stmt"/>
        <line num="107" count="2" type="stmt"/>
        <line num="108" count="0" type="stmt"/>
        <line num="112" count="3" type="stmt"/>
        <line num="113" count="3" type="cond" truecount="2" falsecount="0"/>
        <line num="114" count="1" type="stmt"/>
        <line num="117" count="2" type="stmt"/>
        <line num="118" count="2" type="stmt"/>
        <line num="119" count="1" type="stmt"/>
        <line num="123" count="2" type="stmt"/>
      </file>
    </package>
    <package name="middleware">
      <metrics statements="41" coveredstatements="37" conditionals="27" coveredconditionals="19" methods="5" coveredmethods="5"/>
      <file name="auth.js" path="C:\Users\lasit\OneDrive\Documents\IDEs\VS Code\Task-Management-System\notifications-management\src\middleware\auth.js">
        <metrics statements="22" coveredstatements="18" conditionals="19" coveredconditionals="13" methods="2" coveredmethods="2"/>
        <line num="1" count="1" type="stmt"/>
        <line num="4" count="15" type="stmt"/>
        <line num="5" count="15" type="stmt"/>
        <line num="7" count="15" type="cond" truecount="4" falsecount="0"/>
        <line num="8" count="1" type="stmt"/>
        <line num="14" count="14" type="stmt"/>
        <line num="15" count="14" type="stmt"/>
        <line num="17" count="14" type="stmt"/>
        <line num="24" count="14" type="stmt"/>
        <line num="26" count="0" type="cond" truecount="0" falsecount="2"/>
        <line num="27" count="0" type="stmt"/>
        <line num="30" count="0" type="stmt"/>
        <line num="35" count="4" type="stmt"/>
        <line num="36" count="4" type="stmt"/>
        <line num="37" count="4" type="stmt"/>
        <line num="39" count="4" type="cond" truecount="1" falsecount="1"/>
        <line num="40" count="0" type="stmt"/>
        <line num="46" count="4" type="cond" truecount="5" falsecount="0"/>
        <line num="47" count="1" type="stmt"/>
        <line num="53" count="3" type="stmt"/>
        <line num="54" count="3" type="stmt"/>
        <line num="57" count="1" type="stmt"/>
      </file>
      <file name="errorHandler.js" path="C:\Users\lasit\OneDrive\Documents\IDEs\VS Code\Task-Management-System\notifications-management\src\middleware\errorHandler.js">
        <metrics statements="5" coveredstatements="5" conditionals="6" coveredconditionals="4" methods="1" coveredmethods="1"/>
        <line num="7" count="2" type="stmt"/>
        <line num="8" count="3" type="stmt"/>
        <line num="10" count="3" type="cond" truecount="1" falsecount="1"/>
        <line num="12" count="3" type="stmt"/>
        <line num="19" count="2" type="stmt"/>
      </file>
      <file name="validators.js" path="C:\Users\lasit\OneDrive\Documents\IDEs\VS Code\Task-Management-System\notifications-management\src\middleware\validators.js">
        <metrics statements="14" coveredstatements="14" conditionals="2" coveredconditionals="2" methods="2" coveredmethods="2"/>
        <line num="1" count="2" type="stmt"/>
        <line num="2" count="2" type="stmt"/>
        <line num="8" count="2" type="stmt"/>
        <line num="9" count="18" type="stmt"/>
        <line num="10" count="18" type="stmt"/>
        <line num="11" count="18" type="cond" truecount="2" falsecount="0"/>
        <line num="12" count="11" type="stmt"/>
        <line num="15" count="14" type="stmt"/>
        <line num="18" count="7" type="stmt"/>
        <line num="24" count="2" type="stmt"/>
        <line num="45" count="2" type="stmt"/>
        <line num="60" count="2" type="stmt"/>
        <line num="69" count="2" type="stmt"/>
        <line num="75" count="2" type="stmt"/>
      </file>
    </package>
    <package name="services">
      <metrics statements="43" coveredstatements="43" conditionals="27" coveredconditionals="27" methods="11" coveredmethods="11"/>
      <file name="notificationService.js" path="C:\Users\lasit\OneDrive\Documents\IDEs\VS Code\Task-Management-System\notifications-management\src\services\notificationService.js">
        <metrics statements="43" coveredstatements="43" conditionals="27" coveredconditionals="27" methods="11" coveredmethods="11"/>
        <line num="1" count="2" type="stmt"/>
        <line num="4" count="3" type="stmt"/>
        <line num="5" count="3" type="stmt"/>
        <line num="6" count="3" type="stmt"/>
        <line num="16" count="43" type="stmt"/>
        <line num="17" count="43" type="stmt"/>
        <line num="24" count="10" type="stmt"/>
        <line num="25" count="10" type="cond" truecount="2" falsecount="0"/>
        <line num="26" count="10" type="cond" truecount="2" falsecount="0"/>
        <line num="27" count="10" type="cond" truecount="2" falsecount="0"/>
        <line num="28" count="10" type="cond" truecount="2" falsecount="0"/>
        <line num="30" count="10" type="stmt"/>
        <line num="32" count="10" type="stmt"/>
        <line num="37" count="10" type="stmt"/>
        <line num="52" count="4" type="cond" truecount="2" falsecount="0"/>
        <line num="53" count="4" type="stmt"/>
        <line num="54" count="4" type="cond" truecount="2" falsecount="0"/>
        <line num="55" count="1" type="stmt"/>
        <line num="57" count="3" type="stmt"/>
        <line num="64" count="2" type="stmt"/>
        <line num="65" count="2" type="stmt"/>
        <line num="72" count="4" type="cond" truecount="2" falsecount="0"/>
        <line num="73" count="4" type="stmt"/>
        <line num="79" count="4" type="cond" truecount="2" falsecount="0"/>
        <line num="80" count="1" type="stmt"/>
        <line num="82" count="3" type="stmt"/>
        <line num="89" count="2" type="stmt"/>
        <line num="93" count="2" type="stmt"/>
        <line num="100" count="4" type="cond" truecount="2" falsecount="0"/>
        <line num="101" count="4" type="stmt"/>
        <line num="102" count="4" type="cond" truecount="2" falsecount="0"/>
        <line num="103" count="1" type="stmt"/>
        <line num="105" count="3" type="stmt"/>
        <line num="112" count="3" type="stmt"/>
        <line num="113" count="3" type="stmt"/>
        <line num="120" count="3" type="stmt"/>
        <line num="121" count="3" type="cond" truecount="2" falsecount="0"/>
        <line num="122" count="1" type="stmt"/>
        <line num="123" count="1" type="stmt"/>
        <line num="125" count="3" type="stmt"/>
        <line num="132" count="2" type="stmt"/>
        <line num="137" count="2" type="stmt"/>
        <line num="141" count="2" type="stmt"/>
      </file>
    </package>
    <package name="utils">
      <metrics statements="6" coveredstatements="6" conditionals="0" coveredconditionals="0" methods="0" coveredmethods="0"/>
      <file name="constants.js" path="C:\Users\lasit\OneDrive\Documents\IDEs\VS Code\Task-Management-System\notifications-management\src\utils\constants.js">
        <metrics statements="6" coveredstatements="6" conditionals="0" coveredconditionals="0" methods="0" coveredmethods="0"/>
        <line num="6" count="4" type="stmt"/>
        <line num="15" count="4" type="stmt"/>
        <line num="22" count="4" type="stmt"/>
        <line num="23" count="4" type="stmt"/>
        <line num="25" count="4" type="stmt"/>
        <line num="38" count="4" type="stmt"/>
      </file>
    </package>
  </project>
</coverage>
