{"C:\\Users\\lasit\\OneDrive\\Documents\\IDEs\\VS Code\\Task-Management-System\\notifications-management\\src\\controllers\\notificationController.js": {"path":"C:\\Users\\lasit\\OneDrive\\Documents\\IDEs\\VS Code\\Task-Management-System\\notifications-management\\src\\controllers\\notificationController.js","statementMap":{"0":{"start":{"line":1,"column":30},"end":{"line":1,"column":59}},"1":{"start":{"line":10,"column":8},"end":{"line":10,"column":43}},"2":{"start":{"line":12,"column":8},"end":{"line":12,"column":65}},"3":{"start":{"line":13,"column":8},"end":{"line":13,"column":71}},"4":{"start":{"line":14,"column":8},"end":{"line":14,"column":69}},"5":{"start":{"line":15,"column":8},"end":{"line":15,"column":53}},"6":{"start":{"line":16,"column":8},"end":{"line":16,"column":59}},"7":{"start":{"line":17,"column":8},"end":{"line":17,"column":69}},"8":{"start":{"line":18,"column":8},"end":{"line":18,"column":61}},"9":{"start":{"line":19,"column":8},"end":{"line":19,"column":61}},"10":{"start":{"line":20,"column":8},"end":{"line":20,"column":67}},"11":{"start":{"line":24,"column":8},"end":{"line":32,"column":36}},"12":{"start":{"line":25,"column":73},"end":{"line":25,"column":82}},"13":{"start":{"line":26,"column":33},"end":{"line":26,"column":98}},"14":{"start":{"line":27,"column":27},"end":{"line":30,"column":14}},"15":{"start":{"line":31,"column":12},"end":{"line":31,"column":115}},"16":{"start":{"line":32,"column":24},"end":{"line":32,"column":34}},"17":{"start":{"line":36,"column":8},"end":{"line":39,"column":36}},"18":{"start":{"line":37,"column":33},"end":{"line":37,"column":86}},"19":{"start":{"line":38,"column":12},"end":{"line":38,"column":72}},"20":{"start":{"line":39,"column":24},"end":{"line":39,"column":34}},"21":{"start":{"line":43,"column":8},"end":{"line":46,"column":36}},"22":{"start":{"line":44,"column":33},"end":{"line":44,"column":80}},"23":{"start":{"line":45,"column":12},"end":{"line":45,"column":121}},"24":{"start":{"line":46,"column":24},"end":{"line":46,"column":34}},"25":{"start":{"line":50,"column":8},"end":{"line":53,"column":36}},"26":{"start":{"line":51,"column":33},"end":{"line":51,"column":77}},"27":{"start":{"line":52,"column":12},"end":{"line":52,"column":125}},"28":{"start":{"line":53,"column":24},"end":{"line":53,"column":34}},"29":{"start":{"line":57,"column":8},"end":{"line":61,"column":36}},"30":{"start":{"line":58,"column":36},"end":{"line":58,"column":44}},"31":{"start":{"line":59,"column":27},"end":{"line":59,"column":72}},"32":{"start":{"line":60,"column":12},"end":{"line":60,"column":110}},"33":{"start":{"line":61,"column":24},"end":{"line":61,"column":34}},"34":{"start":{"line":65,"column":8},"end":{"line":68,"column":36}},"35":{"start":{"line":66,"column":12},"end":{"line":66,"column":65}},"36":{"start":{"line":67,"column":12},"end":{"line":67,"column":101}},"37":{"start":{"line":68,"column":24},"end":{"line":68,"column":34}},"38":{"start":{"line":72,"column":8},"end":{"line":76,"column":36}},"39":{"start":{"line":73,"column":36},"end":{"line":73,"column":45}},"40":{"start":{"line":74,"column":27},"end":{"line":74,"column":73}},"41":{"start":{"line":75,"column":12},"end":{"line":75,"column":66}},"42":{"start":{"line":76,"column":24},"end":{"line":76,"column":34}},"43":{"start":{"line":80,"column":8},"end":{"line":83,"column":36}},"44":{"start":{"line":81,"column":26},"end":{"line":81,"column":78}},"45":{"start":{"line":82,"column":12},"end":{"line":82,"column":113}},"46":{"start":{"line":83,"column":24},"end":{"line":83,"column":34}},"47":{"start":{"line":87,"column":8},"end":{"line":90,"column":36}},"48":{"start":{"line":88,"column":26},"end":{"line":88,"column":91}},"49":{"start":{"line":89,"column":12},"end":{"line":89,"column":113}},"50":{"start":{"line":90,"column":24},"end":{"line":90,"column":34}},"51":{"start":{"line":94,"column":0},"end":{"line":94,"column":40}}},"fnMap":{"0":{"name":"(anonymous_0)","decl":{"start":{"line":9,"column":4},"end":{"line":9,"column":5}},"loc":{"start":{"line":9,"column":37},"end":{"line":21,"column":5}},"line":9},"1":{"name":"(anonymous_1)","decl":{"start":{"line":23,"column":4},"end":{"line":23,"column":5}},"loc":{"start":{"line":23,"column":43},"end":{"line":33,"column":5}},"line":23},"2":{"name":"(anonymous_2)","decl":{"start":{"line":35,"column":4},"end":{"line":35,"column":5}},"loc":{"start":{"line":35,"column":46},"end":{"line":40,"column":5}},"line":35},"3":{"name":"(anonymous_3)","decl":{"start":{"line":42,"column":4},"end":{"line":42,"column":5}},"loc":{"start":{"line":42,"column":45},"end":{"line":47,"column":5}},"line":42},"4":{"name":"(anonymous_4)","decl":{"start":{"line":49,"column":4},"end":{"line":49,"column":5}},"loc":{"start":{"line":49,"column":37},"end":{"line":54,"column":5}},"line":49},"5":{"name":"(anonymous_5)","decl":{"start":{"line":56,"column":4},"end":{"line":56,"column":5}},"loc":{"start":{"line":56,"column":40},"end":{"line":62,"column":5}},"line":56},"6":{"name":"(anonymous_6)","decl":{"start":{"line":64,"column":4},"end":{"line":64,"column":5}},"loc":{"start":{"line":64,"column":45},"end":{"line":69,"column":5}},"line":64},"7":{"name":"(anonymous_7)","decl":{"start":{"line":71,"column":4},"end":{"line":71,"column":5}},"loc":{"start":{"line":71,"column":41},"end":{"line":77,"column":5}},"line":71},"8":{"name":"(anonymous_8)","decl":{"start":{"line":79,"column":4},"end":{"line":79,"column":5}},"loc":{"start":{"line":79,"column":41},"end":{"line":84,"column":5}},"line":79},"9":{"name":"(anonymous_9)","decl":{"start":{"line":86,"column":4},"end":{"line":86,"column":5}},"loc":{"start":{"line":86,"column":44},"end":{"line":91,"column":5}},"line":86}},"branchMap":{"0":{"loc":{"start":{"line":26,"column":33},"end":{"line":26,"column":98}},"type":"cond-expr","locations":[{"start":{"line":26,"column":53},"end":{"line":26,"column":57}},{"start":{"line":26,"column":60},"end":{"line":26,"column":98}}],"line":26},"1":{"loc":{"start":{"line":26,"column":60},"end":{"line":26,"column":98}},"type":"cond-expr","locations":[{"start":{"line":26,"column":81},"end":{"line":26,"column":86}},{"start":{"line":26,"column":89},"end":{"line":26,"column":98}}],"line":26},"2":{"loc":{"start":{"line":29,"column":22},"end":{"line":29,"column":39}},"type":"binary-expr","locations":[{"start":{"line":29,"column":22},"end":{"line":29,"column":34}},{"start":{"line":29,"column":38},"end":{"line":29,"column":39}}],"line":29},"3":{"loc":{"start":{"line":29,"column":48},"end":{"line":29,"column":67}},"type":"binary-expr","locations":[{"start":{"line":29,"column":48},"end":{"line":29,"column":61}},{"start":{"line":29,"column":65},"end":{"line":29,"column":67}}],"line":29}},"s":{"0":2,"1":28,"2":28,"3":28,"4":28,"5":28,"6":28,"7":28,"8":28,"9":28,"10":28,"11":5,"12":5,"13":5,"14":5,"15":4,"16":1,"17":3,"18":3,"19":2,"20":1,"21":2,"22":2,"23":2,"24":0,"25":2,"26":2,"27":2,"28":0,"29":2,"30":2,"31":2,"32":2,"33":0,"34":2,"35":2,"36":2,"37":0,"38":2,"39":2,"40":2,"41":2,"42":0,"43":2,"44":2,"45":2,"46":0,"47":2,"48":2,"49":2,"50":0,"51":2},"f":{"0":28,"1":5,"2":3,"3":2,"4":2,"5":2,"6":2,"7":2,"8":2,"9":2},"b":{"0":[0,5],"1":[2,3],"2":[5,5],"3":[5,5]},"_coverageSchema":"1a1c01bbd47fc00a2c39e90264f33305004495a9","hash":"6afc8509a59e0789bc0d4be98e502a27b5c0ed4b"}
,"C:\\Users\\lasit\\OneDrive\\Documents\\IDEs\\VS Code\\Task-Management-System\\notifications-management\\src\\middleware\\errorHandler.js": {"path":"C:\\Users\\lasit\\OneDrive\\Documents\\IDEs\\VS Code\\Task-Management-System\\notifications-management\\src\\middleware\\errorHandler.js","statementMap":{"0":{"start":{"line":7,"column":21},"end":{"line":17,"column":1}},"1":{"start":{"line":8,"column":4},"end":{"line":8,"column":43}},"2":{"start":{"line":10,"column":23},"end":{"line":10,"column":44}},"3":{"start":{"line":12,"column":4},"end":{"line":16,"column":7}},"4":{"start":{"line":19,"column":0},"end":{"line":19,"column":34}}},"fnMap":{"0":{"name":"(anonymous_0)","decl":{"start":{"line":7,"column":21},"end":{"line":7,"column":22}},"loc":{"start":{"line":7,"column":47},"end":{"line":17,"column":1}},"line":7}},"branchMap":{"0":{"loc":{"start":{"line":10,"column":23},"end":{"line":10,"column":44}},"type":"binary-expr","locations":[{"start":{"line":10,"column":23},"end":{"line":10,"column":37}},{"start":{"line":10,"column":41},"end":{"line":10,"column":44}}],"line":10},"1":{"loc":{"start":{"line":14,"column":17},"end":{"line":14,"column":55}},"type":"binary-expr","locations":[{"start":{"line":14,"column":17},"end":{"line":14,"column":28}},{"start":{"line":14,"column":32},"end":{"line":14,"column":55}}],"line":14},"2":{"loc":{"start":{"line":15,"column":12},"end":{"line":15,"column":74}},"type":"binary-expr","locations":[{"start":{"line":15,"column":12},"end":{"line":15,"column":50}},{"start":{"line":15,"column":54},"end":{"line":15,"column":74}}],"line":15}},"s":{"0":1,"1":0,"2":0,"3":0,"4":1},"f":{"0":0},"b":{"0":[0,0],"1":[0,0],"2":[0,0]},"_coverageSchema":"1a1c01bbd47fc00a2c39e90264f33305004495a9","hash":"2e02ed7480ab31780ac968659235dd0920dc6f05"}
,"C:\\Users\\lasit\\OneDrive\\Documents\\IDEs\\VS Code\\Task-Management-System\\notifications-management\\src\\middleware\\validators.js": {"path":"C:\\Users\\lasit\\OneDrive\\Documents\\IDEs\\VS Code\\Task-Management-System\\notifications-management\\src\\middleware\\validators.js","statementMap":{"0":{"start":{"line":1,"column":31},"end":{"line":1,"column":59}},"1":{"start":{"line":2,"column":86},"end":{"line":2,"column":115}},"2":{"start":{"line":8,"column":31},"end":{"line":19,"column":1}},"3":{"start":{"line":9,"column":33},"end":{"line":9,"column":61}},"4":{"start":{"line":10,"column":19},"end":{"line":10,"column":40}},"5":{"start":{"line":11,"column":4},"end":{"line":17,"column":5}},"6":{"start":{"line":12,"column":8},"end":{"line":16,"column":11}},"7":{"start":{"line":15,"column":47},"end":{"line":15,"column":80}},"8":{"start":{"line":18,"column":4},"end":{"line":18,"column":11}},"9":{"start":{"line":24,"column":35},"end":{"line":40,"column":1}},"10":{"start":{"line":45,"column":34},"end":{"line":55,"column":1}},"11":{"start":{"line":60,"column":25},"end":{"line":64,"column":1}},"12":{"start":{"line":69,"column":28},"end":{"line":73,"column":1}},"13":{"start":{"line":75,"column":0},"end":{"line":81,"column":2}}},"fnMap":{"0":{"name":"(anonymous_0)","decl":{"start":{"line":8,"column":31},"end":{"line":8,"column":32}},"loc":{"start":{"line":8,"column":51},"end":{"line":19,"column":1}},"line":8},"1":{"name":"(anonymous_1)","decl":{"start":{"line":15,"column":39},"end":{"line":15,"column":40}},"loc":{"start":{"line":15,"column":47},"end":{"line":15,"column":80}},"line":15}},"branchMap":{"0":{"loc":{"start":{"line":11,"column":4},"end":{"line":17,"column":5}},"type":"if","locations":[{"start":{"line":11,"column":4},"end":{"line":17,"column":5}},{"start":{},"end":{}}],"line":11}},"s":{"0":1,"1":1,"2":1,"3":12,"4":12,"5":12,"6":6,"7":8,"8":6,"9":1,"10":1,"11":1,"12":1,"13":1},"f":{"0":12,"1":8},"b":{"0":[6,6]},"_coverageSchema":"1a1c01bbd47fc00a2c39e90264f33305004495a9","hash":"90f89fcccfd8a284e485a90e906f4daf86a93103"}
,"C:\\Users\\lasit\\OneDrive\\Documents\\IDEs\\VS Code\\Task-Management-System\\notifications-management\\src\\services\\notificationService.js": {"path":"C:\\Users\\lasit\\OneDrive\\Documents\\IDEs\\VS Code\\Task-Management-System\\notifications-management\\src\\services\\notificationService.js","statementMap":{"0":{"start":{"line":1,"column":30},"end":{"line":1,"column":59}},"1":{"start":{"line":10,"column":8},"end":{"line":10,"column":46}},"2":{"start":{"line":11,"column":8},"end":{"line":11,"column":42}},"3":{"start":{"line":18,"column":23},"end":{"line":18,"column":25}},"4":{"start":{"line":19,"column":8},"end":{"line":19,"column":58}},"5":{"start":{"line":19,"column":25},"end":{"line":19,"column":58}},"6":{"start":{"line":20,"column":8},"end":{"line":20,"column":37}},"7":{"start":{"line":20,"column":18},"end":{"line":20,"column":37}},"8":{"start":{"line":21,"column":8},"end":{"line":21,"column":64}},"9":{"start":{"line":21,"column":41},"end":{"line":21,"column":64}},"10":{"start":{"line":22,"column":8},"end":{"line":22,"column":49}},"11":{"start":{"line":22,"column":22},"end":{"line":22,"column":49}},"12":{"start":{"line":24,"column":21},"end":{"line":24,"column":39}},"13":{"start":{"line":26,"column":39},"end":{"line":29,"column":10}},"14":{"start":{"line":31,"column":8},"end":{"line":39,"column":10}},"15":{"start":{"line":46,"column":29},"end":{"line":46,"column":72}},"16":{"start":{"line":47,"column":8},"end":{"line":51,"column":9}},"17":{"start":{"line":48,"column":26},"end":{"line":48,"column":77}},"18":{"start":{"line":49,"column":12},"end":{"line":49,"column":35}},"19":{"start":{"line":50,"column":12},"end":{"line":50,"column":24}},"20":{"start":{"line":52,"column":8},"end":{"line":52,"column":28}},"21":{"start":{"line":59,"column":29},"end":{"line":59,"column":65}},"22":{"start":{"line":60,"column":8},"end":{"line":60,"column":39}},"23":{"start":{"line":67,"column":29},"end":{"line":71,"column":16}},"24":{"start":{"line":73,"column":8},"end":{"line":77,"column":9}},"25":{"start":{"line":74,"column":26},"end":{"line":74,"column":77}},"26":{"start":{"line":75,"column":12},"end":{"line":75,"column":35}},"27":{"start":{"line":76,"column":12},"end":{"line":76,"column":24}},"28":{"start":{"line":78,"column":8},"end":{"line":78,"column":28}},"29":{"start":{"line":85,"column":23},"end":{"line":88,"column":9}},"30":{"start":{"line":89,"column":8},"end":{"line":89,"column":55}},"31":{"start":{"line":96,"column":29},"end":{"line":96,"column":81}},"32":{"start":{"line":97,"column":8},"end":{"line":101,"column":9}},"33":{"start":{"line":98,"column":26},"end":{"line":98,"column":77}},"34":{"start":{"line":99,"column":12},"end":{"line":99,"column":35}},"35":{"start":{"line":100,"column":12},"end":{"line":100,"column":24}},"36":{"start":{"line":102,"column":8},"end":{"line":102,"column":28}},"37":{"start":{"line":109,"column":22},"end":{"line":109,"column":92}},"38":{"start":{"line":110,"column":8},"end":{"line":110,"column":25}},"39":{"start":{"line":117,"column":20},"end":{"line":117,"column":68}},"40":{"start":{"line":118,"column":8},"end":{"line":121,"column":9}},"41":{"start":{"line":119,"column":12},"end":{"line":119,"column":61}},"42":{"start":{"line":120,"column":12},"end":{"line":120,"column":37}},"43":{"start":{"line":122,"column":8},"end":{"line":122,"column":21}},"44":{"start":{"line":129,"column":22},"end":{"line":133,"column":16}},"45":{"start":{"line":134,"column":8},"end":{"line":134,"column":21}},"46":{"start":{"line":138,"column":0},"end":{"line":138,"column":37}}},"fnMap":{"0":{"name":"(anonymous_0)","decl":{"start":{"line":9,"column":4},"end":{"line":9,"column":5}},"loc":{"start":{"line":9,"column":52},"end":{"line":12,"column":5}},"line":9},"1":{"name":"(anonymous_1)","decl":{"start":{"line":17,"column":4},"end":{"line":17,"column":5}},"loc":{"start":{"line":17,"column":93},"end":{"line":40,"column":5}},"line":17},"2":{"name":"(anonymous_2)","decl":{"start":{"line":45,"column":4},"end":{"line":45,"column":5}},"loc":{"start":{"line":45,"column":34},"end":{"line":53,"column":5}},"line":45},"3":{"name":"(anonymous_3)","decl":{"start":{"line":58,"column":4},"end":{"line":58,"column":5}},"loc":{"start":{"line":58,"column":35},"end":{"line":61,"column":5}},"line":58},"4":{"name":"(anonymous_4)","decl":{"start":{"line":66,"column":4},"end":{"line":66,"column":5}},"loc":{"start":{"line":66,"column":25},"end":{"line":79,"column":5}},"line":66},"5":{"name":"(anonymous_5)","decl":{"start":{"line":84,"column":4},"end":{"line":84,"column":5}},"loc":{"start":{"line":84,"column":37},"end":{"line":90,"column":5}},"line":84},"6":{"name":"(anonymous_6)","decl":{"start":{"line":95,"column":4},"end":{"line":95,"column":5}},"loc":{"start":{"line":95,"column":33},"end":{"line":103,"column":5}},"line":95},"7":{"name":"(anonymous_7)","decl":{"start":{"line":108,"column":4},"end":{"line":108,"column":5}},"loc":{"start":{"line":108,"column":38},"end":{"line":111,"column":5}},"line":108},"8":{"name":"(anonymous_8)","decl":{"start":{"line":116,"column":4},"end":{"line":116,"column":5}},"loc":{"start":{"line":116,"column":33},"end":{"line":123,"column":5}},"line":116},"9":{"name":"(anonymous_9)","decl":{"start":{"line":128,"column":4},"end":{"line":128,"column":5}},"loc":{"start":{"line":128,"column":42},"end":{"line":135,"column":5}},"line":128}},"branchMap":{"0":{"loc":{"start":{"line":17,"column":69},"end":{"line":17,"column":77}},"type":"default-arg","locations":[{"start":{"line":17,"column":76},"end":{"line":17,"column":77}}],"line":17},"1":{"loc":{"start":{"line":17,"column":79},"end":{"line":17,"column":89}},"type":"default-arg","locations":[{"start":{"line":17,"column":87},"end":{"line":17,"column":89}}],"line":17},"2":{"loc":{"start":{"line":19,"column":8},"end":{"line":19,"column":58}},"type":"if","locations":[{"start":{"line":19,"column":8},"end":{"line":19,"column":58}},{"start":{},"end":{}}],"line":19},"3":{"loc":{"start":{"line":20,"column":8},"end":{"line":20,"column":37}},"type":"if","locations":[{"start":{"line":20,"column":8},"end":{"line":20,"column":37}},{"start":{},"end":{}}],"line":20},"4":{"loc":{"start":{"line":21,"column":8},"end":{"line":21,"column":64}},"type":"if","locations":[{"start":{"line":21,"column":8},"end":{"line":21,"column":64}},{"start":{},"end":{}}],"line":21},"5":{"loc":{"start":{"line":22,"column":8},"end":{"line":22,"column":49}},"type":"if","locations":[{"start":{"line":22,"column":8},"end":{"line":22,"column":49}},{"start":{},"end":{}}],"line":22},"6":{"loc":{"start":{"line":47,"column":8},"end":{"line":51,"column":9}},"type":"if","locations":[{"start":{"line":47,"column":8},"end":{"line":51,"column":9}},{"start":{},"end":{}}],"line":47},"7":{"loc":{"start":{"line":73,"column":8},"end":{"line":77,"column":9}},"type":"if","locations":[{"start":{"line":73,"column":8},"end":{"line":77,"column":9}},{"start":{},"end":{}}],"line":73},"8":{"loc":{"start":{"line":97,"column":8},"end":{"line":101,"column":9}},"type":"if","locations":[{"start":{"line":97,"column":8},"end":{"line":101,"column":9}},{"start":{},"end":{}}],"line":97},"9":{"loc":{"start":{"line":118,"column":8},"end":{"line":121,"column":9}},"type":"if","locations":[{"start":{"line":118,"column":8},"end":{"line":121,"column":9}},{"start":{},"end":{}}],"line":118}},"s":{"0":2,"1":35,"2":35,"3":8,"4":8,"5":2,"6":8,"7":2,"8":8,"9":2,"10":8,"11":1,"12":8,"13":8,"14":8,"15":3,"16":3,"17":1,"18":1,"19":1,"20":2,"21":2,"22":2,"23":3,"24":3,"25":1,"26":1,"27":1,"28":2,"29":2,"30":2,"31":3,"32":3,"33":1,"34":1,"35":1,"36":2,"37":3,"38":3,"39":3,"40":3,"41":1,"42":1,"43":3,"44":2,"45":2,"46":2},"f":{"0":35,"1":8,"2":3,"3":2,"4":3,"5":2,"6":3,"7":3,"8":3,"9":2},"b":{"0":[5],"1":[5],"2":[2,6],"3":[2,6],"4":[2,6],"5":[1,7],"6":[1,2],"7":[1,2],"8":[1,2],"9":[1,2]},"_coverageSchema":"1a1c01bbd47fc00a2c39e90264f33305004495a9","hash":"92055c45469ba3a2ed384777ac8efa4b1f167601"}
,"C:\\Users\\lasit\\OneDrive\\Documents\\IDEs\\VS Code\\Task-Management-System\\notifications-management\\src\\utils\\constants.js": {"path":"C:\\Users\\lasit\\OneDrive\\Documents\\IDEs\\VS Code\\Task-Management-System\\notifications-management\\src\\utils\\constants.js","statementMap":{"0":{"start":{"line":6,"column":27},"end":{"line":13,"column":2}},"1":{"start":{"line":15,"column":32},"end":{"line":20,"column":2}},"2":{"start":{"line":22,"column":33},"end":{"line":22,"column":66}},"3":{"start":{"line":23,"column":37},"end":{"line":23,"column":75}},"4":{"start":{"line":25,"column":26},"end":{"line":36,"column":2}},"5":{"start":{"line":38,"column":0},"end":{"line":44,"column":2}}},"fnMap":{},"branchMap":{},"s":{"0":3,"1":3,"2":3,"3":3,"4":3,"5":3},"f":{},"b":{},"_coverageSchema":"1a1c01bbd47fc00a2c39e90264f33305004495a9","hash":"17242ef00ea95b8d2570564ce8c438ad40c61f43"}
}
