{"C:\\Users\\lasit\\OneDrive\\Documents\\IDEs\\VS Code\\Task-Management-System\\notifications-management\\src\\controllers\\notificationController.js": {"path":"C:\\Users\\lasit\\OneDrive\\Documents\\IDEs\\VS Code\\Task-Management-System\\notifications-management\\src\\controllers\\notificationController.js","statementMap":{"0":{"start":{"line":1,"column":30},"end":{"line":1,"column":59}},"1":{"start":{"line":4,"column":18},"end":{"line":4,"column":45}},"2":{"start":{"line":5,"column":4},"end":{"line":5,"column":27}},"3":{"start":{"line":6,"column":4},"end":{"line":6,"column":17}},"4":{"start":{"line":16,"column":8},"end":{"line":16,"column":43}},"5":{"start":{"line":18,"column":8},"end":{"line":18,"column":65}},"6":{"start":{"line":19,"column":8},"end":{"line":19,"column":71}},"7":{"start":{"line":20,"column":8},"end":{"line":20,"column":69}},"8":{"start":{"line":21,"column":8},"end":{"line":21,"column":53}},"9":{"start":{"line":22,"column":8},"end":{"line":22,"column":59}},"10":{"start":{"line":23,"column":8},"end":{"line":23,"column":69}},"11":{"start":{"line":24,"column":8},"end":{"line":24,"column":61}},"12":{"start":{"line":25,"column":8},"end":{"line":25,"column":61}},"13":{"start":{"line":26,"column":8},"end":{"line":26,"column":67}},"14":{"start":{"line":30,"column":8},"end":{"line":45,"column":36}},"15":{"start":{"line":31,"column":73},"end":{"line":31,"column":82}},"16":{"start":{"line":32,"column":12},"end":{"line":34,"column":13}},"17":{"start":{"line":33,"column":16},"end":{"line":33,"column":45}},"18":{"start":{"line":36,"column":33},"end":{"line":36,"column":98}},"19":{"start":{"line":37,"column":27},"end":{"line":43,"column":14}},"20":{"start":{"line":44,"column":12},"end":{"line":44,"column":115}},"21":{"start":{"line":45,"column":24},"end":{"line":45,"column":34}},"22":{"start":{"line":49,"column":8},"end":{"line":52,"column":36}},"23":{"start":{"line":50,"column":33},"end":{"line":50,"column":99}},"24":{"start":{"line":51,"column":12},"end":{"line":51,"column":72}},"25":{"start":{"line":52,"column":24},"end":{"line":52,"column":34}},"26":{"start":{"line":56,"column":8},"end":{"line":59,"column":36}},"27":{"start":{"line":57,"column":33},"end":{"line":57,"column":80}},"28":{"start":{"line":58,"column":12},"end":{"line":58,"column":121}},"29":{"start":{"line":59,"column":24},"end":{"line":59,"column":34}},"30":{"start":{"line":63,"column":8},"end":{"line":66,"column":36}},"31":{"start":{"line":64,"column":33},"end":{"line":64,"column":90}},"32":{"start":{"line":65,"column":12},"end":{"line":65,"column":125}},"33":{"start":{"line":66,"column":24},"end":{"line":66,"column":34}},"34":{"start":{"line":70,"column":8},"end":{"line":78,"column":36}},"35":{"start":{"line":71,"column":36},"end":{"line":71,"column":44}},"36":{"start":{"line":72,"column":12},"end":{"line":74,"column":13}},"37":{"start":{"line":73,"column":16},"end":{"line":73,"column":45}},"38":{"start":{"line":76,"column":27},"end":{"line":76,"column":72}},"39":{"start":{"line":77,"column":12},"end":{"line":77,"column":110}},"40":{"start":{"line":78,"column":24},"end":{"line":78,"column":34}},"41":{"start":{"line":82,"column":8},"end":{"line":85,"column":36}},"42":{"start":{"line":83,"column":12},"end":{"line":83,"column":78}},"43":{"start":{"line":84,"column":12},"end":{"line":84,"column":101}},"44":{"start":{"line":85,"column":24},"end":{"line":85,"column":34}},"45":{"start":{"line":89,"column":8},"end":{"line":97,"column":36}},"46":{"start":{"line":90,"column":36},"end":{"line":90,"column":45}},"47":{"start":{"line":91,"column":12},"end":{"line":93,"column":13}},"48":{"start":{"line":92,"column":16},"end":{"line":92,"column":45}},"49":{"start":{"line":95,"column":27},"end":{"line":95,"column":73}},"50":{"start":{"line":96,"column":12},"end":{"line":96,"column":66}},"51":{"start":{"line":97,"column":24},"end":{"line":97,"column":34}},"52":{"start":{"line":101,"column":8},"end":{"line":108,"column":36}},"53":{"start":{"line":102,"column":12},"end":{"line":104,"column":13}},"54":{"start":{"line":103,"column":16},"end":{"line":103,"column":45}},"55":{"start":{"line":106,"column":26},"end":{"line":106,"column":78}},"56":{"start":{"line":107,"column":12},"end":{"line":107,"column":113}},"57":{"start":{"line":108,"column":24},"end":{"line":108,"column":34}},"58":{"start":{"line":112,"column":8},"end":{"line":119,"column":36}},"59":{"start":{"line":113,"column":12},"end":{"line":115,"column":13}},"60":{"start":{"line":114,"column":16},"end":{"line":114,"column":45}},"61":{"start":{"line":117,"column":26},"end":{"line":117,"column":91}},"62":{"start":{"line":118,"column":12},"end":{"line":118,"column":113}},"63":{"start":{"line":119,"column":24},"end":{"line":119,"column":34}},"64":{"start":{"line":123,"column":0},"end":{"line":123,"column":40}}},"fnMap":{"0":{"name":"createForbiddenError","decl":{"start":{"line":3,"column":9},"end":{"line":3,"column":29}},"loc":{"start":{"line":3,"column":32},"end":{"line":7,"column":1}},"line":3},"1":{"name":"(anonymous_1)","decl":{"start":{"line":15,"column":4},"end":{"line":15,"column":5}},"loc":{"start":{"line":15,"column":37},"end":{"line":27,"column":5}},"line":15},"2":{"name":"(anonymous_2)","decl":{"start":{"line":29,"column":4},"end":{"line":29,"column":5}},"loc":{"start":{"line":29,"column":43},"end":{"line":46,"column":5}},"line":29},"3":{"name":"(anonymous_3)","decl":{"start":{"line":48,"column":4},"end":{"line":48,"column":5}},"loc":{"start":{"line":48,"column":46},"end":{"line":53,"column":5}},"line":48},"4":{"name":"(anonymous_4)","decl":{"start":{"line":55,"column":4},"end":{"line":55,"column":5}},"loc":{"start":{"line":55,"column":45},"end":{"line":60,"column":5}},"line":55},"5":{"name":"(anonymous_5)","decl":{"start":{"line":62,"column":4},"end":{"line":62,"column":5}},"loc":{"start":{"line":62,"column":37},"end":{"line":67,"column":5}},"line":62},"6":{"name":"(anonymous_6)","decl":{"start":{"line":69,"column":4},"end":{"line":69,"column":5}},"loc":{"start":{"line":69,"column":40},"end":{"line":79,"column":5}},"line":69},"7":{"name":"(anonymous_7)","decl":{"start":{"line":81,"column":4},"end":{"line":81,"column":5}},"loc":{"start":{"line":81,"column":45},"end":{"line":86,"column":5}},"line":81},"8":{"name":"(anonymous_8)","decl":{"start":{"line":88,"column":4},"end":{"line":88,"column":5}},"loc":{"start":{"line":88,"column":41},"end":{"line":98,"column":5}},"line":88},"9":{"name":"(anonymous_9)","decl":{"start":{"line":100,"column":4},"end":{"line":100,"column":5}},"loc":{"start":{"line":100,"column":41},"end":{"line":109,"column":5}},"line":100},"10":{"name":"(anonymous_10)","decl":{"start":{"line":111,"column":4},"end":{"line":111,"column":5}},"loc":{"start":{"line":111,"column":44},"end":{"line":120,"column":5}},"line":111}},"branchMap":{"0":{"loc":{"start":{"line":32,"column":12},"end":{"line":34,"column":13}},"type":"if","locations":[{"start":{"line":32,"column":12},"end":{"line":34,"column":13}},{"start":{},"end":{}}],"line":32},"1":{"loc":{"start":{"line":32,"column":16},"end":{"line":32,"column":58}},"type":"binary-expr","locations":[{"start":{"line":32,"column":16},"end":{"line":32,"column":27}},{"start":{"line":32,"column":31},"end":{"line":32,"column":58}}],"line":32},"2":{"loc":{"start":{"line":36,"column":33},"end":{"line":36,"column":98}},"type":"cond-expr","locations":[{"start":{"line":36,"column":53},"end":{"line":36,"column":57}},{"start":{"line":36,"column":60},"end":{"line":36,"column":98}}],"line":36},"3":{"loc":{"start":{"line":36,"column":60},"end":{"line":36,"column":98}},"type":"cond-expr","locations":[{"start":{"line":36,"column":81},"end":{"line":36,"column":86}},{"start":{"line":36,"column":89},"end":{"line":36,"column":98}}],"line":36},"4":{"loc":{"start":{"line":42,"column":22},"end":{"line":42,"column":39}},"type":"binary-expr","locations":[{"start":{"line":42,"column":22},"end":{"line":42,"column":34}},{"start":{"line":42,"column":38},"end":{"line":42,"column":39}}],"line":42},"5":{"loc":{"start":{"line":42,"column":48},"end":{"line":42,"column":67}},"type":"binary-expr","locations":[{"start":{"line":42,"column":48},"end":{"line":42,"column":61}},{"start":{"line":42,"column":65},"end":{"line":42,"column":67}}],"line":42},"6":{"loc":{"start":{"line":72,"column":12},"end":{"line":74,"column":13}},"type":"if","locations":[{"start":{"line":72,"column":12},"end":{"line":74,"column":13}},{"start":{},"end":{}}],"line":72},"7":{"loc":{"start":{"line":91,"column":12},"end":{"line":93,"column":13}},"type":"if","locations":[{"start":{"line":91,"column":12},"end":{"line":93,"column":13}},{"start":{},"end":{}}],"line":91},"8":{"loc":{"start":{"line":91,"column":16},"end":{"line":91,"column":58}},"type":"binary-expr","locations":[{"start":{"line":91,"column":16},"end":{"line":91,"column":27}},{"start":{"line":91,"column":31},"end":{"line":91,"column":58}}],"line":91},"9":{"loc":{"start":{"line":102,"column":12},"end":{"line":104,"column":13}},"type":"if","locations":[{"start":{"line":102,"column":12},"end":{"line":104,"column":13}},{"start":{},"end":{}}],"line":102},"10":{"loc":{"start":{"line":113,"column":12},"end":{"line":115,"column":13}},"type":"if","locations":[{"start":{"line":113,"column":12},"end":{"line":115,"column":13}},{"start":{},"end":{}}],"line":113}},"s":{"0":2,"1":5,"2":5,"3":5,"4":34,"5":34,"6":34,"7":34,"8":34,"9":34,"10":34,"11":34,"12":34,"13":34,"14":7,"15":7,"16":7,"17":2,"18":5,"19":5,"20":4,"21":3,"22":3,"23":3,"24":2,"25":1,"26":2,"27":2,"28":2,"29":0,"30":2,"31":2,"32":2,"33":0,"34":3,"35":3,"36":3,"37":1,"38":2,"39":2,"40":1,"41":2,"42":2,"43":2,"44":0,"45":3,"46":3,"47":3,"48":1,"49":2,"50":2,"51":1,"52":2,"53":2,"54":0,"55":2,"56":2,"57":0,"58":3,"59":3,"60":1,"61":2,"62":2,"63":1,"64":2},"f":{"0":5,"1":34,"2":7,"3":3,"4":2,"5":2,"6":3,"7":2,"8":3,"9":2,"10":3},"b":{"0":[2,5],"1":[7,3],"2":[0,5],"3":[2,3],"4":[5,5],"5":[5,5],"6":[1,2],"7":[1,2],"8":[3,3],"9":[0,2],"10":[1,2]},"_coverageSchema":"1a1c01bbd47fc00a2c39e90264f33305004495a9","hash":"b70cb96eaf3b25a4f744c524794b89d3ff004fe1"}
,"C:\\Users\\lasit\\OneDrive\\Documents\\IDEs\\VS Code\\Task-Management-System\\notifications-management\\src\\middleware\\auth.js": {"path":"C:\\Users\\lasit\\OneDrive\\Documents\\IDEs\\VS Code\\Task-Management-System\\notifications-management\\src\\middleware\\auth.js","statementMap":{"0":{"start":{"line":1,"column":12},"end":{"line":1,"column":35}},"1":{"start":{"line":4,"column":4},"end":{"line":31,"column":5}},"2":{"start":{"line":5,"column":27},"end":{"line":5,"column":52}},"3":{"start":{"line":7,"column":8},"end":{"line":12,"column":9}},"4":{"start":{"line":8,"column":12},"end":{"line":11,"column":15}},"5":{"start":{"line":14,"column":22},"end":{"line":14,"column":46}},"6":{"start":{"line":15,"column":24},"end":{"line":15,"column":65}},"7":{"start":{"line":17,"column":8},"end":{"line":22,"column":10}},"8":{"start":{"line":24,"column":8},"end":{"line":24,"column":15}},"9":{"start":{"line":26,"column":8},"end":{"line":28,"column":9}},"10":{"start":{"line":27,"column":12},"end":{"line":27,"column":87}},"11":{"start":{"line":30,"column":8},"end":{"line":30,"column":83}},"12":{"start":{"line":34,"column":0},"end":{"line":34,"column":29}}},"fnMap":{"0":{"name":"protect","decl":{"start":{"line":3,"column":9},"end":{"line":3,"column":16}},"loc":{"start":{"line":3,"column":33},"end":{"line":32,"column":1}},"line":3}},"branchMap":{"0":{"loc":{"start":{"line":7,"column":8},"end":{"line":12,"column":9}},"type":"if","locations":[{"start":{"line":7,"column":8},"end":{"line":12,"column":9}},{"start":{},"end":{}}],"line":7},"1":{"loc":{"start":{"line":7,"column":12},"end":{"line":7,"column":60}},"type":"binary-expr","locations":[{"start":{"line":7,"column":12},"end":{"line":7,"column":23}},{"start":{"line":7,"column":27},"end":{"line":7,"column":60}}],"line":7},"2":{"loc":{"start":{"line":19,"column":18},"end":{"line":19,"column":48}},"type":"binary-expr","locations":[{"start":{"line":19,"column":18},"end":{"line":19,"column":30}},{"start":{"line":19,"column":34},"end":{"line":19,"column":48}}],"line":19},"3":{"loc":{"start":{"line":20,"column":19},"end":{"line":20,"column":38}},"type":"binary-expr","locations":[{"start":{"line":20,"column":19},"end":{"line":20,"column":32}},{"start":{"line":20,"column":36},"end":{"line":20,"column":38}}],"line":20},"4":{"loc":{"start":{"line":21,"column":18},"end":{"line":21,"column":40}},"type":"binary-expr","locations":[{"start":{"line":21,"column":18},"end":{"line":21,"column":30}},{"start":{"line":21,"column":34},"end":{"line":21,"column":40}}],"line":21},"5":{"loc":{"start":{"line":26,"column":8},"end":{"line":28,"column":9}},"type":"if","locations":[{"start":{"line":26,"column":8},"end":{"line":28,"column":9}},{"start":{},"end":{}}],"line":26}},"s":{"0":1,"1":18,"2":18,"3":18,"4":1,"5":17,"6":17,"7":17,"8":17,"9":0,"10":0,"11":0,"12":1},"f":{"0":18},"b":{"0":[1,17],"1":[18,17],"2":[17,0],"3":[17,0],"4":[17,0],"5":[0,0]},"_coverageSchema":"1a1c01bbd47fc00a2c39e90264f33305004495a9","hash":"4fdf33f8e6040bb734e1419ccab53d5310fa956f"}
,"C:\\Users\\lasit\\OneDrive\\Documents\\IDEs\\VS Code\\Task-Management-System\\notifications-management\\src\\middleware\\errorHandler.js": {"path":"C:\\Users\\lasit\\OneDrive\\Documents\\IDEs\\VS Code\\Task-Management-System\\notifications-management\\src\\middleware\\errorHandler.js","statementMap":{"0":{"start":{"line":7,"column":21},"end":{"line":17,"column":1}},"1":{"start":{"line":8,"column":4},"end":{"line":8,"column":43}},"2":{"start":{"line":10,"column":23},"end":{"line":10,"column":44}},"3":{"start":{"line":12,"column":4},"end":{"line":16,"column":7}},"4":{"start":{"line":19,"column":0},"end":{"line":19,"column":34}}},"fnMap":{"0":{"name":"(anonymous_0)","decl":{"start":{"line":7,"column":21},"end":{"line":7,"column":22}},"loc":{"start":{"line":7,"column":47},"end":{"line":17,"column":1}},"line":7}},"branchMap":{"0":{"loc":{"start":{"line":10,"column":23},"end":{"line":10,"column":44}},"type":"binary-expr","locations":[{"start":{"line":10,"column":23},"end":{"line":10,"column":37}},{"start":{"line":10,"column":41},"end":{"line":10,"column":44}}],"line":10},"1":{"loc":{"start":{"line":14,"column":17},"end":{"line":14,"column":55}},"type":"binary-expr","locations":[{"start":{"line":14,"column":17},"end":{"line":14,"column":28}},{"start":{"line":14,"column":32},"end":{"line":14,"column":55}}],"line":14},"2":{"loc":{"start":{"line":15,"column":12},"end":{"line":15,"column":74}},"type":"binary-expr","locations":[{"start":{"line":15,"column":12},"end":{"line":15,"column":50}},{"start":{"line":15,"column":54},"end":{"line":15,"column":74}}],"line":15}},"s":{"0":2,"1":3,"2":3,"3":3,"4":2},"f":{"0":3},"b":{"0":[3,0],"1":[3,0],"2":[3,1]},"_coverageSchema":"1a1c01bbd47fc00a2c39e90264f33305004495a9","hash":"2e02ed7480ab31780ac968659235dd0920dc6f05"}
,"C:\\Users\\lasit\\OneDrive\\Documents\\IDEs\\VS Code\\Task-Management-System\\notifications-management\\src\\middleware\\validators.js": {"path":"C:\\Users\\lasit\\OneDrive\\Documents\\IDEs\\VS Code\\Task-Management-System\\notifications-management\\src\\middleware\\validators.js","statementMap":{"0":{"start":{"line":1,"column":31},"end":{"line":1,"column":59}},"1":{"start":{"line":2,"column":86},"end":{"line":2,"column":115}},"2":{"start":{"line":8,"column":31},"end":{"line":19,"column":1}},"3":{"start":{"line":9,"column":33},"end":{"line":9,"column":61}},"4":{"start":{"line":10,"column":19},"end":{"line":10,"column":40}},"5":{"start":{"line":11,"column":4},"end":{"line":17,"column":5}},"6":{"start":{"line":12,"column":8},"end":{"line":16,"column":11}},"7":{"start":{"line":15,"column":47},"end":{"line":15,"column":80}},"8":{"start":{"line":18,"column":4},"end":{"line":18,"column":11}},"9":{"start":{"line":24,"column":35},"end":{"line":40,"column":1}},"10":{"start":{"line":45,"column":34},"end":{"line":55,"column":1}},"11":{"start":{"line":60,"column":25},"end":{"line":64,"column":1}},"12":{"start":{"line":69,"column":28},"end":{"line":73,"column":1}},"13":{"start":{"line":75,"column":0},"end":{"line":81,"column":2}}},"fnMap":{"0":{"name":"(anonymous_0)","decl":{"start":{"line":8,"column":31},"end":{"line":8,"column":32}},"loc":{"start":{"line":8,"column":51},"end":{"line":19,"column":1}},"line":8},"1":{"name":"(anonymous_1)","decl":{"start":{"line":15,"column":39},"end":{"line":15,"column":40}},"loc":{"start":{"line":15,"column":47},"end":{"line":15,"column":80}},"line":15}},"branchMap":{"0":{"loc":{"start":{"line":11,"column":4},"end":{"line":17,"column":5}},"type":"if","locations":[{"start":{"line":11,"column":4},"end":{"line":17,"column":5}},{"start":{},"end":{}}],"line":11}},"s":{"0":2,"1":2,"2":2,"3":18,"4":18,"5":18,"6":11,"7":14,"8":7,"9":2,"10":2,"11":2,"12":2,"13":2},"f":{"0":18,"1":14},"b":{"0":[11,7]},"_coverageSchema":"1a1c01bbd47fc00a2c39e90264f33305004495a9","hash":"90f89fcccfd8a284e485a90e906f4daf86a93103"}
,"C:\\Users\\lasit\\OneDrive\\Documents\\IDEs\\VS Code\\Task-Management-System\\notifications-management\\src\\services\\notificationService.js": {"path":"C:\\Users\\lasit\\OneDrive\\Documents\\IDEs\\VS Code\\Task-Management-System\\notifications-management\\src\\services\\notificationService.js","statementMap":{"0":{"start":{"line":1,"column":30},"end":{"line":1,"column":59}},"1":{"start":{"line":4,"column":18},"end":{"line":4,"column":69}},"2":{"start":{"line":5,"column":4},"end":{"line":5,"column":27}},"3":{"start":{"line":6,"column":4},"end":{"line":6,"column":17}},"4":{"start":{"line":16,"column":8},"end":{"line":16,"column":46}},"5":{"start":{"line":17,"column":8},"end":{"line":17,"column":42}},"6":{"start":{"line":24,"column":23},"end":{"line":24,"column":25}},"7":{"start":{"line":25,"column":8},"end":{"line":25,"column":58}},"8":{"start":{"line":25,"column":25},"end":{"line":25,"column":58}},"9":{"start":{"line":26,"column":8},"end":{"line":26,"column":37}},"10":{"start":{"line":26,"column":18},"end":{"line":26,"column":37}},"11":{"start":{"line":27,"column":8},"end":{"line":27,"column":64}},"12":{"start":{"line":27,"column":41},"end":{"line":27,"column":64}},"13":{"start":{"line":28,"column":8},"end":{"line":28,"column":49}},"14":{"start":{"line":28,"column":22},"end":{"line":28,"column":49}},"15":{"start":{"line":30,"column":21},"end":{"line":30,"column":39}},"16":{"start":{"line":32,"column":39},"end":{"line":35,"column":10}},"17":{"start":{"line":37,"column":8},"end":{"line":45,"column":10}},"18":{"start":{"line":52,"column":23},"end":{"line":52,"column":75}},"19":{"start":{"line":53,"column":29},"end":{"line":53,"column":75}},"20":{"start":{"line":54,"column":8},"end":{"line":56,"column":9}},"21":{"start":{"line":55,"column":12},"end":{"line":55,"column":40}},"22":{"start":{"line":57,"column":8},"end":{"line":57,"column":28}},"23":{"start":{"line":64,"column":29},"end":{"line":64,"column":65}},"24":{"start":{"line":65,"column":8},"end":{"line":65,"column":39}},"25":{"start":{"line":72,"column":23},"end":{"line":72,"column":75}},"26":{"start":{"line":73,"column":29},"end":{"line":77,"column":16}},"27":{"start":{"line":79,"column":8},"end":{"line":81,"column":9}},"28":{"start":{"line":80,"column":12},"end":{"line":80,"column":40}},"29":{"start":{"line":82,"column":8},"end":{"line":82,"column":28}},"30":{"start":{"line":89,"column":23},"end":{"line":92,"column":9}},"31":{"start":{"line":93,"column":8},"end":{"line":93,"column":55}},"32":{"start":{"line":100,"column":23},"end":{"line":100,"column":75}},"33":{"start":{"line":101,"column":29},"end":{"line":101,"column":84}},"34":{"start":{"line":102,"column":8},"end":{"line":104,"column":9}},"35":{"start":{"line":103,"column":12},"end":{"line":103,"column":40}},"36":{"start":{"line":105,"column":8},"end":{"line":105,"column":28}},"37":{"start":{"line":112,"column":22},"end":{"line":112,"column":92}},"38":{"start":{"line":113,"column":8},"end":{"line":113,"column":25}},"39":{"start":{"line":120,"column":20},"end":{"line":120,"column":68}},"40":{"start":{"line":121,"column":8},"end":{"line":124,"column":9}},"41":{"start":{"line":122,"column":12},"end":{"line":122,"column":61}},"42":{"start":{"line":123,"column":12},"end":{"line":123,"column":37}},"43":{"start":{"line":125,"column":8},"end":{"line":125,"column":21}},"44":{"start":{"line":132,"column":22},"end":{"line":136,"column":16}},"45":{"start":{"line":137,"column":8},"end":{"line":137,"column":21}},"46":{"start":{"line":141,"column":0},"end":{"line":141,"column":37}}},"fnMap":{"0":{"name":"createNotFoundError","decl":{"start":{"line":3,"column":9},"end":{"line":3,"column":28}},"loc":{"start":{"line":3,"column":31},"end":{"line":7,"column":1}},"line":3},"1":{"name":"(anonymous_1)","decl":{"start":{"line":15,"column":4},"end":{"line":15,"column":5}},"loc":{"start":{"line":15,"column":52},"end":{"line":18,"column":5}},"line":15},"2":{"name":"(anonymous_2)","decl":{"start":{"line":23,"column":4},"end":{"line":23,"column":5}},"loc":{"start":{"line":23,"column":93},"end":{"line":46,"column":5}},"line":23},"3":{"name":"(anonymous_3)","decl":{"start":{"line":51,"column":4},"end":{"line":51,"column":5}},"loc":{"start":{"line":51,"column":54},"end":{"line":58,"column":5}},"line":51},"4":{"name":"(anonymous_4)","decl":{"start":{"line":63,"column":4},"end":{"line":63,"column":5}},"loc":{"start":{"line":63,"column":35},"end":{"line":66,"column":5}},"line":63},"5":{"name":"(anonymous_5)","decl":{"start":{"line":71,"column":4},"end":{"line":71,"column":5}},"loc":{"start":{"line":71,"column":45},"end":{"line":83,"column":5}},"line":71},"6":{"name":"(anonymous_6)","decl":{"start":{"line":88,"column":4},"end":{"line":88,"column":5}},"loc":{"start":{"line":88,"column":37},"end":{"line":94,"column":5}},"line":88},"7":{"name":"(anonymous_7)","decl":{"start":{"line":99,"column":4},"end":{"line":99,"column":5}},"loc":{"start":{"line":99,"column":53},"end":{"line":106,"column":5}},"line":99},"8":{"name":"(anonymous_8)","decl":{"start":{"line":111,"column":4},"end":{"line":111,"column":5}},"loc":{"start":{"line":111,"column":38},"end":{"line":114,"column":5}},"line":111},"9":{"name":"(anonymous_9)","decl":{"start":{"line":119,"column":4},"end":{"line":119,"column":5}},"loc":{"start":{"line":119,"column":33},"end":{"line":126,"column":5}},"line":119},"10":{"name":"(anonymous_10)","decl":{"start":{"line":131,"column":4},"end":{"line":131,"column":5}},"loc":{"start":{"line":131,"column":42},"end":{"line":138,"column":5}},"line":131}},"branchMap":{"0":{"loc":{"start":{"line":23,"column":69},"end":{"line":23,"column":77}},"type":"default-arg","locations":[{"start":{"line":23,"column":76},"end":{"line":23,"column":77}}],"line":23},"1":{"loc":{"start":{"line":23,"column":79},"end":{"line":23,"column":89}},"type":"default-arg","locations":[{"start":{"line":23,"column":87},"end":{"line":23,"column":89}}],"line":23},"2":{"loc":{"start":{"line":25,"column":8},"end":{"line":25,"column":58}},"type":"if","locations":[{"start":{"line":25,"column":8},"end":{"line":25,"column":58}},{"start":{},"end":{}}],"line":25},"3":{"loc":{"start":{"line":26,"column":8},"end":{"line":26,"column":37}},"type":"if","locations":[{"start":{"line":26,"column":8},"end":{"line":26,"column":37}},{"start":{},"end":{}}],"line":26},"4":{"loc":{"start":{"line":27,"column":8},"end":{"line":27,"column":64}},"type":"if","locations":[{"start":{"line":27,"column":8},"end":{"line":27,"column":64}},{"start":{},"end":{}}],"line":27},"5":{"loc":{"start":{"line":28,"column":8},"end":{"line":28,"column":49}},"type":"if","locations":[{"start":{"line":28,"column":8},"end":{"line":28,"column":49}},{"start":{},"end":{}}],"line":28},"6":{"loc":{"start":{"line":51,"column":34},"end":{"line":51,"column":52}},"type":"default-arg","locations":[{"start":{"line":51,"column":48},"end":{"line":51,"column":52}}],"line":51},"7":{"loc":{"start":{"line":52,"column":23},"end":{"line":52,"column":75}},"type":"cond-expr","locations":[{"start":{"line":52,"column":37},"end":{"line":52,"column":61}},{"start":{"line":52,"column":64},"end":{"line":52,"column":75}}],"line":52},"8":{"loc":{"start":{"line":54,"column":8},"end":{"line":56,"column":9}},"type":"if","locations":[{"start":{"line":54,"column":8},"end":{"line":56,"column":9}},{"start":{},"end":{}}],"line":54},"9":{"loc":{"start":{"line":71,"column":25},"end":{"line":71,"column":43}},"type":"default-arg","locations":[{"start":{"line":71,"column":39},"end":{"line":71,"column":43}}],"line":71},"10":{"loc":{"start":{"line":72,"column":23},"end":{"line":72,"column":75}},"type":"cond-expr","locations":[{"start":{"line":72,"column":37},"end":{"line":72,"column":61}},{"start":{"line":72,"column":64},"end":{"line":72,"column":75}}],"line":72},"11":{"loc":{"start":{"line":79,"column":8},"end":{"line":81,"column":9}},"type":"if","locations":[{"start":{"line":79,"column":8},"end":{"line":81,"column":9}},{"start":{},"end":{}}],"line":79},"12":{"loc":{"start":{"line":99,"column":33},"end":{"line":99,"column":51}},"type":"default-arg","locations":[{"start":{"line":99,"column":47},"end":{"line":99,"column":51}}],"line":99},"13":{"loc":{"start":{"line":100,"column":23},"end":{"line":100,"column":75}},"type":"cond-expr","locations":[{"start":{"line":100,"column":37},"end":{"line":100,"column":61}},{"start":{"line":100,"column":64},"end":{"line":100,"column":75}}],"line":100},"14":{"loc":{"start":{"line":102,"column":8},"end":{"line":104,"column":9}},"type":"if","locations":[{"start":{"line":102,"column":8},"end":{"line":104,"column":9}},{"start":{},"end":{}}],"line":102},"15":{"loc":{"start":{"line":121,"column":8},"end":{"line":124,"column":9}},"type":"if","locations":[{"start":{"line":121,"column":8},"end":{"line":124,"column":9}},{"start":{},"end":{}}],"line":121}},"s":{"0":2,"1":3,"2":3,"3":3,"4":42,"5":42,"6":10,"7":10,"8":4,"9":10,"10":3,"11":10,"12":3,"13":10,"14":2,"15":10,"16":10,"17":10,"18":4,"19":4,"20":4,"21":1,"22":3,"23":2,"24":2,"25":4,"26":4,"27":4,"28":1,"29":3,"30":2,"31":2,"32":4,"33":4,"34":4,"35":1,"36":3,"37":3,"38":3,"39":3,"40":3,"41":1,"42":1,"43":3,"44":2,"45":2,"46":2},"f":{"0":3,"1":42,"2":10,"3":4,"4":2,"5":4,"6":2,"7":4,"8":3,"9":3,"10":2},"b":{"0":[6],"1":[6],"2":[4,6],"3":[3,7],"4":[3,7],"5":[2,8],"6":[2],"7":[2,2],"8":[1,3],"9":[2],"10":[2,2],"11":[1,3],"12":[2],"13":[2,2],"14":[1,3],"15":[1,2]},"_coverageSchema":"1a1c01bbd47fc00a2c39e90264f33305004495a9","hash":"d1d145c3830e1e333b9c6eba67bd43288f3e2e8b"}
,"C:\\Users\\lasit\\OneDrive\\Documents\\IDEs\\VS Code\\Task-Management-System\\notifications-management\\src\\utils\\constants.js": {"path":"C:\\Users\\lasit\\OneDrive\\Documents\\IDEs\\VS Code\\Task-Management-System\\notifications-management\\src\\utils\\constants.js","statementMap":{"0":{"start":{"line":6,"column":27},"end":{"line":13,"column":2}},"1":{"start":{"line":15,"column":32},"end":{"line":20,"column":2}},"2":{"start":{"line":22,"column":33},"end":{"line":22,"column":66}},"3":{"start":{"line":23,"column":37},"end":{"line":23,"column":75}},"4":{"start":{"line":25,"column":26},"end":{"line":36,"column":2}},"5":{"start":{"line":38,"column":0},"end":{"line":44,"column":2}}},"fnMap":{},"branchMap":{},"s":{"0":4,"1":4,"2":4,"3":4,"4":4,"5":4},"f":{},"b":{},"_coverageSchema":"1a1c01bbd47fc00a2c39e90264f33305004495a9","hash":"17242ef00ea95b8d2570564ce8c438ad40c61f43"}
}
