TN:
SF:src\controllers\notificationController.js
FN:3,createForbiddenError
FN:15,(anonymous_1)
FN:29,(anonymous_2)
FN:48,(anonymous_3)
FN:55,(anonymous_4)
FN:62,(anonymous_5)
FN:69,(anonymous_6)
FN:81,(anonymous_7)
FN:88,(anonymous_8)
FN:100,(anonymous_9)
FN:111,(anonymous_10)
FNF:11
FNH:11
FNDA:5,createForbiddenError
FNDA:34,(anonymous_1)
FNDA:7,(anonymous_2)
FNDA:3,(anonymous_3)
FNDA:2,(anonymous_4)
FNDA:2,(anonymous_5)
FNDA:3,(anonymous_6)
FNDA:2,(anonymous_7)
FNDA:3,(anonymous_8)
FNDA:2,(anonymous_9)
FNDA:3,(anonymous_10)
DA:1,2
DA:4,5
DA:5,5
DA:6,5
DA:16,34
DA:18,34
DA:19,34
DA:20,34
DA:21,34
DA:22,34
DA:23,34
DA:24,34
DA:25,34
DA:26,34
DA:30,7
DA:31,7
DA:32,7
DA:33,2
DA:36,5
DA:37,5
DA:44,4
DA:45,3
DA:49,3
DA:50,3
DA:51,2
DA:52,1
DA:56,2
DA:57,2
DA:58,2
DA:59,0
DA:63,2
DA:64,2
DA:65,2
DA:66,0
DA:70,3
DA:71,3
DA:72,3
DA:73,1
DA:76,2
DA:77,2
DA:78,1
DA:82,2
DA:83,2
DA:84,2
DA:85,0
DA:89,3
DA:90,3
DA:91,3
DA:92,1
DA:95,2
DA:96,2
DA:97,1
DA:101,2
DA:102,2
DA:103,0
DA:106,2
DA:107,2
DA:108,0
DA:112,3
DA:113,3
DA:114,1
DA:117,2
DA:118,2
DA:119,1
DA:123,2
LF:65
LH:60
BRDA:32,0,0,2
BRDA:32,0,1,5
BRDA:32,1,0,7
BRDA:32,1,1,3
BRDA:36,2,0,0
BRDA:36,2,1,5
BRDA:36,3,0,2
BRDA:36,3,1,3
BRDA:42,4,0,5
BRDA:42,4,1,5
BRDA:42,5,0,5
BRDA:42,5,1,5
BRDA:72,6,0,1
BRDA:72,6,1,2
BRDA:91,7,0,1
BRDA:91,7,1,2
BRDA:91,8,0,3
BRDA:91,8,1,3
BRDA:102,9,0,0
BRDA:102,9,1,2
BRDA:113,10,0,1
BRDA:113,10,1,2
BRF:22
BRH:20
end_of_record
TN:
SF:src\middleware\auth.js
FN:3,protect
FNF:1
FNH:1
FNDA:18,protect
DA:1,1
DA:4,18
DA:5,18
DA:7,18
DA:8,1
DA:14,17
DA:15,17
DA:17,17
DA:24,17
DA:26,0
DA:27,0
DA:30,0
DA:34,1
LF:13
LH:10
BRDA:7,0,0,1
BRDA:7,0,1,17
BRDA:7,1,0,18
BRDA:7,1,1,17
BRDA:19,2,0,17
BRDA:19,2,1,0
BRDA:20,3,0,17
BRDA:20,3,1,0
BRDA:21,4,0,17
BRDA:21,4,1,0
BRDA:26,5,0,0
BRDA:26,5,1,0
BRF:12
BRH:7
end_of_record
TN:
SF:src\middleware\errorHandler.js
FN:7,(anonymous_0)
FNF:1
FNH:1
FNDA:3,(anonymous_0)
DA:7,2
DA:8,3
DA:10,3
DA:12,3
DA:19,2
LF:5
LH:5
BRDA:10,0,0,3
BRDA:10,0,1,0
BRDA:14,1,0,3
BRDA:14,1,1,0
BRDA:15,2,0,3
BRDA:15,2,1,1
BRF:6
BRH:4
end_of_record
TN:
SF:src\middleware\validators.js
FN:8,(anonymous_0)
FN:15,(anonymous_1)
FNF:2
FNH:2
FNDA:18,(anonymous_0)
FNDA:14,(anonymous_1)
DA:1,2
DA:2,2
DA:8,2
DA:9,18
DA:10,18
DA:11,18
DA:12,11
DA:15,14
DA:18,7
DA:24,2
DA:45,2
DA:60,2
DA:69,2
DA:75,2
LF:14
LH:14
BRDA:11,0,0,11
BRDA:11,0,1,7
BRF:2
BRH:2
end_of_record
TN:
SF:src\services\notificationService.js
FN:3,createNotFoundError
FN:15,(anonymous_1)
FN:23,(anonymous_2)
FN:51,(anonymous_3)
FN:63,(anonymous_4)
FN:71,(anonymous_5)
FN:88,(anonymous_6)
FN:99,(anonymous_7)
FN:111,(anonymous_8)
FN:119,(anonymous_9)
FN:131,(anonymous_10)
FNF:11
FNH:11
FNDA:3,createNotFoundError
FNDA:42,(anonymous_1)
FNDA:10,(anonymous_2)
FNDA:4,(anonymous_3)
FNDA:2,(anonymous_4)
FNDA:4,(anonymous_5)
FNDA:2,(anonymous_6)
FNDA:4,(anonymous_7)
FNDA:3,(anonymous_8)
FNDA:3,(anonymous_9)
FNDA:2,(anonymous_10)
DA:1,2
DA:4,3
DA:5,3
DA:6,3
DA:16,42
DA:17,42
DA:24,10
DA:25,10
DA:26,10
DA:27,10
DA:28,10
DA:30,10
DA:32,10
DA:37,10
DA:52,4
DA:53,4
DA:54,4
DA:55,1
DA:57,3
DA:64,2
DA:65,2
DA:72,4
DA:73,4
DA:79,4
DA:80,1
DA:82,3
DA:89,2
DA:93,2
DA:100,4
DA:101,4
DA:102,4
DA:103,1
DA:105,3
DA:112,3
DA:113,3
DA:120,3
DA:121,3
DA:122,1
DA:123,1
DA:125,3
DA:132,2
DA:137,2
DA:141,2
LF:43
LH:43
BRDA:23,0,0,6
BRDA:23,1,0,6
BRDA:25,2,0,4
BRDA:25,2,1,6
BRDA:26,3,0,3
BRDA:26,3,1,7
BRDA:27,4,0,3
BRDA:27,4,1,7
BRDA:28,5,0,2
BRDA:28,5,1,8
BRDA:51,6,0,2
BRDA:52,7,0,2
BRDA:52,7,1,2
BRDA:54,8,0,1
BRDA:54,8,1,3
BRDA:71,9,0,2
BRDA:72,10,0,2
BRDA:72,10,1,2
BRDA:79,11,0,1
BRDA:79,11,1,3
BRDA:99,12,0,2
BRDA:100,13,0,2
BRDA:100,13,1,2
BRDA:102,14,0,1
BRDA:102,14,1,3
BRDA:121,15,0,1
BRDA:121,15,1,2
BRF:27
BRH:27
end_of_record
TN:
SF:src\utils\constants.js
FNF:0
FNH:0
DA:6,4
DA:15,4
DA:22,4
DA:23,4
DA:25,4
DA:38,4
LF:6
LH:6
BRF:0
BRH:0
end_of_record
