TN:
SF:src\controllers\notificationController.js
FN:9,(anonymous_0)
FN:23,(anonymous_1)
FN:35,(anonymous_2)
FN:42,(anonymous_3)
FN:49,(anonymous_4)
FN:56,(anonymous_5)
FN:64,(anonymous_6)
FN:71,(anonymous_7)
FN:79,(anonymous_8)
FN:86,(anonymous_9)
FNF:10
FNH:10
FNDA:28,(anonymous_0)
FNDA:5,(anonymous_1)
FNDA:3,(anonymous_2)
FNDA:2,(anonymous_3)
FNDA:2,(anonymous_4)
FNDA:2,(anonymous_5)
FNDA:2,(anonymous_6)
FNDA:2,(anonymous_7)
FNDA:2,(anonymous_8)
FNDA:2,(anonymous_9)
DA:1,2
DA:10,28
DA:12,28
DA:13,28
DA:14,28
DA:15,28
DA:16,28
DA:17,28
DA:18,28
DA:19,28
DA:20,28
DA:24,5
DA:25,5
DA:26,5
DA:27,5
DA:31,4
DA:32,1
DA:36,3
DA:37,3
DA:38,2
DA:39,1
DA:43,2
DA:44,2
DA:45,2
DA:46,0
DA:50,2
DA:51,2
DA:52,2
DA:53,0
DA:57,2
DA:58,2
DA:59,2
DA:60,2
DA:61,0
DA:65,2
DA:66,2
DA:67,2
DA:68,0
DA:72,2
DA:73,2
DA:74,2
DA:75,2
DA:76,0
DA:80,2
DA:81,2
DA:82,2
DA:83,0
DA:87,2
DA:88,2
DA:89,2
DA:90,0
DA:94,2
LF:52
LH:45
BRDA:26,0,0,0
BRDA:26,0,1,5
BRDA:26,1,0,2
BRDA:26,1,1,3
BRDA:29,2,0,5
BRDA:29,2,1,5
BRDA:29,3,0,5
BRDA:29,3,1,5
BRF:8
BRH:7
end_of_record
TN:
SF:src\middleware\errorHandler.js
FN:7,(anonymous_0)
FNF:1
FNH:1
FNDA:2,(anonymous_0)
DA:7,2
DA:8,2
DA:10,2
DA:12,2
DA:19,2
LF:5
LH:5
BRDA:10,0,0,2
BRDA:10,0,1,0
BRDA:14,1,0,2
BRDA:14,1,1,0
BRDA:15,2,0,2
BRDA:15,2,1,1
BRF:6
BRH:4
end_of_record
TN:
SF:src\middleware\validators.js
FN:8,(anonymous_0)
FN:15,(anonymous_1)
FNF:2
FNH:2
FNDA:18,(anonymous_0)
FNDA:14,(anonymous_1)
DA:1,2
DA:2,2
DA:8,2
DA:9,18
DA:10,18
DA:11,18
DA:12,11
DA:15,14
DA:18,7
DA:24,2
DA:45,2
DA:60,2
DA:69,2
DA:75,2
LF:14
LH:14
BRDA:11,0,0,11
BRDA:11,0,1,7
BRF:2
BRH:2
end_of_record
TN:
SF:src\services\notificationService.js
FN:9,(anonymous_0)
FN:17,(anonymous_1)
FN:45,(anonymous_2)
FN:58,(anonymous_3)
FN:66,(anonymous_4)
FN:84,(anonymous_5)
FN:95,(anonymous_6)
FN:108,(anonymous_7)
FN:116,(anonymous_8)
FN:128,(anonymous_9)
FNF:10
FNH:10
FNDA:37,(anonymous_0)
FNDA:10,(anonymous_1)
FNDA:3,(anonymous_2)
FNDA:2,(anonymous_3)
FNDA:3,(anonymous_4)
FNDA:2,(anonymous_5)
FNDA:3,(anonymous_6)
FNDA:3,(anonymous_7)
FNDA:3,(anonymous_8)
FNDA:2,(anonymous_9)
DA:1,2
DA:10,37
DA:11,37
DA:18,10
DA:19,10
DA:20,10
DA:21,10
DA:22,10
DA:24,10
DA:26,10
DA:31,10
DA:46,3
DA:47,3
DA:48,1
DA:49,1
DA:50,1
DA:52,2
DA:59,2
DA:60,2
DA:67,3
DA:73,3
DA:74,1
DA:75,1
DA:76,1
DA:78,2
DA:85,2
DA:89,2
DA:96,3
DA:97,3
DA:98,1
DA:99,1
DA:100,1
DA:102,2
DA:109,3
DA:110,3
DA:117,3
DA:118,3
DA:119,1
DA:120,1
DA:122,3
DA:129,2
DA:134,2
DA:138,2
LF:43
LH:43
BRDA:17,0,0,6
BRDA:17,1,0,6
BRDA:19,2,0,3
BRDA:19,2,1,7
BRDA:20,3,0,3
BRDA:20,3,1,7
BRDA:21,4,0,3
BRDA:21,4,1,7
BRDA:22,5,0,2
BRDA:22,5,1,8
BRDA:47,6,0,1
BRDA:47,6,1,2
BRDA:73,7,0,1
BRDA:73,7,1,2
BRDA:97,8,0,1
BRDA:97,8,1,2
BRDA:118,9,0,1
BRDA:118,9,1,2
BRF:18
BRH:18
end_of_record
TN:
SF:src\utils\constants.js
FNF:0
FNH:0
DA:6,4
DA:15,4
DA:22,4
DA:23,4
DA:25,4
DA:38,4
LF:6
LH:6
BRF:0
BRH:0
end_of_record
