<?xml version="1.0" encoding="UTF-8"?>
<coverage generated="1772864480139" clover="3.2.0">
  <project timestamp="1772864480139" name="All files">
    <metrics statements="442" coveredstatements="389" conditionals="323" coveredconditionals="198" methods="67" coveredmethods="58" elements="832" coveredelements="645" complexity="0" loc="442" ncloc="442" packages="8" files="12" classes="12"/>
    <package name="src">
      <metrics statements="21" coveredstatements="19" conditionals="4" coveredconditionals="2" methods="2" coveredmethods="1"/>
      <file name="app.js" path="/Users/pramodwijenayake/Desktop/Task-Management-System/task-management/src/app.js">
        <metrics statements="21" coveredstatements="19" conditionals="4" coveredconditionals="2" methods="2" coveredmethods="1"/>
        <line num="1" count="2" type="stmt"/>
        <line num="2" count="2" type="stmt"/>
        <line num="3" count="2" type="stmt"/>
        <line num="4" count="2" type="stmt"/>
        <line num="5" count="2" type="stmt"/>
        <line num="6" count="2" type="stmt"/>
        <line num="8" count="2" type="stmt"/>
        <line num="10" count="2" type="stmt"/>
        <line num="11" count="2" type="cond" truecount="1" falsecount="1"/>
        <line num="14" count="2" type="stmt"/>
        <line num="17" count="2" type="stmt"/>
        <line num="18" count="2" type="stmt"/>
        <line num="21" count="2" type="stmt"/>
        <line num="22" count="2" type="stmt"/>
        <line num="25" count="2" type="stmt"/>
        <line num="26" count="1" type="stmt"/>
        <line num="30" count="2" type="stmt"/>
        <line num="33" count="2" type="cond" truecount="1" falsecount="1"/>
        <line num="34" count="0" type="stmt"/>
        <line num="35" count="0" type="stmt"/>
        <line num="39" count="2" type="stmt"/>
      </file>
    </package>
    <package name="src.config">
      <metrics statements="8" coveredstatements="6" conditionals="0" coveredconditionals="0" methods="1" coveredmethods="1"/>
      <file name="db.js" path="/Users/pramodwijenayake/Desktop/Task-Management-System/task-management/src/config/db.js">
        <metrics statements="8" coveredstatements="6" conditionals="0" coveredconditionals="0" methods="1" coveredmethods="1"/>
        <line num="1" count="2" type="stmt"/>
        <line num="3" count="2" type="stmt"/>
        <line num="4" count="2" type="stmt"/>
        <line num="5" count="2" type="stmt"/>
        <line num="6" count="2" type="stmt"/>
        <line num="8" count="0" type="stmt"/>
        <line num="9" count="0" type="stmt"/>
        <line num="13" count="2" type="stmt"/>
      </file>
    </package>
    <package name="src.controllers">
      <metrics statements="224" coveredstatements="191" conditionals="182" coveredconditionals="123" methods="28" coveredmethods="28"/>
      <file name="boardController.js" path="/Users/pramodwijenayake/Desktop/Task-Management-System/task-management/src/controllers/boardController.js">
        <metrics statements="100" coveredstatements="88" conditionals="80" coveredconditionals="54" methods="13" coveredmethods="13"/>
        <line num="1" count="2" type="stmt"/>
        <line num="2" count="2" type="stmt"/>
        <line num="6" count="8" type="stmt"/>
        <line num="7" count="8" type="cond" truecount="2" falsecount="0"/>
        <line num="8" count="2" type="stmt"/>
        <line num="10" count="6" type="stmt"/>
        <line num="14" count="2" type="stmt"/>
        <line num="15" count="2" type="stmt"/>
        <line num="16" count="2" type="cond" truecount="1" falsecount="1"/>
        <line num="19" count="2" type="stmt"/>
        <line num="26" count="2" type="stmt"/>
        <line num="32" count="0" type="stmt"/>
        <line num="37" count="2" type="stmt"/>
        <line num="38" count="5" type="stmt"/>
        <line num="39" count="5" type="stmt"/>
        <line num="41" count="4" type="cond" truecount="2" falsecount="0"/>
        <line num="42" count="1" type="stmt"/>
        <line num="46" count="3" type="cond" truecount="1" falsecount="1"/>
        <line num="47" count="3" type="cond" truecount="2" falsecount="0"/>
        <line num="48" count="1" type="stmt"/>
        <line num="50" count="3" type="cond" truecount="2" falsecount="0"/>
        <line num="51" count="1" type="stmt"/>
        <line num="54" count="2" type="stmt"/>
        <line num="56" count="1" type="cond" truecount="1" falsecount="1"/>
        <line num="57" count="1" type="stmt"/>
        <line num="59" count="0" type="stmt"/>
        <line num="64" count="2" type="stmt"/>
        <line num="65" count="8" type="stmt"/>
        <line num="66" count="8" type="cond" truecount="2" falsecount="0"/>
        <line num="68" count="6" type="stmt"/>
        <line num="69" count="6" type="stmt"/>
        <line num="70" count="6" type="cond" truecount="1" falsecount="1"/>
        <line num="72" count="6" type="stmt"/>
        <line num="85" count="6" type="stmt"/>
        <line num="91" count="0" type="stmt"/>
        <line num="96" count="2" type="stmt"/>
        <line num="97" count="3" type="stmt"/>
        <line num="98" count="3" type="stmt"/>
        <line num="99" count="3" type="stmt"/>
        <line num="101" count="3" type="cond" truecount="1" falsecount="1"/>
        <line num="102" count="0" type="stmt"/>
        <line num="106" count="3" type="cond" truecount="1" falsecount="1"/>
        <line num="107" count="3" type="cond" truecount="2" falsecount="0"/>
        <line num="108" count="1" type="stmt"/>
        <line num="111" count="2" type="cond" truecount="2" falsecount="0"/>
        <line num="112" count="2" type="cond" truecount="2" falsecount="0"/>
        <line num="113" count="2" type="cond" truecount="1" falsecount="1"/>
        <line num="114" count="2" type="cond" truecount="1" falsecount="1"/>
        <line num="116" count="2" type="stmt"/>
        <line num="118" count="2" type="stmt"/>
        <line num="124" count="0" type="stmt"/>
        <line num="129" count="2" type="stmt"/>
        <line num="130" count="4" type="stmt"/>
        <line num="131" count="4" type="stmt"/>
        <line num="133" count="4" type="cond" truecount="2" falsecount="0"/>
        <line num="134" count="1" type="stmt"/>
        <line num="138" count="3" type="cond" truecount="1" falsecount="1"/>
        <line num="139" count="3" type="cond" truecount="2" falsecount="0"/>
        <line num="140" count="1" type="stmt"/>
        <line num="144" count="2" type="stmt"/>
        <line num="146" count="2" type="stmt"/>
        <line num="151" count="0" type="stmt"/>
        <line num="156" count="2" type="stmt"/>
        <line num="157" count="5" type="stmt"/>
        <line num="158" count="5" type="stmt"/>
        <line num="159" count="5" type="stmt"/>
        <line num="161" count="4" type="cond" truecount="1" falsecount="1"/>
        <line num="162" count="0" type="stmt"/>
        <line num="166" count="4" type="cond" truecount="1" falsecount="1"/>
        <line num="167" count="4" type="stmt"/>
        <line num="168" count="4" type="cond" truecount="1" falsecount="1"/>
        <line num="170" count="4" type="cond" truecount="2" falsecount="2"/>
        <line num="171" count="0" type="stmt"/>
        <line num="175" count="4" type="stmt"/>
        <line num="176" count="4" type="cond" truecount="2" falsecount="0"/>
        <line num="177" count="1" type="stmt"/>
        <line num="180" count="3" type="stmt"/>
        <line num="188" count="3" type="stmt"/>
        <line num="190" count="3" type="stmt"/>
        <line num="196" count="1" type="cond" truecount="2" falsecount="2"/>
        <line num="197" count="1" type="stmt"/>
        <line num="199" count="0" type="stmt"/>
        <line num="204" count="2" type="stmt"/>
        <line num="205" count="2" type="stmt"/>
        <line num="206" count="2" type="stmt"/>
        <line num="207" count="2" type="stmt"/>
        <line num="209" count="1" type="cond" truecount="1" falsecount="1"/>
        <line num="210" count="0" type="stmt"/>
        <line num="214" count="1" type="cond" truecount="1" falsecount="1"/>
        <line num="215" count="1" type="stmt"/>
        <line num="216" count="2" type="cond" truecount="1" falsecount="1"/>
        <line num="218" count="1" type="cond" truecount="2" falsecount="2"/>
        <line num="219" count="0" type="stmt"/>
        <line num="222" count="2" type="stmt"/>
        <line num="223" count="1" type="stmt"/>
        <line num="225" count="1" type="stmt"/>
        <line num="231" count="1" type="cond" truecount="2" falsecount="2"/>
        <line num="232" count="1" type="stmt"/>
        <line num="234" count="0" type="stmt"/>
        <line num="238" count="2" type="stmt"/>
      </file>
      <file name="taskController.js" path="/Users/pramodwijenayake/Desktop/Task-Management-System/task-management/src/controllers/taskController.js">
        <metrics statements="124" coveredstatements="103" conditionals="102" coveredconditionals="69" methods="15" coveredmethods="15"/>
        <line num="1" count="2" type="stmt"/>
        <line num="2" count="2" type="stmt"/>
        <line num="3" count="2" type="stmt"/>
        <line num="7" count="6" type="stmt"/>
        <line num="8" count="6" type="cond" truecount="2" falsecount="0"/>
        <line num="9" count="1" type="stmt"/>
        <line num="11" count="5" type="stmt"/>
        <line num="15" count="2" type="stmt"/>
        <line num="16" count="2" type="stmt"/>
        <line num="17" count="2" type="stmt"/>
        <line num="18" count="2" type="stmt"/>
        <line num="20" count="2" type="cond" truecount="2" falsecount="0"/>
        <line num="21" count="2" type="cond" truecount="1" falsecount="1"/>
        <line num="22" count="2" type="cond" truecount="1" falsecount="1"/>
        <line num="23" count="2" type="cond" truecount="1" falsecount="1"/>
        <line num="24" count="2" type="cond" truecount="1" falsecount="1"/>
        <line num="25" count="2" type="cond" truecount="1" falsecount="1"/>
        <line num="27" count="2" type="stmt"/>
        <line num="29" count="2" type="stmt"/>
        <line num="35" count="0" type="stmt"/>
        <line num="40" count="2" type="stmt"/>
        <line num="41" count="3" type="stmt"/>
        <line num="42" count="3" type="stmt"/>
        <line num="44" count="2" type="cond" truecount="2" falsecount="0"/>
        <line num="45" count="1" type="stmt"/>
        <line num="48" count="1" type="stmt"/>
        <line num="50" count="1" type="cond" truecount="1" falsecount="1"/>
        <line num="51" count="1" type="stmt"/>
        <line num="53" count="0" type="stmt"/>
        <line num="58" count="2" type="stmt"/>
        <line num="59" count="5" type="stmt"/>
        <line num="60" count="5" type="cond" truecount="2" falsecount="0"/>
        <line num="62" count="4" type="stmt"/>
        <line num="63" count="4" type="stmt"/>
        <line num="65" count="4" type="stmt"/>
        <line num="83" count="4" type="stmt"/>
        <line num="85" count="0" type="stmt"/>
        <line num="90" count="2" type="stmt"/>
        <line num="91" count="1" type="stmt"/>
        <line num="92" count="1" type="cond" truecount="1" falsecount="1"/>
        <line num="94" count="1" type="stmt"/>
        <line num="95" count="1" type="stmt"/>
        <line num="97" count="1" type="cond" truecount="1" falsecount="1"/>
        <line num="98" count="0" type="stmt"/>
        <line num="101" count="1" type="stmt"/>
        <line num="103" count="0" type="cond" truecount="0" falsecount="2"/>
        <line num="104" count="0" type="stmt"/>
        <line num="106" count="0" type="stmt"/>
        <line num="112" count="2" type="stmt"/>
        <line num="113" count="1" type="stmt"/>
        <line num="114" count="1" type="stmt"/>
        <line num="116" count="1" type="cond" truecount="1" falsecount="1"/>
        <line num="117" count="0" type="stmt"/>
        <line num="120" count="1" type="stmt"/>
        <line num="122" count="0" type="cond" truecount="0" falsecount="2"/>
        <line num="123" count="0" type="stmt"/>
        <line num="125" count="0" type="stmt"/>
        <line num="130" count="2" type="stmt"/>
        <line num="131" count="1" type="stmt"/>
        <line num="132" count="1" type="stmt"/>
        <line num="134" count="1" type="cond" truecount="1" falsecount="1"/>
        <line num="135" count="0" type="stmt"/>
        <line num="138" count="1" type="stmt"/>
        <line num="140" count="0" type="cond" truecount="0" falsecount="2"/>
        <line num="141" count="0" type="stmt"/>
        <line num="143" count="0" type="stmt"/>
        <line num="148" count="2" type="stmt"/>
        <line num="149" count="1" type="stmt"/>
        <line num="150" count="1" type="stmt"/>
        <line num="151" count="1" type="stmt"/>
        <line num="153" count="0" type="stmt"/>
        <line num="158" count="2" type="stmt"/>
        <line num="159" count="1" type="stmt"/>
        <line num="160" count="1" type="stmt"/>
        <line num="164" count="2" type="stmt"/>
        <line num="165" count="3" type="cond" truecount="1" falsecount="0"/>
        <line num="166" count="3" type="cond" truecount="2" falsecount="0"/>
        <line num="167" count="3" type="stmt"/>
        <line num="171" count="2" type="stmt"/>
        <line num="172" count="3" type="stmt"/>
        <line num="173" count="3" type="stmt"/>
        <line num="174" count="3" type="cond" truecount="4" falsecount="0"/>
        <line num="175" count="1" type="stmt"/>
        <line num="177" count="2" type="stmt"/>
        <line num="182" count="1" type="cond" truecount="1" falsecount="1"/>
        <line num="183" count="1" type="stmt"/>
        <line num="185" count="1" type="cond" truecount="2" falsecount="2"/>
        <line num="186" count="1" type="stmt"/>
        <line num="188" count="0" type="cond" truecount="0" falsecount="2"/>
        <line num="193" count="2" type="stmt"/>
        <line num="194" count="1" type="stmt"/>
        <line num="195" count="1" type="stmt"/>
        <line num="196" count="1" type="cond" truecount="1" falsecount="1"/>
        <line num="197" count="1" type="stmt"/>
        <line num="199" count="0" type="cond" truecount="0" falsecount="2"/>
        <line num="204" count="2" type="stmt"/>
        <line num="205" count="4" type="stmt"/>
        <line num="206" count="4" type="stmt"/>
        <line num="207" count="4" type="cond" truecount="4" falsecount="0"/>
        <line num="208" count="2" type="stmt"/>
        <line num="210" count="2" type="stmt"/>
        <line num="211" count="1" type="cond" truecount="1" falsecount="1"/>
        <line num="212" count="1" type="stmt"/>
        <line num="214" count="1" type="cond" truecount="2" falsecount="2"/>
        <line num="215" count="1" type="stmt"/>
        <line num="217" count="0" type="stmt"/>
        <line num="222" count="2" type="stmt"/>
        <line num="223" count="1" type="stmt"/>
        <line num="224" count="1" type="stmt"/>
        <line num="225" count="1" type="cond" truecount="1" falsecount="1"/>
        <line num="226" count="1" type="stmt"/>
        <line num="228" count="0" type="cond" truecount="0" falsecount="2"/>
        <line num="233" count="2" type="stmt"/>
        <line num="234" count="6" type="stmt"/>
        <line num="235" count="6" type="stmt"/>
        <line num="236" count="6" type="cond" truecount="5" falsecount="0"/>
        <line num="237" count="3" type="stmt"/>
        <line num="239" count="3" type="cond" truecount="2" falsecount="0"/>
        <line num="240" count="2" type="cond" truecount="1" falsecount="1"/>
        <line num="241" count="2" type="stmt"/>
        <line num="243" count="1" type="cond" truecount="2" falsecount="2"/>
        <line num="244" count="1" type="stmt"/>
        <line num="246" count="0" type="stmt"/>
        <line num="250" count="2" type="stmt"/>
      </file>
    </package>
    <package name="src.middleware">
      <metrics statements="26" coveredstatements="18" conditionals="24" coveredconditionals="10" methods="4" coveredmethods="1"/>
      <file name="auth.js" path="/Users/pramodwijenayake/Desktop/Task-Management-System/task-management/src/middleware/auth.js">
        <metrics statements="21" coveredstatements="16" conditionals="18" coveredconditionals="10" methods="3" coveredmethods="1"/>
        <line num="1" count="2" type="stmt"/>
        <line num="2" count="2" type="stmt"/>
        <line num="17" count="2" type="stmt"/>
        <line num="18" count="69" type="stmt"/>
        <line num="19" count="69" type="stmt"/>
        <line num="21" count="69" type="cond" truecount="4" falsecount="0"/>
        <line num="22" count="5" type="stmt"/>
        <line num="28" count="64" type="stmt"/>
        <line num="29" count="64" type="stmt"/>
        <line num="32" count="62" type="stmt"/>
        <line num="34" count="62" type="cond" truecount="2" falsecount="0"/>
        <line num="41" count="62" type="stmt"/>
        <line num="43" count="2" type="cond" truecount="1" falsecount="1"/>
        <line num="44" count="0" type="stmt"/>
        <line num="46" count="2" type="stmt"/>
        <line num="54" count="2" type="stmt"/>
        <line num="55" count="0" type="stmt"/>
        <line num="56" count="0" type="cond" truecount="0" falsecount="4"/>
        <line num="57" count="0" type="stmt"/>
        <line num="62" count="0" type="stmt"/>
        <line num="66" count="2" type="stmt"/>
      </file>
      <file name="errorHandler.js" path="/Users/pramodwijenayake/Desktop/Task-Management-System/task-management/src/middleware/errorHandler.js">
        <metrics statements="5" coveredstatements="2" conditionals="6" coveredconditionals="0" methods="1" coveredmethods="0"/>
        <line num="5" count="2" type="stmt"/>
        <line num="6" count="0" type="stmt"/>
        <line num="8" count="0" type="cond" truecount="0" falsecount="2"/>
        <line num="10" count="0" type="stmt"/>
        <line num="17" count="2" type="stmt"/>
      </file>
    </package>
    <package name="src.models">
      <metrics statements="25" coveredstatements="25" conditionals="0" coveredconditionals="0" methods="2" coveredmethods="2"/>
      <file name="Board.js" path="/Users/pramodwijenayake/Desktop/Task-Management-System/task-management/src/models/Board.js">
        <metrics statements="7" coveredstatements="7" conditionals="0" coveredconditionals="0" methods="0" coveredmethods="0"/>
        <line num="1" count="2" type="stmt"/>
        <line num="5" count="2" type="stmt"/>
        <line num="18" count="2" type="stmt"/>
        <line num="59" count="2" type="stmt"/>
        <line num="60" count="2" type="stmt"/>
        <line num="61" count="2" type="stmt"/>
        <line num="63" count="2" type="stmt"/>
      </file>
      <file name="Task.js" path="/Users/pramodwijenayake/Desktop/Task-Management-System/task-management/src/models/Task.js">
        <metrics statements="18" coveredstatements="18" conditionals="0" coveredconditionals="0" methods="2" coveredmethods="2"/>
        <line num="1" count="2" type="stmt"/>
        <line num="5" count="2" type="stmt"/>
        <line num="16" count="2" type="stmt"/>
        <line num="26" count="2" type="stmt"/>
        <line num="38" count="2" type="stmt"/>
        <line num="51" count="2" type="stmt"/>
        <line num="149" count="2" type="stmt"/>
        <line num="150" count="2" type="stmt"/>
        <line num="151" count="2" type="stmt"/>
        <line num="152" count="2" type="stmt"/>
        <line num="153" count="2" type="stmt"/>
        <line num="154" count="2" type="stmt"/>
        <line num="155" count="2" type="stmt"/>
        <line num="158" count="2" type="stmt"/>
        <line num="159" count="15" type="stmt"/>
        <line num="162" count="2" type="stmt"/>
        <line num="164" count="2" type="stmt"/>
        <line num="166" count="2" type="stmt"/>
      </file>
    </package>
    <package name="src.routes">
      <metrics statements="38" coveredstatements="38" conditionals="0" coveredconditionals="0" methods="0" coveredmethods="0"/>
      <file name="boardRoutes.js" path="/Users/pramodwijenayake/Desktop/Task-Management-System/task-management/src/routes/boardRoutes.js">
        <metrics statements="15" coveredstatements="15" conditionals="0" coveredconditionals="0" methods="0" coveredmethods="0"/>
        <line num="1" count="2" type="stmt"/>
        <line num="2" count="2" type="stmt"/>
        <line num="3" count="2" type="stmt"/>
        <line num="4" count="2" type="stmt"/>
        <line num="5" count="2" type="stmt"/>
        <line num="8" count="2" type="stmt"/>
        <line num="18" count="2" type="stmt"/>
        <line num="30" count="2" type="stmt"/>
        <line num="31" count="2" type="stmt"/>
        <line num="32" count="2" type="stmt"/>
        <line num="33" count="2" type="stmt"/>
        <line num="34" count="2" type="stmt"/>
        <line num="37" count="2" type="stmt"/>
        <line num="38" count="2" type="stmt"/>
        <line num="40" count="2" type="stmt"/>
      </file>
      <file name="taskRoutes.js" path="/Users/pramodwijenayake/Desktop/Task-Management-System/task-management/src/routes/taskRoutes.js">
        <metrics statements="23" coveredstatements="23" conditionals="0" coveredconditionals="0" methods="0" coveredmethods="0"/>
        <line num="1" count="2" type="stmt"/>
        <line num="2" count="2" type="stmt"/>
        <line num="3" count="2" type="stmt"/>
        <line num="19" count="2" type="stmt"/>
        <line num="20" count="2" type="stmt"/>
        <line num="23" count="2" type="stmt"/>
        <line num="35" count="2" type="stmt"/>
        <line num="50" count="2" type="stmt"/>
        <line num="51" count="2" type="stmt"/>
        <line num="52" count="2" type="stmt"/>
        <line num="55" count="2" type="stmt"/>
        <line num="56" count="2" type="stmt"/>
        <line num="57" count="2" type="stmt"/>
        <line num="58" count="2" type="stmt"/>
        <line num="59" count="2" type="stmt"/>
        <line num="60" count="2" type="stmt"/>
        <line num="63" count="2" type="stmt"/>
        <line num="64" count="2" type="stmt"/>
        <line num="67" count="2" type="stmt"/>
        <line num="68" count="2" type="stmt"/>
        <line num="71" count="2" type="stmt"/>
        <line num="73" count="2" type="stmt"/>
        <line num="75" count="2" type="stmt"/>
      </file>
    </package>
    <package name="src.services">
      <metrics statements="90" coveredstatements="84" conditionals="102" coveredconditionals="55" methods="21" coveredmethods="20"/>
      <file name="taskService.js" path="/Users/pramodwijenayake/Desktop/Task-Management-System/task-management/src/services/taskService.js">
        <metrics statements="90" coveredstatements="84" conditionals="102" coveredconditionals="55" methods="21" coveredmethods="20"/>
        <line num="1" count="2" type="stmt"/>
        <line num="5" count="13" type="stmt"/>
        <line num="19" count="4" type="stmt"/>
        <line num="22" count="4" type="cond" truecount="3" falsecount="1"/>
        <line num="23" count="4" type="stmt"/>
        <line num="32" count="4" type="stmt"/>
        <line num="36" count="4" type="stmt"/>
        <line num="37" count="4" type="stmt"/>
        <line num="45" count="2" type="stmt"/>
        <line num="47" count="2" type="cond" truecount="2" falsecount="0"/>
        <line num="48" count="2" type="cond" truecount="1" falsecount="1"/>
        <line num="49" count="2" type="cond" truecount="1" falsecount="1"/>
        <line num="50" count="2" type="cond" truecount="1" falsecount="1"/>
        <line num="52" count="2" type="cond" truecount="1" falsecount="1"/>
        <line num="53" count="2" type="cond" truecount="1" falsecount="1"/>
        <line num="54" count="2" type="cond" truecount="1" falsecount="1"/>
        <line num="55" count="2" type="cond" truecount="1" falsecount="1"/>
        <line num="56" count="2" type="cond" truecount="1" falsecount="1"/>
        <line num="58" count="2" type="stmt"/>
        <line num="65" count="3" type="stmt"/>
        <line num="72" count="1" type="stmt"/>
        <line num="73" count="1" type="cond" truecount="1" falsecount="1"/>
        <line num="75" count="1" type="stmt"/>
        <line num="76" count="1" type="stmt"/>
        <line num="78" count="1" type="stmt"/>
        <line num="79" count="8" type="cond" truecount="6" falsecount="2"/>
        <line num="80" count="2" type="stmt"/>
        <line num="84" count="1" type="stmt"/>
        <line num="85" count="1" type="cond" truecount="1" falsecount="1"/>
        <line num="87" count="1" type="stmt"/>
        <line num="94" count="1" type="stmt"/>
        <line num="95" count="1" type="cond" truecount="1" falsecount="1"/>
        <line num="97" count="1" type="stmt"/>
        <line num="98" count="1" type="stmt"/>
        <line num="100" count="1" type="stmt"/>
        <line num="101" count="6" type="cond" truecount="6" falsecount="2"/>
        <line num="102" count="1" type="stmt"/>
        <line num="106" count="1" type="stmt"/>
        <line num="107" count="1" type="cond" truecount="1" falsecount="1"/>
        <line num="109" count="1" type="stmt"/>
        <line num="116" count="1" type="stmt"/>
        <line num="125" count="2" type="stmt"/>
        <line num="126" count="1" type="cond" truecount="1" falsecount="1"/>
        <line num="128" count="1" type="stmt"/>
        <line num="129" count="1" type="cond" truecount="1" falsecount="1"/>
        <line num="130" count="0" type="stmt"/>
        <line num="131" count="0" type="stmt"/>
        <line num="132" count="0" type="stmt"/>
        <line num="135" count="1" type="stmt"/>
        <line num="136" count="1" type="stmt"/>
        <line num="137" count="1" type="stmt"/>
        <line num="144" count="1" type="stmt"/>
        <line num="145" count="1" type="cond" truecount="1" falsecount="1"/>
        <line num="147" count="1" type="stmt"/>
        <line num="148" count="1" type="stmt"/>
        <line num="150" count="1" type="cond" truecount="1" falsecount="1"/>
        <line num="151" count="1" type="stmt"/>
        <line num="154" count="1" type="stmt"/>
        <line num="163" count="2" type="stmt"/>
        <line num="164" count="1" type="cond" truecount="1" falsecount="1"/>
        <line num="166" count="1" type="stmt"/>
        <line num="173" count="1" type="stmt"/>
        <line num="174" count="1" type="stmt"/>
        <line num="175" count="1" type="stmt"/>
        <line num="182" count="1" type="stmt"/>
        <line num="183" count="1" type="cond" truecount="1" falsecount="1"/>
        <line num="185" count="1" type="stmt"/>
        <line num="186" count="1" type="cond" truecount="1" falsecount="1"/>
        <line num="187" count="0" type="stmt"/>
        <line num="188" count="0" type="stmt"/>
        <line num="189" count="0" type="stmt"/>
        <line num="192" count="1" type="stmt"/>
        <line num="193" count="1" type="stmt"/>
        <line num="194" count="1" type="stmt"/>
        <line num="203" count="3" type="stmt"/>
        <line num="204" count="2" type="cond" truecount="1" falsecount="1"/>
        <line num="206" count="2" type="stmt"/>
        <line num="214" count="2" type="stmt"/>
        <line num="215" count="2" type="stmt"/>
        <line num="222" count="1" type="stmt"/>
        <line num="223" count="1" type="cond" truecount="3" falsecount="3"/>
        <line num="224" count="1" type="cond" truecount="3" falsecount="3"/>
        <line num="225" count="1" type="cond" truecount="1" falsecount="1"/>
        <line num="227" count="1" type="stmt"/>
        <line num="238" count="1" type="stmt"/>
        <line num="239" count="1" type="stmt"/>
        <line num="240" count="1" type="cond" truecount="1" falsecount="1"/>
        <line num="241" count="1" type="stmt"/>
        <line num="244" count="1" type="stmt"/>
        <line num="247" count="2" type="stmt"/>
      </file>
    </package>
    <package name="src.utils">
      <metrics statements="10" coveredstatements="8" conditionals="11" coveredconditionals="8" methods="9" coveredmethods="5"/>
      <file name="mockUsers.js" path="/Users/pramodwijenayake/Desktop/Task-Management-System/task-management/src/utils/mockUsers.js">
        <metrics statements="10" coveredstatements="8" conditionals="11" coveredconditionals="8" methods="9" coveredmethods="5"/>
        <line num="10" count="2" type="stmt"/>
        <line num="73" count="1" type="stmt"/>
        <line num="80" count="265" type="cond" truecount="2" falsecount="0"/>
        <line num="87" count="0" type="cond" truecount="0" falsecount="2"/>
        <line num="94" count="0" type="stmt"/>
        <line num="101" count="3" type="cond" truecount="4" falsecount="0"/>
        <line num="102" count="2" type="stmt"/>
        <line num="103" count="2" type="stmt"/>
        <line num="104" count="16" type="cond" truecount="2" falsecount="0"/>
        <line num="108" count="2" type="stmt"/>
      </file>
    </package>
  </project>
</coverage>
