{"/Users/pramodwijenayake/Desktop/Task-Management-System/task-management/src/app.js": {"path":"/Users/pramodwijenayake/Desktop/Task-Management-System/task-management/src/app.js","statementMap":{"0":{"start":{"line":1,"column":16},"end":{"line":1,"column":34}},"1":{"start":{"line":2,"column":13},"end":{"line":2,"column":28}},"2":{"start":{"line":3,"column":18},"end":{"line":3,"column":40}},"3":{"start":{"line":4,"column":19},"end":{"line":4,"column":49}},"4":{"start":{"line":5,"column":20},"end":{"line":5,"column":51}},"5":{"start":{"line":6,"column":25},"end":{"line":6,"column":61}},"6":{"start":{"line":8,"column":0},"end":{"line":8,"column":27}},"7":{"start":{"line":10,"column":12},"end":{"line":10,"column":21}},"8":{"start":{"line":11,"column":13},"end":{"line":11,"column":37}},"9":{"start":{"line":14,"column":0},"end":{"line":14,"column":12}},"10":{"start":{"line":17,"column":0},"end":{"line":17,"column":16}},"11":{"start":{"line":18,"column":0},"end":{"line":18,"column":24}},"12":{"start":{"line":21,"column":0},"end":{"line":21,"column":34}},"13":{"start":{"line":22,"column":0},"end":{"line":22,"column":36}},"14":{"start":{"line":25,"column":0},"end":{"line":27,"column":3}},"15":{"start":{"line":26,"column":4},"end":{"line":26,"column":71}},"16":{"start":{"line":30,"column":0},"end":{"line":30,"column":22}},"17":{"start":{"line":33,"column":0},"end":{"line":37,"column":1}},"18":{"start":{"line":34,"column":4},"end":{"line":36,"column":7}},"19":{"start":{"line":35,"column":8},"end":{"line":35,"column":71}},"20":{"start":{"line":39,"column":0},"end":{"line":39,"column":21}}},"fnMap":{"0":{"name":"(anonymous_0)","decl":{"start":{"line":25,"column":19},"end":{"line":25,"column":20}},"loc":{"start":{"line":25,"column":33},"end":{"line":27,"column":1}},"line":25},"1":{"name":"(anonymous_1)","decl":{"start":{"line":34,"column":21},"end":{"line":34,"column":22}},"loc":{"start":{"line":34,"column":27},"end":{"line":36,"column":5}},"line":34}},"branchMap":{"0":{"loc":{"start":{"line":11,"column":13},"end":{"line":11,"column":37}},"type":"binary-expr","locations":[{"start":{"line":11,"column":13},"end":{"line":11,"column":29}},{"start":{"line":11,"column":33},"end":{"line":11,"column":37}}],"line":11},"1":{"loc":{"start":{"line":33,"column":0},"end":{"line":37,"column":1}},"type":"if","locations":[{"start":{"line":33,"column":0},"end":{"line":37,"column":1}},{"start":{},"end":{}}],"line":33}},"s":{"0":2,"1":2,"2":2,"3":2,"4":2,"5":2,"6":2,"7":2,"8":2,"9":2,"10":2,"11":2,"12":2,"13":2,"14":2,"15":1,"16":2,"17":2,"18":0,"19":0,"20":2},"f":{"0":1,"1":0},"b":{"0":[2,0],"1":[0,2]},"_coverageSchema":"1a1c01bbd47fc00a2c39e90264f33305004495a9","hash":"e4bd0c4babb5ee47abb499bf0fd52226cb843f34"}
,"/Users/pramodwijenayake/Desktop/Task-Management-System/task-management/src/config/db.js": {"path":"/Users/pramodwijenayake/Desktop/Task-Management-System/task-management/src/config/db.js","statementMap":{"0":{"start":{"line":1,"column":17},"end":{"line":1,"column":36}},"1":{"start":{"line":3,"column":18},"end":{"line":11,"column":1}},"2":{"start":{"line":4,"column":4},"end":{"line":10,"column":5}},"3":{"start":{"line":5,"column":21},"end":{"line":5,"column":66}},"4":{"start":{"line":6,"column":8},"end":{"line":6,"column":66}},"5":{"start":{"line":8,"column":8},"end":{"line":8,"column":69}},"6":{"start":{"line":9,"column":8},"end":{"line":9,"column":24}},"7":{"start":{"line":13,"column":0},"end":{"line":13,"column":27}}},"fnMap":{"0":{"name":"(anonymous_0)","decl":{"start":{"line":3,"column":18},"end":{"line":3,"column":19}},"loc":{"start":{"line":3,"column":30},"end":{"line":11,"column":1}},"line":3}},"branchMap":{},"s":{"0":2,"1":2,"2":2,"3":2,"4":2,"5":0,"6":0,"7":2},"f":{"0":2},"b":{},"_coverageSchema":"1a1c01bbd47fc00a2c39e90264f33305004495a9","hash":"7f13897692d990919ae85b44451fe687717006c9"}
,"/Users/pramodwijenayake/Desktop/Task-Management-System/task-management/src/controllers/boardController.js": {"path":"/Users/pramodwijenayake/Desktop/Task-Management-System/task-management/src/controllers/boardController.js","statementMap":{"0":{"start":{"line":1,"column":14},"end":{"line":1,"column":40}},"1":{"start":{"line":2,"column":29},"end":{"line":2,"column":57}},"2":{"start":{"line":6,"column":19},"end":{"line":6,"column":40}},"3":{"start":{"line":7,"column":4},"end":{"line":9,"column":5}},"4":{"start":{"line":8,"column":8},"end":{"line":8,"column":80}},"5":{"start":{"line":10,"column":4},"end":{"line":10,"column":16}},"6":{"start":{"line":14,"column":21},"end":{"line":34,"column":1}},"7":{"start":{"line":15,"column":4},"end":{"line":33,"column":5}},"8":{"start":{"line":16,"column":23},"end":{"line":16,"column":47}},"9":{"start":{"line":19,"column":23},"end":{"line":24,"column":34}},"10":{"start":{"line":26,"column":8},"end":{"line":30,"column":11}},"11":{"start":{"line":32,"column":8},"end":{"line":32,"column":73}},"12":{"start":{"line":37,"column":21},"end":{"line":61,"column":1}},"13":{"start":{"line":38,"column":4},"end":{"line":60,"column":5}},"14":{"start":{"line":39,"column":22},"end":{"line":39,"column":57}},"15":{"start":{"line":41,"column":8},"end":{"line":43,"column":9}},"16":{"start":{"line":42,"column":12},"end":{"line":42,"column":89}},"17":{"start":{"line":46,"column":23},"end":{"line":46,"column":47}},"18":{"start":{"line":47,"column":26},"end":{"line":48,"column":65}},"19":{"start":{"line":48,"column":49},"end":{"line":48,"column":64}},"20":{"start":{"line":50,"column":8},"end":{"line":52,"column":9}},"21":{"start":{"line":51,"column":12},"end":{"line":51,"column":87}},"22":{"start":{"line":54,"column":8},"end":{"line":54,"column":55}},"23":{"start":{"line":56,"column":8},"end":{"line":58,"column":9}},"24":{"start":{"line":57,"column":12},"end":{"line":57,"column":90}},"25":{"start":{"line":59,"column":8},"end":{"line":59,"column":73}},"26":{"start":{"line":64,"column":20},"end":{"line":93,"column":1}},"27":{"start":{"line":65,"column":28},"end":{"line":65,"column":60}},"28":{"start":{"line":66,"column":4},"end":{"line":66,"column":32}},"29":{"start":{"line":66,"column":25},"end":{"line":66,"column":32}},"30":{"start":{"line":68,"column":4},"end":{"line":92,"column":5}},"31":{"start":{"line":69,"column":55},"end":{"line":69,"column":63}},"32":{"start":{"line":70,"column":21},"end":{"line":70,"column":94}},"33":{"start":{"line":72,"column":22},"end":{"line":83,"column":10}},"34":{"start":{"line":85,"column":8},"end":{"line":89,"column":11}},"35":{"start":{"line":91,"column":8},"end":{"line":91,"column":73}},"36":{"start":{"line":96,"column":20},"end":{"line":126,"column":1}},"37":{"start":{"line":97,"column":4},"end":{"line":125,"column":5}},"38":{"start":{"line":98,"column":55},"end":{"line":98,"column":63}},"39":{"start":{"line":99,"column":22},"end":{"line":99,"column":57}},"40":{"start":{"line":101,"column":8},"end":{"line":103,"column":9}},"41":{"start":{"line":102,"column":12},"end":{"line":102,"column":89}},"42":{"start":{"line":106,"column":23},"end":{"line":106,"column":47}},"43":{"start":{"line":107,"column":8},"end":{"line":109,"column":9}},"44":{"start":{"line":108,"column":12},"end":{"line":108,"column":106}},"45":{"start":{"line":111,"column":8},"end":{"line":111,"column":50}},"46":{"start":{"line":111,"column":32},"end":{"line":111,"column":50}},"47":{"start":{"line":112,"column":8},"end":{"line":112,"column":71}},"48":{"start":{"line":112,"column":39},"end":{"line":112,"column":71}},"49":{"start":{"line":113,"column":8},"end":{"line":113,"column":56}},"50":{"start":{"line":113,"column":34},"end":{"line":113,"column":56}},"51":{"start":{"line":114,"column":8},"end":{"line":114,"column":59}},"52":{"start":{"line":114,"column":35},"end":{"line":114,"column":59}},"53":{"start":{"line":116,"column":8},"end":{"line":116,"column":27}},"54":{"start":{"line":118,"column":8},"end":{"line":122,"column":11}},"55":{"start":{"line":124,"column":8},"end":{"line":124,"column":73}},"56":{"start":{"line":129,"column":20},"end":{"line":153,"column":1}},"57":{"start":{"line":130,"column":4},"end":{"line":152,"column":5}},"58":{"start":{"line":131,"column":22},"end":{"line":131,"column":57}},"59":{"start":{"line":133,"column":8},"end":{"line":135,"column":9}},"60":{"start":{"line":134,"column":12},"end":{"line":134,"column":89}},"61":{"start":{"line":138,"column":23},"end":{"line":138,"column":47}},"62":{"start":{"line":139,"column":8},"end":{"line":141,"column":9}},"63":{"start":{"line":140,"column":12},"end":{"line":140,"column":106}},"64":{"start":{"line":144,"column":8},"end":{"line":144,"column":53}},"65":{"start":{"line":146,"column":8},"end":{"line":149,"column":11}},"66":{"start":{"line":151,"column":8},"end":{"line":151,"column":73}},"67":{"start":{"line":156,"column":18},"end":{"line":201,"column":1}},"68":{"start":{"line":157,"column":4},"end":{"line":200,"column":5}},"69":{"start":{"line":158,"column":27},"end":{"line":158,"column":35}},"70":{"start":{"line":159,"column":22},"end":{"line":159,"column":57}},"71":{"start":{"line":161,"column":8},"end":{"line":163,"column":9}},"72":{"start":{"line":162,"column":12},"end":{"line":162,"column":89}},"73":{"start":{"line":166,"column":23},"end":{"line":166,"column":47}},"74":{"start":{"line":167,"column":26},"end":{"line":167,"column":55}},"75":{"start":{"line":168,"column":24},"end":{"line":168,"column":86}},"76":{"start":{"line":168,"column":48},"end":{"line":168,"column":85}},"77":{"start":{"line":170,"column":8},"end":{"line":172,"column":9}},"78":{"start":{"line":171,"column":12},"end":{"line":171,"column":101}},"79":{"start":{"line":175,"column":23},"end":{"line":175,"column":66}},"80":{"start":{"line":175,"column":47},"end":{"line":175,"column":65}},"81":{"start":{"line":176,"column":8},"end":{"line":178,"column":9}},"82":{"start":{"line":177,"column":12},"end":{"line":177,"column":98}},"83":{"start":{"line":180,"column":8},"end":{"line":186,"column":11}},"84":{"start":{"line":188,"column":8},"end":{"line":188,"column":27}},"85":{"start":{"line":190,"column":8},"end":{"line":194,"column":11}},"86":{"start":{"line":196,"column":8},"end":{"line":198,"column":9}},"87":{"start":{"line":197,"column":12},"end":{"line":197,"column":90}},"88":{"start":{"line":199,"column":8},"end":{"line":199,"column":73}},"89":{"start":{"line":204,"column":21},"end":{"line":236,"column":1}},"90":{"start":{"line":205,"column":4},"end":{"line":235,"column":5}},"91":{"start":{"line":206,"column":29},"end":{"line":206,"column":39}},"92":{"start":{"line":207,"column":22},"end":{"line":207,"column":57}},"93":{"start":{"line":209,"column":8},"end":{"line":211,"column":9}},"94":{"start":{"line":210,"column":12},"end":{"line":210,"column":89}},"95":{"start":{"line":214,"column":23},"end":{"line":214,"column":47}},"96":{"start":{"line":215,"column":26},"end":{"line":215,"column":55}},"97":{"start":{"line":216,"column":24},"end":{"line":216,"column":86}},"98":{"start":{"line":216,"column":48},"end":{"line":216,"column":85}},"99":{"start":{"line":218,"column":8},"end":{"line":220,"column":9}},"100":{"start":{"line":219,"column":12},"end":{"line":219,"column":104}},"101":{"start":{"line":222,"column":8},"end":{"line":222,"column":69}},"102":{"start":{"line":222,"column":50},"end":{"line":222,"column":67}},"103":{"start":{"line":223,"column":8},"end":{"line":223,"column":27}},"104":{"start":{"line":225,"column":8},"end":{"line":229,"column":11}},"105":{"start":{"line":231,"column":8},"end":{"line":233,"column":9}},"106":{"start":{"line":232,"column":12},"end":{"line":232,"column":90}},"107":{"start":{"line":234,"column":8},"end":{"line":234,"column":73}},"108":{"start":{"line":238,"column":0},"end":{"line":246,"column":2}}},"fnMap":{"0":{"name":"handleValidationErrors","decl":{"start":{"line":5,"column":9},"end":{"line":5,"column":31}},"loc":{"start":{"line":5,"column":42},"end":{"line":11,"column":1}},"line":5},"1":{"name":"(anonymous_1)","decl":{"start":{"line":14,"column":21},"end":{"line":14,"column":22}},"loc":{"start":{"line":14,"column":41},"end":{"line":34,"column":1}},"line":14},"2":{"name":"(anonymous_2)","decl":{"start":{"line":37,"column":21},"end":{"line":37,"column":22}},"loc":{"start":{"line":37,"column":41},"end":{"line":61,"column":1}},"line":37},"3":{"name":"(anonymous_3)","decl":{"start":{"line":48,"column":44},"end":{"line":48,"column":45}},"loc":{"start":{"line":48,"column":49},"end":{"line":48,"column":64}},"line":48},"4":{"name":"(anonymous_4)","decl":{"start":{"line":64,"column":20},"end":{"line":64,"column":21}},"loc":{"start":{"line":64,"column":40},"end":{"line":93,"column":1}},"line":64},"5":{"name":"(anonymous_5)","decl":{"start":{"line":96,"column":20},"end":{"line":96,"column":21}},"loc":{"start":{"line":96,"column":40},"end":{"line":126,"column":1}},"line":96},"6":{"name":"(anonymous_6)","decl":{"start":{"line":129,"column":20},"end":{"line":129,"column":21}},"loc":{"start":{"line":129,"column":40},"end":{"line":153,"column":1}},"line":129},"7":{"name":"(anonymous_7)","decl":{"start":{"line":156,"column":18},"end":{"line":156,"column":19}},"loc":{"start":{"line":156,"column":38},"end":{"line":201,"column":1}},"line":156},"8":{"name":"(anonymous_8)","decl":{"start":{"line":168,"column":43},"end":{"line":168,"column":44}},"loc":{"start":{"line":168,"column":48},"end":{"line":168,"column":85}},"line":168},"9":{"name":"(anonymous_9)","decl":{"start":{"line":175,"column":42},"end":{"line":175,"column":43}},"loc":{"start":{"line":175,"column":47},"end":{"line":175,"column":65}},"line":175},"10":{"name":"(anonymous_10)","decl":{"start":{"line":204,"column":21},"end":{"line":204,"column":22}},"loc":{"start":{"line":204,"column":41},"end":{"line":236,"column":1}},"line":204},"11":{"name":"(anonymous_11)","decl":{"start":{"line":216,"column":43},"end":{"line":216,"column":44}},"loc":{"start":{"line":216,"column":48},"end":{"line":216,"column":85}},"line":216},"12":{"name":"(anonymous_12)","decl":{"start":{"line":222,"column":45},"end":{"line":222,"column":46}},"loc":{"start":{"line":222,"column":50},"end":{"line":222,"column":67}},"line":222}},"branchMap":{"0":{"loc":{"start":{"line":7,"column":4},"end":{"line":9,"column":5}},"type":"if","locations":[{"start":{"line":7,"column":4},"end":{"line":9,"column":5}},{"start":{},"end":{}}],"line":7},"1":{"loc":{"start":{"line":16,"column":23},"end":{"line":16,"column":47}},"type":"binary-expr","locations":[{"start":{"line":16,"column":23},"end":{"line":16,"column":35}},{"start":{"line":16,"column":39},"end":{"line":16,"column":47}}],"line":16},"2":{"loc":{"start":{"line":41,"column":8},"end":{"line":43,"column":9}},"type":"if","locations":[{"start":{"line":41,"column":8},"end":{"line":43,"column":9}},{"start":{},"end":{}}],"line":41},"3":{"loc":{"start":{"line":46,"column":23},"end":{"line":46,"column":47}},"type":"binary-expr","locations":[{"start":{"line":46,"column":23},"end":{"line":46,"column":35}},{"start":{"line":46,"column":39},"end":{"line":46,"column":47}}],"line":46},"4":{"loc":{"start":{"line":47,"column":26},"end":{"line":48,"column":65}},"type":"binary-expr","locations":[{"start":{"line":47,"column":26},"end":{"line":47,"column":55}},{"start":{"line":48,"column":25},"end":{"line":48,"column":65}}],"line":47},"5":{"loc":{"start":{"line":50,"column":8},"end":{"line":52,"column":9}},"type":"if","locations":[{"start":{"line":50,"column":8},"end":{"line":52,"column":9}},{"start":{},"end":{}}],"line":50},"6":{"loc":{"start":{"line":56,"column":8},"end":{"line":58,"column":9}},"type":"if","locations":[{"start":{"line":56,"column":8},"end":{"line":58,"column":9}},{"start":{},"end":{}}],"line":56},"7":{"loc":{"start":{"line":66,"column":4},"end":{"line":66,"column":32}},"type":"if","locations":[{"start":{"line":66,"column":4},"end":{"line":66,"column":32}},{"start":{},"end":{}}],"line":66},"8":{"loc":{"start":{"line":70,"column":21},"end":{"line":70,"column":94}},"type":"binary-expr","locations":[{"start":{"line":70,"column":21},"end":{"line":70,"column":29}},{"start":{"line":70,"column":33},"end":{"line":70,"column":94}}],"line":70},"9":{"loc":{"start":{"line":74,"column":25},"end":{"line":74,"column":42}},"type":"binary-expr","locations":[{"start":{"line":74,"column":25},"end":{"line":74,"column":36}},{"start":{"line":74,"column":40},"end":{"line":74,"column":42}}],"line":74},"10":{"loc":{"start":{"line":75,"column":20},"end":{"line":75,"column":40}},"type":"binary-expr","locations":[{"start":{"line":75,"column":20},"end":{"line":75,"column":26}},{"start":{"line":75,"column":30},"end":{"line":75,"column":40}}],"line":75},"11":{"loc":{"start":{"line":76,"column":21},"end":{"line":76,"column":34}},"type":"binary-expr","locations":[{"start":{"line":76,"column":21},"end":{"line":76,"column":28}},{"start":{"line":76,"column":32},"end":{"line":76,"column":34}}],"line":76},"12":{"loc":{"start":{"line":81,"column":24},"end":{"line":81,"column":43}},"type":"binary-expr","locations":[{"start":{"line":81,"column":24},"end":{"line":81,"column":35}},{"start":{"line":81,"column":39},"end":{"line":81,"column":43}}],"line":81},"13":{"loc":{"start":{"line":101,"column":8},"end":{"line":103,"column":9}},"type":"if","locations":[{"start":{"line":101,"column":8},"end":{"line":103,"column":9}},{"start":{},"end":{}}],"line":101},"14":{"loc":{"start":{"line":106,"column":23},"end":{"line":106,"column":47}},"type":"binary-expr","locations":[{"start":{"line":106,"column":23},"end":{"line":106,"column":35}},{"start":{"line":106,"column":39},"end":{"line":106,"column":47}}],"line":106},"15":{"loc":{"start":{"line":107,"column":8},"end":{"line":109,"column":9}},"type":"if","locations":[{"start":{"line":107,"column":8},"end":{"line":109,"column":9}},{"start":{},"end":{}}],"line":107},"16":{"loc":{"start":{"line":111,"column":8},"end":{"line":111,"column":50}},"type":"if","locations":[{"start":{"line":111,"column":8},"end":{"line":111,"column":50}},{"start":{},"end":{}}],"line":111},"17":{"loc":{"start":{"line":112,"column":8},"end":{"line":112,"column":71}},"type":"if","locations":[{"start":{"line":112,"column":8},"end":{"line":112,"column":71}},{"start":{},"end":{}}],"line":112},"18":{"loc":{"start":{"line":113,"column":8},"end":{"line":113,"column":56}},"type":"if","locations":[{"start":{"line":113,"column":8},"end":{"line":113,"column":56}},{"start":{},"end":{}}],"line":113},"19":{"loc":{"start":{"line":114,"column":8},"end":{"line":114,"column":59}},"type":"if","locations":[{"start":{"line":114,"column":8},"end":{"line":114,"column":59}},{"start":{},"end":{}}],"line":114},"20":{"loc":{"start":{"line":133,"column":8},"end":{"line":135,"column":9}},"type":"if","locations":[{"start":{"line":133,"column":8},"end":{"line":135,"column":9}},{"start":{},"end":{}}],"line":133},"21":{"loc":{"start":{"line":138,"column":23},"end":{"line":138,"column":47}},"type":"binary-expr","locations":[{"start":{"line":138,"column":23},"end":{"line":138,"column":35}},{"start":{"line":138,"column":39},"end":{"line":138,"column":47}}],"line":138},"22":{"loc":{"start":{"line":139,"column":8},"end":{"line":141,"column":9}},"type":"if","locations":[{"start":{"line":139,"column":8},"end":{"line":141,"column":9}},{"start":{},"end":{}}],"line":139},"23":{"loc":{"start":{"line":161,"column":8},"end":{"line":163,"column":9}},"type":"if","locations":[{"start":{"line":161,"column":8},"end":{"line":163,"column":9}},{"start":{},"end":{}}],"line":161},"24":{"loc":{"start":{"line":166,"column":23},"end":{"line":166,"column":47}},"type":"binary-expr","locations":[{"start":{"line":166,"column":23},"end":{"line":166,"column":35}},{"start":{"line":166,"column":39},"end":{"line":166,"column":47}}],"line":166},"25":{"loc":{"start":{"line":168,"column":48},"end":{"line":168,"column":85}},"type":"binary-expr","locations":[{"start":{"line":168,"column":48},"end":{"line":168,"column":63}},{"start":{"line":168,"column":67},"end":{"line":168,"column":85}}],"line":168},"26":{"loc":{"start":{"line":170,"column":8},"end":{"line":172,"column":9}},"type":"if","locations":[{"start":{"line":170,"column":8},"end":{"line":172,"column":9}},{"start":{},"end":{}}],"line":170},"27":{"loc":{"start":{"line":170,"column":12},"end":{"line":170,"column":34}},"type":"binary-expr","locations":[{"start":{"line":170,"column":12},"end":{"line":170,"column":22}},{"start":{"line":170,"column":26},"end":{"line":170,"column":34}}],"line":170},"28":{"loc":{"start":{"line":176,"column":8},"end":{"line":178,"column":9}},"type":"if","locations":[{"start":{"line":176,"column":8},"end":{"line":178,"column":9}},{"start":{},"end":{}}],"line":176},"29":{"loc":{"start":{"line":184,"column":18},"end":{"line":184,"column":41}},"type":"binary-expr","locations":[{"start":{"line":184,"column":18},"end":{"line":184,"column":29}},{"start":{"line":184,"column":33},"end":{"line":184,"column":41}}],"line":184},"30":{"loc":{"start":{"line":185,"column":20},"end":{"line":185,"column":41}},"type":"binary-expr","locations":[{"start":{"line":185,"column":20},"end":{"line":185,"column":33}},{"start":{"line":185,"column":37},"end":{"line":185,"column":41}}],"line":185},"31":{"loc":{"start":{"line":196,"column":8},"end":{"line":198,"column":9}},"type":"if","locations":[{"start":{"line":196,"column":8},"end":{"line":198,"column":9}},{"start":{},"end":{}}],"line":196},"32":{"loc":{"start":{"line":196,"column":12},"end":{"line":196,"column":67}},"type":"binary-expr","locations":[{"start":{"line":196,"column":12},"end":{"line":196,"column":37}},{"start":{"line":196,"column":41},"end":{"line":196,"column":67}}],"line":196},"33":{"loc":{"start":{"line":209,"column":8},"end":{"line":211,"column":9}},"type":"if","locations":[{"start":{"line":209,"column":8},"end":{"line":211,"column":9}},{"start":{},"end":{}}],"line":209},"34":{"loc":{"start":{"line":214,"column":23},"end":{"line":214,"column":47}},"type":"binary-expr","locations":[{"start":{"line":214,"column":23},"end":{"line":214,"column":35}},{"start":{"line":214,"column":39},"end":{"line":214,"column":47}}],"line":214},"35":{"loc":{"start":{"line":216,"column":48},"end":{"line":216,"column":85}},"type":"binary-expr","locations":[{"start":{"line":216,"column":48},"end":{"line":216,"column":63}},{"start":{"line":216,"column":67},"end":{"line":216,"column":85}}],"line":216},"36":{"loc":{"start":{"line":218,"column":8},"end":{"line":220,"column":9}},"type":"if","locations":[{"start":{"line":218,"column":8},"end":{"line":220,"column":9}},{"start":{},"end":{}}],"line":218},"37":{"loc":{"start":{"line":218,"column":12},"end":{"line":218,"column":34}},"type":"binary-expr","locations":[{"start":{"line":218,"column":12},"end":{"line":218,"column":22}},{"start":{"line":218,"column":26},"end":{"line":218,"column":34}}],"line":218},"38":{"loc":{"start":{"line":231,"column":8},"end":{"line":233,"column":9}},"type":"if","locations":[{"start":{"line":231,"column":8},"end":{"line":233,"column":9}},{"start":{},"end":{}}],"line":231},"39":{"loc":{"start":{"line":231,"column":12},"end":{"line":231,"column":67}},"type":"binary-expr","locations":[{"start":{"line":231,"column":12},"end":{"line":231,"column":37}},{"start":{"line":231,"column":41},"end":{"line":231,"column":67}}],"line":231}},"s":{"0":2,"1":2,"2":8,"3":8,"4":2,"5":6,"6":2,"7":2,"8":2,"9":2,"10":2,"11":0,"12":2,"13":5,"14":5,"15":4,"16":1,"17":3,"18":3,"19":1,"20":3,"21":1,"22":2,"23":1,"24":1,"25":0,"26":2,"27":8,"28":8,"29":2,"30":6,"31":6,"32":6,"33":6,"34":6,"35":0,"36":2,"37":3,"38":3,"39":3,"40":3,"41":0,"42":3,"43":3,"44":1,"45":2,"46":1,"47":2,"48":1,"49":2,"50":2,"51":2,"52":0,"53":2,"54":2,"55":0,"56":2,"57":4,"58":4,"59":4,"60":1,"61":3,"62":3,"63":1,"64":2,"65":2,"66":0,"67":2,"68":5,"69":5,"70":5,"71":4,"72":0,"73":4,"74":4,"75":4,"76":2,"77":4,"78":0,"79":4,"80":2,"81":4,"82":1,"83":3,"84":3,"85":3,"86":1,"87":1,"88":0,"89":2,"90":2,"91":2,"92":2,"93":1,"94":0,"95":1,"96":1,"97":1,"98":2,"99":1,"100":0,"101":1,"102":2,"103":1,"104":1,"105":1,"106":1,"107":0,"108":2},"f":{"0":8,"1":2,"2":5,"3":1,"4":8,"5":3,"6":4,"7":5,"8":2,"9":2,"10":2,"11":2,"12":2},"b":{"0":[2,6],"1":[2,0],"2":[1,3],"3":[3,0],"4":[3,2],"5":[1,2],"6":[1,0],"7":[2,6],"8":[6,0],"9":[6,0],"10":[6,0],"11":[6,5],"12":[6,6],"13":[0,3],"14":[3,0],"15":[1,2],"16":[1,1],"17":[1,1],"18":[2,0],"19":[0,2],"20":[1,3],"21":[3,0],"22":[1,2],"23":[0,4],"24":[4,0],"25":[2,0],"26":[0,4],"27":[4,0],"28":[1,3],"29":[3,0],"30":[3,3],"31":[1,0],"32":[1,0],"33":[0,1],"34":[1,0],"35":[2,0],"36":[0,1],"37":[1,0],"38":[1,0],"39":[1,0]},"_coverageSchema":"1a1c01bbd47fc00a2c39e90264f33305004495a9","hash":"e737ae9947830389f72165c814e41c374a71b49d"}
,"/Users/pramodwijenayake/Desktop/Task-Management-System/task-management/src/controllers/taskController.js": {"path":"/Users/pramodwijenayake/Desktop/Task-Management-System/task-management/src/controllers/taskController.js","statementMap":{"0":{"start":{"line":1,"column":29},"end":{"line":1,"column":57}},"1":{"start":{"line":2,"column":20},"end":{"line":2,"column":54}},"2":{"start":{"line":3,"column":37},"end":{"line":3,"column":66}},"3":{"start":{"line":7,"column":19},"end":{"line":7,"column":40}},"4":{"start":{"line":8,"column":4},"end":{"line":10,"column":5}},"5":{"start":{"line":9,"column":8},"end":{"line":9,"column":80}},"6":{"start":{"line":11,"column":4},"end":{"line":11,"column":16}},"7":{"start":{"line":15,"column":20},"end":{"line":37,"column":1}},"8":{"start":{"line":16,"column":4},"end":{"line":36,"column":5}},"9":{"start":{"line":17,"column":73},"end":{"line":17,"column":82}},"10":{"start":{"line":18,"column":24},"end":{"line":18,"column":26}},"11":{"start":{"line":20,"column":8},"end":{"line":20,"column":52}},"12":{"start":{"line":20,"column":24},"end":{"line":20,"column":52}},"13":{"start":{"line":21,"column":8},"end":{"line":21,"column":54}},"14":{"start":{"line":21,"column":24},"end":{"line":21,"column":54}},"15":{"start":{"line":22,"column":8},"end":{"line":22,"column":56}},"16":{"start":{"line":22,"column":24},"end":{"line":22,"column":56}},"17":{"start":{"line":23,"column":8},"end":{"line":23,"column":53}},"18":{"start":{"line":23,"column":24},"end":{"line":23,"column":53}},"19":{"start":{"line":24,"column":8},"end":{"line":24,"column":52}},"20":{"start":{"line":24,"column":24},"end":{"line":24,"column":52}},"21":{"start":{"line":25,"column":8},"end":{"line":25,"column":51}},"22":{"start":{"line":25,"column":24},"end":{"line":25,"column":51}},"23":{"start":{"line":27,"column":22},"end":{"line":27,"column":60}},"24":{"start":{"line":29,"column":8},"end":{"line":33,"column":11}},"25":{"start":{"line":35,"column":8},"end":{"line":35,"column":73}},"26":{"start":{"line":40,"column":20},"end":{"line":55,"column":1}},"27":{"start":{"line":41,"column":4},"end":{"line":54,"column":5}},"28":{"start":{"line":42,"column":21},"end":{"line":42,"column":65}},"29":{"start":{"line":44,"column":8},"end":{"line":46,"column":9}},"30":{"start":{"line":45,"column":12},"end":{"line":45,"column":88}},"31":{"start":{"line":48,"column":8},"end":{"line":48,"column":54}},"32":{"start":{"line":50,"column":8},"end":{"line":52,"column":9}},"33":{"start":{"line":51,"column":12},"end":{"line":51,"column":89}},"34":{"start":{"line":53,"column":8},"end":{"line":53,"column":73}},"35":{"start":{"line":58,"column":19},"end":{"line":87,"column":1}},"36":{"start":{"line":59,"column":28},"end":{"line":59,"column":60}},"37":{"start":{"line":60,"column":4},"end":{"line":60,"column":32}},"38":{"start":{"line":60,"column":25},"end":{"line":60,"column":32}},"39":{"start":{"line":62,"column":4},"end":{"line":86,"column":5}},"40":{"start":{"line":63,"column":134},"end":{"line":63,"column":142}},"41":{"start":{"line":65,"column":21},"end":{"line":81,"column":9}},"42":{"start":{"line":83,"column":8},"end":{"line":83,"column":93}},"43":{"start":{"line":85,"column":8},"end":{"line":85,"column":73}},"44":{"start":{"line":90,"column":19},"end":{"line":108,"column":1}},"45":{"start":{"line":91,"column":28},"end":{"line":91,"column":60}},"46":{"start":{"line":92,"column":4},"end":{"line":92,"column":32}},"47":{"start":{"line":92,"column":25},"end":{"line":92,"column":32}},"48":{"start":{"line":94,"column":4},"end":{"line":107,"column":5}},"49":{"start":{"line":95,"column":21},"end":{"line":95,"column":84}},"50":{"start":{"line":97,"column":8},"end":{"line":99,"column":9}},"51":{"start":{"line":98,"column":12},"end":{"line":98,"column":88}},"52":{"start":{"line":101,"column":8},"end":{"line":101,"column":93}},"53":{"start":{"line":103,"column":8},"end":{"line":105,"column":9}},"54":{"start":{"line":104,"column":12},"end":{"line":104,"column":89}},"55":{"start":{"line":106,"column":8},"end":{"line":106,"column":73}},"56":{"start":{"line":112,"column":18},"end":{"line":127,"column":1}},"57":{"start":{"line":113,"column":4},"end":{"line":126,"column":5}},"58":{"start":{"line":114,"column":21},"end":{"line":114,"column":83}},"59":{"start":{"line":116,"column":8},"end":{"line":118,"column":9}},"60":{"start":{"line":117,"column":12},"end":{"line":117,"column":88}},"61":{"start":{"line":120,"column":8},"end":{"line":120,"column":93}},"62":{"start":{"line":122,"column":8},"end":{"line":124,"column":9}},"63":{"start":{"line":123,"column":12},"end":{"line":123,"column":89}},"64":{"start":{"line":125,"column":8},"end":{"line":125,"column":73}},"65":{"start":{"line":130,"column":19},"end":{"line":145,"column":1}},"66":{"start":{"line":131,"column":4},"end":{"line":144,"column":5}},"67":{"start":{"line":132,"column":21},"end":{"line":132,"column":64}},"68":{"start":{"line":134,"column":8},"end":{"line":136,"column":9}},"69":{"start":{"line":135,"column":12},"end":{"line":135,"column":88}},"70":{"start":{"line":138,"column":8},"end":{"line":138,"column":87}},"71":{"start":{"line":140,"column":8},"end":{"line":142,"column":9}},"72":{"start":{"line":141,"column":12},"end":{"line":141,"column":89}},"73":{"start":{"line":143,"column":8},"end":{"line":143,"column":73}},"74":{"start":{"line":148,"column":21},"end":{"line":155,"column":1}},"75":{"start":{"line":149,"column":4},"end":{"line":154,"column":5}},"76":{"start":{"line":150,"column":22},"end":{"line":150,"column":63}},"77":{"start":{"line":151,"column":8},"end":{"line":151,"column":55}},"78":{"start":{"line":153,"column":8},"end":{"line":153,"column":73}},"79":{"start":{"line":158,"column":17},"end":{"line":161,"column":1}},"80":{"start":{"line":159,"column":18},"end":{"line":159,"column":31}},"81":{"start":{"line":160,"column":4},"end":{"line":160,"column":51}},"82":{"start":{"line":164,"column":27},"end":{"line":168,"column":1}},"83":{"start":{"line":165,"column":30},"end":{"line":165,"column":39}},"84":{"start":{"line":166,"column":18},"end":{"line":166,"column":66}},"85":{"start":{"line":167,"column":4},"end":{"line":167,"column":51}},"86":{"start":{"line":171,"column":20},"end":{"line":190,"column":1}},"87":{"start":{"line":172,"column":4},"end":{"line":189,"column":5}},"88":{"start":{"line":173,"column":62},"end":{"line":173,"column":70}},"89":{"start":{"line":174,"column":8},"end":{"line":176,"column":9}},"90":{"start":{"line":175,"column":12},"end":{"line":175,"column":107}},"91":{"start":{"line":177,"column":21},"end":{"line":181,"column":9}},"92":{"start":{"line":182,"column":8},"end":{"line":182,"column":95}},"93":{"start":{"line":182,"column":19},"end":{"line":182,"column":95}},"94":{"start":{"line":183,"column":8},"end":{"line":183,"column":82}},"95":{"start":{"line":185,"column":8},"end":{"line":187,"column":9}},"96":{"start":{"line":186,"column":12},"end":{"line":186,"column":89}},"97":{"start":{"line":188,"column":8},"end":{"line":188,"column":89}},"98":{"start":{"line":193,"column":23},"end":{"line":201,"column":1}},"99":{"start":{"line":194,"column":4},"end":{"line":200,"column":5}},"100":{"start":{"line":195,"column":21},"end":{"line":195,"column":97}},"101":{"start":{"line":196,"column":8},"end":{"line":196,"column":95}},"102":{"start":{"line":196,"column":19},"end":{"line":196,"column":95}},"103":{"start":{"line":197,"column":8},"end":{"line":197,"column":84}},"104":{"start":{"line":199,"column":8},"end":{"line":199,"column":89}},"105":{"start":{"line":204,"column":19},"end":{"line":219,"column":1}},"106":{"start":{"line":205,"column":4},"end":{"line":218,"column":5}},"107":{"start":{"line":206,"column":25},"end":{"line":206,"column":33}},"108":{"start":{"line":207,"column":8},"end":{"line":209,"column":9}},"109":{"start":{"line":208,"column":12},"end":{"line":208,"column":98}},"110":{"start":{"line":210,"column":21},"end":{"line":210,"column":87}},"111":{"start":{"line":211,"column":8},"end":{"line":211,"column":95}},"112":{"start":{"line":211,"column":19},"end":{"line":211,"column":95}},"113":{"start":{"line":212,"column":8},"end":{"line":212,"column":81}},"114":{"start":{"line":214,"column":8},"end":{"line":216,"column":9}},"115":{"start":{"line":215,"column":12},"end":{"line":215,"column":89}},"116":{"start":{"line":217,"column":8},"end":{"line":217,"column":73}},"117":{"start":{"line":222,"column":22},"end":{"line":230,"column":1}},"118":{"start":{"line":223,"column":4},"end":{"line":229,"column":5}},"119":{"start":{"line":224,"column":21},"end":{"line":224,"column":99}},"120":{"start":{"line":225,"column":8},"end":{"line":225,"column":95}},"121":{"start":{"line":225,"column":19},"end":{"line":225,"column":95}},"122":{"start":{"line":226,"column":8},"end":{"line":226,"column":83}},"123":{"start":{"line":228,"column":8},"end":{"line":228,"column":89}},"124":{"start":{"line":233,"column":16},"end":{"line":248,"column":1}},"125":{"start":{"line":234,"column":4},"end":{"line":247,"column":5}},"126":{"start":{"line":235,"column":32},"end":{"line":235,"column":40}},"127":{"start":{"line":236,"column":8},"end":{"line":238,"column":9}},"128":{"start":{"line":237,"column":12},"end":{"line":237,"column":105}},"129":{"start":{"line":239,"column":21},"end":{"line":239,"column":98}},"130":{"start":{"line":240,"column":8},"end":{"line":240,"column":95}},"131":{"start":{"line":240,"column":19},"end":{"line":240,"column":95}},"132":{"start":{"line":241,"column":8},"end":{"line":241,"column":79}},"133":{"start":{"line":243,"column":8},"end":{"line":245,"column":9}},"134":{"start":{"line":244,"column":12},"end":{"line":244,"column":89}},"135":{"start":{"line":246,"column":8},"end":{"line":246,"column":73}},"136":{"start":{"line":250,"column":0},"end":{"line":265,"column":2}}},"fnMap":{"0":{"name":"handleValidationErrors","decl":{"start":{"line":6,"column":9},"end":{"line":6,"column":31}},"loc":{"start":{"line":6,"column":42},"end":{"line":12,"column":1}},"line":6},"1":{"name":"(anonymous_1)","decl":{"start":{"line":15,"column":20},"end":{"line":15,"column":21}},"loc":{"start":{"line":15,"column":40},"end":{"line":37,"column":1}},"line":15},"2":{"name":"(anonymous_2)","decl":{"start":{"line":40,"column":20},"end":{"line":40,"column":21}},"loc":{"start":{"line":40,"column":40},"end":{"line":55,"column":1}},"line":40},"3":{"name":"(anonymous_3)","decl":{"start":{"line":58,"column":19},"end":{"line":58,"column":20}},"loc":{"start":{"line":58,"column":39},"end":{"line":87,"column":1}},"line":58},"4":{"name":"(anonymous_4)","decl":{"start":{"line":90,"column":19},"end":{"line":90,"column":20}},"loc":{"start":{"line":90,"column":39},"end":{"line":108,"column":1}},"line":90},"5":{"name":"(anonymous_5)","decl":{"start":{"line":112,"column":18},"end":{"line":112,"column":19}},"loc":{"start":{"line":112,"column":38},"end":{"line":127,"column":1}},"line":112},"6":{"name":"(anonymous_6)","decl":{"start":{"line":130,"column":19},"end":{"line":130,"column":20}},"loc":{"start":{"line":130,"column":39},"end":{"line":145,"column":1}},"line":130},"7":{"name":"(anonymous_7)","decl":{"start":{"line":148,"column":21},"end":{"line":148,"column":22}},"loc":{"start":{"line":148,"column":41},"end":{"line":155,"column":1}},"line":148},"8":{"name":"(anonymous_8)","decl":{"start":{"line":158,"column":17},"end":{"line":158,"column":18}},"loc":{"start":{"line":158,"column":31},"end":{"line":161,"column":1}},"line":158},"9":{"name":"(anonymous_9)","decl":{"start":{"line":164,"column":27},"end":{"line":164,"column":28}},"loc":{"start":{"line":164,"column":41},"end":{"line":168,"column":1}},"line":164},"10":{"name":"(anonymous_10)","decl":{"start":{"line":171,"column":20},"end":{"line":171,"column":21}},"loc":{"start":{"line":171,"column":40},"end":{"line":190,"column":1}},"line":171},"11":{"name":"(anonymous_11)","decl":{"start":{"line":193,"column":23},"end":{"line":193,"column":24}},"loc":{"start":{"line":193,"column":43},"end":{"line":201,"column":1}},"line":193},"12":{"name":"(anonymous_12)","decl":{"start":{"line":204,"column":19},"end":{"line":204,"column":20}},"loc":{"start":{"line":204,"column":39},"end":{"line":219,"column":1}},"line":204},"13":{"name":"(anonymous_13)","decl":{"start":{"line":222,"column":22},"end":{"line":222,"column":23}},"loc":{"start":{"line":222,"column":42},"end":{"line":230,"column":1}},"line":222},"14":{"name":"(anonymous_14)","decl":{"start":{"line":233,"column":16},"end":{"line":233,"column":17}},"loc":{"start":{"line":233,"column":36},"end":{"line":248,"column":1}},"line":233}},"branchMap":{"0":{"loc":{"start":{"line":8,"column":4},"end":{"line":10,"column":5}},"type":"if","locations":[{"start":{"line":8,"column":4},"end":{"line":10,"column":5}},{"start":{},"end":{}}],"line":8},"1":{"loc":{"start":{"line":20,"column":8},"end":{"line":20,"column":52}},"type":"if","locations":[{"start":{"line":20,"column":8},"end":{"line":20,"column":52}},{"start":{},"end":{}}],"line":20},"2":{"loc":{"start":{"line":21,"column":8},"end":{"line":21,"column":54}},"type":"if","locations":[{"start":{"line":21,"column":8},"end":{"line":21,"column":54}},{"start":{},"end":{}}],"line":21},"3":{"loc":{"start":{"line":22,"column":8},"end":{"line":22,"column":56}},"type":"if","locations":[{"start":{"line":22,"column":8},"end":{"line":22,"column":56}},{"start":{},"end":{}}],"line":22},"4":{"loc":{"start":{"line":23,"column":8},"end":{"line":23,"column":53}},"type":"if","locations":[{"start":{"line":23,"column":8},"end":{"line":23,"column":53}},{"start":{},"end":{}}],"line":23},"5":{"loc":{"start":{"line":24,"column":8},"end":{"line":24,"column":52}},"type":"if","locations":[{"start":{"line":24,"column":8},"end":{"line":24,"column":52}},{"start":{},"end":{}}],"line":24},"6":{"loc":{"start":{"line":25,"column":8},"end":{"line":25,"column":51}},"type":"if","locations":[{"start":{"line":25,"column":8},"end":{"line":25,"column":51}},{"start":{},"end":{}}],"line":25},"7":{"loc":{"start":{"line":44,"column":8},"end":{"line":46,"column":9}},"type":"if","locations":[{"start":{"line":44,"column":8},"end":{"line":46,"column":9}},{"start":{},"end":{}}],"line":44},"8":{"loc":{"start":{"line":50,"column":8},"end":{"line":52,"column":9}},"type":"if","locations":[{"start":{"line":50,"column":8},"end":{"line":52,"column":9}},{"start":{},"end":{}}],"line":50},"9":{"loc":{"start":{"line":60,"column":4},"end":{"line":60,"column":32}},"type":"if","locations":[{"start":{"line":60,"column":4},"end":{"line":60,"column":32}},{"start":{},"end":{}}],"line":60},"10":{"loc":{"start":{"line":71,"column":26},"end":{"line":71,"column":42}},"type":"binary-expr","locations":[{"start":{"line":71,"column":26},"end":{"line":71,"column":34}},{"start":{"line":71,"column":38},"end":{"line":71,"column":42}}],"line":71},"11":{"loc":{"start":{"line":72,"column":27},"end":{"line":72,"column":42}},"type":"binary-expr","locations":[{"start":{"line":72,"column":27},"end":{"line":72,"column":36}},{"start":{"line":72,"column":40},"end":{"line":72,"column":42}}],"line":72},"12":{"loc":{"start":{"line":73,"column":26},"end":{"line":73,"column":39}},"type":"binary-expr","locations":[{"start":{"line":73,"column":26},"end":{"line":73,"column":34}},{"start":{"line":73,"column":38},"end":{"line":73,"column":39}}],"line":73},"13":{"loc":{"start":{"line":74,"column":22},"end":{"line":74,"column":32}},"type":"binary-expr","locations":[{"start":{"line":74,"column":22},"end":{"line":74,"column":26}},{"start":{"line":74,"column":30},"end":{"line":74,"column":32}}],"line":74},"14":{"loc":{"start":{"line":75,"column":23},"end":{"line":75,"column":36}},"type":"binary-expr","locations":[{"start":{"line":75,"column":23},"end":{"line":75,"column":28}},{"start":{"line":75,"column":32},"end":{"line":75,"column":36}}],"line":75},"15":{"loc":{"start":{"line":76,"column":25},"end":{"line":76,"column":45}},"type":"binary-expr","locations":[{"start":{"line":76,"column":25},"end":{"line":76,"column":32}},{"start":{"line":76,"column":36},"end":{"line":76,"column":45}}],"line":76},"16":{"loc":{"start":{"line":77,"column":24},"end":{"line":77,"column":38}},"type":"binary-expr","locations":[{"start":{"line":77,"column":24},"end":{"line":77,"column":30}},{"start":{"line":77,"column":34},"end":{"line":77,"column":38}}],"line":77},"17":{"loc":{"start":{"line":78,"column":32},"end":{"line":78,"column":54}},"type":"binary-expr","locations":[{"start":{"line":78,"column":32},"end":{"line":78,"column":46}},{"start":{"line":78,"column":50},"end":{"line":78,"column":54}}],"line":78},"18":{"loc":{"start":{"line":92,"column":4},"end":{"line":92,"column":32}},"type":"if","locations":[{"start":{"line":92,"column":4},"end":{"line":92,"column":32}},{"start":{},"end":{}}],"line":92},"19":{"loc":{"start":{"line":97,"column":8},"end":{"line":99,"column":9}},"type":"if","locations":[{"start":{"line":97,"column":8},"end":{"line":99,"column":9}},{"start":{},"end":{}}],"line":97},"20":{"loc":{"start":{"line":103,"column":8},"end":{"line":105,"column":9}},"type":"if","locations":[{"start":{"line":103,"column":8},"end":{"line":105,"column":9}},{"start":{},"end":{}}],"line":103},"21":{"loc":{"start":{"line":116,"column":8},"end":{"line":118,"column":9}},"type":"if","locations":[{"start":{"line":116,"column":8},"end":{"line":118,"column":9}},{"start":{},"end":{}}],"line":116},"22":{"loc":{"start":{"line":122,"column":8},"end":{"line":124,"column":9}},"type":"if","locations":[{"start":{"line":122,"column":8},"end":{"line":124,"column":9}},{"start":{},"end":{}}],"line":122},"23":{"loc":{"start":{"line":134,"column":8},"end":{"line":136,"column":9}},"type":"if","locations":[{"start":{"line":134,"column":8},"end":{"line":136,"column":9}},{"start":{},"end":{}}],"line":134},"24":{"loc":{"start":{"line":140,"column":8},"end":{"line":142,"column":9}},"type":"if","locations":[{"start":{"line":140,"column":8},"end":{"line":142,"column":9}},{"start":{},"end":{}}],"line":140},"25":{"loc":{"start":{"line":165,"column":12},"end":{"line":165,"column":18}},"type":"default-arg","locations":[{"start":{"line":165,"column":16},"end":{"line":165,"column":18}}],"line":165},"26":{"loc":{"start":{"line":166,"column":33},"end":{"line":166,"column":65}},"type":"cond-expr","locations":[{"start":{"line":166,"column":41},"end":{"line":166,"column":60}},{"start":{"line":166,"column":63},"end":{"line":166,"column":65}}],"line":166},"27":{"loc":{"start":{"line":174,"column":8},"end":{"line":176,"column":9}},"type":"if","locations":[{"start":{"line":174,"column":8},"end":{"line":176,"column":9}},{"start":{},"end":{}}],"line":174},"28":{"loc":{"start":{"line":174,"column":12},"end":{"line":174,"column":32}},"type":"binary-expr","locations":[{"start":{"line":174,"column":12},"end":{"line":174,"column":23}},{"start":{"line":174,"column":27},"end":{"line":174,"column":32}}],"line":174},"29":{"loc":{"start":{"line":179,"column":43},"end":{"line":179,"column":54}},"type":"binary-expr","locations":[{"start":{"line":179,"column":43},"end":{"line":179,"column":48}},{"start":{"line":179,"column":52},"end":{"line":179,"column":54}}],"line":179},"30":{"loc":{"start":{"line":179,"column":62},"end":{"line":179,"column":78}},"type":"binary-expr","locations":[{"start":{"line":179,"column":62},"end":{"line":179,"column":66}},{"start":{"line":179,"column":70},"end":{"line":179,"column":78}}],"line":179},"31":{"loc":{"start":{"line":179,"column":88},"end":{"line":179,"column":100}},"type":"binary-expr","locations":[{"start":{"line":179,"column":88},"end":{"line":179,"column":94}},{"start":{"line":179,"column":98},"end":{"line":179,"column":100}}],"line":179},"32":{"loc":{"start":{"line":182,"column":8},"end":{"line":182,"column":95}},"type":"if","locations":[{"start":{"line":182,"column":8},"end":{"line":182,"column":95}},{"start":{},"end":{}}],"line":182},"33":{"loc":{"start":{"line":185,"column":8},"end":{"line":187,"column":9}},"type":"if","locations":[{"start":{"line":185,"column":8},"end":{"line":187,"column":9}},{"start":{},"end":{}}],"line":185},"34":{"loc":{"start":{"line":185,"column":12},"end":{"line":185,"column":67}},"type":"binary-expr","locations":[{"start":{"line":185,"column":12},"end":{"line":185,"column":37}},{"start":{"line":185,"column":41},"end":{"line":185,"column":67}}],"line":185},"35":{"loc":{"start":{"line":188,"column":19},"end":{"line":188,"column":38}},"type":"binary-expr","locations":[{"start":{"line":188,"column":19},"end":{"line":188,"column":31}},{"start":{"line":188,"column":35},"end":{"line":188,"column":38}}],"line":188},"36":{"loc":{"start":{"line":196,"column":8},"end":{"line":196,"column":95}},"type":"if","locations":[{"start":{"line":196,"column":8},"end":{"line":196,"column":95}},{"start":{},"end":{}}],"line":196},"37":{"loc":{"start":{"line":199,"column":19},"end":{"line":199,"column":38}},"type":"binary-expr","locations":[{"start":{"line":199,"column":19},"end":{"line":199,"column":31}},{"start":{"line":199,"column":35},"end":{"line":199,"column":38}}],"line":199},"38":{"loc":{"start":{"line":207,"column":8},"end":{"line":209,"column":9}},"type":"if","locations":[{"start":{"line":207,"column":8},"end":{"line":209,"column":9}},{"start":{},"end":{}}],"line":207},"39":{"loc":{"start":{"line":207,"column":12},"end":{"line":207,"column":39}},"type":"binary-expr","locations":[{"start":{"line":207,"column":12},"end":{"line":207,"column":17}},{"start":{"line":207,"column":21},"end":{"line":207,"column":39}}],"line":207},"40":{"loc":{"start":{"line":211,"column":8},"end":{"line":211,"column":95}},"type":"if","locations":[{"start":{"line":211,"column":8},"end":{"line":211,"column":95}},{"start":{},"end":{}}],"line":211},"41":{"loc":{"start":{"line":214,"column":8},"end":{"line":216,"column":9}},"type":"if","locations":[{"start":{"line":214,"column":8},"end":{"line":216,"column":9}},{"start":{},"end":{}}],"line":214},"42":{"loc":{"start":{"line":214,"column":12},"end":{"line":214,"column":67}},"type":"binary-expr","locations":[{"start":{"line":214,"column":12},"end":{"line":214,"column":37}},{"start":{"line":214,"column":41},"end":{"line":214,"column":67}}],"line":214},"43":{"loc":{"start":{"line":225,"column":8},"end":{"line":225,"column":95}},"type":"if","locations":[{"start":{"line":225,"column":8},"end":{"line":225,"column":95}},{"start":{},"end":{}}],"line":225},"44":{"loc":{"start":{"line":228,"column":19},"end":{"line":228,"column":38}},"type":"binary-expr","locations":[{"start":{"line":228,"column":19},"end":{"line":228,"column":31}},{"start":{"line":228,"column":35},"end":{"line":228,"column":38}}],"line":228},"45":{"loc":{"start":{"line":236,"column":8},"end":{"line":238,"column":9}},"type":"if","locations":[{"start":{"line":236,"column":8},"end":{"line":238,"column":9}},{"start":{},"end":{}}],"line":236},"46":{"loc":{"start":{"line":236,"column":12},"end":{"line":236,"column":56}},"type":"binary-expr","locations":[{"start":{"line":236,"column":12},"end":{"line":236,"column":18}},{"start":{"line":236,"column":22},"end":{"line":236,"column":34}},{"start":{"line":236,"column":38},"end":{"line":236,"column":56}}],"line":236},"47":{"loc":{"start":{"line":239,"column":77},"end":{"line":239,"column":87}},"type":"binary-expr","locations":[{"start":{"line":239,"column":77},"end":{"line":239,"column":81}},{"start":{"line":239,"column":85},"end":{"line":239,"column":87}}],"line":239},"48":{"loc":{"start":{"line":240,"column":8},"end":{"line":240,"column":95}},"type":"if","locations":[{"start":{"line":240,"column":8},"end":{"line":240,"column":95}},{"start":{},"end":{}}],"line":240},"49":{"loc":{"start":{"line":243,"column":8},"end":{"line":245,"column":9}},"type":"if","locations":[{"start":{"line":243,"column":8},"end":{"line":245,"column":9}},{"start":{},"end":{}}],"line":243},"50":{"loc":{"start":{"line":243,"column":12},"end":{"line":243,"column":67}},"type":"binary-expr","locations":[{"start":{"line":243,"column":12},"end":{"line":243,"column":37}},{"start":{"line":243,"column":41},"end":{"line":243,"column":67}}],"line":243}},"s":{"0":2,"1":2,"2":2,"3":6,"4":6,"5":1,"6":5,"7":2,"8":2,"9":2,"10":2,"11":2,"12":1,"13":2,"14":0,"15":2,"16":0,"17":2,"18":0,"19":2,"20":0,"21":2,"22":0,"23":2,"24":2,"25":0,"26":2,"27":3,"28":3,"29":2,"30":1,"31":1,"32":1,"33":1,"34":0,"35":2,"36":5,"37":5,"38":1,"39":4,"40":4,"41":4,"42":4,"43":0,"44":2,"45":1,"46":1,"47":0,"48":1,"49":1,"50":1,"51":0,"52":1,"53":0,"54":0,"55":0,"56":2,"57":1,"58":1,"59":1,"60":0,"61":1,"62":0,"63":0,"64":0,"65":2,"66":1,"67":1,"68":1,"69":0,"70":1,"71":0,"72":0,"73":0,"74":2,"75":1,"76":1,"77":1,"78":0,"79":2,"80":1,"81":1,"82":2,"83":3,"84":3,"85":3,"86":2,"87":3,"88":3,"89":3,"90":1,"91":2,"92":1,"93":0,"94":1,"95":1,"96":1,"97":0,"98":2,"99":1,"100":1,"101":1,"102":0,"103":1,"104":0,"105":2,"106":4,"107":4,"108":4,"109":2,"110":2,"111":1,"112":0,"113":1,"114":1,"115":1,"116":0,"117":2,"118":1,"119":1,"120":1,"121":0,"122":1,"123":0,"124":2,"125":6,"126":6,"127":6,"128":3,"129":3,"130":2,"131":0,"132":2,"133":1,"134":1,"135":0,"136":2},"f":{"0":6,"1":2,"2":3,"3":5,"4":1,"5":1,"6":1,"7":1,"8":1,"9":3,"10":3,"11":1,"12":4,"13":1,"14":6},"b":{"0":[1,5],"1":[1,1],"2":[0,2],"3":[0,2],"4":[0,2],"5":[0,2],"6":[0,2],"7":[1,1],"8":[1,0],"9":[1,4],"10":[4,4],"11":[4,4],"12":[4,4],"13":[4,4],"14":[4,4],"15":[4,3],"16":[4,4],"17":[4,4],"18":[0,1],"19":[0,1],"20":[0,0],"21":[0,1],"22":[0,0],"23":[0,1],"24":[0,0],"25":[1],"26":[1,2],"27":[1,2],"28":[3,2],"29":[2,1],"30":[2,1],"31":[2,2],"32":[0,1],"33":[1,0],"34":[1,0],"35":[0,0],"36":[0,1],"37":[0,0],"38":[2,2],"39":[4,3],"40":[0,1],"41":[1,0],"42":[1,0],"43":[0,1],"44":[0,0],"45":[3,3],"46":[6,4,4],"47":[3,2],"48":[0,2],"49":[1,0],"50":[1,0]},"_coverageSchema":"1a1c01bbd47fc00a2c39e90264f33305004495a9","hash":"d37b63709d113ce706a5673c5196f3a8dd17f77c"}
,"/Users/pramodwijenayake/Desktop/Task-Management-System/task-management/src/middleware/auth.js": {"path":"/Users/pramodwijenayake/Desktop/Task-Management-System/task-management/src/middleware/auth.js","statementMap":{"0":{"start":{"line":1,"column":12},"end":{"line":1,"column":35}},"1":{"start":{"line":2,"column":24},"end":{"line":2,"column":53}},"2":{"start":{"line":17,"column":16},"end":{"line":48,"column":1}},"3":{"start":{"line":18,"column":4},"end":{"line":47,"column":5}},"4":{"start":{"line":19,"column":27},"end":{"line":19,"column":52}},"5":{"start":{"line":21,"column":8},"end":{"line":26,"column":9}},"6":{"start":{"line":22,"column":12},"end":{"line":25,"column":15}},"7":{"start":{"line":28,"column":22},"end":{"line":28,"column":46}},"8":{"start":{"line":29,"column":24},"end":{"line":29,"column":65}},"9":{"start":{"line":32,"column":25},"end":{"line":32,"column":48}},"10":{"start":{"line":34,"column":8},"end":{"line":39,"column":10}},"11":{"start":{"line":41,"column":8},"end":{"line":41,"column":15}},"12":{"start":{"line":43,"column":8},"end":{"line":45,"column":9}},"13":{"start":{"line":44,"column":12},"end":{"line":44,"column":87}},"14":{"start":{"line":46,"column":8},"end":{"line":46,"column":83}},"15":{"start":{"line":54,"column":18},"end":{"line":64,"column":1}},"16":{"start":{"line":55,"column":4},"end":{"line":63,"column":6}},"17":{"start":{"line":56,"column":8},"end":{"line":61,"column":9}},"18":{"start":{"line":57,"column":12},"end":{"line":60,"column":15}},"19":{"start":{"line":62,"column":8},"end":{"line":62,"column":15}},"20":{"start":{"line":66,"column":0},"end":{"line":66,"column":40}}},"fnMap":{"0":{"name":"(anonymous_0)","decl":{"start":{"line":17,"column":16},"end":{"line":17,"column":17}},"loc":{"start":{"line":17,"column":36},"end":{"line":48,"column":1}},"line":17},"1":{"name":"(anonymous_1)","decl":{"start":{"line":54,"column":18},"end":{"line":54,"column":19}},"loc":{"start":{"line":54,"column":32},"end":{"line":64,"column":1}},"line":54},"2":{"name":"(anonymous_2)","decl":{"start":{"line":55,"column":11},"end":{"line":55,"column":12}},"loc":{"start":{"line":55,"column":31},"end":{"line":63,"column":5}},"line":55}},"branchMap":{"0":{"loc":{"start":{"line":21,"column":8},"end":{"line":26,"column":9}},"type":"if","locations":[{"start":{"line":21,"column":8},"end":{"line":26,"column":9}},{"start":{},"end":{}}],"line":21},"1":{"loc":{"start":{"line":21,"column":12},"end":{"line":21,"column":60}},"type":"binary-expr","locations":[{"start":{"line":21,"column":12},"end":{"line":21,"column":23}},{"start":{"line":21,"column":27},"end":{"line":21,"column":60}}],"line":21},"2":{"loc":{"start":{"line":34,"column":19},"end":{"line":39,"column":9}},"type":"binary-expr","locations":[{"start":{"line":34,"column":19},"end":{"line":34,"column":27}},{"start":{"line":34,"column":31},"end":{"line":39,"column":9}}],"line":34},"3":{"loc":{"start":{"line":36,"column":18},"end":{"line":36,"column":48}},"type":"binary-expr","locations":[{"start":{"line":36,"column":18},"end":{"line":36,"column":30}},{"start":{"line":36,"column":34},"end":{"line":36,"column":48}}],"line":36},"4":{"loc":{"start":{"line":37,"column":19},"end":{"line":37,"column":38}},"type":"binary-expr","locations":[{"start":{"line":37,"column":19},"end":{"line":37,"column":32}},{"start":{"line":37,"column":36},"end":{"line":37,"column":38}}],"line":37},"5":{"loc":{"start":{"line":38,"column":18},"end":{"line":38,"column":45}},"type":"binary-expr","locations":[{"start":{"line":38,"column":18},"end":{"line":38,"column":30}},{"start":{"line":38,"column":34},"end":{"line":38,"column":45}}],"line":38},"6":{"loc":{"start":{"line":43,"column":8},"end":{"line":45,"column":9}},"type":"if","locations":[{"start":{"line":43,"column":8},"end":{"line":45,"column":9}},{"start":{},"end":{}}],"line":43},"7":{"loc":{"start":{"line":56,"column":8},"end":{"line":61,"column":9}},"type":"if","locations":[{"start":{"line":56,"column":8},"end":{"line":61,"column":9}},{"start":{},"end":{}}],"line":56},"8":{"loc":{"start":{"line":56,"column":12},"end":{"line":56,"column":55}},"type":"binary-expr","locations":[{"start":{"line":56,"column":12},"end":{"line":56,"column":21}},{"start":{"line":56,"column":25},"end":{"line":56,"column":55}}],"line":56}},"s":{"0":2,"1":2,"2":2,"3":69,"4":69,"5":69,"6":5,"7":64,"8":64,"9":62,"10":62,"11":62,"12":2,"13":0,"14":2,"15":2,"16":0,"17":0,"18":0,"19":0,"20":2},"f":{"0":69,"1":0,"2":0},"b":{"0":[5,64],"1":[69,64],"2":[62,29],"3":[29,0],"4":[29,0],"5":[29,0],"6":[0,2],"7":[0,0],"8":[0,0]},"_coverageSchema":"1a1c01bbd47fc00a2c39e90264f33305004495a9","hash":"896e8fc42f5aea08272a1d4b1ef26f19bf50e18d"}
,"/Users/pramodwijenayake/Desktop/Task-Management-System/task-management/src/middleware/errorHandler.js": {"path":"/Users/pramodwijenayake/Desktop/Task-Management-System/task-management/src/middleware/errorHandler.js","statementMap":{"0":{"start":{"line":5,"column":21},"end":{"line":15,"column":1}},"1":{"start":{"line":6,"column":4},"end":{"line":6,"column":43}},"2":{"start":{"line":8,"column":23},"end":{"line":8,"column":44}},"3":{"start":{"line":10,"column":4},"end":{"line":14,"column":7}},"4":{"start":{"line":17,"column":0},"end":{"line":17,"column":34}}},"fnMap":{"0":{"name":"(anonymous_0)","decl":{"start":{"line":5,"column":21},"end":{"line":5,"column":22}},"loc":{"start":{"line":5,"column":47},"end":{"line":15,"column":1}},"line":5}},"branchMap":{"0":{"loc":{"start":{"line":8,"column":23},"end":{"line":8,"column":44}},"type":"binary-expr","locations":[{"start":{"line":8,"column":23},"end":{"line":8,"column":37}},{"start":{"line":8,"column":41},"end":{"line":8,"column":44}}],"line":8},"1":{"loc":{"start":{"line":12,"column":17},"end":{"line":12,"column":55}},"type":"binary-expr","locations":[{"start":{"line":12,"column":17},"end":{"line":12,"column":28}},{"start":{"line":12,"column":32},"end":{"line":12,"column":55}}],"line":12},"2":{"loc":{"start":{"line":13,"column":12},"end":{"line":13,"column":74}},"type":"binary-expr","locations":[{"start":{"line":13,"column":12},"end":{"line":13,"column":50}},{"start":{"line":13,"column":54},"end":{"line":13,"column":74}}],"line":13}},"s":{"0":2,"1":0,"2":0,"3":0,"4":2},"f":{"0":0},"b":{"0":[0,0],"1":[0,0],"2":[0,0]},"_coverageSchema":"1a1c01bbd47fc00a2c39e90264f33305004495a9","hash":"5a61c2e26a8965aa31aa68cb72734c55f67481ba"}
,"/Users/pramodwijenayake/Desktop/Task-Management-System/task-management/src/models/Board.js": {"path":"/Users/pramodwijenayake/Desktop/Task-Management-System/task-management/src/models/Board.js","statementMap":{"0":{"start":{"line":1,"column":17},"end":{"line":1,"column":36}},"1":{"start":{"line":5,"column":21},"end":{"line":14,"column":1}},"2":{"start":{"line":18,"column":20},"end":{"line":56,"column":1}},"3":{"start":{"line":59,"column":0},"end":{"line":59,"column":31}},"4":{"start":{"line":60,"column":0},"end":{"line":60,"column":41}},"5":{"start":{"line":61,"column":0},"end":{"line":61,"column":39}},"6":{"start":{"line":63,"column":0},"end":{"line":63,"column":54}}},"fnMap":{},"branchMap":{},"s":{"0":2,"1":2,"2":2,"3":2,"4":2,"5":2,"6":2},"f":{},"b":{},"_coverageSchema":"1a1c01bbd47fc00a2c39e90264f33305004495a9","hash":"7c3a3e48e3baf298d089a2b1dc03bfe765b9aaa6"}
,"/Users/pramodwijenayake/Desktop/Task-Management-System/task-management/src/models/Task.js": {"path":"/Users/pramodwijenayake/Desktop/Task-Management-System/task-management/src/models/Task.js","statementMap":{"0":{"start":{"line":1,"column":17},"end":{"line":1,"column":36}},"1":{"start":{"line":5,"column":23},"end":{"line":14,"column":1}},"2":{"start":{"line":16,"column":22},"end":{"line":24,"column":1}},"3":{"start":{"line":26,"column":23},"end":{"line":36,"column":1}},"4":{"start":{"line":38,"column":22},"end":{"line":47,"column":1}},"5":{"start":{"line":51,"column":19},"end":{"line":146,"column":1}},"6":{"start":{"line":149,"column":0},"end":{"line":149,"column":32}},"7":{"start":{"line":150,"column":0},"end":{"line":150,"column":39}},"8":{"start":{"line":151,"column":0},"end":{"line":151,"column":40}},"9":{"start":{"line":152,"column":0},"end":{"line":152,"column":43}},"10":{"start":{"line":153,"column":0},"end":{"line":153,"column":34}},"11":{"start":{"line":154,"column":0},"end":{"line":154,"column":33}},"12":{"start":{"line":155,"column":0},"end":{"line":155,"column":31}},"13":{"start":{"line":158,"column":0},"end":{"line":160,"column":3}},"14":{"start":{"line":159,"column":4},"end":{"line":159,"column":72}},"15":{"start":{"line":159,"column":46},"end":{"line":159,"column":67}},"16":{"start":{"line":162,"column":0},"end":{"line":162,"column":45}},"17":{"start":{"line":164,"column":13},"end":{"line":164,"column":47}},"18":{"start":{"line":166,"column":0},"end":{"line":166,"column":22}}},"fnMap":{"0":{"name":"(anonymous_0)","decl":{"start":{"line":158,"column":43},"end":{"line":158,"column":44}},"loc":{"start":{"line":158,"column":55},"end":{"line":160,"column":1}},"line":158},"1":{"name":"(anonymous_1)","decl":{"start":{"line":159,"column":32},"end":{"line":159,"column":33}},"loc":{"start":{"line":159,"column":46},"end":{"line":159,"column":67}},"line":159}},"branchMap":{},"s":{"0":2,"1":2,"2":2,"3":2,"4":2,"5":2,"6":2,"7":2,"8":2,"9":2,"10":2,"11":2,"12":2,"13":2,"14":15,"15":3,"16":2,"17":2,"18":2},"f":{"0":15,"1":3},"b":{},"_coverageSchema":"1a1c01bbd47fc00a2c39e90264f33305004495a9","hash":"abe77a339b0c1c872e35391d345b69e27454eaba"}
,"/Users/pramodwijenayake/Desktop/Task-Management-System/task-management/src/routes/boardRoutes.js": {"path":"/Users/pramodwijenayake/Desktop/Task-Management-System/task-management/src/routes/boardRoutes.js","statementMap":{"0":{"start":{"line":1,"column":16},"end":{"line":1,"column":34}},"1":{"start":{"line":2,"column":15},"end":{"line":2,"column":31}},"2":{"start":{"line":3,"column":17},"end":{"line":3,"column":45}},"3":{"start":{"line":4,"column":24},"end":{"line":4,"column":65}},"4":{"start":{"line":5,"column":20},"end":{"line":5,"column":49}},"5":{"start":{"line":8,"column":30},"end":{"line":16,"column":1}},"6":{"start":{"line":18,"column":30},"end":{"line":26,"column":1}},"7":{"start":{"line":30,"column":0},"end":{"line":30,"column":55}},"8":{"start":{"line":31,"column":0},"end":{"line":31,"column":58}},"9":{"start":{"line":32,"column":0},"end":{"line":32,"column":78}},"10":{"start":{"line":33,"column":0},"end":{"line":33,"column":80}},"11":{"start":{"line":34,"column":0},"end":{"line":34,"column":60}},"12":{"start":{"line":37,"column":0},"end":{"line":37,"column":64}},"13":{"start":{"line":38,"column":0},"end":{"line":38,"column":79}},"14":{"start":{"line":40,"column":0},"end":{"line":40,"column":24}}},"fnMap":{},"branchMap":{},"s":{"0":2,"1":2,"2":2,"3":2,"4":2,"5":2,"6":2,"7":2,"8":2,"9":2,"10":2,"11":2,"12":2,"13":2,"14":2},"f":{},"b":{},"_coverageSchema":"1a1c01bbd47fc00a2c39e90264f33305004495a9","hash":"c45eed41d680c2d650f00cf0feb28eb350ce92a0"}
,"/Users/pramodwijenayake/Desktop/Task-Management-System/task-management/src/routes/taskRoutes.js": {"path":"/Users/pramodwijenayake/Desktop/Task-Management-System/task-management/src/routes/taskRoutes.js","statementMap":{"0":{"start":{"line":1,"column":16},"end":{"line":1,"column":34}},"1":{"start":{"line":2,"column":15},"end":{"line":2,"column":31}},"2":{"start":{"line":3,"column":17},"end":{"line":3,"column":45}},"3":{"start":{"line":19,"column":4},"end":{"line":19,"column":44}},"4":{"start":{"line":20,"column":20},"end":{"line":20,"column":49}},"5":{"start":{"line":23,"column":29},"end":{"line":33,"column":1}},"6":{"start":{"line":35,"column":29},"end":{"line":45,"column":1}},"7":{"start":{"line":50,"column":0},"end":{"line":50,"column":58}},"8":{"start":{"line":51,"column":0},"end":{"line":51,"column":54}},"9":{"start":{"line":52,"column":0},"end":{"line":52,"column":64}},"10":{"start":{"line":55,"column":0},"end":{"line":55,"column":57}},"11":{"start":{"line":56,"column":0},"end":{"line":56,"column":78}},"12":{"start":{"line":57,"column":0},"end":{"line":57,"column":57}},"13":{"start":{"line":58,"column":0},"end":{"line":58,"column":78}},"14":{"start":{"line":59,"column":0},"end":{"line":59,"column":77}},"15":{"start":{"line":60,"column":0},"end":{"line":60,"column":56}},"16":{"start":{"line":63,"column":0},"end":{"line":63,"column":69}},"17":{"start":{"line":64,"column":0},"end":{"line":64,"column":72}},"18":{"start":{"line":67,"column":0},"end":{"line":67,"column":68}},"19":{"start":{"line":68,"column":0},"end":{"line":68,"column":71}},"20":{"start":{"line":71,"column":0},"end":{"line":71,"column":65}},"21":{"start":{"line":73,"column":0},"end":{"line":73,"column":24}},"22":{"start":{"line":75,"column":0},"end":{"line":75,"column":24}}},"fnMap":{},"branchMap":{},"s":{"0":2,"1":2,"2":2,"3":2,"4":2,"5":2,"6":2,"7":2,"8":2,"9":2,"10":2,"11":2,"12":2,"13":2,"14":2,"15":2,"16":2,"17":2,"18":2,"19":2,"20":2,"21":2,"22":2},"f":{},"b":{},"_coverageSchema":"1a1c01bbd47fc00a2c39e90264f33305004495a9","hash":"98c87ba4b3fcf7b41b311170273e1a3cb97e3393"}
,"/Users/pramodwijenayake/Desktop/Task-Management-System/task-management/src/services/taskService.js": {"path":"/Users/pramodwijenayake/Desktop/Task-Management-System/task-management/src/services/taskService.js","statementMap":{"0":{"start":{"line":1,"column":13},"end":{"line":1,"column":38}},"1":{"start":{"line":5,"column":4},"end":{"line":12,"column":6}},"2":{"start":{"line":19,"column":21},"end":{"line":19,"column":32}},"3":{"start":{"line":22,"column":4},"end":{"line":29,"column":5}},"4":{"start":{"line":23,"column":8},"end":{"line":28,"column":10}},"5":{"start":{"line":32,"column":4},"end":{"line":34,"column":6}},"6":{"start":{"line":36,"column":17},"end":{"line":36,"column":35}},"7":{"start":{"line":37,"column":4},"end":{"line":37,"column":29}},"8":{"start":{"line":45,"column":18},"end":{"line":45,"column":20}},"9":{"start":{"line":47,"column":4},"end":{"line":47,"column":68}},"10":{"start":{"line":47,"column":28},"end":{"line":47,"column":68}},"11":{"start":{"line":48,"column":4},"end":{"line":48,"column":70}},"12":{"start":{"line":48,"column":28},"end":{"line":48,"column":70}},"13":{"start":{"line":49,"column":4},"end":{"line":49,"column":72}},"14":{"start":{"line":49,"column":28},"end":{"line":49,"column":72}},"15":{"start":{"line":50,"column":4},"end":{"line":50,"column":72}},"16":{"start":{"line":50,"column":28},"end":{"line":50,"column":72}},"17":{"start":{"line":52,"column":4},"end":{"line":52,"column":72}},"18":{"start":{"line":52,"column":28},"end":{"line":52,"column":72}},"19":{"start":{"line":53,"column":4},"end":{"line":53,"column":71}},"20":{"start":{"line":53,"column":28},"end":{"line":53,"column":71}},"21":{"start":{"line":54,"column":4},"end":{"line":54,"column":69}},"22":{"start":{"line":54,"column":28},"end":{"line":54,"column":69}},"23":{"start":{"line":55,"column":4},"end":{"line":55,"column":68}},"24":{"start":{"line":55,"column":28},"end":{"line":55,"column":68}},"25":{"start":{"line":56,"column":4},"end":{"line":56,"column":67}},"26":{"start":{"line":56,"column":28},"end":{"line":56,"column":67}},"27":{"start":{"line":58,"column":4},"end":{"line":58,"column":58}},"28":{"start":{"line":65,"column":4},"end":{"line":65,"column":35}},"29":{"start":{"line":72,"column":17},"end":{"line":72,"column":40}},"30":{"start":{"line":73,"column":4},"end":{"line":73,"column":27}},"31":{"start":{"line":73,"column":15},"end":{"line":73,"column":27}},"32":{"start":{"line":75,"column":20},"end":{"line":75,"column":111}},"33":{"start":{"line":76,"column":23},"end":{"line":76,"column":25}},"34":{"start":{"line":78,"column":4},"end":{"line":82,"column":7}},"35":{"start":{"line":79,"column":8},"end":{"line":81,"column":9}},"36":{"start":{"line":80,"column":12},"end":{"line":80,"column":92}},"37":{"start":{"line":84,"column":4},"end":{"line":84,"column":30}},"38":{"start":{"line":85,"column":4},"end":{"line":85,"column":61}},"39":{"start":{"line":85,"column":27},"end":{"line":85,"column":61}},"40":{"start":{"line":87,"column":4},"end":{"line":87,"column":29}},"41":{"start":{"line":94,"column":17},"end":{"line":94,"column":40}},"42":{"start":{"line":95,"column":4},"end":{"line":95,"column":27}},"43":{"start":{"line":95,"column":15},"end":{"line":95,"column":27}},"44":{"start":{"line":97,"column":20},"end":{"line":97,"column":90}},"45":{"start":{"line":98,"column":23},"end":{"line":98,"column":25}},"46":{"start":{"line":100,"column":4},"end":{"line":104,"column":7}},"47":{"start":{"line":101,"column":8},"end":{"line":103,"column":9}},"48":{"start":{"line":102,"column":12},"end":{"line":102,"column":92}},"49":{"start":{"line":106,"column":4},"end":{"line":106,"column":61}},"50":{"start":{"line":106,"column":39},"end":{"line":106,"column":57}},"51":{"start":{"line":107,"column":4},"end":{"line":107,"column":61}},"52":{"start":{"line":107,"column":27},"end":{"line":107,"column":61}},"53":{"start":{"line":109,"column":4},"end":{"line":109,"column":29}},"54":{"start":{"line":116,"column":4},"end":{"line":116,"column":44}},"55":{"start":{"line":125,"column":17},"end":{"line":125,"column":44}},"56":{"start":{"line":126,"column":4},"end":{"line":126,"column":27}},"57":{"start":{"line":126,"column":15},"end":{"line":126,"column":27}},"58":{"start":{"line":128,"column":28},"end":{"line":128,"column":76}},"59":{"start":{"line":128,"column":55},"end":{"line":128,"column":75}},"60":{"start":{"line":129,"column":4},"end":{"line":133,"column":5}},"61":{"start":{"line":130,"column":20},"end":{"line":130,"column":71}},"62":{"start":{"line":131,"column":8},"end":{"line":131,"column":25}},"63":{"start":{"line":132,"column":8},"end":{"line":132,"column":18}},"64":{"start":{"line":135,"column":4},"end":{"line":135,"column":34}},"65":{"start":{"line":136,"column":4},"end":{"line":136,"column":89}},"66":{"start":{"line":137,"column":4},"end":{"line":137,"column":29}},"67":{"start":{"line":144,"column":17},"end":{"line":144,"column":44}},"68":{"start":{"line":145,"column":4},"end":{"line":145,"column":27}},"69":{"start":{"line":145,"column":15},"end":{"line":145,"column":27}},"70":{"start":{"line":147,"column":20},"end":{"line":147,"column":67}},"71":{"start":{"line":147,"column":47},"end":{"line":147,"column":66}},"72":{"start":{"line":148,"column":4},"end":{"line":148,"column":71}},"73":{"start":{"line":148,"column":50},"end":{"line":148,"column":69}},"74":{"start":{"line":150,"column":4},"end":{"line":152,"column":5}},"75":{"start":{"line":151,"column":8},"end":{"line":151,"column":94}},"76":{"start":{"line":154,"column":4},"end":{"line":154,"column":29}},"77":{"start":{"line":163,"column":17},"end":{"line":163,"column":44}},"78":{"start":{"line":164,"column":4},"end":{"line":164,"column":27}},"79":{"start":{"line":164,"column":15},"end":{"line":164,"column":27}},"80":{"start":{"line":166,"column":20},"end":{"line":171,"column":5}},"81":{"start":{"line":173,"column":4},"end":{"line":173,"column":32}},"82":{"start":{"line":174,"column":4},"end":{"line":174,"column":93}},"83":{"start":{"line":175,"column":4},"end":{"line":175,"column":29}},"84":{"start":{"line":182,"column":17},"end":{"line":182,"column":44}},"85":{"start":{"line":183,"column":4},"end":{"line":183,"column":27}},"86":{"start":{"line":183,"column":15},"end":{"line":183,"column":27}},"87":{"start":{"line":185,"column":16},"end":{"line":185,"column":78}},"88":{"start":{"line":185,"column":47},"end":{"line":185,"column":77}},"89":{"start":{"line":186,"column":4},"end":{"line":190,"column":5}},"90":{"start":{"line":187,"column":20},"end":{"line":187,"column":51}},"91":{"start":{"line":188,"column":8},"end":{"line":188,"column":25}},"92":{"start":{"line":189,"column":8},"end":{"line":189,"column":18}},"93":{"start":{"line":192,"column":4},"end":{"line":192,"column":33}},"94":{"start":{"line":193,"column":4},"end":{"line":193,"column":86}},"95":{"start":{"line":194,"column":4},"end":{"line":194,"column":29}},"96":{"start":{"line":203,"column":17},"end":{"line":203,"column":44}},"97":{"start":{"line":204,"column":4},"end":{"line":204,"column":27}},"98":{"start":{"line":204,"column":15},"end":{"line":204,"column":27}},"99":{"start":{"line":206,"column":4},"end":{"line":212,"column":7}},"100":{"start":{"line":214,"column":4},"end":{"line":214,"column":89}},"101":{"start":{"line":215,"column":4},"end":{"line":215,"column":29}},"102":{"start":{"line":222,"column":18},"end":{"line":222,"column":20}},"103":{"start":{"line":223,"column":4},"end":{"line":223,"column":112}},"104":{"start":{"line":223,"column":49},"end":{"line":223,"column":112}},"105":{"start":{"line":224,"column":4},"end":{"line":224,"column":115}},"106":{"start":{"line":224,"column":50},"end":{"line":224,"column":115}},"107":{"start":{"line":225,"column":4},"end":{"line":225,"column":63}},"108":{"start":{"line":225,"column":28},"end":{"line":225,"column":63}},"109":{"start":{"line":227,"column":18},"end":{"line":235,"column":6}},"110":{"start":{"line":238,"column":19},"end":{"line":238,"column":65}},"111":{"start":{"line":239,"column":4},"end":{"line":242,"column":7}},"112":{"start":{"line":240,"column":8},"end":{"line":240,"column":47}},"113":{"start":{"line":240,"column":27},"end":{"line":240,"column":47}},"114":{"start":{"line":241,"column":8},"end":{"line":241,"column":30}},"115":{"start":{"line":244,"column":4},"end":{"line":244,"column":18}},"116":{"start":{"line":247,"column":0},"end":{"line":260,"column":2}}},"fnMap":{"0":{"name":"makeActivity","decl":{"start":{"line":4,"column":9},"end":{"line":4,"column":21}},"loc":{"start":{"line":4,"column":84},"end":{"line":13,"column":1}},"line":4},"1":{"name":"createTask","decl":{"start":{"line":18,"column":15},"end":{"line":18,"column":25}},"loc":{"start":{"line":18,"column":49},"end":{"line":38,"column":1}},"line":18},"2":{"name":"getAllTasks","decl":{"start":{"line":44,"column":15},"end":{"line":44,"column":26}},"loc":{"start":{"line":44,"column":41},"end":{"line":59,"column":1}},"line":44},"3":{"name":"getTaskById","decl":{"start":{"line":64,"column":15},"end":{"line":64,"column":26}},"loc":{"start":{"line":64,"column":31},"end":{"line":66,"column":1}},"line":64},"4":{"name":"updateTask","decl":{"start":{"line":71,"column":15},"end":{"line":71,"column":25}},"loc":{"start":{"line":71,"column":49},"end":{"line":88,"column":1}},"line":71},"5":{"name":"(anonymous_5)","decl":{"start":{"line":78,"column":20},"end":{"line":78,"column":21}},"loc":{"start":{"line":78,"column":31},"end":{"line":82,"column":5}},"line":78},"6":{"name":"patchTask","decl":{"start":{"line":93,"column":15},"end":{"line":93,"column":24}},"loc":{"start":{"line":93,"column":48},"end":{"line":110,"column":1}},"line":93},"7":{"name":"(anonymous_7)","decl":{"start":{"line":100,"column":20},"end":{"line":100,"column":21}},"loc":{"start":{"line":100,"column":31},"end":{"line":104,"column":5}},"line":100},"8":{"name":"(anonymous_8)","decl":{"start":{"line":106,"column":30},"end":{"line":106,"column":31}},"loc":{"start":{"line":106,"column":37},"end":{"line":106,"column":59}},"line":106},"9":{"name":"deleteTask","decl":{"start":{"line":115,"column":15},"end":{"line":115,"column":25}},"loc":{"start":{"line":115,"column":30},"end":{"line":117,"column":1}},"line":115},"10":{"name":"addAssignee","decl":{"start":{"line":124,"column":15},"end":{"line":124,"column":26}},"loc":{"start":{"line":124,"column":58},"end":{"line":138,"column":1}},"line":124},"11":{"name":"(anonymous_11)","decl":{"start":{"line":128,"column":48},"end":{"line":128,"column":49}},"loc":{"start":{"line":128,"column":55},"end":{"line":128,"column":75}},"line":128},"12":{"name":"removeAssignee","decl":{"start":{"line":143,"column":15},"end":{"line":143,"column":29}},"loc":{"start":{"line":143,"column":63},"end":{"line":155,"column":1}},"line":143},"13":{"name":"(anonymous_13)","decl":{"start":{"line":147,"column":40},"end":{"line":147,"column":41}},"loc":{"start":{"line":147,"column":47},"end":{"line":147,"column":66}},"line":147},"14":{"name":"(anonymous_14)","decl":{"start":{"line":148,"column":43},"end":{"line":148,"column":44}},"loc":{"start":{"line":148,"column":50},"end":{"line":148,"column":69}},"line":148},"15":{"name":"addComment","decl":{"start":{"line":162,"column":15},"end":{"line":162,"column":25}},"loc":{"start":{"line":162,"column":46},"end":{"line":176,"column":1}},"line":162},"16":{"name":"deleteComment","decl":{"start":{"line":181,"column":15},"end":{"line":181,"column":28}},"loc":{"start":{"line":181,"column":54},"end":{"line":195,"column":1}},"line":181},"17":{"name":"(anonymous_17)","decl":{"start":{"line":185,"column":40},"end":{"line":185,"column":41}},"loc":{"start":{"line":185,"column":47},"end":{"line":185,"column":77}},"line":185},"18":{"name":"logTime","decl":{"start":{"line":202,"column":15},"end":{"line":202,"column":22}},"loc":{"start":{"line":202,"column":50},"end":{"line":216,"column":1}},"line":202},"19":{"name":"getTaskStats","decl":{"start":{"line":221,"column":15},"end":{"line":221,"column":27}},"loc":{"start":{"line":221,"column":42},"end":{"line":245,"column":1}},"line":221},"20":{"name":"(anonymous_20)","decl":{"start":{"line":239,"column":18},"end":{"line":239,"column":19}},"loc":{"start":{"line":239,"column":38},"end":{"line":242,"column":5}},"line":239}},"branchMap":{"0":{"loc":{"start":{"line":4,"column":36},"end":{"line":4,"column":48}},"type":"default-arg","locations":[{"start":{"line":4,"column":44},"end":{"line":4,"column":48}}],"line":4},"1":{"loc":{"start":{"line":4,"column":50},"end":{"line":4,"column":65}},"type":"default-arg","locations":[{"start":{"line":4,"column":61},"end":{"line":4,"column":65}}],"line":4},"2":{"loc":{"start":{"line":4,"column":67},"end":{"line":4,"column":82}},"type":"default-arg","locations":[{"start":{"line":4,"column":78},"end":{"line":4,"column":82}}],"line":4},"3":{"loc":{"start":{"line":6,"column":18},"end":{"line":6,"column":40}},"type":"binary-expr","locations":[{"start":{"line":6,"column":18},"end":{"line":6,"column":26}},{"start":{"line":6,"column":32},"end":{"line":6,"column":40}}],"line":6},"4":{"loc":{"start":{"line":7,"column":18},"end":{"line":7,"column":40}},"type":"binary-expr","locations":[{"start":{"line":7,"column":18},"end":{"line":7,"column":28}},{"start":{"line":7,"column":32},"end":{"line":7,"column":40}}],"line":7},"5":{"loc":{"start":{"line":10,"column":18},"end":{"line":10,"column":72}},"type":"cond-expr","locations":[{"start":{"line":10,"column":43},"end":{"line":10,"column":65}},{"start":{"line":10,"column":68},"end":{"line":10,"column":72}}],"line":10},"6":{"loc":{"start":{"line":10,"column":50},"end":{"line":10,"column":64}},"type":"binary-expr","locations":[{"start":{"line":10,"column":50},"end":{"line":10,"column":58}},{"start":{"line":10,"column":62},"end":{"line":10,"column":64}}],"line":10},"7":{"loc":{"start":{"line":11,"column":18},"end":{"line":11,"column":72}},"type":"cond-expr","locations":[{"start":{"line":11,"column":43},"end":{"line":11,"column":65}},{"start":{"line":11,"column":68},"end":{"line":11,"column":72}}],"line":11},"8":{"loc":{"start":{"line":11,"column":50},"end":{"line":11,"column":64}},"type":"binary-expr","locations":[{"start":{"line":11,"column":50},"end":{"line":11,"column":58}},{"start":{"line":11,"column":62},"end":{"line":11,"column":64}}],"line":11},"9":{"loc":{"start":{"line":18,"column":32},"end":{"line":18,"column":47}},"type":"default-arg","locations":[{"start":{"line":18,"column":43},"end":{"line":18,"column":47}}],"line":18},"10":{"loc":{"start":{"line":22,"column":4},"end":{"line":29,"column":5}},"type":"if","locations":[{"start":{"line":22,"column":4},"end":{"line":29,"column":5}},{"start":{},"end":{}}],"line":22},"11":{"loc":{"start":{"line":22,"column":8},"end":{"line":22,"column":38}},"type":"binary-expr","locations":[{"start":{"line":22,"column":8},"end":{"line":22,"column":16}},{"start":{"line":22,"column":20},"end":{"line":22,"column":38}}],"line":22},"12":{"loc":{"start":{"line":44,"column":27},"end":{"line":44,"column":39}},"type":"default-arg","locations":[{"start":{"line":44,"column":37},"end":{"line":44,"column":39}}],"line":44},"13":{"loc":{"start":{"line":47,"column":4},"end":{"line":47,"column":68}},"type":"if","locations":[{"start":{"line":47,"column":4},"end":{"line":47,"column":68}},{"start":{},"end":{}}],"line":47},"14":{"loc":{"start":{"line":48,"column":4},"end":{"line":48,"column":70}},"type":"if","locations":[{"start":{"line":48,"column":4},"end":{"line":48,"column":70}},{"start":{},"end":{}}],"line":48},"15":{"loc":{"start":{"line":49,"column":4},"end":{"line":49,"column":72}},"type":"if","locations":[{"start":{"line":49,"column":4},"end":{"line":49,"column":72}},{"start":{},"end":{}}],"line":49},"16":{"loc":{"start":{"line":50,"column":4},"end":{"line":50,"column":72}},"type":"if","locations":[{"start":{"line":50,"column":4},"end":{"line":50,"column":72}},{"start":{},"end":{}}],"line":50},"17":{"loc":{"start":{"line":52,"column":4},"end":{"line":52,"column":72}},"type":"if","locations":[{"start":{"line":52,"column":4},"end":{"line":52,"column":72}},{"start":{},"end":{}}],"line":52},"18":{"loc":{"start":{"line":53,"column":4},"end":{"line":53,"column":71}},"type":"if","locations":[{"start":{"line":53,"column":4},"end":{"line":53,"column":71}},{"start":{},"end":{}}],"line":53},"19":{"loc":{"start":{"line":54,"column":4},"end":{"line":54,"column":69}},"type":"if","locations":[{"start":{"line":54,"column":4},"end":{"line":54,"column":69}},{"start":{},"end":{}}],"line":54},"20":{"loc":{"start":{"line":55,"column":4},"end":{"line":55,"column":68}},"type":"if","locations":[{"start":{"line":55,"column":4},"end":{"line":55,"column":68}},{"start":{},"end":{}}],"line":55},"21":{"loc":{"start":{"line":56,"column":4},"end":{"line":56,"column":67}},"type":"if","locations":[{"start":{"line":56,"column":4},"end":{"line":56,"column":67}},{"start":{},"end":{}}],"line":56},"22":{"loc":{"start":{"line":71,"column":36},"end":{"line":71,"column":47}},"type":"default-arg","locations":[{"start":{"line":71,"column":43},"end":{"line":71,"column":47}}],"line":71},"23":{"loc":{"start":{"line":73,"column":4},"end":{"line":73,"column":27}},"type":"if","locations":[{"start":{"line":73,"column":4},"end":{"line":73,"column":27}},{"start":{},"end":{}}],"line":73},"24":{"loc":{"start":{"line":79,"column":8},"end":{"line":81,"column":9}},"type":"if","locations":[{"start":{"line":79,"column":8},"end":{"line":81,"column":9}},{"start":{},"end":{}}],"line":79},"25":{"loc":{"start":{"line":79,"column":12},"end":{"line":79,"column":96}},"type":"binary-expr","locations":[{"start":{"line":79,"column":12},"end":{"line":79,"column":37}},{"start":{"line":79,"column":41},"end":{"line":79,"column":96}}],"line":79},"26":{"loc":{"start":{"line":79,"column":48},"end":{"line":79,"column":65}},"type":"binary-expr","locations":[{"start":{"line":79,"column":48},"end":{"line":79,"column":59}},{"start":{"line":79,"column":63},"end":{"line":79,"column":65}}],"line":79},"27":{"loc":{"start":{"line":79,"column":78},"end":{"line":79,"column":95}},"type":"binary-expr","locations":[{"start":{"line":79,"column":78},"end":{"line":79,"column":89}},{"start":{"line":79,"column":93},"end":{"line":79,"column":95}}],"line":79},"28":{"loc":{"start":{"line":85,"column":4},"end":{"line":85,"column":61}},"type":"if","locations":[{"start":{"line":85,"column":4},"end":{"line":85,"column":61}},{"start":{},"end":{}}],"line":85},"29":{"loc":{"start":{"line":93,"column":35},"end":{"line":93,"column":46}},"type":"default-arg","locations":[{"start":{"line":93,"column":42},"end":{"line":93,"column":46}}],"line":93},"30":{"loc":{"start":{"line":95,"column":4},"end":{"line":95,"column":27}},"type":"if","locations":[{"start":{"line":95,"column":4},"end":{"line":95,"column":27}},{"start":{},"end":{}}],"line":95},"31":{"loc":{"start":{"line":101,"column":8},"end":{"line":103,"column":9}},"type":"if","locations":[{"start":{"line":101,"column":8},"end":{"line":103,"column":9}},{"start":{},"end":{}}],"line":101},"32":{"loc":{"start":{"line":101,"column":12},"end":{"line":101,"column":96}},"type":"binary-expr","locations":[{"start":{"line":101,"column":12},"end":{"line":101,"column":37}},{"start":{"line":101,"column":41},"end":{"line":101,"column":96}}],"line":101},"33":{"loc":{"start":{"line":101,"column":48},"end":{"line":101,"column":65}},"type":"binary-expr","locations":[{"start":{"line":101,"column":48},"end":{"line":101,"column":59}},{"start":{"line":101,"column":63},"end":{"line":101,"column":65}}],"line":101},"34":{"loc":{"start":{"line":101,"column":78},"end":{"line":101,"column":95}},"type":"binary-expr","locations":[{"start":{"line":101,"column":78},"end":{"line":101,"column":89}},{"start":{"line":101,"column":93},"end":{"line":101,"column":95}}],"line":101},"35":{"loc":{"start":{"line":107,"column":4},"end":{"line":107,"column":61}},"type":"if","locations":[{"start":{"line":107,"column":4},"end":{"line":107,"column":61}},{"start":{},"end":{}}],"line":107},"36":{"loc":{"start":{"line":124,"column":45},"end":{"line":124,"column":56}},"type":"default-arg","locations":[{"start":{"line":124,"column":52},"end":{"line":124,"column":56}}],"line":124},"37":{"loc":{"start":{"line":126,"column":4},"end":{"line":126,"column":27}},"type":"if","locations":[{"start":{"line":126,"column":4},"end":{"line":126,"column":27}},{"start":{},"end":{}}],"line":126},"38":{"loc":{"start":{"line":129,"column":4},"end":{"line":133,"column":5}},"type":"if","locations":[{"start":{"line":129,"column":4},"end":{"line":133,"column":5}},{"start":{},"end":{}}],"line":129},"39":{"loc":{"start":{"line":143,"column":50},"end":{"line":143,"column":61}},"type":"default-arg","locations":[{"start":{"line":143,"column":57},"end":{"line":143,"column":61}}],"line":143},"40":{"loc":{"start":{"line":145,"column":4},"end":{"line":145,"column":27}},"type":"if","locations":[{"start":{"line":145,"column":4},"end":{"line":145,"column":27}},{"start":{},"end":{}}],"line":145},"41":{"loc":{"start":{"line":150,"column":4},"end":{"line":152,"column":5}},"type":"if","locations":[{"start":{"line":150,"column":4},"end":{"line":152,"column":5}},{"start":{},"end":{}}],"line":150},"42":{"loc":{"start":{"line":164,"column":4},"end":{"line":164,"column":27}},"type":"if","locations":[{"start":{"line":164,"column":4},"end":{"line":164,"column":27}},{"start":{},"end":{}}],"line":164},"43":{"loc":{"start":{"line":183,"column":4},"end":{"line":183,"column":27}},"type":"if","locations":[{"start":{"line":183,"column":4},"end":{"line":183,"column":27}},{"start":{},"end":{}}],"line":183},"44":{"loc":{"start":{"line":186,"column":4},"end":{"line":190,"column":5}},"type":"if","locations":[{"start":{"line":186,"column":4},"end":{"line":190,"column":5}},{"start":{},"end":{}}],"line":186},"45":{"loc":{"start":{"line":204,"column":4},"end":{"line":204,"column":27}},"type":"if","locations":[{"start":{"line":204,"column":4},"end":{"line":204,"column":27}},{"start":{},"end":{}}],"line":204},"46":{"loc":{"start":{"line":210,"column":21},"end":{"line":210,"column":31}},"type":"binary-expr","locations":[{"start":{"line":210,"column":21},"end":{"line":210,"column":25}},{"start":{"line":210,"column":29},"end":{"line":210,"column":31}}],"line":210},"47":{"loc":{"start":{"line":221,"column":28},"end":{"line":221,"column":40}},"type":"default-arg","locations":[{"start":{"line":221,"column":38},"end":{"line":221,"column":40}}],"line":221},"48":{"loc":{"start":{"line":223,"column":4},"end":{"line":223,"column":112}},"type":"if","locations":[{"start":{"line":223,"column":4},"end":{"line":223,"column":112}},{"start":{},"end":{}}],"line":223},"49":{"loc":{"start":{"line":223,"column":8},"end":{"line":223,"column":47}},"type":"binary-expr","locations":[{"start":{"line":223,"column":8},"end":{"line":223,"column":26}},{"start":{"line":223,"column":30},"end":{"line":223,"column":47}}],"line":223},"50":{"loc":{"start":{"line":223,"column":72},"end":{"line":223,"column":111}},"type":"binary-expr","locations":[{"start":{"line":223,"column":72},"end":{"line":223,"column":90}},{"start":{"line":223,"column":94},"end":{"line":223,"column":111}}],"line":223},"51":{"loc":{"start":{"line":224,"column":4},"end":{"line":224,"column":115}},"type":"if","locations":[{"start":{"line":224,"column":4},"end":{"line":224,"column":115}},{"start":{},"end":{}}],"line":224},"52":{"loc":{"start":{"line":224,"column":8},"end":{"line":224,"column":48}},"type":"binary-expr","locations":[{"start":{"line":224,"column":8},"end":{"line":224,"column":26}},{"start":{"line":224,"column":30},"end":{"line":224,"column":48}}],"line":224},"53":{"loc":{"start":{"line":224,"column":74},"end":{"line":224,"column":114}},"type":"binary-expr","locations":[{"start":{"line":224,"column":74},"end":{"line":224,"column":92}},{"start":{"line":224,"column":96},"end":{"line":224,"column":114}}],"line":224},"54":{"loc":{"start":{"line":225,"column":4},"end":{"line":225,"column":63}},"type":"if","locations":[{"start":{"line":225,"column":4},"end":{"line":225,"column":63}},{"start":{},"end":{}}],"line":225},"55":{"loc":{"start":{"line":240,"column":8},"end":{"line":240,"column":47}},"type":"if","locations":[{"start":{"line":240,"column":8},"end":{"line":240,"column":47}},{"start":{},"end":{}}],"line":240}},"s":{"0":2,"1":13,"2":4,"3":4,"4":4,"5":4,"6":4,"7":4,"8":2,"9":2,"10":1,"11":2,"12":0,"13":2,"14":0,"15":2,"16":0,"17":2,"18":0,"19":2,"20":0,"21":2,"22":0,"23":2,"24":0,"25":2,"26":0,"27":2,"28":3,"29":1,"30":1,"31":0,"32":1,"33":1,"34":1,"35":8,"36":2,"37":1,"38":1,"39":1,"40":1,"41":1,"42":1,"43":0,"44":1,"45":1,"46":1,"47":6,"48":1,"49":1,"50":1,"51":1,"52":1,"53":1,"54":1,"55":2,"56":1,"57":0,"58":1,"59":0,"60":1,"61":0,"62":0,"63":0,"64":1,"65":1,"66":1,"67":1,"68":1,"69":0,"70":1,"71":1,"72":1,"73":1,"74":1,"75":1,"76":1,"77":2,"78":1,"79":0,"80":1,"81":1,"82":1,"83":1,"84":1,"85":1,"86":0,"87":1,"88":1,"89":1,"90":0,"91":0,"92":0,"93":1,"94":1,"95":1,"96":3,"97":2,"98":0,"99":2,"100":2,"101":2,"102":1,"103":1,"104":0,"105":1,"106":0,"107":1,"108":0,"109":1,"110":1,"111":1,"112":1,"113":1,"114":1,"115":1,"116":2},"f":{"0":13,"1":4,"2":2,"3":3,"4":1,"5":8,"6":1,"7":6,"8":1,"9":1,"10":2,"11":0,"12":1,"13":1,"14":1,"15":2,"16":1,"17":1,"18":3,"19":1,"20":1},"b":{"0":[0],"1":[0],"2":[0],"3":[13,0],"4":[13,0],"5":[13,0],"6":[13,9],"7":[13,0],"8":[13,2],"9":[0],"10":[4,0],"11":[4,4],"12":[0],"13":[1,1],"14":[0,2],"15":[0,2],"16":[0,2],"17":[0,2],"18":[0,2],"19":[0,2],"20":[0,2],"21":[0,2],"22":[0],"23":[0,1],"24":[2,6],"25":[8,2],"26":[2,0],"27":[2,0],"28":[1,0],"29":[0],"30":[0,1],"31":[1,5],"32":[6,1],"33":[1,0],"34":[1,0],"35":[1,0],"36":[0],"37":[0,1],"38":[0,1],"39":[0],"40":[0,1],"41":[1,0],"42":[0,1],"43":[0,1],"44":[0,1],"45":[0,2],"46":[2,1],"47":[0],"48":[0,1],"49":[1,1],"50":[0,0],"51":[0,1],"52":[1,1],"53":[0,0],"54":[0,1],"55":[1,0]},"_coverageSchema":"1a1c01bbd47fc00a2c39e90264f33305004495a9","hash":"f9301cb7a7dea3450d30e15c6b09616cc0003de8"}
,"/Users/pramodwijenayake/Desktop/Task-Management-System/task-management/src/utils/mockUsers.js": {"path":"/Users/pramodwijenayake/Desktop/Task-Management-System/task-management/src/utils/mockUsers.js","statementMap":{"0":{"start":{"line":10,"column":19},"end":{"line":67,"column":1}},"1":{"start":{"line":73,"column":4},"end":{"line":73,"column":22}},"2":{"start":{"line":80,"column":4},"end":{"line":80,"column":55}},"3":{"start":{"line":80,"column":34},"end":{"line":80,"column":45}},"4":{"start":{"line":87,"column":4},"end":{"line":87,"column":61}},"5":{"start":{"line":87,"column":34},"end":{"line":87,"column":51}},"6":{"start":{"line":94,"column":4},"end":{"line":94,"column":47}},"7":{"start":{"line":94,"column":34},"end":{"line":94,"column":45}},"8":{"start":{"line":101,"column":4},"end":{"line":101,"column":73}},"9":{"start":{"line":101,"column":39},"end":{"line":101,"column":73}},"10":{"start":{"line":102,"column":14},"end":{"line":102,"column":33}},"11":{"start":{"line":103,"column":4},"end":{"line":105,"column":25}},"12":{"start":{"line":104,"column":23},"end":{"line":104,"column":92}},"13":{"start":{"line":108,"column":0},"end":{"line":108,"column":100}}},"fnMap":{"0":{"name":"getAllUsers","decl":{"start":{"line":72,"column":9},"end":{"line":72,"column":20}},"loc":{"start":{"line":72,"column":23},"end":{"line":74,"column":1}},"line":72},"1":{"name":"getUserById","decl":{"start":{"line":79,"column":9},"end":{"line":79,"column":20}},"loc":{"start":{"line":79,"column":25},"end":{"line":81,"column":1}},"line":79},"2":{"name":"(anonymous_2)","decl":{"start":{"line":80,"column":27},"end":{"line":80,"column":28}},"loc":{"start":{"line":80,"column":34},"end":{"line":80,"column":45}},"line":80},"3":{"name":"getUserByEmail","decl":{"start":{"line":86,"column":9},"end":{"line":86,"column":23}},"loc":{"start":{"line":86,"column":31},"end":{"line":88,"column":1}},"line":86},"4":{"name":"(anonymous_4)","decl":{"start":{"line":87,"column":27},"end":{"line":87,"column":28}},"loc":{"start":{"line":87,"column":34},"end":{"line":87,"column":51}},"line":87},"5":{"name":"isValidUser","decl":{"start":{"line":93,"column":9},"end":{"line":93,"column":20}},"loc":{"start":{"line":93,"column":25},"end":{"line":95,"column":1}},"line":93},"6":{"name":"(anonymous_6)","decl":{"start":{"line":94,"column":27},"end":{"line":94,"column":28}},"loc":{"start":{"line":94,"column":34},"end":{"line":94,"column":45}},"line":94},"7":{"name":"searchUsers","decl":{"start":{"line":100,"column":9},"end":{"line":100,"column":20}},"loc":{"start":{"line":100,"column":40},"end":{"line":106,"column":1}},"line":100},"8":{"name":"(anonymous_8)","decl":{"start":{"line":104,"column":16},"end":{"line":104,"column":17}},"loc":{"start":{"line":104,"column":23},"end":{"line":104,"column":92}},"line":104}},"branchMap":{"0":{"loc":{"start":{"line":80,"column":11},"end":{"line":80,"column":54}},"type":"binary-expr","locations":[{"start":{"line":80,"column":11},"end":{"line":80,"column":46}},{"start":{"line":80,"column":50},"end":{"line":80,"column":54}}],"line":80},"1":{"loc":{"start":{"line":87,"column":11},"end":{"line":87,"column":60}},"type":"binary-expr","locations":[{"start":{"line":87,"column":11},"end":{"line":87,"column":52}},{"start":{"line":87,"column":56},"end":{"line":87,"column":60}}],"line":87},"2":{"loc":{"start":{"line":100,"column":28},"end":{"line":100,"column":38}},"type":"default-arg","locations":[{"start":{"line":100,"column":36},"end":{"line":100,"column":38}}],"line":100},"3":{"loc":{"start":{"line":101,"column":4},"end":{"line":101,"column":73}},"type":"if","locations":[{"start":{"line":101,"column":4},"end":{"line":101,"column":73}},{"start":{},"end":{}}],"line":101},"4":{"loc":{"start":{"line":101,"column":8},"end":{"line":101,"column":37}},"type":"binary-expr","locations":[{"start":{"line":101,"column":8},"end":{"line":101,"column":14}},{"start":{"line":101,"column":18},"end":{"line":101,"column":37}}],"line":101},"5":{"loc":{"start":{"line":104,"column":23},"end":{"line":104,"column":92}},"type":"binary-expr","locations":[{"start":{"line":104,"column":23},"end":{"line":104,"column":55}},{"start":{"line":104,"column":59},"end":{"line":104,"column":92}}],"line":104}},"s":{"0":2,"1":1,"2":62,"3":265,"4":0,"5":0,"6":0,"7":0,"8":3,"9":1,"10":2,"11":2,"12":16,"13":2},"f":{"0":1,"1":62,"2":265,"3":0,"4":0,"5":0,"6":0,"7":3,"8":16},"b":{"0":[62,29],"1":[0,0],"2":[0],"3":[1,2],"4":[3,2],"5":[16,14]},"_coverageSchema":"1a1c01bbd47fc00a2c39e90264f33305004495a9","hash":"79e9603e3811cc355c1b70bdd175cf9baeb88587"}
}
