TN:
SF:src/app.js
FN:25,(anonymous_0)
FN:34,(anonymous_1)
FNF:2
FNH:1
FNDA:1,(anonymous_0)
FNDA:0,(anonymous_1)
DA:1,2
DA:2,2
DA:3,2
DA:4,2
DA:5,2
DA:6,2
DA:8,2
DA:10,2
DA:11,2
DA:14,2
DA:17,2
DA:18,2
DA:21,2
DA:22,2
DA:25,2
DA:26,1
DA:30,2
DA:33,2
DA:34,0
DA:35,0
DA:39,2
LF:21
LH:19
BRDA:11,0,0,2
BRDA:11,0,1,0
BRDA:33,1,0,0
BRDA:33,1,1,2
BRF:4
BRH:2
end_of_record
TN:
SF:src/config/db.js
FN:3,(anonymous_0)
FNF:1
FNH:1
FNDA:2,(anonymous_0)
DA:1,2
DA:3,2
DA:4,2
DA:5,2
DA:6,2
DA:8,0
DA:9,0
DA:13,2
LF:8
LH:6
BRF:0
BRH:0
end_of_record
TN:
SF:src/controllers/boardController.js
FN:5,handleValidationErrors
FN:14,(anonymous_1)
FN:37,(anonymous_2)
FN:48,(anonymous_3)
FN:64,(anonymous_4)
FN:96,(anonymous_5)
FN:129,(anonymous_6)
FN:156,(anonymous_7)
FN:168,(anonymous_8)
FN:175,(anonymous_9)
FN:204,(anonymous_10)
FN:216,(anonymous_11)
FN:222,(anonymous_12)
FNF:13
FNH:13
FNDA:8,handleValidationErrors
FNDA:2,(anonymous_1)
FNDA:5,(anonymous_2)
FNDA:1,(anonymous_3)
FNDA:8,(anonymous_4)
FNDA:3,(anonymous_5)
FNDA:4,(anonymous_6)
FNDA:5,(anonymous_7)
FNDA:2,(anonymous_8)
FNDA:2,(anonymous_9)
FNDA:2,(anonymous_10)
FNDA:2,(anonymous_11)
FNDA:2,(anonymous_12)
DA:1,2
DA:2,2
DA:6,8
DA:7,8
DA:8,2
DA:10,6
DA:14,2
DA:15,2
DA:16,2
DA:19,2
DA:26,2
DA:32,0
DA:37,2
DA:38,5
DA:39,5
DA:41,4
DA:42,1
DA:46,3
DA:47,3
DA:48,1
DA:50,3
DA:51,1
DA:54,2
DA:56,1
DA:57,1
DA:59,0
DA:64,2
DA:65,8
DA:66,8
DA:68,6
DA:69,6
DA:70,6
DA:72,6
DA:85,6
DA:91,0
DA:96,2
DA:97,3
DA:98,3
DA:99,3
DA:101,3
DA:102,0
DA:106,3
DA:107,3
DA:108,1
DA:111,2
DA:112,2
DA:113,2
DA:114,2
DA:116,2
DA:118,2
DA:124,0
DA:129,2
DA:130,4
DA:131,4
DA:133,4
DA:134,1
DA:138,3
DA:139,3
DA:140,1
DA:144,2
DA:146,2
DA:151,0
DA:156,2
DA:157,5
DA:158,5
DA:159,5
DA:161,4
DA:162,0
DA:166,4
DA:167,4
DA:168,4
DA:170,4
DA:171,0
DA:175,4
DA:176,4
DA:177,1
DA:180,3
DA:188,3
DA:190,3
DA:196,1
DA:197,1
DA:199,0
DA:204,2
DA:205,2
DA:206,2
DA:207,2
DA:209,1
DA:210,0
DA:214,1
DA:215,1
DA:216,2
DA:218,1
DA:219,0
DA:222,2
DA:223,1
DA:225,1
DA:231,1
DA:232,1
DA:234,0
DA:238,2
LF:100
LH:88
BRDA:7,0,0,2
BRDA:7,0,1,6
BRDA:16,1,0,2
BRDA:16,1,1,0
BRDA:41,2,0,1
BRDA:41,2,1,3
BRDA:46,3,0,3
BRDA:46,3,1,0
BRDA:47,4,0,3
BRDA:47,4,1,2
BRDA:50,5,0,1
BRDA:50,5,1,2
BRDA:56,6,0,1
BRDA:56,6,1,0
BRDA:66,7,0,2
BRDA:66,7,1,6
BRDA:70,8,0,6
BRDA:70,8,1,0
BRDA:74,9,0,6
BRDA:74,9,1,0
BRDA:75,10,0,6
BRDA:75,10,1,0
BRDA:76,11,0,6
BRDA:76,11,1,5
BRDA:81,12,0,6
BRDA:81,12,1,6
BRDA:101,13,0,0
BRDA:101,13,1,3
BRDA:106,14,0,3
BRDA:106,14,1,0
BRDA:107,15,0,1
BRDA:107,15,1,2
BRDA:111,16,0,1
BRDA:111,16,1,1
BRDA:112,17,0,1
BRDA:112,17,1,1
BRDA:113,18,0,2
BRDA:113,18,1,0
BRDA:114,19,0,0
BRDA:114,19,1,2
BRDA:133,20,0,1
BRDA:133,20,1,3
BRDA:138,21,0,3
BRDA:138,21,1,0
BRDA:139,22,0,1
BRDA:139,22,1,2
BRDA:161,23,0,0
BRDA:161,23,1,4
BRDA:166,24,0,4
BRDA:166,24,1,0
BRDA:168,25,0,2
BRDA:168,25,1,0
BRDA:170,26,0,0
BRDA:170,26,1,4
BRDA:170,27,0,4
BRDA:170,27,1,0
BRDA:176,28,0,1
BRDA:176,28,1,3
BRDA:184,29,0,3
BRDA:184,29,1,0
BRDA:185,30,0,3
BRDA:185,30,1,3
BRDA:196,31,0,1
BRDA:196,31,1,0
BRDA:196,32,0,1
BRDA:196,32,1,0
BRDA:209,33,0,0
BRDA:209,33,1,1
BRDA:214,34,0,1
BRDA:214,34,1,0
BRDA:216,35,0,2
BRDA:216,35,1,0
BRDA:218,36,0,0
BRDA:218,36,1,1
BRDA:218,37,0,1
BRDA:218,37,1,0
BRDA:231,38,0,1
BRDA:231,38,1,0
BRDA:231,39,0,1
BRDA:231,39,1,0
BRF:80
BRH:54
end_of_record
TN:
SF:src/controllers/taskController.js
FN:6,handleValidationErrors
FN:15,(anonymous_1)
FN:40,(anonymous_2)
FN:58,(anonymous_3)
FN:90,(anonymous_4)
FN:112,(anonymous_5)
FN:130,(anonymous_6)
FN:148,(anonymous_7)
FN:158,(anonymous_8)
FN:164,(anonymous_9)
FN:171,(anonymous_10)
FN:193,(anonymous_11)
FN:204,(anonymous_12)
FN:222,(anonymous_13)
FN:233,(anonymous_14)
FNF:15
FNH:15
FNDA:6,handleValidationErrors
FNDA:2,(anonymous_1)
FNDA:3,(anonymous_2)
FNDA:5,(anonymous_3)
FNDA:1,(anonymous_4)
FNDA:1,(anonymous_5)
FNDA:1,(anonymous_6)
FNDA:1,(anonymous_7)
FNDA:1,(anonymous_8)
FNDA:3,(anonymous_9)
FNDA:3,(anonymous_10)
FNDA:1,(anonymous_11)
FNDA:4,(anonymous_12)
FNDA:1,(anonymous_13)
FNDA:6,(anonymous_14)
DA:1,2
DA:2,2
DA:3,2
DA:7,6
DA:8,6
DA:9,1
DA:11,5
DA:15,2
DA:16,2
DA:17,2
DA:18,2
DA:20,2
DA:21,2
DA:22,2
DA:23,2
DA:24,2
DA:25,2
DA:27,2
DA:29,2
DA:35,0
DA:40,2
DA:41,3
DA:42,3
DA:44,2
DA:45,1
DA:48,1
DA:50,1
DA:51,1
DA:53,0
DA:58,2
DA:59,5
DA:60,5
DA:62,4
DA:63,4
DA:65,4
DA:83,4
DA:85,0
DA:90,2
DA:91,1
DA:92,1
DA:94,1
DA:95,1
DA:97,1
DA:98,0
DA:101,1
DA:103,0
DA:104,0
DA:106,0
DA:112,2
DA:113,1
DA:114,1
DA:116,1
DA:117,0
DA:120,1
DA:122,0
DA:123,0
DA:125,0
DA:130,2
DA:131,1
DA:132,1
DA:134,1
DA:135,0
DA:138,1
DA:140,0
DA:141,0
DA:143,0
DA:148,2
DA:149,1
DA:150,1
DA:151,1
DA:153,0
DA:158,2
DA:159,1
DA:160,1
DA:164,2
DA:165,3
DA:166,3
DA:167,3
DA:171,2
DA:172,3
DA:173,3
DA:174,3
DA:175,1
DA:177,2
DA:182,1
DA:183,1
DA:185,1
DA:186,1
DA:188,0
DA:193,2
DA:194,1
DA:195,1
DA:196,1
DA:197,1
DA:199,0
DA:204,2
DA:205,4
DA:206,4
DA:207,4
DA:208,2
DA:210,2
DA:211,1
DA:212,1
DA:214,1
DA:215,1
DA:217,0
DA:222,2
DA:223,1
DA:224,1
DA:225,1
DA:226,1
DA:228,0
DA:233,2
DA:234,6
DA:235,6
DA:236,6
DA:237,3
DA:239,3
DA:240,2
DA:241,2
DA:243,1
DA:244,1
DA:246,0
DA:250,2
LF:124
LH:103
BRDA:8,0,0,1
BRDA:8,0,1,5
BRDA:20,1,0,1
BRDA:20,1,1,1
BRDA:21,2,0,0
BRDA:21,2,1,2
BRDA:22,3,0,0
BRDA:22,3,1,2
BRDA:23,4,0,0
BRDA:23,4,1,2
BRDA:24,5,0,0
BRDA:24,5,1,2
BRDA:25,6,0,0
BRDA:25,6,1,2
BRDA:44,7,0,1
BRDA:44,7,1,1
BRDA:50,8,0,1
BRDA:50,8,1,0
BRDA:60,9,0,1
BRDA:60,9,1,4
BRDA:71,10,0,4
BRDA:71,10,1,4
BRDA:72,11,0,4
BRDA:72,11,1,4
BRDA:73,12,0,4
BRDA:73,12,1,4
BRDA:74,13,0,4
BRDA:74,13,1,4
BRDA:75,14,0,4
BRDA:75,14,1,4
BRDA:76,15,0,4
BRDA:76,15,1,3
BRDA:77,16,0,4
BRDA:77,16,1,4
BRDA:78,17,0,4
BRDA:78,17,1,4
BRDA:92,18,0,0
BRDA:92,18,1,1
BRDA:97,19,0,0
BRDA:97,19,1,1
BRDA:103,20,0,0
BRDA:103,20,1,0
BRDA:116,21,0,0
BRDA:116,21,1,1
BRDA:122,22,0,0
BRDA:122,22,1,0
BRDA:134,23,0,0
BRDA:134,23,1,1
BRDA:140,24,0,0
BRDA:140,24,1,0
BRDA:165,25,0,1
BRDA:166,26,0,1
BRDA:166,26,1,2
BRDA:174,27,0,1
BRDA:174,27,1,2
BRDA:174,28,0,3
BRDA:174,28,1,2
BRDA:179,29,0,2
BRDA:179,29,1,1
BRDA:179,30,0,2
BRDA:179,30,1,1
BRDA:179,31,0,2
BRDA:179,31,1,2
BRDA:182,32,0,0
BRDA:182,32,1,1
BRDA:185,33,0,1
BRDA:185,33,1,0
BRDA:185,34,0,1
BRDA:185,34,1,0
BRDA:188,35,0,0
BRDA:188,35,1,0
BRDA:196,36,0,0
BRDA:196,36,1,1
BRDA:199,37,0,0
BRDA:199,37,1,0
BRDA:207,38,0,2
BRDA:207,38,1,2
BRDA:207,39,0,4
BRDA:207,39,1,3
BRDA:211,40,0,0
BRDA:211,40,1,1
BRDA:214,41,0,1
BRDA:214,41,1,0
BRDA:214,42,0,1
BRDA:214,42,1,0
BRDA:225,43,0,0
BRDA:225,43,1,1
BRDA:228,44,0,0
BRDA:228,44,1,0
BRDA:236,45,0,3
BRDA:236,45,1,3
BRDA:236,46,0,6
BRDA:236,46,1,4
BRDA:236,46,2,4
BRDA:239,47,0,3
BRDA:239,47,1,2
BRDA:240,48,0,0
BRDA:240,48,1,2
BRDA:243,49,0,1
BRDA:243,49,1,0
BRDA:243,50,0,1
BRDA:243,50,1,0
BRF:102
BRH:69
end_of_record
TN:
SF:src/middleware/auth.js
FN:17,(anonymous_0)
FN:54,(anonymous_1)
FN:55,(anonymous_2)
FNF:3
FNH:1
FNDA:69,(anonymous_0)
FNDA:0,(anonymous_1)
FNDA:0,(anonymous_2)
DA:1,2
DA:2,2
DA:17,2
DA:18,69
DA:19,69
DA:21,69
DA:22,5
DA:28,64
DA:29,64
DA:32,62
DA:34,62
DA:41,62
DA:43,2
DA:44,0
DA:46,2
DA:54,2
DA:55,0
DA:56,0
DA:57,0
DA:62,0
DA:66,2
LF:21
LH:16
BRDA:21,0,0,5
BRDA:21,0,1,64
BRDA:21,1,0,69
BRDA:21,1,1,64
BRDA:34,2,0,62
BRDA:34,2,1,29
BRDA:36,3,0,29
BRDA:36,3,1,0
BRDA:37,4,0,29
BRDA:37,4,1,0
BRDA:38,5,0,29
BRDA:38,5,1,0
BRDA:43,6,0,0
BRDA:43,6,1,2
BRDA:56,7,0,0
BRDA:56,7,1,0
BRDA:56,8,0,0
BRDA:56,8,1,0
BRF:18
BRH:10
end_of_record
TN:
SF:src/middleware/errorHandler.js
FN:5,(anonymous_0)
FNF:1
FNH:0
FNDA:0,(anonymous_0)
DA:5,2
DA:6,0
DA:8,0
DA:10,0
DA:17,2
LF:5
LH:2
BRDA:8,0,0,0
BRDA:8,0,1,0
BRDA:12,1,0,0
BRDA:12,1,1,0
BRDA:13,2,0,0
BRDA:13,2,1,0
BRF:6
BRH:0
end_of_record
TN:
SF:src/models/Board.js
FNF:0
FNH:0
DA:1,2
DA:5,2
DA:18,2
DA:59,2
DA:60,2
DA:61,2
DA:63,2
LF:7
LH:7
BRF:0
BRH:0
end_of_record
TN:
SF:src/models/Task.js
FN:158,(anonymous_0)
FN:159,(anonymous_1)
FNF:2
FNH:2
FNDA:15,(anonymous_0)
FNDA:3,(anonymous_1)
DA:1,2
DA:5,2
DA:16,2
DA:26,2
DA:38,2
DA:51,2
DA:149,2
DA:150,2
DA:151,2
DA:152,2
DA:153,2
DA:154,2
DA:155,2
DA:158,2
DA:159,15
DA:162,2
DA:164,2
DA:166,2
LF:18
LH:18
BRF:0
BRH:0
end_of_record
TN:
SF:src/routes/boardRoutes.js
FNF:0
FNH:0
DA:1,2
DA:2,2
DA:3,2
DA:4,2
DA:5,2
DA:8,2
DA:18,2
DA:30,2
DA:31,2
DA:32,2
DA:33,2
DA:34,2
DA:37,2
DA:38,2
DA:40,2
LF:15
LH:15
BRF:0
BRH:0
end_of_record
TN:
SF:src/routes/taskRoutes.js
FNF:0
FNH:0
DA:1,2
DA:2,2
DA:3,2
DA:19,2
DA:20,2
DA:23,2
DA:35,2
DA:50,2
DA:51,2
DA:52,2
DA:55,2
DA:56,2
DA:57,2
DA:58,2
DA:59,2
DA:60,2
DA:63,2
DA:64,2
DA:67,2
DA:68,2
DA:71,2
DA:73,2
DA:75,2
LF:23
LH:23
BRF:0
BRH:0
end_of_record
TN:
SF:src/services/taskService.js
FN:4,makeActivity
FN:18,createTask
FN:44,getAllTasks
FN:64,getTaskById
FN:71,updateTask
FN:78,(anonymous_5)
FN:93,patchTask
FN:100,(anonymous_7)
FN:106,(anonymous_8)
FN:115,deleteTask
FN:124,addAssignee
FN:128,(anonymous_11)
FN:143,removeAssignee
FN:147,(anonymous_13)
FN:148,(anonymous_14)
FN:162,addComment
FN:181,deleteComment
FN:185,(anonymous_17)
FN:202,logTime
FN:221,getTaskStats
FN:239,(anonymous_20)
FNF:21
FNH:20
FNDA:13,makeActivity
FNDA:4,createTask
FNDA:2,getAllTasks
FNDA:3,getTaskById
FNDA:1,updateTask
FNDA:8,(anonymous_5)
FNDA:1,patchTask
FNDA:6,(anonymous_7)
FNDA:1,(anonymous_8)
FNDA:1,deleteTask
FNDA:2,addAssignee
FNDA:0,(anonymous_11)
FNDA:1,removeAssignee
FNDA:1,(anonymous_13)
FNDA:1,(anonymous_14)
FNDA:2,addComment
FNDA:1,deleteComment
FNDA:1,(anonymous_17)
FNDA:3,logTime
FNDA:1,getTaskStats
FNDA:1,(anonymous_20)
DA:1,2
DA:5,13
DA:19,4
DA:22,4
DA:23,4
DA:32,4
DA:36,4
DA:37,4
DA:45,2
DA:47,2
DA:48,2
DA:49,2
DA:50,2
DA:52,2
DA:53,2
DA:54,2
DA:55,2
DA:56,2
DA:58,2
DA:65,3
DA:72,1
DA:73,1
DA:75,1
DA:76,1
DA:78,1
DA:79,8
DA:80,2
DA:84,1
DA:85,1
DA:87,1
DA:94,1
DA:95,1
DA:97,1
DA:98,1
DA:100,1
DA:101,6
DA:102,1
DA:106,1
DA:107,1
DA:109,1
DA:116,1
DA:125,2
DA:126,1
DA:128,1
DA:129,1
DA:130,0
DA:131,0
DA:132,0
DA:135,1
DA:136,1
DA:137,1
DA:144,1
DA:145,1
DA:147,1
DA:148,1
DA:150,1
DA:151,1
DA:154,1
DA:163,2
DA:164,1
DA:166,1
DA:173,1
DA:174,1
DA:175,1
DA:182,1
DA:183,1
DA:185,1
DA:186,1
DA:187,0
DA:188,0
DA:189,0
DA:192,1
DA:193,1
DA:194,1
DA:203,3
DA:204,2
DA:206,2
DA:214,2
DA:215,2
DA:222,1
DA:223,1
DA:224,1
DA:225,1
DA:227,1
DA:238,1
DA:239,1
DA:240,1
DA:241,1
DA:244,1
DA:247,2
LF:90
LH:84
BRDA:4,0,0,0
BRDA:4,1,0,0
BRDA:4,2,0,0
BRDA:6,3,0,13
BRDA:6,3,1,0
BRDA:7,4,0,13
BRDA:7,4,1,0
BRDA:10,5,0,13
BRDA:10,5,1,0
BRDA:10,6,0,13
BRDA:10,6,1,9
BRDA:11,7,0,13
BRDA:11,7,1,0
BRDA:11,8,0,13
BRDA:11,8,1,2
BRDA:18,9,0,0
BRDA:22,10,0,4
BRDA:22,10,1,0
BRDA:22,11,0,4
BRDA:22,11,1,4
BRDA:44,12,0,0
BRDA:47,13,0,1
BRDA:47,13,1,1
BRDA:48,14,0,0
BRDA:48,14,1,2
BRDA:49,15,0,0
BRDA:49,15,1,2
BRDA:50,16,0,0
BRDA:50,16,1,2
BRDA:52,17,0,0
BRDA:52,17,1,2
BRDA:53,18,0,0
BRDA:53,18,1,2
BRDA:54,19,0,0
BRDA:54,19,1,2
BRDA:55,20,0,0
BRDA:55,20,1,2
BRDA:56,21,0,0
BRDA:56,21,1,2
BRDA:71,22,0,0
BRDA:73,23,0,0
BRDA:73,23,1,1
BRDA:79,24,0,2
BRDA:79,24,1,6
BRDA:79,25,0,8
BRDA:79,25,1,2
BRDA:79,26,0,2
BRDA:79,26,1,0
BRDA:79,27,0,2
BRDA:79,27,1,0
BRDA:85,28,0,1
BRDA:85,28,1,0
BRDA:93,29,0,0
BRDA:95,30,0,0
BRDA:95,30,1,1
BRDA:101,31,0,1
BRDA:101,31,1,5
BRDA:101,32,0,6
BRDA:101,32,1,1
BRDA:101,33,0,1
BRDA:101,33,1,0
BRDA:101,34,0,1
BRDA:101,34,1,0
BRDA:107,35,0,1
BRDA:107,35,1,0
BRDA:124,36,0,0
BRDA:126,37,0,0
BRDA:126,37,1,1
BRDA:129,38,0,0
BRDA:129,38,1,1
BRDA:143,39,0,0
BRDA:145,40,0,0
BRDA:145,40,1,1
BRDA:150,41,0,1
BRDA:150,41,1,0
BRDA:164,42,0,0
BRDA:164,42,1,1
BRDA:183,43,0,0
BRDA:183,43,1,1
BRDA:186,44,0,0
BRDA:186,44,1,1
BRDA:204,45,0,0
BRDA:204,45,1,2
BRDA:210,46,0,2
BRDA:210,46,1,1
BRDA:221,47,0,0
BRDA:223,48,0,0
BRDA:223,48,1,1
BRDA:223,49,0,1
BRDA:223,49,1,1
BRDA:223,50,0,0
BRDA:223,50,1,0
BRDA:224,51,0,0
BRDA:224,51,1,1
BRDA:224,52,0,1
BRDA:224,52,1,1
BRDA:224,53,0,0
BRDA:224,53,1,0
BRDA:225,54,0,0
BRDA:225,54,1,1
BRDA:240,55,0,1
BRDA:240,55,1,0
BRF:102
BRH:55
end_of_record
TN:
SF:src/utils/mockUsers.js
FN:72,getAllUsers
FN:79,getUserById
FN:80,(anonymous_2)
FN:86,getUserByEmail
FN:87,(anonymous_4)
FN:93,isValidUser
FN:94,(anonymous_6)
FN:100,searchUsers
FN:104,(anonymous_8)
FNF:9
FNH:5
FNDA:1,getAllUsers
FNDA:62,getUserById
FNDA:265,(anonymous_2)
FNDA:0,getUserByEmail
FNDA:0,(anonymous_4)
FNDA:0,isValidUser
FNDA:0,(anonymous_6)
FNDA:3,searchUsers
FNDA:16,(anonymous_8)
DA:10,2
DA:73,1
DA:80,265
DA:87,0
DA:94,0
DA:101,3
DA:102,2
DA:103,2
DA:104,16
DA:108,2
LF:10
LH:8
BRDA:80,0,0,62
BRDA:80,0,1,29
BRDA:87,1,0,0
BRDA:87,1,1,0
BRDA:100,2,0,0
BRDA:101,3,0,1
BRDA:101,3,1,2
BRDA:101,4,0,3
BRDA:101,4,1,2
BRDA:104,5,0,16
BRDA:104,5,1,14
BRF:11
BRH:8
end_of_record
