TN:
SF:src\controllers\boardController.js
FN:6,handleValidationErrors
FN:15,(anonymous_1)
FN:38,(anonymous_2)
FN:49,(anonymous_3)
FN:65,(anonymous_4)
FN:87,(anonymous_5)
FN:91,(anonymous_6)
FN:122,(anonymous_7)
FN:155,(anonymous_8)
FN:182,(anonymous_9)
FN:194,(anonymous_10)
FN:201,(anonymous_11)
FN:230,(anonymous_12)
FN:242,(anonymous_13)
FN:248,(anonymous_14)
FNF:15
FNH:4
FNDA:1,handleValidationErrors
FNDA:0,(anonymous_1)
FNDA:0,(anonymous_2)
FNDA:0,(anonymous_3)
FNDA:1,(anonymous_4)
FNDA:2,(anonymous_5)
FNDA:1,(anonymous_6)
FNDA:0,(anonymous_7)
FNDA:0,(anonymous_8)
FNDA:0,(anonymous_9)
FNDA:0,(anonymous_10)
FNDA:0,(anonymous_11)
FNDA:0,(anonymous_12)
FNDA:0,(anonymous_13)
FNDA:0,(anonymous_14)
DA:1,1
DA:2,1
DA:3,1
DA:7,1
DA:8,1
DA:9,0
DA:11,1
DA:15,1
DA:16,0
DA:17,0
DA:20,0
DA:27,0
DA:33,0
DA:38,1
DA:39,0
DA:40,0
DA:42,0
DA:43,0
DA:47,0
DA:48,0
DA:49,0
DA:51,0
DA:52,0
DA:55,0
DA:57,0
DA:58,0
DA:60,0
DA:65,1
DA:66,1
DA:67,1
DA:69,1
DA:70,1
DA:71,1
DA:72,1
DA:74,1
DA:87,2
DA:88,1
DA:89,1
DA:90,1
DA:91,1
DA:107,0
DA:111,1
DA:117,0
DA:122,1
DA:123,0
DA:124,0
DA:125,0
DA:127,0
DA:128,0
DA:132,0
DA:133,0
DA:134,0
DA:137,0
DA:138,0
DA:139,0
DA:140,0
DA:142,0
DA:144,0
DA:150,0
DA:155,1
DA:156,0
DA:157,0
DA:159,0
DA:160,0
DA:164,0
DA:165,0
DA:166,0
DA:170,0
DA:172,0
DA:177,0
DA:182,1
DA:183,0
DA:184,0
DA:185,0
DA:187,0
DA:188,0
DA:192,0
DA:193,0
DA:194,0
DA:196,0
DA:197,0
DA:201,0
DA:202,0
DA:203,0
DA:206,0
DA:214,0
DA:216,0
DA:222,0
DA:223,0
DA:225,0
DA:230,1
DA:231,0
DA:232,0
DA:233,0
DA:235,0
DA:236,0
DA:240,0
DA:241,0
DA:242,0
DA:244,0
DA:245,0
DA:248,0
DA:249,0
DA:251,0
DA:257,0
DA:258,0
DA:260,0
DA:264,1
LF:108
LH:27
BRDA:8,0,0,0
BRDA:8,0,1,1
BRDA:17,1,0,0
BRDA:17,1,1,0
BRDA:42,2,0,0
BRDA:42,2,1,0
BRDA:47,3,0,0
BRDA:47,3,1,0
BRDA:48,4,0,0
BRDA:48,4,1,0
BRDA:51,5,0,0
BRDA:51,5,1,0
BRDA:57,6,0,0
BRDA:57,6,1,0
BRDA:67,7,0,0
BRDA:67,7,1,1
BRDA:71,8,0,1
BRDA:71,8,1,0
BRDA:72,9,0,1
BRDA:72,9,1,0
BRDA:76,10,0,1
BRDA:76,10,1,1
BRDA:77,11,0,1
BRDA:77,11,1,1
BRDA:78,12,0,1
BRDA:78,12,1,0
BRDA:83,13,0,1
BRDA:83,13,1,1
BRDA:87,14,0,1
BRDA:87,14,1,0
BRDA:88,15,0,1
BRDA:88,15,1,0
BRDA:127,16,0,0
BRDA:127,16,1,0
BRDA:132,17,0,0
BRDA:132,17,1,0
BRDA:133,18,0,0
BRDA:133,18,1,0
BRDA:137,19,0,0
BRDA:137,19,1,0
BRDA:138,20,0,0
BRDA:138,20,1,0
BRDA:139,21,0,0
BRDA:139,21,1,0
BRDA:140,22,0,0
BRDA:140,22,1,0
BRDA:159,23,0,0
BRDA:159,23,1,0
BRDA:164,24,0,0
BRDA:164,24,1,0
BRDA:165,25,0,0
BRDA:165,25,1,0
BRDA:187,26,0,0
BRDA:187,26,1,0
BRDA:192,27,0,0
BRDA:192,27,1,0
BRDA:194,28,0,0
BRDA:194,28,1,0
BRDA:196,29,0,0
BRDA:196,29,1,0
BRDA:196,30,0,0
BRDA:196,30,1,0
BRDA:202,31,0,0
BRDA:202,31,1,0
BRDA:210,32,0,0
BRDA:210,32,1,0
BRDA:211,33,0,0
BRDA:211,33,1,0
BRDA:222,34,0,0
BRDA:222,34,1,0
BRDA:222,35,0,0
BRDA:222,35,1,0
BRDA:235,36,0,0
BRDA:235,36,1,0
BRDA:240,37,0,0
BRDA:240,37,1,0
BRDA:242,38,0,0
BRDA:242,38,1,0
BRDA:244,39,0,0
BRDA:244,39,1,0
BRDA:244,40,0,0
BRDA:244,40,1,0
BRDA:257,41,0,0
BRDA:257,41,1,0
BRDA:257,42,0,0
BRDA:257,42,1,0
BRF:86
BRH:13
end_of_record
TN:
SF:src\services\deadlineReminderService.js
FN:12,buildReminderKey
FN:16,hasDispatch
FN:17,(anonymous_2)
FN:20,resolveReminderType
FN:40,buildReminderNotification
FN:70,runDeadlineReminderCycle
FN:114,triggerDeadlineReminderForTask
FN:148,startDeadlineReminderScheduler
FN:148,(anonymous_8)
FN:154,(anonymous_9)
FN:165,stopDeadlineReminderScheduler
FNF:11
FNH:6
FNDA:2,buildReminderKey
FNDA:2,hasDispatch
FNDA:1,(anonymous_2)
FNDA:5,resolveReminderType
FNDA:1,buildReminderNotification
FNDA:2,runDeadlineReminderCycle
FNDA:0,triggerDeadlineReminderForTask
FNDA:0,startDeadlineReminderScheduler
FNDA:0,(anonymous_8)
FNDA:0,(anonymous_9)
FNDA:0,stopDeadlineReminderScheduler
DA:1,2
DA:2,2
DA:4,2
DA:10,2
DA:13,2
DA:17,2
DA:21,5
DA:23,5
DA:24,1
DA:27,4
DA:29,4
DA:30,3
DA:33,1
DA:34,1
DA:37,0
DA:41,1
DA:42,1
DA:47,1
DA:53,1
DA:71,2
DA:72,2
DA:78,2
DA:80,2
DA:81,2
DA:82,2
DA:83,0
DA:86,2
DA:88,2
DA:89,2
DA:90,2
DA:91,1
DA:94,1
DA:95,1
DA:96,1
DA:102,1
DA:104,0
DA:108,2
DA:111,2
DA:115,0
DA:116,0
DA:119,0
DA:120,0
DA:121,0
DA:124,0
DA:126,0
DA:127,0
DA:128,0
DA:129,0
DA:132,0
DA:133,0
DA:134,0
DA:141,0
DA:145,0
DA:148,0
DA:149,0
DA:150,0
DA:153,0
DA:154,0
DA:155,0
DA:156,0
DA:158,0
DA:162,0
DA:166,0
DA:167,0
DA:168,0
DA:172,2
LF:66
LH:36
BRDA:17,0,0,2
BRDA:17,0,1,2
BRDA:20,1,0,0
BRDA:23,2,0,1
BRDA:23,2,1,4
BRDA:29,3,0,3
BRDA:29,3,1,1
BRDA:33,4,0,1
BRDA:33,4,1,0
BRDA:58,5,0,0
BRDA:58,5,1,1
BRDA:62,6,0,0
BRDA:62,6,1,1
BRDA:65,7,0,1
BRDA:65,7,1,1
BRDA:70,8,0,0
BRDA:70,9,0,0
BRDA:82,10,0,0
BRDA:82,10,1,2
BRDA:86,11,0,2
BRDA:86,11,1,0
BRDA:90,12,0,1
BRDA:90,12,1,1
BRDA:114,13,0,0
BRDA:114,14,0,0
BRDA:115,15,0,0
BRDA:115,15,1,0
BRDA:115,16,0,0
BRDA:115,16,1,0
BRDA:115,16,2,0
BRDA:120,17,0,0
BRDA:120,17,1,0
BRDA:124,18,0,0
BRDA:124,18,1,0
BRDA:128,19,0,0
BRDA:128,19,1,0
BRDA:148,20,0,0
BRDA:149,21,0,0
BRDA:149,21,1,0
BRDA:153,22,0,0
BRDA:153,22,1,0
BRDA:166,23,0,0
BRDA:166,23,1,0
BRF:43
BRH:15
end_of_record
TN:
SF:src\services\taskService.js
FN:8,buildTaskAssignedNotification
FN:24,buildActorAssignedNotification
FN:25,(anonymous_2)
FN:43,sendAssignmentNotifications
FN:49,(anonymous_4)
FN:50,(anonymous_5)
FN:68,makeActivity
FN:82,createTask
FN:110,getAllTasks
FN:130,getTaskById
FN:137,updateTask
FN:146,(anonymous_11)
FN:155,(anonymous_12)
FN:178,patchTask
FN:187,(anonymous_14)
FN:196,(anonymous_15)
FN:200,(anonymous_16)
FN:219,deleteTask
FN:228,addAssignee
FN:232,(anonymous_19)
FN:263,removeAssignee
FN:267,(anonymous_21)
FN:268,(anonymous_22)
FN:282,addComment
FN:301,deleteComment
FN:305,(anonymous_25)
FN:322,logTime
FN:341,getTaskStats
FN:359,(anonymous_28)
FNF:29
FNH:9
FNDA:4,buildTaskAssignedNotification
FNDA:3,buildActorAssignedNotification
FNDA:4,(anonymous_2)
FNDA:2,sendAssignmentNotifications
FNDA:3,(anonymous_4)
FNDA:3,(anonymous_5)
FNDA:3,makeActivity
FNDA:2,createTask
FNDA:0,getAllTasks
FNDA:0,getTaskById
FNDA:0,updateTask
FNDA:0,(anonymous_11)
FNDA:0,(anonymous_12)
FNDA:0,patchTask
FNDA:0,(anonymous_14)
FNDA:0,(anonymous_15)
FNDA:0,(anonymous_16)
FNDA:0,deleteTask
FNDA:1,addAssignee
FNDA:0,(anonymous_19)
FNDA:0,removeAssignee
FNDA:0,(anonymous_21)
FNDA:0,(anonymous_22)
FNDA:0,addComment
FNDA:0,deleteComment
FNDA:0,(anonymous_25)
FNDA:0,logTime
FNDA:0,getTaskStats
FNDA:0,(anonymous_28)
DA:1,1
DA:5,1
DA:6,1
DA:9,4
DA:25,4
DA:26,3
DA:44,2
DA:45,0
DA:48,2
DA:49,3
DA:50,3
DA:52,2
DA:53,2
DA:56,2
DA:57,0
DA:60,2
DA:61,2
DA:63,0
DA:69,3
DA:83,2
DA:86,2
DA:87,2
DA:96,2
DA:100,2
DA:101,2
DA:102,2
DA:103,2
DA:111,0
DA:113,0
DA:114,0
DA:115,0
DA:116,0
DA:118,0
DA:119,0
DA:120,0
DA:121,0
DA:122,0
DA:124,0
DA:131,0
DA:138,0
DA:139,0
DA:141,0
DA:142,0
DA:144,0
DA:146,0
DA:147,0
DA:148,0
DA:152,0
DA:153,0
DA:154,0
DA:155,0
DA:159,0
DA:160,0
DA:162,0
DA:164,0
DA:165,0
DA:166,0
DA:168,0
DA:172,0
DA:179,0
DA:180,0
DA:182,0
DA:183,0
DA:185,0
DA:187,0
DA:188,0
DA:189,0
DA:193,0
DA:194,0
DA:195,0
DA:196,0
DA:200,0
DA:201,0
DA:203,0
DA:205,0
DA:206,0
DA:207,0
DA:209,0
DA:213,0
DA:220,0
DA:229,1
DA:230,1
DA:232,1
DA:233,1
DA:234,0
DA:235,0
DA:236,0
DA:239,1
DA:240,1
DA:241,1
DA:243,1
DA:244,1
DA:246,0
DA:249,1
DA:250,1
DA:251,1
DA:253,0
DA:257,1
DA:264,0
DA:265,0
DA:267,0
DA:268,0
DA:270,0
DA:271,0
DA:274,0
DA:283,0
DA:284,0
DA:286,0
DA:293,0
DA:294,0
DA:295,0
DA:302,0
DA:303,0
DA:305,0
DA:306,0
DA:307,0
DA:308,0
DA:309,0
DA:312,0
DA:313,0
DA:314,0
DA:323,0
DA:324,0
DA:326,0
DA:334,0
DA:335,0
DA:342,0
DA:343,0
DA:344,0
DA:345,0
DA:347,0
DA:358,0
DA:359,0
DA:360,0
DA:361,0
DA:364,0
DA:367,1
LF:137
LH:38
BRDA:12,0,0,4
BRDA:12,0,1,0
BRDA:14,1,0,0
BRDA:14,1,1,4
BRDA:18,2,0,4
BRDA:18,2,1,0
BRDA:19,3,0,4
BRDA:19,3,1,0
BRDA:20,4,0,0
BRDA:20,4,1,4
BRDA:21,5,0,4
BRDA:21,5,1,2
BRDA:31,6,0,0
BRDA:31,6,1,3
BRDA:37,7,0,0
BRDA:37,7,1,3
BRDA:39,8,0,3
BRDA:39,8,1,1
BRDA:43,9,0,0
BRDA:44,10,0,0
BRDA:44,10,1,2
BRDA:44,11,0,2
BRDA:44,11,1,2
BRDA:52,12,0,2
BRDA:52,12,1,0
BRDA:56,13,0,0
BRDA:56,13,1,2
BRDA:68,14,0,0
BRDA:68,15,0,0
BRDA:68,16,0,0
BRDA:70,17,0,3
BRDA:70,17,1,0
BRDA:71,18,0,3
BRDA:71,18,1,0
BRDA:74,19,0,3
BRDA:74,19,1,0
BRDA:74,20,0,3
BRDA:74,20,1,3
BRDA:75,21,0,3
BRDA:75,21,1,0
BRDA:75,22,0,3
BRDA:75,22,1,0
BRDA:82,23,0,0
BRDA:82,24,0,0
BRDA:86,25,0,2
BRDA:86,25,1,0
BRDA:86,26,0,2
BRDA:86,26,1,2
BRDA:110,27,0,0
BRDA:113,28,0,0
BRDA:113,28,1,0
BRDA:114,29,0,0
BRDA:114,29,1,0
BRDA:115,30,0,0
BRDA:115,30,1,0
BRDA:116,31,0,0
BRDA:116,31,1,0
BRDA:118,32,0,0
BRDA:118,32,1,0
BRDA:119,33,0,0
BRDA:119,33,1,0
BRDA:120,34,0,0
BRDA:120,34,1,0
BRDA:121,35,0,0
BRDA:121,35,1,0
BRDA:122,36,0,0
BRDA:122,36,1,0
BRDA:137,37,0,0
BRDA:137,38,0,0
BRDA:139,39,0,0
BRDA:139,39,1,0
BRDA:144,40,0,0
BRDA:144,40,1,0
BRDA:144,41,0,0
BRDA:144,41,1,0
BRDA:144,42,0,0
BRDA:144,42,1,0
BRDA:147,43,0,0
BRDA:147,43,1,0
BRDA:147,44,0,0
BRDA:147,44,1,0
BRDA:147,45,0,0
BRDA:147,45,1,0
BRDA:147,46,0,0
BRDA:147,46,1,0
BRDA:152,47,0,0
BRDA:152,47,1,0
BRDA:153,48,0,0
BRDA:153,48,1,0
BRDA:154,49,0,0
BRDA:154,49,1,0
BRDA:155,50,0,0
BRDA:155,50,1,0
BRDA:160,51,0,0
BRDA:160,51,1,0
BRDA:164,52,0,0
BRDA:164,52,1,0
BRDA:164,53,0,0
BRDA:164,53,1,0
BRDA:178,54,0,0
BRDA:178,55,0,0
BRDA:180,56,0,0
BRDA:180,56,1,0
BRDA:185,57,0,0
BRDA:185,57,1,0
BRDA:185,58,0,0
BRDA:185,58,1,0
BRDA:185,59,0,0
BRDA:185,59,1,0
BRDA:188,60,0,0
BRDA:188,60,1,0
BRDA:188,61,0,0
BRDA:188,61,1,0
BRDA:188,62,0,0
BRDA:188,62,1,0
BRDA:188,63,0,0
BRDA:188,63,1,0
BRDA:193,64,0,0
BRDA:193,64,1,0
BRDA:194,65,0,0
BRDA:194,65,1,0
BRDA:195,66,0,0
BRDA:195,66,1,0
BRDA:196,67,0,0
BRDA:196,67,1,0
BRDA:201,68,0,0
BRDA:201,68,1,0
BRDA:205,69,0,0
BRDA:205,69,1,0
BRDA:205,70,0,0
BRDA:205,70,1,0
BRDA:228,71,0,0
BRDA:228,72,0,0
BRDA:230,73,0,0
BRDA:230,73,1,1
BRDA:233,74,0,0
BRDA:233,74,1,1
BRDA:249,75,0,1
BRDA:249,75,1,0
BRDA:249,76,0,1
BRDA:249,76,1,1
BRDA:263,77,0,0
BRDA:265,78,0,0
BRDA:265,78,1,0
BRDA:270,79,0,0
BRDA:270,79,1,0
BRDA:284,80,0,0
BRDA:284,80,1,0
BRDA:303,81,0,0
BRDA:303,81,1,0
BRDA:306,82,0,0
BRDA:306,82,1,0
BRDA:324,83,0,0
BRDA:324,83,1,0
BRDA:330,84,0,0
BRDA:330,84,1,0
BRDA:341,85,0,0
BRDA:343,86,0,0
BRDA:343,86,1,0
BRDA:343,87,0,0
BRDA:343,87,1,0
BRDA:343,88,0,0
BRDA:343,88,1,0
BRDA:344,89,0,0
BRDA:344,89,1,0
BRDA:344,90,0,0
BRDA:344,90,1,0
BRDA:344,91,0,0
BRDA:344,91,1,0
BRDA:345,92,0,0
BRDA:345,92,1,0
BRDA:360,93,0,0
BRDA:360,93,1,0
BRF:173
BRH:31
end_of_record
