{"C:\\Users\\lasit\\OneDrive\\Documents\\IDEs\\VS Code\\Task-Management-System\\api-gateway\\src\\server.js": {"path":"C:\\Users\\lasit\\OneDrive\\Documents\\IDEs\\VS Code\\Task-Management-System\\api-gateway\\src\\server.js","statementMap":{"0":{"start":{"line":1,"column":16},"end":{"line":1,"column":34}},"1":{"start":{"line":2,"column":13},"end":{"line":2,"column":28}},"2":{"start":{"line":3,"column":34},"end":{"line":3,"column":66}},"3":{"start":{"line":4,"column":24},"end":{"line":4,"column":59}},"4":{"start":{"line":5,"column":19},"end":{"line":5,"column":49}},"5":{"start":{"line":6,"column":20},"end":{"line":6,"column":51}},"6":{"start":{"line":8,"column":0},"end":{"line":8,"column":27}},"7":{"start":{"line":10,"column":12},"end":{"line":10,"column":21}},"8":{"start":{"line":11,"column":13},"end":{"line":11,"column":37}},"9":{"start":{"line":15,"column":4},"end":{"line":15,"column":20}},"10":{"start":{"line":16,"column":4},"end":{"line":16,"column":28}},"11":{"start":{"line":17,"column":4},"end":{"line":17,"column":20}},"12":{"start":{"line":18,"column":4},"end":{"line":18,"column":25}},"13":{"start":{"line":21,"column":23},"end":{"line":21,"column":34}},"14":{"start":{"line":23,"column":4},"end":{"line":32,"column":7}},"15":{"start":{"line":24,"column":8},"end":{"line":31,"column":10}},"16":{"start":{"line":35,"column":4},"end":{"line":37,"column":7}},"17":{"start":{"line":36,"column":8},"end":{"line":36,"column":71}},"18":{"start":{"line":39,"column":4},"end":{"line":39,"column":15}},"19":{"start":{"line":42,"column":22},"end":{"line":42,"column":33}},"20":{"start":{"line":44,"column":0},"end":{"line":48,"column":1}},"21":{"start":{"line":45,"column":4},"end":{"line":47,"column":7}},"22":{"start":{"line":46,"column":8},"end":{"line":46,"column":59}},"23":{"start":{"line":50,"column":0},"end":{"line":50,"column":51}}},"fnMap":{"0":{"name":"createApp","decl":{"start":{"line":13,"column":9},"end":{"line":13,"column":18}},"loc":{"start":{"line":13,"column":21},"end":{"line":40,"column":1}},"line":13},"1":{"name":"(anonymous_1)","decl":{"start":{"line":23,"column":19},"end":{"line":23,"column":20}},"loc":{"start":{"line":23,"column":30},"end":{"line":32,"column":5}},"line":23},"2":{"name":"(anonymous_2)","decl":{"start":{"line":35,"column":23},"end":{"line":35,"column":24}},"loc":{"start":{"line":35,"column":37},"end":{"line":37,"column":5}},"line":35},"3":{"name":"(anonymous_3)","decl":{"start":{"line":45,"column":31},"end":{"line":45,"column":32}},"loc":{"start":{"line":45,"column":37},"end":{"line":47,"column":5}},"line":45}},"branchMap":{"0":{"loc":{"start":{"line":11,"column":13},"end":{"line":11,"column":37}},"type":"binary-expr","locations":[{"start":{"line":11,"column":13},"end":{"line":11,"column":29}},{"start":{"line":11,"column":33},"end":{"line":11,"column":37}}],"line":11},"1":{"loc":{"start":{"line":29,"column":29},"end":{"line":29,"column":52}},"type":"binary-expr","locations":[{"start":{"line":29,"column":29},"end":{"line":29,"column":46}},{"start":{"line":29,"column":50},"end":{"line":29,"column":52}}],"line":29},"2":{"loc":{"start":{"line":44,"column":0},"end":{"line":48,"column":1}},"type":"if","locations":[{"start":{"line":44,"column":0},"end":{"line":48,"column":1}},{"start":{},"end":{}}],"line":44}},"s":{"0":1,"1":1,"2":1,"3":1,"4":1,"5":1,"6":1,"7":1,"8":1,"9":1,"10":1,"11":1,"12":1,"13":1,"14":1,"15":4,"16":1,"17":1,"18":1,"19":1,"20":1,"21":0,"22":0,"23":1},"f":{"0":1,"1":4,"2":1,"3":0},"b":{"0":[1,1],"1":[4,0],"2":[0,1]},"_coverageSchema":"1a1c01bbd47fc00a2c39e90264f33305004495a9","hash":"79baae7aa05862c5793c3e626c41dc4eed0dd0ab"}
,"C:\\Users\\lasit\\OneDrive\\Documents\\IDEs\\VS Code\\Task-Management-System\\api-gateway\\src\\config\\proxyConfig.js": {"path":"C:\\Users\\lasit\\OneDrive\\Documents\\IDEs\\VS Code\\Task-Management-System\\api-gateway\\src\\config\\proxyConfig.js","statementMap":{"0":{"start":{"line":5,"column":20},"end":{"line":28,"column":1}},"1":{"start":{"line":30,"column":0},"end":{"line":30,"column":29}}},"fnMap":{},"branchMap":{"0":{"loc":{"start":{"line":9,"column":20},"end":{"line":9,"column":75}},"type":"binary-expr","locations":[{"start":{"line":9,"column":20},"end":{"line":9,"column":48}},{"start":{"line":9,"column":52},"end":{"line":9,"column":75}}],"line":9},"1":{"loc":{"start":{"line":14,"column":20},"end":{"line":14,"column":75}},"type":"binary-expr","locations":[{"start":{"line":14,"column":20},"end":{"line":14,"column":48}},{"start":{"line":14,"column":52},"end":{"line":14,"column":75}}],"line":14},"2":{"loc":{"start":{"line":19,"column":20},"end":{"line":19,"column":83}},"type":"binary-expr","locations":[{"start":{"line":19,"column":20},"end":{"line":19,"column":56}},{"start":{"line":19,"column":60},"end":{"line":19,"column":83}}],"line":19},"3":{"loc":{"start":{"line":24,"column":20},"end":{"line":24,"column":77}},"type":"binary-expr","locations":[{"start":{"line":24,"column":20},"end":{"line":24,"column":50}},{"start":{"line":24,"column":54},"end":{"line":24,"column":77}}],"line":24}},"s":{"0":2,"1":2},"f":{},"b":{"0":[2,2],"1":[2,2],"2":[2,2],"3":[2,2]},"_coverageSchema":"1a1c01bbd47fc00a2c39e90264f33305004495a9","hash":"151a6a4590da29b95d4765facfbdad15c9f0460d"}
,"C:\\Users\\lasit\\OneDrive\\Documents\\IDEs\\VS Code\\Task-Management-System\\api-gateway\\src\\middleware\\logger.js": {"path":"C:\\Users\\lasit\\OneDrive\\Documents\\IDEs\\VS Code\\Task-Management-System\\api-gateway\\src\\middleware\\logger.js","statementMap":{"0":{"start":{"line":4,"column":15},"end":{"line":8,"column":1}},"1":{"start":{"line":5,"column":22},"end":{"line":5,"column":46}},"2":{"start":{"line":6,"column":4},"end":{"line":6,"column":67}},"3":{"start":{"line":7,"column":4},"end":{"line":7,"column":11}},"4":{"start":{"line":10,"column":0},"end":{"line":10,"column":28}}},"fnMap":{"0":{"name":"(anonymous_0)","decl":{"start":{"line":4,"column":15},"end":{"line":4,"column":16}},"loc":{"start":{"line":4,"column":35},"end":{"line":8,"column":1}},"line":4}},"branchMap":{},"s":{"0":2,"1":2,"2":2,"3":2,"4":2},"f":{"0":2},"b":{},"_coverageSchema":"1a1c01bbd47fc00a2c39e90264f33305004495a9","hash":"cadb4d96a5cabb285bea21e80f6d5194c3f70058"}
,"C:\\Users\\lasit\\OneDrive\\Documents\\IDEs\\VS Code\\Task-Management-System\\api-gateway\\src\\middleware\\rateLimiter.js": {"path":"C:\\Users\\lasit\\OneDrive\\Documents\\IDEs\\VS Code\\Task-Management-System\\api-gateway\\src\\middleware\\rateLimiter.js","statementMap":{"0":{"start":{"line":5,"column":22},"end":{"line":5,"column":31}},"1":{"start":{"line":7,"column":18},"end":{"line":7,"column":32}},"2":{"start":{"line":8,"column":21},"end":{"line":8,"column":24}},"3":{"start":{"line":10,"column":20},"end":{"line":36,"column":1}},"4":{"start":{"line":11,"column":15},"end":{"line":11,"column":21}},"5":{"start":{"line":12,"column":16},"end":{"line":12,"column":26}},"6":{"start":{"line":14,"column":4},"end":{"line":17,"column":5}},"7":{"start":{"line":15,"column":8},"end":{"line":15,"column":60}},"8":{"start":{"line":16,"column":8},"end":{"line":16,"column":22}},"9":{"start":{"line":19,"column":19},"end":{"line":19,"column":40}},"10":{"start":{"line":21,"column":4},"end":{"line":25,"column":5}},"11":{"start":{"line":23,"column":8},"end":{"line":23,"column":60}},"12":{"start":{"line":24,"column":8},"end":{"line":24,"column":22}},"13":{"start":{"line":27,"column":4},"end":{"line":32,"column":5}},"14":{"start":{"line":28,"column":8},"end":{"line":31,"column":11}},"15":{"start":{"line":34,"column":4},"end":{"line":34,"column":22}},"16":{"start":{"line":35,"column":4},"end":{"line":35,"column":11}},"17":{"start":{"line":38,"column":0},"end":{"line":38,"column":33}}},"fnMap":{"0":{"name":"(anonymous_0)","decl":{"start":{"line":10,"column":20},"end":{"line":10,"column":21}},"loc":{"start":{"line":10,"column":40},"end":{"line":36,"column":1}},"line":10}},"branchMap":{"0":{"loc":{"start":{"line":14,"column":4},"end":{"line":17,"column":5}},"type":"if","locations":[{"start":{"line":14,"column":4},"end":{"line":17,"column":5}},{"start":{},"end":{}}],"line":14},"1":{"loc":{"start":{"line":21,"column":4},"end":{"line":25,"column":5}},"type":"if","locations":[{"start":{"line":21,"column":4},"end":{"line":25,"column":5}},{"start":{},"end":{}}],"line":21},"2":{"loc":{"start":{"line":27,"column":4},"end":{"line":32,"column":5}},"type":"if","locations":[{"start":{"line":27,"column":4},"end":{"line":32,"column":5}},{"start":{},"end":{}}],"line":27}},"s":{"0":2,"1":2,"2":2,"3":2,"4":105,"5":105,"6":105,"7":4,"8":4,"9":101,"10":101,"11":1,"12":1,"13":100,"14":1,"15":99,"16":99,"17":2},"f":{"0":105},"b":{"0":[4,101],"1":[1,100],"2":[1,99]},"_coverageSchema":"1a1c01bbd47fc00a2c39e90264f33305004495a9","hash":"8a9ffcc15b697be4ed30174e47257fb585f233d1"}
}
