TN:
SF:src\server.js
FN:13,createApp
FN:23,(anonymous_1)
FN:35,(anonymous_2)
FN:45,(anonymous_3)
FNF:4
FNH:3
FNDA:1,createApp
FNDA:4,(anonymous_1)
FNDA:1,(anonymous_2)
FNDA:0,(anonymous_3)
DA:1,1
DA:2,1
DA:3,1
DA:4,1
DA:5,1
DA:6,1
DA:8,1
DA:10,1
DA:11,1
DA:15,1
DA:16,1
DA:17,1
DA:18,1
DA:21,1
DA:23,1
DA:24,4
DA:35,1
DA:36,1
DA:39,1
DA:42,1
DA:44,1
DA:45,0
DA:46,0
DA:50,1
LF:24
LH:22
BRDA:11,0,0,1
BRDA:11,0,1,1
BRDA:29,1,0,4
BRDA:29,1,1,0
BRDA:44,2,0,0
BRDA:44,2,1,1
BRF:6
BRH:4
end_of_record
TN:
SF:src\config\proxyConfig.js
FNF:0
FNH:0
DA:5,2
DA:30,2
LF:2
LH:2
BRDA:9,0,0,2
BRDA:9,0,1,2
BRDA:14,1,0,2
BRDA:14,1,1,2
BRDA:19,2,0,2
BRDA:19,2,1,2
BRDA:24,3,0,2
BRDA:24,3,1,2
BRF:8
BRH:8
end_of_record
TN:
SF:src\middleware\logger.js
FN:4,(anonymous_0)
FNF:1
FNH:1
FNDA:2,(anonymous_0)
DA:4,2
DA:5,2
DA:6,2
DA:7,2
DA:10,2
LF:5
LH:5
BRF:0
BRH:0
end_of_record
TN:
SF:src\middleware\rateLimiter.js
FN:10,(anonymous_0)
FNF:1
FNH:1
FNDA:105,(anonymous_0)
DA:5,2
DA:7,2
DA:8,2
DA:10,2
DA:11,105
DA:12,105
DA:14,105
DA:15,4
DA:16,4
DA:19,101
DA:21,101
DA:23,1
DA:24,1
DA:27,100
DA:28,1
DA:34,99
DA:35,99
DA:38,2
LF:18
LH:18
BRDA:14,0,0,4
BRDA:14,0,1,101
BRDA:21,1,0,1
BRDA:21,1,1,100
BRDA:27,2,0,1
BRDA:27,2,1,99
BRF:6
BRH:6
end_of_record
