{"C:\\Users\\lasit\\OneDrive\\Documents\\IDEs\\VS Code\\Task-Management-System\\notifications-management\\frontend\\src\\App.jsx": {"path":"C:\\Users\\lasit\\OneDrive\\Documents\\IDEs\\VS Code\\Task-Management-System\\notifications-management\\frontend\\src\\App.jsx","all":true,"statementMap":{"0":{"start":{"line":1,"column":0},"end":{"line":1,"column":65}},"1":{"start":{"line":2,"column":0},"end":{"line":2,"column":0}},"2":{"start":{"line":3,"column":0},"end":{"line":3,"column":31}},"3":{"start":{"line":4,"column":0},"end":{"line":4,"column":32}},"4":{"start":{"line":5,"column":0},"end":{"line":5,"column":1}}},"s":{"0":0,"1":0,"2":0,"3":0,"4":0},"branchMap":{"0":{"type":"branch","line":1,"loc":{"start":{"line":1,"column":0},"end":{"line":5,"column":1}},"locations":[{"start":{"line":1,"column":0},"end":{"line":5,"column":1}}]}},"b":{"0":[0]},"fnMap":{"0":{"name":"(empty-report)","decl":{"start":{"line":1,"column":0},"end":{"line":5,"column":1}},"loc":{"start":{"line":1,"column":0},"end":{"line":5,"column":1}},"line":1}},"f":{"0":0}}
,"C:\\Users\\lasit\\OneDrive\\Documents\\IDEs\\VS Code\\Task-Management-System\\notifications-management\\frontend\\src\\main.jsx": {"path":"C:\\Users\\lasit\\OneDrive\\Documents\\IDEs\\VS Code\\Task-Management-System\\notifications-management\\frontend\\src\\main.jsx","all":true,"statementMap":{"0":{"start":{"line":1,"column":0},"end":{"line":1,"column":26}},"1":{"start":{"line":2,"column":0},"end":{"line":2,"column":40}},"2":{"start":{"line":3,"column":0},"end":{"line":3,"column":24}},"3":{"start":{"line":4,"column":0},"end":{"line":4,"column":21}},"4":{"start":{"line":5,"column":0},"end":{"line":5,"column":0}},"5":{"start":{"line":6,"column":0},"end":{"line":6,"column":60}},"6":{"start":{"line":7,"column":0},"end":{"line":7,"column":20}},"7":{"start":{"line":8,"column":0},"end":{"line":8,"column":11}},"8":{"start":{"line":9,"column":0},"end":{"line":9,"column":21}},"9":{"start":{"line":10,"column":0},"end":{"line":10,"column":2}}},"s":{"0":0,"1":0,"2":0,"3":0,"4":0,"5":0,"6":0,"7":0,"8":0,"9":0},"branchMap":{"0":{"type":"branch","line":1,"loc":{"start":{"line":1,"column":0},"end":{"line":10,"column":2}},"locations":[{"start":{"line":1,"column":0},"end":{"line":10,"column":2}}]}},"b":{"0":[0]},"fnMap":{"0":{"name":"(empty-report)","decl":{"start":{"line":1,"column":0},"end":{"line":10,"column":2}},"loc":{"start":{"line":1,"column":0},"end":{"line":10,"column":2}},"line":1}},"f":{"0":0}}
,"C:\\Users\\lasit\\OneDrive\\Documents\\IDEs\\VS Code\\Task-Management-System\\notifications-management\\frontend\\src\\api\\notificationsApi.js": {"path":"C:\\Users\\lasit\\OneDrive\\Documents\\IDEs\\VS Code\\Task-Management-System\\notifications-management\\frontend\\src\\api\\notificationsApi.js","all":false,"statementMap":{"0":{"start":{"line":1,"column":0},"end":{"line":1,"column":70}},"1":{"start":{"line":2,"column":0},"end":{"line":2,"column":0}},"2":{"start":{"line":3,"column":0},"end":{"line":3,"column":49}},"3":{"start":{"line":4,"column":0},"end":{"line":4,"column":54}},"4":{"start":{"line":5,"column":0},"end":{"line":5,"column":14}},"5":{"start":{"line":6,"column":0},"end":{"line":6,"column":41}},"6":{"start":{"line":7,"column":0},"end":{"line":7,"column":33}},"7":{"start":{"line":8,"column":0},"end":{"line":8,"column":6}},"8":{"start":{"line":9,"column":0},"end":{"line":9,"column":15}},"9":{"start":{"line":10,"column":0},"end":{"line":10,"column":5}},"10":{"start":{"line":11,"column":0},"end":{"line":11,"column":0}},"11":{"start":{"line":12,"column":0},"end":{"line":12,"column":65}},"12":{"start":{"line":13,"column":0},"end":{"line":13,"column":90}},"13":{"start":{"line":14,"column":0},"end":{"line":14,"column":0}},"14":{"start":{"line":15,"column":0},"end":{"line":15,"column":51}},"15":{"start":{"line":16,"column":0},"end":{"line":16,"column":97}},"16":{"start":{"line":17,"column":0},"end":{"line":17,"column":35}},"17":{"start":{"line":18,"column":0},"end":{"line":18,"column":28}},"18":{"start":{"line":19,"column":0},"end":{"line":19,"column":16}},"19":{"start":{"line":20,"column":0},"end":{"line":20,"column":3}},"20":{"start":{"line":21,"column":0},"end":{"line":21,"column":0}},"21":{"start":{"line":22,"column":0},"end":{"line":22,"column":17}},"22":{"start":{"line":23,"column":0},"end":{"line":23,"column":1}},"23":{"start":{"line":24,"column":0},"end":{"line":24,"column":0}},"24":{"start":{"line":25,"column":0},"end":{"line":25,"column":59}},"25":{"start":{"line":26,"column":0},"end":{"line":26,"column":76}},"26":{"start":{"line":27,"column":0},"end":{"line":27,"column":42}},"27":{"start":{"line":28,"column":0},"end":{"line":28,"column":1}},"28":{"start":{"line":29,"column":0},"end":{"line":29,"column":0}},"29":{"start":{"line":30,"column":0},"end":{"line":30,"column":42}},"30":{"start":{"line":31,"column":0},"end":{"line":31,"column":53}},"31":{"start":{"line":32,"column":0},"end":{"line":32,"column":1}},"32":{"start":{"line":33,"column":0},"end":{"line":33,"column":0}},"33":{"start":{"line":34,"column":0},"end":{"line":34,"column":55}},"34":{"start":{"line":35,"column":0},"end":{"line":35,"column":31}},"35":{"start":{"line":36,"column":0},"end":{"line":36,"column":20}},"36":{"start":{"line":37,"column":0},"end":{"line":37,"column":42}},"37":{"start":{"line":38,"column":0},"end":{"line":38,"column":5}},"38":{"start":{"line":39,"column":0},"end":{"line":39,"column":1}},"39":{"start":{"line":40,"column":0},"end":{"line":40,"column":0}},"40":{"start":{"line":41,"column":0},"end":{"line":41,"column":40}},"41":{"start":{"line":42,"column":0},"end":{"line":42,"column":49}},"42":{"start":{"line":43,"column":0},"end":{"line":43,"column":1}},"43":{"start":{"line":44,"column":0},"end":{"line":44,"column":0}},"44":{"start":{"line":45,"column":0},"end":{"line":45,"column":40}},"45":{"start":{"line":46,"column":0},"end":{"line":46,"column":43}},"46":{"start":{"line":47,"column":0},"end":{"line":47,"column":1}},"47":{"start":{"line":48,"column":0},"end":{"line":48,"column":0}},"48":{"start":{"line":49,"column":0},"end":{"line":49,"column":56}},"49":{"start":{"line":50,"column":0},"end":{"line":50,"column":44}},"50":{"start":{"line":51,"column":0},"end":{"line":51,"column":18}},"51":{"start":{"line":52,"column":0},"end":{"line":52,"column":38}},"52":{"start":{"line":53,"column":0},"end":{"line":53,"column":5}},"53":{"start":{"line":54,"column":0},"end":{"line":54,"column":1}}},"s":{"0":1,"1":1,"2":6,"3":6,"4":6,"5":6,"6":6,"7":6,"8":6,"9":6,"10":6,"11":6,"12":6,"13":6,"14":6,"15":2,"16":2,"17":2,"18":2,"19":2,"20":4,"21":4,"22":4,"23":1,"24":1,"25":1,"26":1,"27":1,"28":1,"29":1,"30":1,"31":1,"32":1,"33":1,"34":1,"35":1,"36":1,"37":1,"38":1,"39":1,"40":1,"41":1,"42":1,"43":1,"44":1,"45":1,"46":1,"47":1,"48":1,"49":1,"50":1,"51":1,"52":1,"53":1},"branchMap":{"0":{"type":"branch","line":3,"loc":{"start":{"line":3,"column":0},"end":{"line":23,"column":1}},"locations":[{"start":{"line":3,"column":0},"end":{"line":23,"column":1}}]},"1":{"type":"branch","line":12,"loc":{"start":{"line":12,"column":59},"end":{"line":12,"column":64}},"locations":[{"start":{"line":12,"column":59},"end":{"line":12,"column":64}}]},"2":{"type":"branch","line":13,"loc":{"start":{"line":13,"column":59},"end":{"line":13,"column":83}},"locations":[{"start":{"line":13,"column":59},"end":{"line":13,"column":83}}]},"3":{"type":"branch","line":13,"loc":{"start":{"line":13,"column":83},"end":{"line":13,"column":89}},"locations":[{"start":{"line":13,"column":83},"end":{"line":13,"column":89}}]},"4":{"type":"branch","line":15,"loc":{"start":{"line":15,"column":19},"end":{"line":15,"column":48}},"locations":[{"start":{"line":15,"column":19},"end":{"line":15,"column":48}}]},"5":{"type":"branch","line":15,"loc":{"start":{"line":15,"column":50},"end":{"line":20,"column":3}},"locations":[{"start":{"line":15,"column":50},"end":{"line":20,"column":3}}]},"6":{"type":"branch","line":16,"loc":{"start":{"line":16,"column":35},"end":{"line":16,"column":44}},"locations":[{"start":{"line":16,"column":35},"end":{"line":16,"column":44}}]},"7":{"type":"branch","line":16,"loc":{"start":{"line":16,"column":45},"end":{"line":16,"column":95}},"locations":[{"start":{"line":16,"column":45},"end":{"line":16,"column":95}}]},"8":{"type":"branch","line":20,"loc":{"start":{"line":20,"column":2},"end":{"line":23,"column":1}},"locations":[{"start":{"line":20,"column":2},"end":{"line":23,"column":1}}]},"9":{"type":"branch","line":25,"loc":{"start":{"line":25,"column":7},"end":{"line":28,"column":1}},"locations":[{"start":{"line":25,"column":7},"end":{"line":28,"column":1}}]},"10":{"type":"branch","line":30,"loc":{"start":{"line":30,"column":7},"end":{"line":32,"column":1}},"locations":[{"start":{"line":30,"column":7},"end":{"line":32,"column":1}}]},"11":{"type":"branch","line":34,"loc":{"start":{"line":34,"column":7},"end":{"line":39,"column":1}},"locations":[{"start":{"line":34,"column":7},"end":{"line":39,"column":1}}]},"12":{"type":"branch","line":41,"loc":{"start":{"line":41,"column":7},"end":{"line":43,"column":1}},"locations":[{"start":{"line":41,"column":7},"end":{"line":43,"column":1}}]},"13":{"type":"branch","line":45,"loc":{"start":{"line":45,"column":7},"end":{"line":47,"column":1}},"locations":[{"start":{"line":45,"column":7},"end":{"line":47,"column":1}}]},"14":{"type":"branch","line":49,"loc":{"start":{"line":49,"column":7},"end":{"line":54,"column":1}},"locations":[{"start":{"line":49,"column":7},"end":{"line":54,"column":1}}]}},"b":{"0":[6],"1":[0],"2":[5],"3":[1],"4":[4],"5":[2],"6":[1],"7":[1],"8":[4],"9":[1],"10":[1],"11":[1],"12":[1],"13":[1],"14":[1]},"fnMap":{"0":{"name":"request","decl":{"start":{"line":3,"column":0},"end":{"line":23,"column":1}},"loc":{"start":{"line":3,"column":0},"end":{"line":23,"column":1}},"line":3},"1":{"name":"getNotifications","decl":{"start":{"line":25,"column":7},"end":{"line":28,"column":1}},"loc":{"start":{"line":25,"column":7},"end":{"line":28,"column":1}},"line":25},"2":{"name":"markNotificationRead","decl":{"start":{"line":30,"column":7},"end":{"line":32,"column":1}},"loc":{"start":{"line":30,"column":7},"end":{"line":32,"column":1}},"line":30},"3":{"name":"markAllNotificationsRead","decl":{"start":{"line":34,"column":7},"end":{"line":39,"column":1}},"loc":{"start":{"line":34,"column":7},"end":{"line":39,"column":1}},"line":34},"4":{"name":"deleteNotification","decl":{"start":{"line":41,"column":7},"end":{"line":43,"column":1}},"loc":{"start":{"line":41,"column":7},"end":{"line":43,"column":1}},"line":41},"5":{"name":"getPreferences","decl":{"start":{"line":45,"column":7},"end":{"line":47,"column":1}},"loc":{"start":{"line":45,"column":7},"end":{"line":47,"column":1}},"line":45},"6":{"name":"updatePreferences","decl":{"start":{"line":49,"column":7},"end":{"line":54,"column":1}},"loc":{"start":{"line":49,"column":7},"end":{"line":54,"column":1}},"line":49}},"f":{"0":6,"1":1,"2":1,"3":1,"4":1,"5":1,"6":1}}
,"C:\\Users\\lasit\\OneDrive\\Documents\\IDEs\\VS Code\\Task-Management-System\\notifications-management\\frontend\\src\\components\\NotificationCard.jsx": {"path":"C:\\Users\\lasit\\OneDrive\\Documents\\IDEs\\VS Code\\Task-Management-System\\notifications-management\\frontend\\src\\components\\NotificationCard.jsx","all":false,"statementMap":{"0":{"start":{"line":1,"column":0},"end":{"line":1,"column":58}},"2":{"start":{"line":3,"column":0},"end":{"line":3,"column":27}},"3":{"start":{"line":4,"column":0},"end":{"line":4,"column":80}},"4":{"start":{"line":5,"column":0},"end":{"line":5,"column":38}},"5":{"start":{"line":6,"column":0},"end":{"line":6,"column":40}},"6":{"start":{"line":7,"column":0},"end":{"line":7,"column":39}},"7":{"start":{"line":8,"column":0},"end":{"line":8,"column":36}},"8":{"start":{"line":9,"column":0},"end":{"line":9,"column":37}},"9":{"start":{"line":10,"column":0},"end":{"line":10,"column":36}},"10":{"start":{"line":11,"column":0},"end":{"line":11,"column":38}},"11":{"start":{"line":12,"column":0},"end":{"line":12,"column":91}},"12":{"start":{"line":13,"column":0},"end":{"line":13,"column":1}},"14":{"start":{"line":15,"column":0},"end":{"line":15,"column":82}},"15":{"start":{"line":16,"column":0},"end":{"line":16,"column":48}},"16":{"start":{"line":17,"column":0},"end":{"line":17,"column":17}},"17":{"start":{"line":18,"column":0},"end":{"line":18,"column":24}},"18":{"start":{"line":19,"column":0},"end":{"line":19,"column":26}},"19":{"start":{"line":20,"column":0},"end":{"line":20,"column":4}},"21":{"start":{"line":22,"column":0},"end":{"line":22,"column":10}},"22":{"start":{"line":23,"column":0},"end":{"line":23,"column":80}},"23":{"start":{"line":24,"column":0},"end":{"line":24,"column":62}},"24":{"start":{"line":25,"column":0},"end":{"line":25,"column":68}},"25":{"start":{"line":26,"column":0},"end":{"line":26,"column":12}},"26":{"start":{"line":27,"column":0},"end":{"line":27,"column":34}},"27":{"start":{"line":28,"column":0},"end":{"line":28,"column":38}},"28":{"start":{"line":29,"column":0},"end":{"line":29,"column":65}},"29":{"start":{"line":30,"column":0},"end":{"line":30,"column":14}},"30":{"start":{"line":31,"column":0},"end":{"line":31,"column":67}},"31":{"start":{"line":32,"column":0},"end":{"line":32,"column":36}},"32":{"start":{"line":33,"column":0},"end":{"line":33,"column":39}},"33":{"start":{"line":34,"column":0},"end":{"line":34,"column":69}},"34":{"start":{"line":35,"column":0},"end":{"line":35,"column":45}},"35":{"start":{"line":36,"column":0},"end":{"line":36,"column":17}},"36":{"start":{"line":37,"column":0},"end":{"line":37,"column":100}},"37":{"start":{"line":38,"column":0},"end":{"line":38,"column":14}},"38":{"start":{"line":39,"column":0},"end":{"line":39,"column":12}},"39":{"start":{"line":40,"column":0},"end":{"line":40,"column":37}},"40":{"start":{"line":41,"column":0},"end":{"line":41,"column":33}},"41":{"start":{"line":42,"column":0},"end":{"line":42,"column":113}},"42":{"start":{"line":43,"column":0},"end":{"line":43,"column":65}},"43":{"start":{"line":44,"column":0},"end":{"line":44,"column":19}},"44":{"start":{"line":45,"column":0},"end":{"line":45,"column":17}},"45":{"start":{"line":46,"column":0},"end":{"line":46,"column":110}},"46":{"start":{"line":47,"column":0},"end":{"line":47,"column":73}},"47":{"start":{"line":48,"column":0},"end":{"line":48,"column":17}},"48":{"start":{"line":49,"column":0},"end":{"line":49,"column":12}},"49":{"start":{"line":50,"column":0},"end":{"line":50,"column":10}},"51":{"start":{"line":52,"column":0},"end":{"line":52,"column":1}}},"s":{"0":1,"2":15,"3":15,"4":15,"5":15,"6":15,"7":13,"8":13,"9":0,"10":0,"11":0,"12":0,"14":15,"15":15,"16":0,"17":0,"18":0,"19":0,"21":15,"22":15,"23":15,"24":15,"25":15,"26":15,"27":15,"28":15,"29":15,"30":15,"31":15,"32":15,"33":15,"34":15,"35":15,"36":15,"37":15,"38":15,"39":15,"40":15,"41":5,"42":5,"43":5,"44":10,"45":15,"46":15,"47":15,"48":15,"49":15,"51":15},"branchMap":{"0":{"type":"branch","line":3,"loc":{"start":{"line":3,"column":0},"end":{"line":13,"column":1}},"locations":[{"start":{"line":3,"column":0},"end":{"line":13,"column":1}}]},"1":{"type":"branch","line":5,"loc":{"start":{"line":5,"column":20},"end":{"line":5,"column":38}},"locations":[{"start":{"line":5,"column":20},"end":{"line":5,"column":38}}]},"2":{"type":"branch","line":7,"loc":{"start":{"line":7,"column":17},"end":{"line":7,"column":39}},"locations":[{"start":{"line":7,"column":17},"end":{"line":7,"column":39}}]},"3":{"type":"branch","line":7,"loc":{"start":{"line":7,"column":31},"end":{"line":13,"column":1}},"locations":[{"start":{"line":7,"column":31},"end":{"line":13,"column":1}}]},"4":{"type":"branch","line":9,"loc":{"start":{"line":9,"column":29},"end":{"line":13,"column":1}},"locations":[{"start":{"line":9,"column":29},"end":{"line":13,"column":1}}]},"5":{"type":"branch","line":15,"loc":{"start":{"line":15,"column":0},"end":{"line":52,"column":1}},"locations":[{"start":{"line":15,"column":0},"end":{"line":52,"column":1}}]},"6":{"type":"branch","line":16,"loc":{"start":{"line":16,"column":42},"end":{"line":20,"column":4}},"locations":[{"start":{"line":16,"column":42},"end":{"line":20,"column":4}}]},"7":{"type":"branch","line":23,"loc":{"start":{"line":23,"column":54},"end":{"line":23,"column":68}},"locations":[{"start":{"line":23,"column":54},"end":{"line":23,"column":68}}]},"8":{"type":"branch","line":23,"loc":{"start":{"line":23,"column":63},"end":{"line":23,"column":76}},"locations":[{"start":{"line":23,"column":63},"end":{"line":23,"column":76}}]},"9":{"type":"branch","line":41,"loc":{"start":{"line":41,"column":23},"end":{"line":44,"column":19}},"locations":[{"start":{"line":41,"column":23},"end":{"line":44,"column":19}}]},"10":{"type":"branch","line":44,"loc":{"start":{"line":44,"column":10},"end":{"line":45,"column":17}},"locations":[{"start":{"line":44,"column":10},"end":{"line":45,"column":17}}]},"11":{"type":"branch","line":42,"loc":{"start":{"line":42,"column":56},"end":{"line":42,"column":92}},"locations":[{"start":{"line":42,"column":56},"end":{"line":42,"column":92}}]},"12":{"type":"branch","line":46,"loc":{"start":{"line":46,"column":61},"end":{"line":46,"column":95}},"locations":[{"start":{"line":46,"column":61},"end":{"line":46,"column":95}}]}},"b":{"0":[15],"1":[0],"2":[2],"3":[13],"4":[0],"5":[15],"6":[0],"7":[10],"8":[5],"9":[5],"10":[10],"11":[2],"12":[2]},"fnMap":{"0":{"name":"timeAgo","decl":{"start":{"line":3,"column":0},"end":{"line":13,"column":1}},"loc":{"start":{"line":3,"column":0},"end":{"line":13,"column":1}},"line":3},"1":{"name":"NotificationCard","decl":{"start":{"line":15,"column":0},"end":{"line":52,"column":1}},"loc":{"start":{"line":15,"column":0},"end":{"line":52,"column":1}},"line":15},"2":{"name":"onClick","decl":{"start":{"line":42,"column":56},"end":{"line":42,"column":92}},"loc":{"start":{"line":42,"column":56},"end":{"line":42,"column":92}},"line":42},"3":{"name":"onClick","decl":{"start":{"line":46,"column":61},"end":{"line":46,"column":95}},"loc":{"start":{"line":46,"column":61},"end":{"line":46,"column":95}},"line":46}},"f":{"0":15,"1":15,"2":2,"3":2}}
,"C:\\Users\\lasit\\OneDrive\\Documents\\IDEs\\VS Code\\Task-Management-System\\notifications-management\\frontend\\src\\components\\NotificationCenter.jsx": {"path":"C:\\Users\\lasit\\OneDrive\\Documents\\IDEs\\VS Code\\Task-Management-System\\notifications-management\\frontend\\src\\components\\NotificationCenter.jsx","all":false,"statementMap":{"0":{"start":{"line":1,"column":0},"end":{"line":1,"column":53}},"1":{"start":{"line":2,"column":0},"end":{"line":2,"column":8}},"9":{"start":{"line":10,"column":0},"end":{"line":10,"column":96}},"10":{"start":{"line":11,"column":0},"end":{"line":11,"column":50}},"11":{"start":{"line":12,"column":0},"end":{"line":12,"column":50}},"13":{"start":{"line":14,"column":0},"end":{"line":14,"column":26}},"14":{"start":{"line":15,"column":0},"end":{"line":15,"column":21}},"15":{"start":{"line":16,"column":0},"end":{"line":16,"column":21}},"16":{"start":{"line":17,"column":0},"end":{"line":17,"column":18}},"17":{"start":{"line":18,"column":0},"end":{"line":18,"column":2}},"19":{"start":{"line":20,"column":0},"end":{"line":20,"column":40}},"20":{"start":{"line":21,"column":0},"end":{"line":21,"column":17}},"21":{"start":{"line":22,"column":0},"end":{"line":22,"column":28}},"22":{"start":{"line":23,"column":0},"end":{"line":23,"column":3}},"24":{"start":{"line":25,"column":0},"end":{"line":25,"column":51}},"25":{"start":{"line":26,"column":0},"end":{"line":26,"column":120}},"26":{"start":{"line":27,"column":0},"end":{"line":27,"column":64}},"28":{"start":{"line":29,"column":0},"end":{"line":29,"column":10}},"29":{"start":{"line":30,"column":0},"end":{"line":30,"column":47}},"30":{"start":{"line":31,"column":0},"end":{"line":31,"column":47}},"31":{"start":{"line":32,"column":0},"end":{"line":32,"column":43}},"32":{"start":{"line":33,"column":0},"end":{"line":33,"column":4}},"33":{"start":{"line":34,"column":0},"end":{"line":34,"column":1}},"35":{"start":{"line":36,"column":0},"end":{"line":36,"column":37}},"36":{"start":{"line":37,"column":0},"end":{"line":37,"column":88}},"37":{"start":{"line":38,"column":0},"end":{"line":38,"column":43}},"38":{"start":{"line":39,"column":0},"end":{"line":39,"column":46}},"39":{"start":{"line":40,"column":0},"end":{"line":40,"column":51}},"40":{"start":{"line":41,"column":0},"end":{"line":41,"column":30}},"41":{"start":{"line":42,"column":0},"end":{"line":42,"column":5}},"42":{"start":{"line":43,"column":0},"end":{"line":43,"column":5}},"43":{"start":{"line":44,"column":0},"end":{"line":44,"column":16}},"44":{"start":{"line":45,"column":0},"end":{"line":45,"column":1}},"46":{"start":{"line":47,"column":0},"end":{"line":47,"column":28}},"47":{"start":{"line":48,"column":0},"end":{"line":48,"column":10}},"48":{"start":{"line":49,"column":0},"end":{"line":49,"column":6}},"49":{"start":{"line":50,"column":0},"end":{"line":50,"column":31}},"50":{"start":{"line":51,"column":0},"end":{"line":51,"column":49}},"51":{"start":{"line":52,"column":0},"end":{"line":52,"column":52}},"52":{"start":{"line":53,"column":0},"end":{"line":53,"column":41}},"53":{"start":{"line":54,"column":0},"end":{"line":54,"column":55}},"54":{"start":{"line":55,"column":0},"end":{"line":55,"column":54}},"55":{"start":{"line":56,"column":0},"end":{"line":56,"column":60}},"56":{"start":{"line":57,"column":0},"end":{"line":57,"column":16}},"57":{"start":{"line":58,"column":0},"end":{"line":58,"column":14}},"58":{"start":{"line":59,"column":0},"end":{"line":59,"column":9}},"59":{"start":{"line":60,"column":0},"end":{"line":60,"column":7}},"61":{"start":{"line":62,"column":0},"end":{"line":62,"column":1}},"63":{"start":{"line":64,"column":0},"end":{"line":64,"column":28}},"64":{"start":{"line":65,"column":0},"end":{"line":65,"column":10}},"65":{"start":{"line":66,"column":0},"end":{"line":66,"column":37}},"66":{"start":{"line":67,"column":0},"end":{"line":67,"column":29}},"67":{"start":{"line":68,"column":0},"end":{"line":68,"column":62}},"68":{"start":{"line":69,"column":0},"end":{"line":69,"column":112}},"69":{"start":{"line":70,"column":0},"end":{"line":70,"column":38}},"70":{"start":{"line":71,"column":0},"end":{"line":71,"column":14}},"71":{"start":{"line":72,"column":0},"end":{"line":72,"column":9}},"72":{"start":{"line":73,"column":0},"end":{"line":73,"column":10}},"74":{"start":{"line":75,"column":0},"end":{"line":75,"column":1}},"76":{"start":{"line":77,"column":0},"end":{"line":77,"column":46}},"77":{"start":{"line":78,"column":0},"end":{"line":78,"column":57}},"78":{"start":{"line":79,"column":0},"end":{"line":79,"column":58}},"79":{"start":{"line":80,"column":0},"end":{"line":80,"column":58}},"80":{"start":{"line":81,"column":0},"end":{"line":81,"column":56}},"81":{"start":{"line":82,"column":0},"end":{"line":82,"column":52}},"82":{"start":{"line":83,"column":0},"end":{"line":83,"column":67}},"83":{"start":{"line":84,"column":0},"end":{"line":84,"column":47}},"84":{"start":{"line":85,"column":0},"end":{"line":85,"column":41}},"85":{"start":{"line":86,"column":0},"end":{"line":86,"column":56}},"86":{"start":{"line":87,"column":0},"end":{"line":87,"column":43}},"88":{"start":{"line":89,"column":0},"end":{"line":89,"column":106}},"89":{"start":{"line":90,"column":0},"end":{"line":90,"column":76}},"91":{"start":{"line":92,"column":0},"end":{"line":92,"column":40}},"92":{"start":{"line":93,"column":0},"end":{"line":93,"column":9}},"93":{"start":{"line":94,"column":0},"end":{"line":94,"column":46}},"94":{"start":{"line":95,"column":0},"end":{"line":95,"column":50}},"95":{"start":{"line":96,"column":0},"end":{"line":96,"column":94}},"96":{"start":{"line":97,"column":0},"end":{"line":97,"column":29}},"97":{"start":{"line":98,"column":0},"end":{"line":98,"column":35}},"98":{"start":{"line":99,"column":0},"end":{"line":99,"column":64}},"99":{"start":{"line":100,"column":0},"end":{"line":100,"column":59}},"100":{"start":{"line":101,"column":0},"end":{"line":101,"column":46}},"101":{"start":{"line":102,"column":0},"end":{"line":102,"column":9}},"102":{"start":{"line":103,"column":0},"end":{"line":103,"column":47}},"103":{"start":{"line":104,"column":0},"end":{"line":104,"column":4}},"105":{"start":{"line":106,"column":0},"end":{"line":106,"column":19}},"106":{"start":{"line":107,"column":0},"end":{"line":107,"column":26}},"108":{"start":{"line":109,"column":0},"end":{"line":109,"column":38}},"109":{"start":{"line":110,"column":0},"end":{"line":110,"column":23}},"110":{"start":{"line":111,"column":0},"end":{"line":111,"column":19}},"112":{"start":{"line":113,"column":0},"end":{"line":113,"column":11}},"113":{"start":{"line":114,"column":0},"end":{"line":114,"column":79}},"114":{"start":{"line":115,"column":0},"end":{"line":115,"column":44}},"115":{"start":{"line":116,"column":0},"end":{"line":116,"column":38}},"116":{"start":{"line":117,"column":0},"end":{"line":117,"column":11}},"118":{"start":{"line":119,"column":0},"end":{"line":119,"column":24}},"119":{"start":{"line":120,"column":0},"end":{"line":120,"column":17}},"120":{"start":{"line":121,"column":0},"end":{"line":121,"column":9}},"122":{"start":{"line":123,"column":0},"end":{"line":123,"column":72}},"123":{"start":{"line":124,"column":0},"end":{"line":124,"column":71}},"124":{"start":{"line":125,"column":0},"end":{"line":125,"column":27}},"125":{"start":{"line":126,"column":0},"end":{"line":126,"column":25}},"126":{"start":{"line":127,"column":0},"end":{"line":127,"column":122}},"127":{"start":{"line":128,"column":0},"end":{"line":128,"column":9}},"128":{"start":{"line":129,"column":0},"end":{"line":129,"column":17}},"129":{"start":{"line":130,"column":0},"end":{"line":130,"column":25}},"130":{"start":{"line":131,"column":0},"end":{"line":131,"column":28}},"131":{"start":{"line":132,"column":0},"end":{"line":132,"column":9}},"132":{"start":{"line":133,"column":0},"end":{"line":133,"column":7}},"133":{"start":{"line":134,"column":0},"end":{"line":134,"column":5}},"135":{"start":{"line":136,"column":0},"end":{"line":136,"column":22}},"137":{"start":{"line":138,"column":0},"end":{"line":138,"column":18}},"138":{"start":{"line":139,"column":0},"end":{"line":139,"column":23}},"139":{"start":{"line":140,"column":0},"end":{"line":140,"column":6}},"140":{"start":{"line":141,"column":0},"end":{"line":141,"column":9}},"142":{"start":{"line":143,"column":0},"end":{"line":143,"column":19}},"143":{"start":{"line":144,"column":0},"end":{"line":144,"column":25}},"144":{"start":{"line":145,"column":0},"end":{"line":145,"column":23}},"145":{"start":{"line":146,"column":0},"end":{"line":146,"column":5}},"147":{"start":{"line":148,"column":0},"end":{"line":148,"column":43}},"148":{"start":{"line":149,"column":0},"end":{"line":149,"column":47}},"149":{"start":{"line":150,"column":0},"end":{"line":150,"column":13}},"151":{"start":{"line":152,"column":0},"end":{"line":152,"column":44}},"152":{"start":{"line":153,"column":0},"end":{"line":153,"column":15}},"154":{"start":{"line":155,"column":0},"end":{"line":155,"column":49}},"155":{"start":{"line":156,"column":0},"end":{"line":156,"column":98}},"156":{"start":{"line":157,"column":0},"end":{"line":157,"column":3}},"158":{"start":{"line":159,"column":0},"end":{"line":159,"column":37}},"159":{"start":{"line":160,"column":0},"end":{"line":160,"column":9}},"160":{"start":{"line":161,"column":0},"end":{"line":161,"column":37}},"161":{"start":{"line":162,"column":0},"end":{"line":162,"column":113}},"162":{"start":{"line":163,"column":0},"end":{"line":163,"column":47}},"163":{"start":{"line":164,"column":0},"end":{"line":164,"column":13}},"164":{"start":{"line":165,"column":0},"end":{"line":165,"column":51}},"165":{"start":{"line":166,"column":0},"end":{"line":166,"column":5}},"166":{"start":{"line":167,"column":0},"end":{"line":167,"column":3}},"168":{"start":{"line":169,"column":0},"end":{"line":169,"column":38}},"169":{"start":{"line":170,"column":0},"end":{"line":170,"column":9}},"170":{"start":{"line":171,"column":0},"end":{"line":171,"column":50}},"171":{"start":{"line":172,"column":0},"end":{"line":172,"column":88}},"172":{"start":{"line":173,"column":0},"end":{"line":173,"column":52}},"173":{"start":{"line":174,"column":0},"end":{"line":174,"column":13}},"174":{"start":{"line":175,"column":0},"end":{"line":175,"column":55}},"175":{"start":{"line":176,"column":0},"end":{"line":176,"column":5}},"176":{"start":{"line":177,"column":0},"end":{"line":177,"column":3}},"178":{"start":{"line":179,"column":0},"end":{"line":179,"column":35}},"179":{"start":{"line":180,"column":0},"end":{"line":180,"column":9}},"180":{"start":{"line":181,"column":0},"end":{"line":181,"column":35}},"181":{"start":{"line":182,"column":0},"end":{"line":182,"column":79}},"182":{"start":{"line":183,"column":0},"end":{"line":183,"column":40}},"183":{"start":{"line":184,"column":0},"end":{"line":184,"column":13}},"184":{"start":{"line":185,"column":0},"end":{"line":185,"column":58}},"185":{"start":{"line":186,"column":0},"end":{"line":186,"column":5}},"186":{"start":{"line":187,"column":0},"end":{"line":187,"column":3}},"188":{"start":{"line":189,"column":0},"end":{"line":189,"column":40}},"189":{"start":{"line":190,"column":0},"end":{"line":190,"column":34}},"190":{"start":{"line":191,"column":0},"end":{"line":191,"column":17}},"191":{"start":{"line":192,"column":0},"end":{"line":192,"column":27}},"192":{"start":{"line":193,"column":0},"end":{"line":193,"column":8}},"193":{"start":{"line":194,"column":0},"end":{"line":194,"column":3}},"195":{"start":{"line":196,"column":0},"end":{"line":196,"column":39}},"196":{"start":{"line":197,"column":0},"end":{"line":197,"column":34}},"197":{"start":{"line":198,"column":0},"end":{"line":198,"column":17}},"198":{"start":{"line":199,"column":0},"end":{"line":199,"column":20}},"199":{"start":{"line":200,"column":0},"end":{"line":200,"column":31}},"200":{"start":{"line":201,"column":0},"end":{"line":201,"column":17}},"201":{"start":{"line":202,"column":0},"end":{"line":202,"column":65}},"202":{"start":{"line":203,"column":0},"end":{"line":203,"column":58}},"203":{"start":{"line":204,"column":0},"end":{"line":204,"column":58}},"204":{"start":{"line":205,"column":0},"end":{"line":205,"column":10}},"205":{"start":{"line":206,"column":0},"end":{"line":206,"column":8}},"206":{"start":{"line":207,"column":0},"end":{"line":207,"column":8}},"207":{"start":{"line":208,"column":0},"end":{"line":208,"column":3}},"209":{"start":{"line":210,"column":0},"end":{"line":210,"column":42}},"210":{"start":{"line":211,"column":0},"end":{"line":211,"column":25}},"211":{"start":{"line":212,"column":0},"end":{"line":212,"column":9}},"212":{"start":{"line":213,"column":0},"end":{"line":213,"column":23}},"213":{"start":{"line":214,"column":0},"end":{"line":214,"column":47}},"214":{"start":{"line":215,"column":0},"end":{"line":215,"column":47}},"215":{"start":{"line":216,"column":0},"end":{"line":216,"column":45}},"216":{"start":{"line":217,"column":0},"end":{"line":217,"column":8}},"217":{"start":{"line":218,"column":0},"end":{"line":218,"column":69}},"218":{"start":{"line":219,"column":0},"end":{"line":219,"column":58}},"219":{"start":{"line":220,"column":0},"end":{"line":220,"column":37}},"220":{"start":{"line":221,"column":0},"end":{"line":221,"column":26}},"221":{"start":{"line":222,"column":0},"end":{"line":222,"column":13}},"222":{"start":{"line":223,"column":0},"end":{"line":223,"column":55}},"223":{"start":{"line":224,"column":0},"end":{"line":224,"column":15}},"224":{"start":{"line":225,"column":0},"end":{"line":225,"column":28}},"225":{"start":{"line":226,"column":0},"end":{"line":226,"column":5}},"226":{"start":{"line":227,"column":0},"end":{"line":227,"column":3}},"228":{"start":{"line":229,"column":0},"end":{"line":229,"column":10}},"229":{"start":{"line":230,"column":0},"end":{"line":230,"column":6}},"230":{"start":{"line":231,"column":0},"end":{"line":231,"column":55}},"231":{"start":{"line":232,"column":0},"end":{"line":232,"column":102}},"232":{"start":{"line":233,"column":0},"end":{"line":233,"column":63}},"233":{"start":{"line":234,"column":0},"end":{"line":234,"column":17}},"234":{"start":{"line":235,"column":0},"end":{"line":235,"column":55}},"235":{"start":{"line":236,"column":0},"end":{"line":236,"column":44}},"236":{"start":{"line":237,"column":0},"end":{"line":237,"column":72}},"237":{"start":{"line":238,"column":0},"end":{"line":238,"column":67}},"238":{"start":{"line":239,"column":0},"end":{"line":239,"column":14}},"239":{"start":{"line":240,"column":0},"end":{"line":240,"column":12}},"241":{"start":{"line":242,"column":0},"end":{"line":242,"column":110}},"243":{"start":{"line":244,"column":0},"end":{"line":244,"column":34}},"244":{"start":{"line":245,"column":0},"end":{"line":245,"column":66}},"245":{"start":{"line":246,"column":0},"end":{"line":246,"column":42}},"246":{"start":{"line":247,"column":0},"end":{"line":247,"column":42}},"247":{"start":{"line":248,"column":0},"end":{"line":248,"column":48}},"248":{"start":{"line":249,"column":0},"end":{"line":249,"column":19}},"249":{"start":{"line":250,"column":0},"end":{"line":250,"column":59}},"250":{"start":{"line":251,"column":0},"end":{"line":251,"column":71}},"251":{"start":{"line":252,"column":0},"end":{"line":252,"column":20}},"252":{"start":{"line":253,"column":0},"end":{"line":253,"column":18}},"253":{"start":{"line":254,"column":0},"end":{"line":254,"column":16}},"254":{"start":{"line":255,"column":0},"end":{"line":255,"column":39}},"255":{"start":{"line":256,"column":0},"end":{"line":256,"column":57}},"256":{"start":{"line":257,"column":0},"end":{"line":257,"column":45}},"257":{"start":{"line":258,"column":0},"end":{"line":258,"column":72}},"259":{"start":{"line":260,"column":0},"end":{"line":260,"column":16}},"260":{"start":{"line":261,"column":0},"end":{"line":261,"column":45}},"261":{"start":{"line":262,"column":0},"end":{"line":262,"column":75}},"263":{"start":{"line":264,"column":0},"end":{"line":264,"column":16}},"264":{"start":{"line":265,"column":0},"end":{"line":265,"column":52}},"265":{"start":{"line":266,"column":0},"end":{"line":266,"column":76}},"267":{"start":{"line":268,"column":0},"end":{"line":268,"column":62}},"268":{"start":{"line":269,"column":0},"end":{"line":269,"column":16}},"269":{"start":{"line":270,"column":0},"end":{"line":270,"column":45}},"270":{"start":{"line":271,"column":0},"end":{"line":271,"column":68}},"272":{"start":{"line":273,"column":0},"end":{"line":273,"column":16}},"273":{"start":{"line":274,"column":0},"end":{"line":274,"column":61}},"274":{"start":{"line":275,"column":0},"end":{"line":275,"column":45}},"275":{"start":{"line":276,"column":0},"end":{"line":276,"column":72}},"277":{"start":{"line":278,"column":0},"end":{"line":278,"column":16}},"278":{"start":{"line":279,"column":0},"end":{"line":279,"column":45}},"279":{"start":{"line":280,"column":0},"end":{"line":280,"column":71}},"281":{"start":{"line":282,"column":0},"end":{"line":282,"column":16}},"282":{"start":{"line":283,"column":0},"end":{"line":283,"column":16}},"283":{"start":{"line":284,"column":0},"end":{"line":284,"column":42}},"284":{"start":{"line":285,"column":0},"end":{"line":285,"column":39}},"285":{"start":{"line":286,"column":0},"end":{"line":286,"column":51}},"286":{"start":{"line":287,"column":0},"end":{"line":287,"column":41}},"287":{"start":{"line":288,"column":0},"end":{"line":288,"column":57}},"288":{"start":{"line":289,"column":0},"end":{"line":289,"column":57}},"289":{"start":{"line":290,"column":0},"end":{"line":290,"column":20}},"290":{"start":{"line":291,"column":0},"end":{"line":291,"column":81}},"291":{"start":{"line":292,"column":0},"end":{"line":292,"column":18}},"292":{"start":{"line":293,"column":0},"end":{"line":293,"column":16}},"293":{"start":{"line":294,"column":0},"end":{"line":294,"column":16}},"295":{"start":{"line":296,"column":0},"end":{"line":296,"column":39}},"296":{"start":{"line":297,"column":0},"end":{"line":297,"column":42}},"297":{"start":{"line":298,"column":0},"end":{"line":298,"column":45}},"298":{"start":{"line":299,"column":0},"end":{"line":299,"column":41}},"300":{"start":{"line":301,"column":0},"end":{"line":301,"column":67}},"301":{"start":{"line":302,"column":0},"end":{"line":302,"column":19}},"302":{"start":{"line":303,"column":0},"end":{"line":303,"column":46}},"303":{"start":{"line":304,"column":0},"end":{"line":304,"column":85}},"304":{"start":{"line":305,"column":0},"end":{"line":305,"column":71}},"306":{"start":{"line":307,"column":0},"end":{"line":307,"column":25}},"307":{"start":{"line":308,"column":0},"end":{"line":308,"column":80}},"308":{"start":{"line":309,"column":0},"end":{"line":309,"column":75}},"310":{"start":{"line":311,"column":0},"end":{"line":311,"column":25}},"311":{"start":{"line":312,"column":0},"end":{"line":312,"column":20}},"312":{"start":{"line":313,"column":0},"end":{"line":313,"column":18}},"313":{"start":{"line":314,"column":0},"end":{"line":314,"column":44}},"315":{"start":{"line":316,"column":0},"end":{"line":316,"column":16}},"316":{"start":{"line":317,"column":0},"end":{"line":317,"column":19}},"318":{"start":{"line":319,"column":0},"end":{"line":319,"column":38}},"319":{"start":{"line":320,"column":0},"end":{"line":320,"column":38}},"320":{"start":{"line":321,"column":0},"end":{"line":321,"column":21}},"321":{"start":{"line":322,"column":0},"end":{"line":322,"column":32}},"322":{"start":{"line":323,"column":0},"end":{"line":323,"column":87}},"323":{"start":{"line":324,"column":0},"end":{"line":324,"column":59}},"325":{"start":{"line":326,"column":0},"end":{"line":326,"column":32}},"326":{"start":{"line":327,"column":0},"end":{"line":327,"column":96}},"327":{"start":{"line":328,"column":0},"end":{"line":328,"column":25}},"328":{"start":{"line":329,"column":0},"end":{"line":329,"column":30}},"329":{"start":{"line":330,"column":0},"end":{"line":330,"column":78}},"330":{"start":{"line":331,"column":0},"end":{"line":331,"column":23}},"331":{"start":{"line":332,"column":0},"end":{"line":332,"column":15}},"332":{"start":{"line":333,"column":0},"end":{"line":333,"column":16}},"334":{"start":{"line":335,"column":0},"end":{"line":335,"column":39}},"335":{"start":{"line":336,"column":0},"end":{"line":336,"column":45}},"336":{"start":{"line":337,"column":0},"end":{"line":337,"column":21}},"337":{"start":{"line":338,"column":0},"end":{"line":338,"column":32}},"338":{"start":{"line":339,"column":0},"end":{"line":339,"column":87}},"339":{"start":{"line":340,"column":0},"end":{"line":340,"column":59}},"341":{"start":{"line":342,"column":0},"end":{"line":342,"column":30}},"342":{"start":{"line":343,"column":0},"end":{"line":343,"column":23}},"343":{"start":{"line":344,"column":0},"end":{"line":344,"column":15}},"344":{"start":{"line":345,"column":0},"end":{"line":345,"column":16}},"346":{"start":{"line":347,"column":0},"end":{"line":347,"column":45}},"347":{"start":{"line":348,"column":0},"end":{"line":348,"column":50}},"349":{"start":{"line":350,"column":0},"end":{"line":350,"column":34}},"350":{"start":{"line":351,"column":0},"end":{"line":351,"column":43}},"351":{"start":{"line":352,"column":0},"end":{"line":352,"column":74}},"352":{"start":{"line":353,"column":0},"end":{"line":353,"column":41}},"353":{"start":{"line":354,"column":0},"end":{"line":354,"column":30}},"354":{"start":{"line":355,"column":0},"end":{"line":355,"column":20}},"355":{"start":{"line":356,"column":0},"end":{"line":356,"column":21}},"357":{"start":{"line":358,"column":0},"end":{"line":358,"column":73}},"358":{"start":{"line":359,"column":0},"end":{"line":359,"column":43}},"359":{"start":{"line":360,"column":0},"end":{"line":360,"column":83}},"360":{"start":{"line":361,"column":0},"end":{"line":361,"column":41}},"361":{"start":{"line":362,"column":0},"end":{"line":362,"column":78}},"362":{"start":{"line":363,"column":0},"end":{"line":363,"column":20}},"363":{"start":{"line":364,"column":0},"end":{"line":364,"column":21}},"365":{"start":{"line":366,"column":0},"end":{"line":366,"column":31}},"366":{"start":{"line":367,"column":0},"end":{"line":367,"column":61}},"367":{"start":{"line":368,"column":0},"end":{"line":368,"column":35}},"368":{"start":{"line":369,"column":0},"end":{"line":369,"column":42}},"369":{"start":{"line":370,"column":0},"end":{"line":370,"column":47}},"370":{"start":{"line":371,"column":0},"end":{"line":371,"column":47}},"371":{"start":{"line":372,"column":0},"end":{"line":372,"column":43}},"372":{"start":{"line":373,"column":0},"end":{"line":373,"column":20}},"373":{"start":{"line":374,"column":0},"end":{"line":374,"column":18}},"374":{"start":{"line":375,"column":0},"end":{"line":375,"column":21}},"375":{"start":{"line":376,"column":0},"end":{"line":376,"column":16}},"376":{"start":{"line":377,"column":0},"end":{"line":377,"column":15}},"377":{"start":{"line":378,"column":0},"end":{"line":378,"column":12}},"379":{"start":{"line":380,"column":0},"end":{"line":380,"column":23}},"380":{"start":{"line":381,"column":0},"end":{"line":381,"column":26}},"381":{"start":{"line":382,"column":0},"end":{"line":382,"column":33}},"382":{"start":{"line":383,"column":0},"end":{"line":383,"column":59}},"383":{"start":{"line":384,"column":0},"end":{"line":384,"column":38}},"384":{"start":{"line":385,"column":0},"end":{"line":385,"column":47}},"385":{"start":{"line":386,"column":0},"end":{"line":386,"column":43}},"386":{"start":{"line":387,"column":0},"end":{"line":387,"column":8}},"388":{"start":{"line":389,"column":0},"end":{"line":389,"column":31}},"389":{"start":{"line":390,"column":0},"end":{"line":390,"column":7}},"391":{"start":{"line":392,"column":0},"end":{"line":392,"column":1}}},"s":{"0":1,"1":1,"9":1,"10":1,"11":1,"13":1,"14":1,"15":1,"16":1,"17":1,"19":3,"20":3,"21":0,"22":0,"24":3,"25":3,"26":3,"28":3,"29":3,"30":3,"31":3,"32":3,"33":3,"35":7,"36":7,"37":7,"38":7,"39":7,"40":7,"41":7,"42":7,"43":7,"44":7,"46":3,"47":3,"48":3,"49":3,"50":9,"51":9,"52":9,"53":9,"54":9,"55":9,"56":9,"57":9,"58":3,"59":3,"61":3,"63":14,"64":14,"65":14,"66":14,"67":12,"68":12,"69":12,"70":12,"71":14,"72":14,"74":14,"76":17,"77":17,"78":17,"79":17,"80":17,"81":17,"82":17,"83":17,"84":17,"85":17,"86":17,"88":17,"89":17,"91":17,"92":17,"93":9,"94":11,"95":11,"96":11,"97":11,"98":2,"99":1,"100":11,"101":9,"102":17,"103":17,"105":17,"106":3,"108":3,"109":3,"110":3,"112":3,"113":3,"114":3,"115":3,"116":3,"118":3,"119":0,"120":0,"122":3,"123":3,"124":3,"125":1,"126":1,"127":1,"128":3,"129":3,"130":3,"131":3,"132":3,"133":3,"135":3,"137":3,"138":3,"139":3,"140":17,"142":17,"143":6,"144":3,"145":3,"147":3,"148":0,"149":3,"151":3,"152":17,"154":17,"155":3,"156":3,"158":17,"159":1,"160":1,"161":1,"162":1,"163":1,"164":0,"165":0,"166":1,"168":17,"169":0,"170":0,"171":0,"172":0,"173":0,"174":0,"175":0,"176":0,"178":17,"179":1,"180":1,"181":1,"182":1,"183":1,"184":0,"185":0,"186":1,"188":17,"189":1,"190":1,"191":1,"192":1,"193":1,"195":17,"196":0,"197":0,"198":0,"199":0,"200":0,"201":0,"202":0,"203":0,"204":0,"205":0,"206":0,"207":0,"209":17,"210":1,"211":1,"212":1,"213":1,"214":1,"215":1,"216":1,"217":1,"218":1,"219":1,"220":1,"221":1,"222":0,"223":1,"224":1,"225":1,"226":1,"228":17,"229":17,"230":17,"231":17,"232":17,"233":17,"234":17,"235":17,"236":17,"237":17,"238":17,"239":17,"241":17,"243":17,"244":17,"245":17,"246":17,"247":17,"248":17,"249":17,"250":17,"251":17,"252":17,"253":17,"254":17,"255":17,"256":17,"257":17,"259":17,"260":17,"261":17,"263":17,"264":17,"265":17,"267":17,"268":17,"269":17,"270":17,"272":17,"273":17,"274":17,"275":17,"277":17,"278":17,"279":17,"281":17,"282":17,"283":17,"284":17,"285":17,"286":17,"287":17,"288":17,"289":17,"290":17,"291":17,"292":17,"293":17,"295":17,"296":17,"297":17,"298":17,"300":17,"301":17,"302":17,"303":17,"304":17,"306":17,"307":17,"308":17,"310":17,"311":17,"312":17,"313":17,"315":17,"316":17,"318":17,"319":17,"320":85,"321":85,"322":85,"323":85,"325":85,"326":68,"327":17,"328":85,"329":85,"330":85,"331":17,"332":17,"334":17,"335":17,"336":51,"337":51,"338":51,"339":51,"341":51,"342":51,"343":17,"344":17,"346":17,"347":17,"349":17,"350":2,"351":2,"352":2,"353":2,"354":2,"355":15,"357":17,"358":0,"359":0,"360":0,"361":0,"362":0,"363":17,"365":17,"366":12,"367":16,"368":16,"369":16,"370":16,"371":16,"372":16,"373":12,"374":5,"375":17,"376":17,"377":17,"379":17,"380":17,"381":17,"382":17,"383":17,"384":17,"385":17,"386":17,"388":17,"389":17,"391":17},"branchMap":{"0":{"type":"branch","line":20,"loc":{"start":{"line":20,"column":0},"end":{"line":34,"column":1}},"locations":[{"start":{"line":20,"column":0},"end":{"line":34,"column":1}}]},"1":{"type":"branch","line":21,"loc":{"start":{"line":21,"column":16},"end":{"line":23,"column":3}},"locations":[{"start":{"line":21,"column":16},"end":{"line":23,"column":3}}]},"2":{"type":"branch","line":25,"loc":{"start":{"line":25,"column":33},"end":{"line":25,"column":51}},"locations":[{"start":{"line":25,"column":33},"end":{"line":25,"column":51}}]},"3":{"type":"branch","line":26,"loc":{"start":{"line":26,"column":44},"end":{"line":26,"column":89}},"locations":[{"start":{"line":26,"column":44},"end":{"line":26,"column":89}}]},"4":{"type":"branch","line":30,"loc":{"start":{"line":30,"column":26},"end":{"line":30,"column":47}},"locations":[{"start":{"line":30,"column":26},"end":{"line":30,"column":47}}]},"5":{"type":"branch","line":31,"loc":{"start":{"line":31,"column":26},"end":{"line":31,"column":47}},"locations":[{"start":{"line":31,"column":26},"end":{"line":31,"column":47}}]},"6":{"type":"branch","line":36,"loc":{"start":{"line":36,"column":0},"end":{"line":45,"column":1}},"locations":[{"start":{"line":36,"column":0},"end":{"line":45,"column":1}}]},"7":{"type":"branch","line":38,"loc":{"start":{"line":38,"column":24},"end":{"line":43,"column":3}},"locations":[{"start":{"line":38,"column":24},"end":{"line":43,"column":3}}]},"8":{"type":"branch","line":47,"loc":{"start":{"line":47,"column":0},"end":{"line":62,"column":1}},"locations":[{"start":{"line":47,"column":0},"end":{"line":62,"column":1}}]},"9":{"type":"branch","line":50,"loc":{"start":{"line":50,"column":21},"end":{"line":58,"column":14}},"locations":[{"start":{"line":50,"column":21},"end":{"line":58,"column":14}}]},"10":{"type":"branch","line":64,"loc":{"start":{"line":64,"column":0},"end":{"line":75,"column":1}},"locations":[{"start":{"line":64,"column":0},"end":{"line":75,"column":1}}]},"11":{"type":"branch","line":67,"loc":{"start":{"line":67,"column":17},"end":{"line":71,"column":14}},"locations":[{"start":{"line":67,"column":17},"end":{"line":71,"column":14}}]},"12":{"type":"branch","line":69,"loc":{"start":{"line":69,"column":80},"end":{"line":69,"column":105}},"locations":[{"start":{"line":69,"column":80},"end":{"line":69,"column":105}}]},"13":{"type":"branch","line":77,"loc":{"start":{"line":77,"column":0},"end":{"line":392,"column":1}},"locations":[{"start":{"line":77,"column":0},"end":{"line":392,"column":1}}]},"14":{"type":"branch","line":238,"loc":{"start":{"line":238,"column":25},"end":{"line":238,"column":62}},"locations":[{"start":{"line":238,"column":25},"end":{"line":238,"column":62}}]},"15":{"type":"branch","line":238,"loc":{"start":{"line":238,"column":57},"end":{"line":238,"column":67}},"locations":[{"start":{"line":238,"column":57},"end":{"line":238,"column":67}}]},"16":{"type":"branch","line":242,"loc":{"start":{"line":242,"column":41},"end":{"line":242,"column":64}},"locations":[{"start":{"line":242,"column":41},"end":{"line":242,"column":64}}]},"17":{"type":"branch","line":245,"loc":{"start":{"line":245,"column":37},"end":{"line":245,"column":60}},"locations":[{"start":{"line":245,"column":37},"end":{"line":245,"column":60}}]},"18":{"type":"branch","line":348,"loc":{"start":{"line":348,"column":13},"end":{"line":348,"column":45}},"locations":[{"start":{"line":348,"column":13},"end":{"line":348,"column":45}}]},"19":{"type":"branch","line":348,"loc":{"start":{"line":348,"column":40},"end":{"line":348,"column":50}},"locations":[{"start":{"line":348,"column":40},"end":{"line":348,"column":50}}]},"20":{"type":"branch","line":350,"loc":{"start":{"line":350,"column":14},"end":{"line":350,"column":34}},"locations":[{"start":{"line":350,"column":14},"end":{"line":350,"column":34}}]},"21":{"type":"branch","line":350,"loc":{"start":{"line":350,"column":25},"end":{"line":355,"column":20}},"locations":[{"start":{"line":350,"column":25},"end":{"line":355,"column":20}}]},"22":{"type":"branch","line":355,"loc":{"start":{"line":355,"column":14},"end":{"line":356,"column":21}},"locations":[{"start":{"line":355,"column":14},"end":{"line":356,"column":21}}]},"23":{"type":"branch","line":358,"loc":{"start":{"line":358,"column":14},"end":{"line":358,"column":35}},"locations":[{"start":{"line":358,"column":14},"end":{"line":358,"column":35}}]},"24":{"type":"branch","line":358,"loc":{"start":{"line":358,"column":26},"end":{"line":358,"column":73}},"locations":[{"start":{"line":358,"column":26},"end":{"line":358,"column":73}}]},"25":{"type":"branch","line":358,"loc":{"start":{"line":358,"column":68},"end":{"line":363,"column":20}},"locations":[{"start":{"line":358,"column":68},"end":{"line":363,"column":20}}]},"26":{"type":"branch","line":366,"loc":{"start":{"line":366,"column":14},"end":{"line":366,"column":31}},"locations":[{"start":{"line":366,"column":14},"end":{"line":366,"column":31}}]},"27":{"type":"branch","line":366,"loc":{"start":{"line":366,"column":26},"end":{"line":374,"column":18}},"locations":[{"start":{"line":366,"column":26},"end":{"line":374,"column":18}}]},"28":{"type":"branch","line":374,"loc":{"start":{"line":374,"column":17},"end":{"line":375,"column":21}},"locations":[{"start":{"line":374,"column":17},"end":{"line":375,"column":21}}]},"29":{"type":"branch","line":89,"loc":{"start":{"line":89,"column":30},"end":{"line":89,"column":89}},"locations":[{"start":{"line":89,"column":30},"end":{"line":89,"column":89}}]},"30":{"type":"branch","line":89,"loc":{"start":{"line":89,"column":57},"end":{"line":89,"column":79}},"locations":[{"start":{"line":89,"column":57},"end":{"line":89,"column":79}}]},"31":{"type":"branch","line":90,"loc":{"start":{"line":90,"column":25},"end":{"line":90,"column":59}},"locations":[{"start":{"line":90,"column":25},"end":{"line":90,"column":59}}]},"32":{"type":"branch","line":93,"loc":{"start":{"line":93,"column":4},"end":{"line":102,"column":9}},"locations":[{"start":{"line":93,"column":4},"end":{"line":102,"column":9}}]},"33":{"type":"branch","line":94,"loc":{"start":{"line":94,"column":27},"end":{"line":102,"column":7}},"locations":[{"start":{"line":94,"column":27},"end":{"line":102,"column":7}}]},"34":{"type":"branch","line":96,"loc":{"start":{"line":96,"column":47},"end":{"line":96,"column":94}},"locations":[{"start":{"line":96,"column":47},"end":{"line":96,"column":94}}]},"35":{"type":"branch","line":98,"loc":{"start":{"line":98,"column":27},"end":{"line":99,"column":64}},"locations":[{"start":{"line":98,"column":27},"end":{"line":99,"column":64}}]},"36":{"type":"branch","line":99,"loc":{"start":{"line":99,"column":54},"end":{"line":100,"column":59}},"locations":[{"start":{"line":99,"column":54},"end":{"line":100,"column":59}}]},"37":{"type":"branch","line":100,"loc":{"start":{"line":100,"column":28},"end":{"line":100,"column":59}},"locations":[{"start":{"line":100,"column":28},"end":{"line":100,"column":59}}]},"38":{"type":"branch","line":101,"loc":{"start":{"line":101,"column":15},"end":{"line":101,"column":46}},"locations":[{"start":{"line":101,"column":15},"end":{"line":101,"column":46}}]},"39":{"type":"branch","line":106,"loc":{"start":{"line":106,"column":12},"end":{"line":141,"column":5}},"locations":[{"start":{"line":106,"column":12},"end":{"line":141,"column":5}}]},"40":{"type":"branch","line":109,"loc":{"start":{"line":109,"column":4},"end":{"line":134,"column":5}},"locations":[{"start":{"line":109,"column":4},"end":{"line":134,"column":5}}]},"41":{"type":"branch","line":117,"loc":{"start":{"line":117,"column":9},"end":{"line":119,"column":23}},"locations":[{"start":{"line":117,"column":9},"end":{"line":119,"column":23}}]},"42":{"type":"branch","line":119,"loc":{"start":{"line":119,"column":23},"end":{"line":121,"column":9}},"locations":[{"start":{"line":119,"column":23},"end":{"line":121,"column":9}}]},"43":{"type":"branch","line":121,"loc":{"start":{"line":121,"column":8},"end":{"line":123,"column":68}},"locations":[{"start":{"line":121,"column":8},"end":{"line":123,"column":68}}]},"44":{"type":"branch","line":123,"loc":{"start":{"line":123,"column":51},"end":{"line":123,"column":70}},"locations":[{"start":{"line":123,"column":51},"end":{"line":123,"column":70}}]},"45":{"type":"branch","line":125,"loc":{"start":{"line":125,"column":6},"end":{"line":129,"column":8}},"locations":[{"start":{"line":125,"column":6},"end":{"line":129,"column":8}}]},"46":{"type":"branch","line":138,"loc":{"start":{"line":138,"column":11},"end":{"line":140,"column":6}},"locations":[{"start":{"line":138,"column":11},"end":{"line":140,"column":6}}]},"47":{"type":"branch","line":143,"loc":{"start":{"line":143,"column":12},"end":{"line":153,"column":5}},"locations":[{"start":{"line":143,"column":12},"end":{"line":153,"column":5}}]},"48":{"type":"branch","line":144,"loc":{"start":{"line":144,"column":24},"end":{"line":152,"column":44}},"locations":[{"start":{"line":144,"column":24},"end":{"line":152,"column":44}}]},"49":{"type":"branch","line":152,"loc":{"start":{"line":152,"column":11},"end":{"line":152,"column":44}},"locations":[{"start":{"line":152,"column":11},"end":{"line":152,"column":44}}]},"50":{"type":"branch","line":155,"loc":{"start":{"line":155,"column":2},"end":{"line":157,"column":3}},"locations":[{"start":{"line":155,"column":2},"end":{"line":157,"column":3}}]},"51":{"type":"branch","line":156,"loc":{"start":{"line":156,"column":14},"end":{"line":156,"column":96}},"locations":[{"start":{"line":156,"column":14},"end":{"line":156,"column":96}}]},"52":{"type":"branch","line":159,"loc":{"start":{"line":159,"column":2},"end":{"line":167,"column":3}},"locations":[{"start":{"line":159,"column":2},"end":{"line":167,"column":3}}]},"53":{"type":"branch","line":164,"loc":{"start":{"line":164,"column":4},"end":{"line":166,"column":5}},"locations":[{"start":{"line":164,"column":4},"end":{"line":166,"column":5}}]},"54":{"type":"branch","line":162,"loc":{"start":{"line":162,"column":23},"end":{"line":162,"column":111}},"locations":[{"start":{"line":162,"column":23},"end":{"line":162,"column":111}}]},"55":{"type":"branch","line":162,"loc":{"start":{"line":162,"column":48},"end":{"line":162,"column":110}},"locations":[{"start":{"line":162,"column":48},"end":{"line":162,"column":110}}]},"56":{"type":"branch","line":162,"loc":{"start":{"line":162,"column":72},"end":{"line":162,"column":105}},"locations":[{"start":{"line":162,"column":72},"end":{"line":162,"column":105}}]},"57":{"type":"branch","line":162,"loc":{"start":{"line":162,"column":101},"end":{"line":162,"column":110}},"locations":[{"start":{"line":162,"column":101},"end":{"line":162,"column":110}}]},"58":{"type":"branch","line":179,"loc":{"start":{"line":179,"column":2},"end":{"line":187,"column":3}},"locations":[{"start":{"line":179,"column":2},"end":{"line":187,"column":3}}]},"59":{"type":"branch","line":184,"loc":{"start":{"line":184,"column":4},"end":{"line":186,"column":5}},"locations":[{"start":{"line":184,"column":4},"end":{"line":186,"column":5}}]},"60":{"type":"branch","line":182,"loc":{"start":{"line":182,"column":23},"end":{"line":182,"column":77}},"locations":[{"start":{"line":182,"column":23},"end":{"line":182,"column":77}}]},"61":{"type":"branch","line":182,"loc":{"start":{"line":182,"column":51},"end":{"line":182,"column":76}},"locations":[{"start":{"line":182,"column":51},"end":{"line":182,"column":76}}]},"62":{"type":"branch","line":189,"loc":{"start":{"line":189,"column":2},"end":{"line":194,"column":3}},"locations":[{"start":{"line":189,"column":2},"end":{"line":194,"column":3}}]},"63":{"type":"branch","line":190,"loc":{"start":{"line":190,"column":19},"end":{"line":193,"column":6}},"locations":[{"start":{"line":190,"column":19},"end":{"line":193,"column":6}}]},"64":{"type":"branch","line":210,"loc":{"start":{"line":210,"column":2},"end":{"line":227,"column":3}},"locations":[{"start":{"line":210,"column":2},"end":{"line":227,"column":3}}]},"65":{"type":"branch","line":222,"loc":{"start":{"line":222,"column":4},"end":{"line":224,"column":6}},"locations":[{"start":{"line":222,"column":4},"end":{"line":224,"column":6}}]},"66":{"type":"branch","line":304,"loc":{"start":{"line":304,"column":59},"end":{"line":304,"column":85}},"locations":[{"start":{"line":304,"column":59},"end":{"line":304,"column":85}}]},"67":{"type":"branch","line":320,"loc":{"start":{"line":320,"column":25},"end":{"line":331,"column":23}},"locations":[{"start":{"line":320,"column":25},"end":{"line":331,"column":23}}]},"68":{"type":"branch","line":323,"loc":{"start":{"line":323,"column":65},"end":{"line":323,"column":82}},"locations":[{"start":{"line":323,"column":65},"end":{"line":323,"column":82}}]},"69":{"type":"branch","line":323,"loc":{"start":{"line":323,"column":71},"end":{"line":323,"column":84}},"locations":[{"start":{"line":323,"column":71},"end":{"line":323,"column":84}}]},"70":{"type":"branch","line":326,"loc":{"start":{"line":326,"column":24},"end":{"line":327,"column":96}},"locations":[{"start":{"line":326,"column":24},"end":{"line":327,"column":96}}]},"71":{"type":"branch","line":327,"loc":{"start":{"line":327,"column":89},"end":{"line":328,"column":25}},"locations":[{"start":{"line":327,"column":89},"end":{"line":328,"column":25}}]},"72":{"type":"branch","line":330,"loc":{"start":{"line":330,"column":63},"end":{"line":330,"column":70}},"locations":[{"start":{"line":330,"column":63},"end":{"line":330,"column":70}}]},"73":{"type":"branch","line":324,"loc":{"start":{"line":324,"column":25},"end":{"line":324,"column":59}},"locations":[{"start":{"line":324,"column":25},"end":{"line":324,"column":59}}]},"74":{"type":"branch","line":336,"loc":{"start":{"line":336,"column":32},"end":{"line":343,"column":23}},"locations":[{"start":{"line":336,"column":32},"end":{"line":343,"column":23}}]},"75":{"type":"branch","line":339,"loc":{"start":{"line":339,"column":65},"end":{"line":339,"column":82}},"locations":[{"start":{"line":339,"column":65},"end":{"line":339,"column":82}}]},"76":{"type":"branch","line":339,"loc":{"start":{"line":339,"column":71},"end":{"line":339,"column":84}},"locations":[{"start":{"line":339,"column":71},"end":{"line":339,"column":84}}]},"77":{"type":"branch","line":340,"loc":{"start":{"line":340,"column":25},"end":{"line":340,"column":59}},"locations":[{"start":{"line":340,"column":25},"end":{"line":340,"column":59}}]},"78":{"type":"branch","line":367,"loc":{"start":{"line":367,"column":42},"end":{"line":373,"column":20}},"locations":[{"start":{"line":367,"column":42},"end":{"line":373,"column":20}}]}},"b":{"0":[3],"1":[0],"2":[0],"3":[0],"4":[0],"5":[0],"6":[7],"7":[7],"8":[3],"9":[9],"10":[14],"11":[12],"12":[0],"13":[17],"14":[6],"15":[11],"16":[0],"17":[0],"18":[3],"19":[14],"20":[14],"21":[2],"22":[15],"23":[14],"24":[12],"25":[0],"26":[14],"27":[12],"28":[5],"29":[7],"30":[7],"31":[7],"32":[9],"33":[11],"34":[4],"35":[2],"36":[1],"37":[0],"38":[9],"39":[3],"40":[3],"41":[2],"42":[0],"43":[2],"44":[0],"45":[1],"46":[3],"47":[6],"48":[3],"49":[3],"50":[3],"51":[3],"52":[1],"53":[0],"54":[1],"55":[2],"56":[1],"57":[1],"58":[1],"59":[0],"60":[1],"61":[2],"62":[1],"63":[1],"64":[1],"65":[0],"66":[1],"67":[85],"68":[17],"69":[68],"70":[68],"71":[17],"72":[0],"73":[1],"74":[51],"75":[17],"76":[34],"77":[2],"78":[16]},"fnMap":{"0":{"name":"normalizePreferences","decl":{"start":{"line":20,"column":0},"end":{"line":34,"column":1}},"loc":{"start":{"line":20,"column":0},"end":{"line":34,"column":1}},"line":20},"1":{"name":"buildCounts","decl":{"start":{"line":36,"column":0},"end":{"line":45,"column":1}},"loc":{"start":{"line":36,"column":0},"end":{"line":45,"column":1}},"line":36},"2":{"name":"LoadingSkeleton","decl":{"start":{"line":47,"column":0},"end":{"line":62,"column":1}},"loc":{"start":{"line":47,"column":0},"end":{"line":62,"column":1}},"line":47},"3":{"name":"Toasts","decl":{"start":{"line":64,"column":0},"end":{"line":75,"column":1}},"loc":{"start":{"line":64,"column":0},"end":{"line":75,"column":1}},"line":64},"4":{"name":"NotificationCenter","decl":{"start":{"line":77,"column":0},"end":{"line":392,"column":1}},"loc":{"start":{"line":77,"column":0},"end":{"line":392,"column":1}},"line":77},"5":{"name":"loadInitialData","decl":{"start":{"line":109,"column":4},"end":{"line":134,"column":5}},"loc":{"start":{"line":109,"column":4},"end":{"line":134,"column":5}},"line":109},"6":{"name":"pushToast","decl":{"start":{"line":155,"column":2},"end":{"line":157,"column":3}},"loc":{"start":{"line":155,"column":2},"end":{"line":157,"column":3}},"line":155},"7":{"name":"handleMarkRead","decl":{"start":{"line":159,"column":2},"end":{"line":167,"column":3}},"loc":{"start":{"line":159,"column":2},"end":{"line":167,"column":3}},"line":159},"8":{"name":"handleMarkAllRead","decl":{"start":{"line":169,"column":2},"end":{"line":177,"column":3}},"loc":{"start":{"line":169,"column":2},"end":{"line":177,"column":3}},"line":169},"9":{"name":"handleDelete","decl":{"start":{"line":179,"column":2},"end":{"line":187,"column":3}},"loc":{"start":{"line":179,"column":2},"end":{"line":187,"column":3}},"line":179},"10":{"name":"toggleGlobalPreference","decl":{"start":{"line":189,"column":2},"end":{"line":194,"column":3}},"loc":{"start":{"line":189,"column":2},"end":{"line":194,"column":3}},"line":189},"11":{"name":"toggleTypePreference","decl":{"start":{"line":196,"column":2},"end":{"line":208,"column":3}},"loc":{"start":{"line":196,"column":2},"end":{"line":208,"column":3}},"line":196},"12":{"name":"handleSavePreferences","decl":{"start":{"line":210,"column":2},"end":{"line":227,"column":3}},"loc":{"start":{"line":210,"column":2},"end":{"line":227,"column":3}},"line":210},"13":{"name":"onClick","decl":{"start":{"line":232,"column":51},"end":{"line":232,"column":79}},"loc":{"start":{"line":232,"column":51},"end":{"line":232,"column":79}},"line":232},"14":{"name":"onClick","decl":{"start":{"line":242,"column":79},"end":{"line":242,"column":108}},"loc":{"start":{"line":242,"column":79},"end":{"line":242,"column":108}},"line":242},"15":{"name":"onClick","decl":{"start":{"line":304,"column":59},"end":{"line":304,"column":85}},"loc":{"start":{"line":304,"column":59},"end":{"line":304,"column":85}},"line":304},"16":{"name":"onClick","decl":{"start":{"line":324,"column":25},"end":{"line":324,"column":59}},"loc":{"start":{"line":324,"column":25},"end":{"line":324,"column":59}},"line":324},"17":{"name":"onClick","decl":{"start":{"line":340,"column":25},"end":{"line":340,"column":59}},"loc":{"start":{"line":340,"column":25},"end":{"line":340,"column":59}},"line":340},"18":{"name":"onClose","decl":{"start":{"line":383,"column":17},"end":{"line":383,"column":59}},"loc":{"start":{"line":383,"column":17},"end":{"line":383,"column":59}},"line":383}},"f":{"0":3,"1":7,"2":3,"3":14,"4":17,"5":3,"6":3,"7":1,"8":0,"9":1,"10":1,"11":0,"12":1,"13":0,"14":0,"15":1,"16":1,"17":2,"18":0}}
,"C:\\Users\\lasit\\OneDrive\\Documents\\IDEs\\VS Code\\Task-Management-System\\notifications-management\\frontend\\src\\components\\PreferencesPanel.jsx": {"path":"C:\\Users\\lasit\\OneDrive\\Documents\\IDEs\\VS Code\\Task-Management-System\\notifications-management\\frontend\\src\\components\\PreferencesPanel.jsx","all":false,"statementMap":{"0":{"start":{"line":1,"column":0},"end":{"line":1,"column":60}},"2":{"start":{"line":3,"column":0},"end":{"line":3,"column":114}},"3":{"start":{"line":4,"column":0},"end":{"line":4,"column":56}},"5":{"start":{"line":6,"column":0},"end":{"line":6,"column":10}},"6":{"start":{"line":7,"column":0},"end":{"line":7,"column":6}},"7":{"start":{"line":8,"column":0},"end":{"line":8,"column":83}},"8":{"start":{"line":9,"column":0},"end":{"line":9,"column":61}},"9":{"start":{"line":10,"column":0},"end":{"line":10,"column":38}},"10":{"start":{"line":11,"column":0},"end":{"line":11,"column":43}},"11":{"start":{"line":12,"column":0},"end":{"line":12,"column":64}},"12":{"start":{"line":13,"column":0},"end":{"line":13,"column":66}},"13":{"start":{"line":14,"column":0},"end":{"line":14,"column":19}},"14":{"start":{"line":15,"column":0},"end":{"line":15,"column":14}},"15":{"start":{"line":16,"column":0},"end":{"line":16,"column":36}},"16":{"start":{"line":17,"column":0},"end":{"line":17,"column":40}},"17":{"start":{"line":18,"column":0},"end":{"line":18,"column":69}},"18":{"start":{"line":19,"column":0},"end":{"line":19,"column":38}},"19":{"start":{"line":20,"column":0},"end":{"line":20,"column":19}},"20":{"start":{"line":21,"column":0},"end":{"line":21,"column":69}},"21":{"start":{"line":22,"column":0},"end":{"line":22,"column":73}},"22":{"start":{"line":23,"column":0},"end":{"line":23,"column":20}},"23":{"start":{"line":24,"column":0},"end":{"line":24,"column":40}},"24":{"start":{"line":25,"column":0},"end":{"line":25,"column":22}},"25":{"start":{"line":26,"column":0},"end":{"line":26,"column":33}},"26":{"start":{"line":27,"column":0},"end":{"line":27,"column":61}},"27":{"start":{"line":28,"column":0},"end":{"line":28,"column":65}},"28":{"start":{"line":29,"column":0},"end":{"line":29,"column":18}},"29":{"start":{"line":30,"column":0},"end":{"line":30,"column":50}},"30":{"start":{"line":31,"column":0},"end":{"line":31,"column":22}},"31":{"start":{"line":32,"column":0},"end":{"line":32,"column":18}},"32":{"start":{"line":33,"column":0},"end":{"line":33,"column":38}},"33":{"start":{"line":34,"column":0},"end":{"line":34,"column":19}},"34":{"start":{"line":35,"column":0},"end":{"line":35,"column":70}},"35":{"start":{"line":36,"column":0},"end":{"line":36,"column":83}},"36":{"start":{"line":37,"column":0},"end":{"line":37,"column":20}},"37":{"start":{"line":38,"column":0},"end":{"line":38,"column":40}},"38":{"start":{"line":39,"column":0},"end":{"line":39,"column":22}},"39":{"start":{"line":40,"column":0},"end":{"line":40,"column":33}},"40":{"start":{"line":41,"column":0},"end":{"line":41,"column":61}},"41":{"start":{"line":42,"column":0},"end":{"line":42,"column":65}},"42":{"start":{"line":43,"column":0},"end":{"line":43,"column":18}},"43":{"start":{"line":44,"column":0},"end":{"line":44,"column":50}},"44":{"start":{"line":45,"column":0},"end":{"line":45,"column":22}},"45":{"start":{"line":46,"column":0},"end":{"line":46,"column":18}},"46":{"start":{"line":47,"column":0},"end":{"line":47,"column":16}},"47":{"start":{"line":48,"column":0},"end":{"line":48,"column":40}},"48":{"start":{"line":49,"column":0},"end":{"line":49,"column":74}},"49":{"start":{"line":50,"column":0},"end":{"line":50,"column":17}},"50":{"start":{"line":51,"column":0},"end":{"line":51,"column":67}},"51":{"start":{"line":52,"column":0},"end":{"line":52,"column":53}},"52":{"start":{"line":53,"column":0},"end":{"line":53,"column":23}},"53":{"start":{"line":54,"column":0},"end":{"line":54,"column":61}},"54":{"start":{"line":55,"column":0},"end":{"line":55,"column":86}},"55":{"start":{"line":56,"column":0},"end":{"line":56,"column":24}},"56":{"start":{"line":57,"column":0},"end":{"line":57,"column":44}},"57":{"start":{"line":58,"column":0},"end":{"line":58,"column":26}},"58":{"start":{"line":59,"column":0},"end":{"line":59,"column":37}},"59":{"start":{"line":60,"column":0},"end":{"line":60,"column":70}},"60":{"start":{"line":61,"column":0},"end":{"line":61,"column":57}},"61":{"start":{"line":62,"column":0},"end":{"line":62,"column":22}},"62":{"start":{"line":63,"column":0},"end":{"line":63,"column":54}},"63":{"start":{"line":64,"column":0},"end":{"line":64,"column":26}},"64":{"start":{"line":65,"column":0},"end":{"line":65,"column":22}},"65":{"start":{"line":66,"column":0},"end":{"line":66,"column":17}},"66":{"start":{"line":67,"column":0},"end":{"line":67,"column":18}},"67":{"start":{"line":68,"column":0},"end":{"line":68,"column":16}},"68":{"start":{"line":69,"column":0},"end":{"line":69,"column":14}},"69":{"start":{"line":70,"column":0},"end":{"line":70,"column":38}},"70":{"start":{"line":71,"column":0},"end":{"line":71,"column":77}},"71":{"start":{"line":72,"column":0},"end":{"line":72,"column":63}},"72":{"start":{"line":73,"column":0},"end":{"line":73,"column":65}},"74":{"start":{"line":75,"column":0},"end":{"line":75,"column":19}},"75":{"start":{"line":76,"column":0},"end":{"line":76,"column":14}},"76":{"start":{"line":77,"column":0},"end":{"line":77,"column":12}},"77":{"start":{"line":78,"column":0},"end":{"line":78,"column":7}},"79":{"start":{"line":80,"column":0},"end":{"line":80,"column":1}}},"s":{"0":1,"2":15,"3":15,"5":15,"6":15,"7":15,"8":15,"9":15,"10":15,"11":15,"12":15,"13":15,"14":15,"15":15,"16":15,"17":15,"18":15,"19":15,"20":15,"21":15,"22":15,"23":15,"24":15,"25":15,"26":15,"27":15,"28":15,"29":15,"30":15,"31":15,"32":15,"33":15,"34":15,"35":15,"36":15,"37":15,"38":15,"39":15,"40":15,"41":15,"42":15,"43":15,"44":15,"45":15,"46":15,"47":15,"48":15,"49":15,"50":15,"51":90,"52":90,"53":90,"54":90,"55":90,"56":90,"57":90,"58":90,"59":90,"60":90,"61":90,"62":90,"63":90,"64":90,"65":15,"66":15,"67":15,"68":15,"69":15,"70":15,"71":15,"72":15,"74":15,"75":15,"76":15,"77":15,"79":15},"branchMap":{"0":{"type":"branch","line":3,"loc":{"start":{"line":3,"column":0},"end":{"line":80,"column":1}},"locations":[{"start":{"line":3,"column":0},"end":{"line":80,"column":1}}]},"1":{"type":"branch","line":4,"loc":{"start":{"line":4,"column":38},"end":{"line":4,"column":56}},"locations":[{"start":{"line":4,"column":38},"end":{"line":4,"column":56}}]},"2":{"type":"branch","line":8,"loc":{"start":{"line":8,"column":39},"end":{"line":8,"column":57}},"locations":[{"start":{"line":8,"column":39},"end":{"line":8,"column":57}}]},"3":{"type":"branch","line":8,"loc":{"start":{"line":8,"column":48},"end":{"line":8,"column":59}},"locations":[{"start":{"line":8,"column":48},"end":{"line":8,"column":59}}]},"4":{"type":"branch","line":9,"loc":{"start":{"line":9,"column":37},"end":{"line":9,"column":55}},"locations":[{"start":{"line":9,"column":37},"end":{"line":9,"column":55}}]},"5":{"type":"branch","line":9,"loc":{"start":{"line":9,"column":46},"end":{"line":9,"column":57}},"locations":[{"start":{"line":9,"column":46},"end":{"line":9,"column":57}}]},"6":{"type":"branch","line":28,"loc":{"start":{"line":28,"column":28},"end":{"line":28,"column":65}},"locations":[{"start":{"line":28,"column":28},"end":{"line":28,"column":65}}]},"7":{"type":"branch","line":51,"loc":{"start":{"line":51,"column":47},"end":{"line":65,"column":22}},"locations":[{"start":{"line":51,"column":47},"end":{"line":65,"column":22}}]},"8":{"type":"branch","line":60,"loc":{"start":{"line":60,"column":51},"end":{"line":60,"column":65}},"locations":[{"start":{"line":60,"column":51},"end":{"line":60,"column":65}}]},"9":{"type":"branch","line":60,"loc":{"start":{"line":60,"column":54},"end":{"line":60,"column":70}},"locations":[{"start":{"line":60,"column":54},"end":{"line":60,"column":70}}]},"10":{"type":"branch","line":61,"loc":{"start":{"line":61,"column":32},"end":{"line":61,"column":57}},"locations":[{"start":{"line":61,"column":32},"end":{"line":61,"column":57}}]}},"b":{"0":[15],"1":[0],"2":[4],"3":[11],"4":[4],"5":[11],"6":[2],"7":[90],"8":[2],"9":[88],"10":[1]},"fnMap":{"0":{"name":"PreferencesPanel","decl":{"start":{"line":3,"column":0},"end":{"line":80,"column":1}},"loc":{"start":{"line":3,"column":0},"end":{"line":80,"column":1}},"line":3},"1":{"name":"onChange","decl":{"start":{"line":28,"column":28},"end":{"line":28,"column":65}},"loc":{"start":{"line":28,"column":28},"end":{"line":28,"column":65}},"line":28},"2":{"name":"onChange","decl":{"start":{"line":42,"column":28},"end":{"line":42,"column":65}},"loc":{"start":{"line":42,"column":28},"end":{"line":42,"column":65}},"line":42},"3":{"name":"onChange","decl":{"start":{"line":61,"column":32},"end":{"line":61,"column":57}},"loc":{"start":{"line":61,"column":32},"end":{"line":61,"column":57}},"line":61}},"f":{"0":15,"1":2,"2":0,"3":1}}
,"C:\\Users\\lasit\\OneDrive\\Documents\\IDEs\\VS Code\\Task-Management-System\\notifications-management\\frontend\\src\\constants\\notificationMeta.js": {"path":"C:\\Users\\lasit\\OneDrive\\Documents\\IDEs\\VS Code\\Task-Management-System\\notifications-management\\frontend\\src\\constants\\notificationMeta.js","all":false,"statementMap":{"0":{"start":{"line":1,"column":0},"end":{"line":1,"column":74}},"1":{"start":{"line":2,"column":0},"end":{"line":2,"column":0}},"2":{"start":{"line":3,"column":0},"end":{"line":3,"column":26}},"3":{"start":{"line":4,"column":0},"end":{"line":4,"column":102}},"4":{"start":{"line":5,"column":0},"end":{"line":5,"column":92}},"5":{"start":{"line":6,"column":0},"end":{"line":6,"column":96}},"6":{"start":{"line":7,"column":0},"end":{"line":7,"column":99}},"7":{"start":{"line":8,"column":0},"end":{"line":8,"column":93}},"8":{"start":{"line":9,"column":0},"end":{"line":9,"column":93}},"9":{"start":{"line":10,"column":0},"end":{"line":10,"column":2}},"10":{"start":{"line":11,"column":0},"end":{"line":11,"column":0}},"11":{"start":{"line":12,"column":0},"end":{"line":12,"column":28}},"12":{"start":{"line":13,"column":0},"end":{"line":13,"column":36}},"13":{"start":{"line":14,"column":0},"end":{"line":14,"column":38}},"14":{"start":{"line":15,"column":0},"end":{"line":15,"column":42}},"15":{"start":{"line":16,"column":0},"end":{"line":16,"column":39}},"16":{"start":{"line":17,"column":0},"end":{"line":17,"column":30}},"17":{"start":{"line":18,"column":0},"end":{"line":18,"column":32}},"18":{"start":{"line":19,"column":0},"end":{"line":19,"column":2}},"19":{"start":{"line":20,"column":0},"end":{"line":20,"column":0}},"20":{"start":{"line":21,"column":0},"end":{"line":21,"column":24}},"21":{"start":{"line":22,"column":0},"end":{"line":22,"column":43}},"22":{"start":{"line":23,"column":0},"end":{"line":23,"column":54}},"23":{"start":{"line":24,"column":0},"end":{"line":24,"column":50}},"24":{"start":{"line":25,"column":0},"end":{"line":25,"column":48}},"25":{"start":{"line":26,"column":0},"end":{"line":26,"column":61}},"26":{"start":{"line":27,"column":0},"end":{"line":27,"column":2}},"27":{"start":{"line":28,"column":0},"end":{"line":28,"column":0}},"28":{"start":{"line":29,"column":0},"end":{"line":29,"column":31}},"29":{"start":{"line":30,"column":0},"end":{"line":30,"column":31}},"30":{"start":{"line":31,"column":0},"end":{"line":31,"column":37}},"31":{"start":{"line":32,"column":0},"end":{"line":32,"column":33}},"32":{"start":{"line":33,"column":0},"end":{"line":33,"column":2}}},"s":{"0":1,"1":1,"2":1,"3":1,"4":1,"5":1,"6":1,"7":1,"8":1,"9":1,"10":1,"11":1,"12":1,"13":1,"14":1,"15":1,"16":1,"17":1,"18":1,"19":1,"20":1,"21":1,"22":1,"23":1,"24":1,"25":1,"26":1,"27":1,"28":1,"29":1,"30":1,"31":1,"32":1},"branchMap":{},"b":{},"fnMap":{},"f":{}}
}
