{"C:\\Users\\Ayodhya\\Desktop\\Report new\\Task-Management-System\\reporting-analytics\\src\\controllers\\analyticsController.js": {"path":"C:\\Users\\Ayodhya\\Desktop\\Report new\\Task-Management-System\\reporting-analytics\\src\\controllers\\analyticsController.js","statementMap":{"0":{"start":{"line":1,"column":25},"end":{"line":1,"column":64}},"1":{"start":{"line":6,"column":19},"end":{"line":14,"column":1}},"2":{"start":{"line":7,"column":4},"end":{"line":13,"column":5}},"3":{"start":{"line":8,"column":36},"end":{"line":8,"column":45}},"4":{"start":{"line":9,"column":24},"end":{"line":9,"column":65}},"5":{"start":{"line":10,"column":8},"end":{"line":10,"column":63}},"6":{"start":{"line":12,"column":8},"end":{"line":12,"column":20}},"7":{"start":{"line":19,"column":22},"end":{"line":26,"column":1}},"8":{"start":{"line":20,"column":4},"end":{"line":25,"column":5}},"9":{"start":{"line":21,"column":27},"end":{"line":21,"column":65}},"10":{"start":{"line":22,"column":8},"end":{"line":22,"column":66}},"11":{"start":{"line":24,"column":8},"end":{"line":24,"column":20}},"12":{"start":{"line":31,"column":27},"end":{"line":38,"column":1}},"13":{"start":{"line":32,"column":4},"end":{"line":37,"column":5}},"14":{"start":{"line":33,"column":26},"end":{"line":33,"column":69}},"15":{"start":{"line":34,"column":8},"end":{"line":34,"column":65}},"16":{"start":{"line":36,"column":8},"end":{"line":36,"column":20}},"17":{"start":{"line":43,"column":25},"end":{"line":50,"column":1}},"18":{"start":{"line":44,"column":4},"end":{"line":49,"column":5}},"19":{"start":{"line":45,"column":30},"end":{"line":45,"column":71}},"20":{"start":{"line":46,"column":8},"end":{"line":46,"column":69}},"21":{"start":{"line":48,"column":8},"end":{"line":48,"column":20}},"22":{"start":{"line":52,"column":0},"end":{"line":57,"column":2}}},"fnMap":{"0":{"name":"(anonymous_0)","decl":{"start":{"line":6,"column":19},"end":{"line":6,"column":20}},"loc":{"start":{"line":6,"column":45},"end":{"line":14,"column":1}},"line":6},"1":{"name":"(anonymous_1)","decl":{"start":{"line":19,"column":22},"end":{"line":19,"column":23}},"loc":{"start":{"line":19,"column":48},"end":{"line":26,"column":1}},"line":19},"2":{"name":"(anonymous_2)","decl":{"start":{"line":31,"column":27},"end":{"line":31,"column":28}},"loc":{"start":{"line":31,"column":53},"end":{"line":38,"column":1}},"line":31},"3":{"name":"(anonymous_3)","decl":{"start":{"line":43,"column":25},"end":{"line":43,"column":26}},"loc":{"start":{"line":43,"column":51},"end":{"line":50,"column":1}},"line":43}},"branchMap":{"0":{"loc":{"start":{"line":8,"column":16},"end":{"line":8,"column":31}},"type":"default-arg","locations":[{"start":{"line":8,"column":25},"end":{"line":8,"column":31}}],"line":8}},"s":{"0":3,"1":3,"2":2,"3":2,"4":2,"5":2,"6":0,"7":3,"8":1,"9":1,"10":1,"11":0,"12":3,"13":1,"14":1,"15":1,"16":0,"17":3,"18":1,"19":1,"20":1,"21":0,"22":3},"f":{"0":2,"1":1,"2":1,"3":1},"b":{"0":[1]},"_coverageSchema":"1a1c01bbd47fc00a2c39e90264f33305004495a9","hash":"8710ad14ced4627527859d37c72791e07bbd8c55"}
,"C:\\Users\\Ayodhya\\Desktop\\Report new\\Task-Management-System\\reporting-analytics\\src\\controllers\\reportsController.js": {"path":"C:\\Users\\Ayodhya\\Desktop\\Report new\\Task-Management-System\\reporting-analytics\\src\\controllers\\reportsController.js","statementMap":{"0":{"start":{"line":1,"column":23},"end":{"line":1,"column":60}},"1":{"start":{"line":6,"column":23},"end":{"line":14,"column":1}},"2":{"start":{"line":7,"column":4},"end":{"line":13,"column":5}},"3":{"start":{"line":8,"column":46},"end":{"line":8,"column":54}},"4":{"start":{"line":9,"column":23},"end":{"line":9,"column":85}},"5":{"start":{"line":10,"column":8},"end":{"line":10,"column":62}},"6":{"start":{"line":12,"column":8},"end":{"line":12,"column":20}},"7":{"start":{"line":19,"column":22},"end":{"line":26,"column":1}},"8":{"start":{"line":20,"column":4},"end":{"line":25,"column":5}},"9":{"start":{"line":21,"column":24},"end":{"line":21,"column":60}},"10":{"start":{"line":22,"column":8},"end":{"line":22,"column":63}},"11":{"start":{"line":24,"column":8},"end":{"line":24,"column":20}},"12":{"start":{"line":31,"column":22},"end":{"line":39,"column":1}},"13":{"start":{"line":32,"column":4},"end":{"line":38,"column":5}},"14":{"start":{"line":33,"column":23},"end":{"line":33,"column":33}},"15":{"start":{"line":34,"column":23},"end":{"line":34,"column":61}},"16":{"start":{"line":35,"column":8},"end":{"line":35,"column":62}},"17":{"start":{"line":37,"column":8},"end":{"line":37,"column":20}},"18":{"start":{"line":44,"column":21},"end":{"line":52,"column":1}},"19":{"start":{"line":45,"column":4},"end":{"line":51,"column":5}},"20":{"start":{"line":46,"column":23},"end":{"line":46,"column":33}},"21":{"start":{"line":47,"column":23},"end":{"line":47,"column":60}},"22":{"start":{"line":48,"column":8},"end":{"line":48,"column":62}},"23":{"start":{"line":50,"column":8},"end":{"line":50,"column":20}},"24":{"start":{"line":54,"column":0},"end":{"line":59,"column":2}}},"fnMap":{"0":{"name":"(anonymous_0)","decl":{"start":{"line":6,"column":23},"end":{"line":6,"column":24}},"loc":{"start":{"line":6,"column":49},"end":{"line":14,"column":1}},"line":6},"1":{"name":"(anonymous_1)","decl":{"start":{"line":19,"column":22},"end":{"line":19,"column":23}},"loc":{"start":{"line":19,"column":48},"end":{"line":26,"column":1}},"line":19},"2":{"name":"(anonymous_2)","decl":{"start":{"line":31,"column":22},"end":{"line":31,"column":23}},"loc":{"start":{"line":31,"column":48},"end":{"line":39,"column":1}},"line":31},"3":{"name":"(anonymous_3)","decl":{"start":{"line":44,"column":21},"end":{"line":44,"column":22}},"loc":{"start":{"line":44,"column":47},"end":{"line":52,"column":1}},"line":44}},"branchMap":{},"s":{"0":3,"1":3,"2":1,"3":1,"4":1,"5":0,"6":0,"7":3,"8":1,"9":1,"10":1,"11":0,"12":3,"13":1,"14":1,"15":1,"16":1,"17":0,"18":3,"19":1,"20":1,"21":1,"22":1,"23":0,"24":3},"f":{"0":1,"1":1,"2":1,"3":1},"b":{},"_coverageSchema":"1a1c01bbd47fc00a2c39e90264f33305004495a9","hash":"fcbf620f64fb666af5472a61f4503a2ee078dffa"}
,"C:\\Users\\Ayodhya\\Desktop\\Report new\\Task-Management-System\\reporting-analytics\\src\\controllers\\syncController.js": {"path":"C:\\Users\\Ayodhya\\Desktop\\Report new\\Task-Management-System\\reporting-analytics\\src\\controllers\\syncController.js","statementMap":{"0":{"start":{"line":1,"column":20},"end":{"line":1,"column":54}},"1":{"start":{"line":6,"column":20},"end":{"line":13,"column":1}},"2":{"start":{"line":7,"column":4},"end":{"line":12,"column":5}},"3":{"start":{"line":8,"column":23},"end":{"line":8,"column":64}},"4":{"start":{"line":9,"column":8},"end":{"line":9,"column":72}},"5":{"start":{"line":11,"column":8},"end":{"line":11,"column":20}},"6":{"start":{"line":15,"column":0},"end":{"line":17,"column":2}}},"fnMap":{"0":{"name":"(anonymous_0)","decl":{"start":{"line":6,"column":20},"end":{"line":6,"column":21}},"loc":{"start":{"line":6,"column":46},"end":{"line":13,"column":1}},"line":6}},"branchMap":{},"s":{"0":3,"1":3,"2":2,"3":2,"4":2,"5":0,"6":3},"f":{"0":2},"b":{},"_coverageSchema":"1a1c01bbd47fc00a2c39e90264f33305004495a9","hash":"34fd1763404b2a81caac352e510c610ba6a58eba"}
,"C:\\Users\\Ayodhya\\Desktop\\Report new\\Task-Management-System\\reporting-analytics\\src\\middleware\\authMiddleware.js": {"path":"C:\\Users\\Ayodhya\\Desktop\\Report new\\Task-Management-System\\reporting-analytics\\src\\middleware\\authMiddleware.js","statementMap":{"0":{"start":{"line":1,"column":12},"end":{"line":1,"column":35}},"1":{"start":{"line":8,"column":23},"end":{"line":45,"column":1}},"2":{"start":{"line":10,"column":4},"end":{"line":12,"column":5}},"3":{"start":{"line":11,"column":8},"end":{"line":11,"column":22}},"4":{"start":{"line":15,"column":4},"end":{"line":17,"column":5}},"5":{"start":{"line":16,"column":8},"end":{"line":16,"column":22}},"6":{"start":{"line":19,"column":4},"end":{"line":44,"column":5}},"7":{"start":{"line":20,"column":22},"end":{"line":20,"column":62}},"8":{"start":{"line":22,"column":8},"end":{"line":27,"column":9}},"9":{"start":{"line":23,"column":12},"end":{"line":26,"column":15}},"10":{"start":{"line":30,"column":8},"end":{"line":33,"column":9}},"11":{"start":{"line":31,"column":12},"end":{"line":31,"column":63}},"12":{"start":{"line":32,"column":12},"end":{"line":32,"column":26}},"13":{"start":{"line":36,"column":24},"end":{"line":36,"column":86}},"14":{"start":{"line":37,"column":8},"end":{"line":37,"column":27}},"15":{"start":{"line":38,"column":8},"end":{"line":38,"column":15}},"16":{"start":{"line":40,"column":8},"end":{"line":43,"column":11}},"17":{"start":{"line":47,"column":0},"end":{"line":47,"column":36}}},"fnMap":{"0":{"name":"(anonymous_0)","decl":{"start":{"line":8,"column":23},"end":{"line":8,"column":24}},"loc":{"start":{"line":8,"column":43},"end":{"line":45,"column":1}},"line":8}},"branchMap":{"0":{"loc":{"start":{"line":10,"column":4},"end":{"line":12,"column":5}},"type":"if","locations":[{"start":{"line":10,"column":4},"end":{"line":12,"column":5}},{"start":{},"end":{}}],"line":10},"1":{"loc":{"start":{"line":10,"column":8},"end":{"line":10,"column":64}},"type":"binary-expr","locations":[{"start":{"line":10,"column":8},"end":{"line":10,"column":30}},{"start":{"line":10,"column":34},"end":{"line":10,"column":64}}],"line":10},"2":{"loc":{"start":{"line":15,"column":4},"end":{"line":17,"column":5}},"type":"if","locations":[{"start":{"line":15,"column":4},"end":{"line":17,"column":5}},{"start":{},"end":{}}],"line":15},"3":{"loc":{"start":{"line":22,"column":8},"end":{"line":27,"column":9}},"type":"if","locations":[{"start":{"line":22,"column":8},"end":{"line":27,"column":9}},{"start":{},"end":{}}],"line":22},"4":{"loc":{"start":{"line":30,"column":8},"end":{"line":33,"column":9}},"type":"if","locations":[{"start":{"line":30,"column":8},"end":{"line":33,"column":9}},{"start":{},"end":{}}],"line":30},"5":{"loc":{"start":{"line":36,"column":42},"end":{"line":36,"column":85}},"type":"binary-expr","locations":[{"start":{"line":36,"column":42},"end":{"line":36,"column":64}},{"start":{"line":36,"column":68},"end":{"line":36,"column":85}}],"line":36}},"s":{"0":3,"1":3,"2":12,"3":2,"4":10,"5":10,"6":0,"7":0,"8":0,"9":0,"10":0,"11":0,"12":0,"13":0,"14":0,"15":0,"16":0,"17":3},"f":{"0":12},"b":{"0":[2,10],"1":[12,12],"2":[10,0],"3":[0,0],"4":[0,0],"5":[0,0]},"_coverageSchema":"1a1c01bbd47fc00a2c39e90264f33305004495a9","hash":"fa7a2747e0ad4d463b1c6de2bc1454dd2eef1f0d"}
,"C:\\Users\\Ayodhya\\Desktop\\Report new\\Task-Management-System\\reporting-analytics\\src\\middleware\\errorHandler.js": {"path":"C:\\Users\\Ayodhya\\Desktop\\Report new\\Task-Management-System\\reporting-analytics\\src\\middleware\\errorHandler.js","statementMap":{"0":{"start":{"line":5,"column":21},"end":{"line":15,"column":1}},"1":{"start":{"line":6,"column":4},"end":{"line":6,"column":43}},"2":{"start":{"line":8,"column":23},"end":{"line":8,"column":44}},"3":{"start":{"line":10,"column":4},"end":{"line":14,"column":7}},"4":{"start":{"line":17,"column":0},"end":{"line":17,"column":34}}},"fnMap":{"0":{"name":"(anonymous_0)","decl":{"start":{"line":5,"column":21},"end":{"line":5,"column":22}},"loc":{"start":{"line":5,"column":47},"end":{"line":15,"column":1}},"line":5}},"branchMap":{"0":{"loc":{"start":{"line":8,"column":23},"end":{"line":8,"column":44}},"type":"binary-expr","locations":[{"start":{"line":8,"column":23},"end":{"line":8,"column":37}},{"start":{"line":8,"column":41},"end":{"line":8,"column":44}}],"line":8},"1":{"loc":{"start":{"line":12,"column":17},"end":{"line":12,"column":55}},"type":"binary-expr","locations":[{"start":{"line":12,"column":17},"end":{"line":12,"column":28}},{"start":{"line":12,"column":32},"end":{"line":12,"column":55}}],"line":12},"2":{"loc":{"start":{"line":13,"column":12},"end":{"line":13,"column":74}},"type":"binary-expr","locations":[{"start":{"line":13,"column":12},"end":{"line":13,"column":50}},{"start":{"line":13,"column":54},"end":{"line":13,"column":74}}],"line":13}},"s":{"0":3,"1":0,"2":0,"3":0,"4":3},"f":{"0":0},"b":{"0":[0,0],"1":[0,0],"2":[0,0]},"_coverageSchema":"1a1c01bbd47fc00a2c39e90264f33305004495a9","hash":"9bf174d9cd26347fc89aec9a484a7e6f33a5e4a0"}
,"C:\\Users\\Ayodhya\\Desktop\\Report new\\Task-Management-System\\reporting-analytics\\src\\middleware\\rateLimiter.js": {"path":"C:\\Users\\Ayodhya\\Desktop\\Report new\\Task-Management-System\\reporting-analytics\\src\\middleware\\rateLimiter.js","statementMap":{"0":{"start":{"line":1,"column":18},"end":{"line":1,"column":47}},"1":{"start":{"line":6,"column":16},"end":{"line":16,"column":2}},"2":{"start":{"line":14,"column":8},"end":{"line":14,"column":38}},"3":{"start":{"line":18,"column":0},"end":{"line":18,"column":25}}},"fnMap":{"0":{"name":"(anonymous_0)","decl":{"start":{"line":12,"column":10},"end":{"line":12,"column":11}},"loc":{"start":{"line":12,"column":19},"end":{"line":15,"column":5}},"line":12}},"branchMap":{},"s":{"0":3,"1":3,"2":12,"3":3},"f":{"0":12},"b":{},"_coverageSchema":"1a1c01bbd47fc00a2c39e90264f33305004495a9","hash":"5ad1f369bd754d7d763f2dc5cb252adffa55c38c"}
,"C:\\Users\\Ayodhya\\Desktop\\Report new\\Task-Management-System\\reporting-analytics\\src\\middleware\\validateRequest.js": {"path":"C:\\Users\\Ayodhya\\Desktop\\Report new\\Task-Management-System\\reporting-analytics\\src\\middleware\\validateRequest.js","statementMap":{"0":{"start":{"line":1,"column":12},"end":{"line":1,"column":26}},"1":{"start":{"line":6,"column":33},"end":{"line":33,"column":1}},"2":{"start":{"line":7,"column":19},"end":{"line":20,"column":6}},"3":{"start":{"line":22,"column":29},"end":{"line":22,"column":54}},"4":{"start":{"line":24,"column":4},"end":{"line":29,"column":5}},"5":{"start":{"line":25,"column":8},"end":{"line":28,"column":11}},"6":{"start":{"line":31,"column":4},"end":{"line":31,"column":21}},"7":{"start":{"line":32,"column":4},"end":{"line":32,"column":11}},"8":{"start":{"line":35,"column":0},"end":{"line":35,"column":46}}},"fnMap":{"0":{"name":"(anonymous_0)","decl":{"start":{"line":6,"column":33},"end":{"line":6,"column":34}},"loc":{"start":{"line":6,"column":53},"end":{"line":33,"column":1}},"line":6}},"branchMap":{"0":{"loc":{"start":{"line":24,"column":4},"end":{"line":29,"column":5}},"type":"if","locations":[{"start":{"line":24,"column":4},"end":{"line":29,"column":5}},{"start":{},"end":{}}],"line":24}},"s":{"0":3,"1":3,"2":2,"3":2,"4":2,"5":1,"6":1,"7":1,"8":3},"f":{"0":2},"b":{"0":[1,1]},"_coverageSchema":"1a1c01bbd47fc00a2c39e90264f33305004495a9","hash":"e6ec38e41f736547783638b1ad4b98d4626ff8bf"}
,"C:\\Users\\Ayodhya\\Desktop\\Report new\\Task-Management-System\\reporting-analytics\\src\\models\\AnalyticsCache.js": {"path":"C:\\Users\\Ayodhya\\Desktop\\Report new\\Task-Management-System\\reporting-analytics\\src\\models\\AnalyticsCache.js","statementMap":{"0":{"start":{"line":1,"column":17},"end":{"line":1,"column":36}},"1":{"start":{"line":3,"column":29},"end":{"line":35,"column":1}},"2":{"start":{"line":37,"column":0},"end":{"line":37,"column":72}}},"fnMap":{},"branchMap":{},"s":{"0":0,"1":0,"2":0},"f":{},"b":{}}
,"C:\\Users\\Ayodhya\\Desktop\\Report new\\Task-Management-System\\reporting-analytics\\src\\models\\Report.js": {"path":"C:\\Users\\Ayodhya\\Desktop\\Report new\\Task-Management-System\\reporting-analytics\\src\\models\\Report.js","statementMap":{"0":{"start":{"line":1,"column":17},"end":{"line":1,"column":36}},"1":{"start":{"line":3,"column":21},"end":{"line":39,"column":1}},"2":{"start":{"line":41,"column":0},"end":{"line":41,"column":56}}},"fnMap":{},"branchMap":{},"s":{"0":4,"1":4,"2":4},"f":{},"b":{},"_coverageSchema":"1a1c01bbd47fc00a2c39e90264f33305004495a9","hash":"9e79d69a3f4517885398d9f933ec2b77dfef2356"}
,"C:\\Users\\Ayodhya\\Desktop\\Report new\\Task-Management-System\\reporting-analytics\\src\\models\\TasksMirror.js": {"path":"C:\\Users\\Ayodhya\\Desktop\\Report new\\Task-Management-System\\reporting-analytics\\src\\models\\TasksMirror.js","statementMap":{"0":{"start":{"line":1,"column":17},"end":{"line":1,"column":36}},"1":{"start":{"line":3,"column":26},"end":{"line":43,"column":1}},"2":{"start":{"line":45,"column":0},"end":{"line":45,"column":66}}},"fnMap":{},"branchMap":{},"s":{"0":8,"1":8,"2":8},"f":{},"b":{},"_coverageSchema":"1a1c01bbd47fc00a2c39e90264f33305004495a9","hash":"54e2981cd42eb0c1293c001404ca041990bee1db"}
,"C:\\Users\\Ayodhya\\Desktop\\Report new\\Task-Management-System\\reporting-analytics\\src\\routes\\analyticsRoutes.js": {"path":"C:\\Users\\Ayodhya\\Desktop\\Report new\\Task-Management-System\\reporting-analytics\\src\\routes\\analyticsRoutes.js","statementMap":{"0":{"start":{"line":1,"column":16},"end":{"line":1,"column":34}},"1":{"start":{"line":2,"column":15},"end":{"line":2,"column":31}},"2":{"start":{"line":3,"column":28},"end":{"line":3,"column":73}},"3":{"start":{"line":9,"column":0},"end":{"line":9,"column":55}},"4":{"start":{"line":15,"column":0},"end":{"line":15,"column":57}},"5":{"start":{"line":21,"column":0},"end":{"line":21,"column":62}},"6":{"start":{"line":27,"column":0},"end":{"line":27,"column":59}},"7":{"start":{"line":29,"column":0},"end":{"line":29,"column":24}}},"fnMap":{},"branchMap":{},"s":{"0":3,"1":3,"2":3,"3":3,"4":3,"5":3,"6":3,"7":3},"f":{},"b":{},"_coverageSchema":"1a1c01bbd47fc00a2c39e90264f33305004495a9","hash":"249ed5acd94f4b867c13bb893836ad63a728fa9b"}
,"C:\\Users\\Ayodhya\\Desktop\\Report new\\Task-Management-System\\reporting-analytics\\src\\routes\\reportRoutes.js": {"path":"C:\\Users\\Ayodhya\\Desktop\\Report new\\Task-Management-System\\reporting-analytics\\src\\routes\\reportRoutes.js","statementMap":{"0":{"start":{"line":1,"column":16},"end":{"line":1,"column":34}},"1":{"start":{"line":2,"column":15},"end":{"line":2,"column":31}},"2":{"start":{"line":3,"column":26},"end":{"line":3,"column":69}},"3":{"start":{"line":4,"column":37},"end":{"line":4,"column":77}},"4":{"start":{"line":10,"column":0},"end":{"line":10,"column":49}},"5":{"start":{"line":16,"column":0},"end":{"line":16,"column":52}},"6":{"start":{"line":23,"column":0},"end":{"line":23,"column":85}},"7":{"start":{"line":29,"column":0},"end":{"line":29,"column":54}},"8":{"start":{"line":31,"column":0},"end":{"line":31,"column":24}}},"fnMap":{},"branchMap":{},"s":{"0":3,"1":3,"2":3,"3":3,"4":3,"5":3,"6":3,"7":3,"8":3},"f":{},"b":{},"_coverageSchema":"1a1c01bbd47fc00a2c39e90264f33305004495a9","hash":"a95303cf27d430e609c089393932c04f1af3d8b2"}
,"C:\\Users\\Ayodhya\\Desktop\\Report new\\Task-Management-System\\reporting-analytics\\src\\routes\\syncRoutes.js": {"path":"C:\\Users\\Ayodhya\\Desktop\\Report new\\Task-Management-System\\reporting-analytics\\src\\routes\\syncRoutes.js","statementMap":{"0":{"start":{"line":1,"column":16},"end":{"line":1,"column":34}},"1":{"start":{"line":2,"column":15},"end":{"line":2,"column":31}},"2":{"start":{"line":3,"column":23},"end":{"line":3,"column":63}},"3":{"start":{"line":9,"column":0},"end":{"line":9,"column":50}},"4":{"start":{"line":11,"column":0},"end":{"line":11,"column":24}}},"fnMap":{},"branchMap":{},"s":{"0":3,"1":3,"2":3,"3":3,"4":3},"f":{},"b":{},"_coverageSchema":"1a1c01bbd47fc00a2c39e90264f33305004495a9","hash":"3891101bb343bbcf41648dd3e60a8779fe9dc05c"}
,"C:\\Users\\Ayodhya\\Desktop\\Report new\\Task-Management-System\\reporting-analytics\\src\\services\\analyticsService.js": {"path":"C:\\Users\\Ayodhya\\Desktop\\Report new\\Task-Management-System\\reporting-analytics\\src\\services\\analyticsService.js","statementMap":{"0":{"start":{"line":1,"column":20},"end":{"line":1,"column":52}},"1":{"start":{"line":2,"column":38},"end":{"line":2,"column":67}},"2":{"start":{"line":8,"column":4},"end":{"line":8,"column":31}},"3":{"start":{"line":15,"column":19},"end":{"line":76,"column":1}},"4":{"start":{"line":16,"column":4},"end":{"line":75,"column":5}},"5":{"start":{"line":19,"column":22},"end":{"line":19,"column":32}},"6":{"start":{"line":20,"column":26},"end":{"line":20,"column":40}},"7":{"start":{"line":21,"column":23},"end":{"line":21,"column":38}},"8":{"start":{"line":22,"column":8},"end":{"line":22,"column":80}},"9":{"start":{"line":23,"column":8},"end":{"line":23,"column":36}},"10":{"start":{"line":24,"column":23},"end":{"line":24,"column":39}},"11":{"start":{"line":25,"column":8},"end":{"line":25,"column":45}},"12":{"start":{"line":26,"column":8},"end":{"line":26,"column":41}},"13":{"start":{"line":29,"column":27},"end":{"line":29,"column":43}},"14":{"start":{"line":30,"column":8},"end":{"line":30,"column":49}},"15":{"start":{"line":31,"column":8},"end":{"line":31,"column":45}},"16":{"start":{"line":32,"column":27},"end":{"line":32,"column":47}},"17":{"start":{"line":33,"column":8},"end":{"line":33,"column":53}},"18":{"start":{"line":34,"column":8},"end":{"line":34,"column":40}},"19":{"start":{"line":37,"column":34},"end":{"line":39,"column":10}},"20":{"start":{"line":41,"column":38},"end":{"line":44,"column":10}},"21":{"start":{"line":46,"column":36},"end":{"line":48,"column":15}},"22":{"start":{"line":51,"column":35},"end":{"line":53,"column":10}},"23":{"start":{"line":55,"column":39},"end":{"line":58,"column":10}},"24":{"start":{"line":60,"column":37},"end":{"line":62,"column":15}},"25":{"start":{"line":64,"column":8},"end":{"line":71,"column":10}},"26":{"start":{"line":73,"column":8},"end":{"line":73,"column":55}},"27":{"start":{"line":74,"column":8},"end":{"line":74,"column":20}},"28":{"start":{"line":82,"column":22},"end":{"line":121,"column":1}},"29":{"start":{"line":83,"column":4},"end":{"line":120,"column":5}},"30":{"start":{"line":85,"column":22},"end":{"line":85,"column":32}},"31":{"start":{"line":86,"column":26},"end":{"line":86,"column":40}},"32":{"start":{"line":87,"column":23},"end":{"line":87,"column":38}},"33":{"start":{"line":88,"column":8},"end":{"line":88,"column":80}},"34":{"start":{"line":89,"column":8},"end":{"line":89,"column":36}},"35":{"start":{"line":90,"column":23},"end":{"line":90,"column":39}},"36":{"start":{"line":91,"column":8},"end":{"line":91,"column":45}},"37":{"start":{"line":92,"column":8},"end":{"line":92,"column":41}},"38":{"start":{"line":95,"column":31},"end":{"line":98,"column":10}},"39":{"start":{"line":101,"column":24},"end":{"line":101,"column":26}},"40":{"start":{"line":102,"column":8},"end":{"line":104,"column":11}},"41":{"start":{"line":103,"column":12},"end":{"line":103,"column":29}},"42":{"start":{"line":107,"column":8},"end":{"line":110,"column":11}},"43":{"start":{"line":108,"column":24},"end":{"line":108,"column":62}},"44":{"start":{"line":109,"column":12},"end":{"line":109,"column":27}},"45":{"start":{"line":113,"column":8},"end":{"line":116,"column":12}},"46":{"start":{"line":113,"column":40},"end":{"line":116,"column":9}},"47":{"start":{"line":118,"column":8},"end":{"line":118,"column":59}},"48":{"start":{"line":119,"column":8},"end":{"line":119,"column":20}},"49":{"start":{"line":127,"column":27},"end":{"line":153,"column":1}},"50":{"start":{"line":128,"column":4},"end":{"line":152,"column":5}},"51":{"start":{"line":129,"column":31},"end":{"line":129,"column":93}},"52":{"start":{"line":130,"column":32},"end":{"line":130,"column":101}},"53":{"start":{"line":131,"column":26},"end":{"line":131,"column":88}},"54":{"start":{"line":132,"column":22},"end":{"line":132,"column":66}},"55":{"start":{"line":134,"column":8},"end":{"line":148,"column":10}},"56":{"start":{"line":150,"column":8},"end":{"line":150,"column":64}},"57":{"start":{"line":151,"column":8},"end":{"line":151,"column":20}},"58":{"start":{"line":159,"column":25},"end":{"line":192,"column":1}},"59":{"start":{"line":160,"column":4},"end":{"line":191,"column":5}},"60":{"start":{"line":161,"column":26},"end":{"line":177,"column":10}},"61":{"start":{"line":179,"column":8},"end":{"line":187,"column":12}},"62":{"start":{"line":179,"column":38},"end":{"line":187,"column":9}},"63":{"start":{"line":189,"column":8},"end":{"line":189,"column":62}},"64":{"start":{"line":190,"column":8},"end":{"line":190,"column":20}},"65":{"start":{"line":194,"column":0},"end":{"line":199,"column":2}}},"fnMap":{"0":{"name":"(anonymous_0)","decl":{"start":{"line":15,"column":19},"end":{"line":15,"column":20}},"loc":{"start":{"line":15,"column":46},"end":{"line":76,"column":1}},"line":15},"1":{"name":"(anonymous_1)","decl":{"start":{"line":82,"column":22},"end":{"line":82,"column":23}},"loc":{"start":{"line":82,"column":34},"end":{"line":121,"column":1}},"line":82},"2":{"name":"(anonymous_2)","decl":{"start":{"line":102,"column":29},"end":{"line":102,"column":30}},"loc":{"start":{"line":102,"column":36},"end":{"line":104,"column":9}},"line":102},"3":{"name":"(anonymous_3)","decl":{"start":{"line":107,"column":31},"end":{"line":107,"column":32}},"loc":{"start":{"line":107,"column":39},"end":{"line":110,"column":9}},"line":107},"4":{"name":"(anonymous_4)","decl":{"start":{"line":113,"column":32},"end":{"line":113,"column":33}},"loc":{"start":{"line":113,"column":40},"end":{"line":116,"column":9}},"line":113},"5":{"name":"(anonymous_5)","decl":{"start":{"line":127,"column":27},"end":{"line":127,"column":28}},"loc":{"start":{"line":127,"column":39},"end":{"line":153,"column":1}},"line":127},"6":{"name":"(anonymous_6)","decl":{"start":{"line":159,"column":25},"end":{"line":159,"column":26}},"loc":{"start":{"line":159,"column":37},"end":{"line":192,"column":1}},"line":159},"7":{"name":"(anonymous_7)","decl":{"start":{"line":179,"column":29},"end":{"line":179,"column":30}},"loc":{"start":{"line":179,"column":38},"end":{"line":187,"column":9}},"line":179}},"branchMap":{"0":{"loc":{"start":{"line":15,"column":26},"end":{"line":15,"column":41}},"type":"default-arg","locations":[{"start":{"line":15,"column":35},"end":{"line":15,"column":41}}],"line":15},"1":{"loc":{"start":{"line":22,"column":42},"end":{"line":22,"column":77}},"type":"cond-expr","locations":[{"start":{"line":22,"column":60},"end":{"line":22,"column":61}},{"start":{"line":22,"column":64},"end":{"line":22,"column":77}}],"line":22},"2":{"loc":{"start":{"line":46,"column":36},"end":{"line":48,"column":15}},"type":"cond-expr","locations":[{"start":{"line":47,"column":14},"end":{"line":47,"column":76}},{"start":{"line":48,"column":14},"end":{"line":48,"column":15}}],"line":46},"3":{"loc":{"start":{"line":60,"column":37},"end":{"line":62,"column":15}},"type":"cond-expr","locations":[{"start":{"line":61,"column":15},"end":{"line":61,"column":66}},{"start":{"line":62,"column":14},"end":{"line":62,"column":15}}],"line":60},"4":{"loc":{"start":{"line":88,"column":42},"end":{"line":88,"column":77}},"type":"cond-expr","locations":[{"start":{"line":88,"column":60},"end":{"line":88,"column":61}},{"start":{"line":88,"column":64},"end":{"line":88,"column":77}}],"line":88},"5":{"loc":{"start":{"line":137,"column":28},"end":{"line":137,"column":87}},"type":"cond-expr","locations":[{"start":{"line":137,"column":40},"end":{"line":137,"column":83}},{"start":{"line":137,"column":86},"end":{"line":137,"column":87}}],"line":137},"6":{"loc":{"start":{"line":141,"column":28},"end":{"line":141,"column":88}},"type":"cond-expr","locations":[{"start":{"line":141,"column":40},"end":{"line":141,"column":84}},{"start":{"line":141,"column":87},"end":{"line":141,"column":88}}],"line":141},"7":{"loc":{"start":{"line":145,"column":28},"end":{"line":145,"column":82}},"type":"cond-expr","locations":[{"start":{"line":145,"column":40},"end":{"line":145,"column":78}},{"start":{"line":145,"column":81},"end":{"line":145,"column":82}}],"line":145},"8":{"loc":{"start":{"line":184,"column":28},"end":{"line":186,"column":19}},"type":"cond-expr","locations":[{"start":{"line":185,"column":18},"end":{"line":185,"column":76}},{"start":{"line":186,"column":18},"end":{"line":186,"column":19}}],"line":184}},"s":{"0":5,"1":5,"2":5,"3":5,"4":5,"5":5,"6":5,"7":5,"8":5,"9":5,"10":5,"11":5,"12":5,"13":5,"14":5,"15":5,"16":5,"17":5,"18":5,"19":5,"20":4,"21":4,"22":4,"23":4,"24":4,"25":4,"26":0,"27":0,"28":5,"29":3,"30":3,"31":3,"32":3,"33":3,"34":3,"35":3,"36":3,"37":3,"38":3,"39":3,"40":3,"41":21,"42":3,"43":0,"44":0,"45":3,"46":21,"47":0,"48":0,"49":5,"50":3,"51":3,"52":3,"53":3,"54":3,"55":3,"56":0,"57":0,"58":5,"59":2,"60":2,"61":2,"62":2,"63":0,"64":0,"65":5},"f":{"0":5,"1":3,"2":21,"3":0,"4":21,"5":3,"6":2,"7":2},"b":{"0":[0],"1":[0,5],"2":[4,0],"3":[3,1],"4":[0,3],"5":[3,0],"6":[3,0],"7":[3,0],"8":[2,0]},"_coverageSchema":"1a1c01bbd47fc00a2c39e90264f33305004495a9","hash":"a0d6c60d097365f0653de6c6cd5fc0eb00c4fb74"}
,"C:\\Users\\Ayodhya\\Desktop\\Report new\\Task-Management-System\\reporting-analytics\\src\\services\\reportsService.js": {"path":"C:\\Users\\Ayodhya\\Desktop\\Report new\\Task-Management-System\\reporting-analytics\\src\\services\\reportsService.js","statementMap":{"0":{"start":{"line":1,"column":15},"end":{"line":1,"column":42}},"1":{"start":{"line":2,"column":25},"end":{"line":2,"column":54}},"2":{"start":{"line":11,"column":23},"end":{"line":47,"column":1}},"3":{"start":{"line":12,"column":4},"end":{"line":46,"column":5}},"4":{"start":{"line":14,"column":23},"end":{"line":20,"column":10}},"5":{"start":{"line":22,"column":8},"end":{"line":22,"column":28}},"6":{"start":{"line":23,"column":8},"end":{"line":23,"column":75}},"7":{"start":{"line":26,"column":30},"end":{"line":31,"column":9}},"8":{"start":{"line":34,"column":8},"end":{"line":34,"column":65}},"9":{"start":{"line":34,"column":37},"end":{"line":34,"column":63}},"10":{"start":{"line":37,"column":8},"end":{"line":37,"column":36}},"11":{"start":{"line":38,"column":8},"end":{"line":38,"column":32}},"12":{"start":{"line":39,"column":8},"end":{"line":39,"column":28}},"13":{"start":{"line":41,"column":8},"end":{"line":41,"column":52}},"14":{"start":{"line":42,"column":8},"end":{"line":42,"column":22}},"15":{"start":{"line":44,"column":8},"end":{"line":44,"column":57}},"16":{"start":{"line":45,"column":8},"end":{"line":45,"column":20}},"17":{"start":{"line":53,"column":22},"end":{"line":61,"column":1}},"18":{"start":{"line":54,"column":4},"end":{"line":60,"column":5}},"19":{"start":{"line":55,"column":24},"end":{"line":55,"column":69}},"20":{"start":{"line":56,"column":8},"end":{"line":56,"column":23}},"21":{"start":{"line":58,"column":8},"end":{"line":58,"column":59}},"22":{"start":{"line":59,"column":8},"end":{"line":59,"column":20}},"23":{"start":{"line":68,"column":22},"end":{"line":79,"column":1}},"24":{"start":{"line":69,"column":4},"end":{"line":78,"column":5}},"25":{"start":{"line":70,"column":23},"end":{"line":70,"column":48}},"26":{"start":{"line":71,"column":8},"end":{"line":73,"column":9}},"27":{"start":{"line":72,"column":12},"end":{"line":72,"column":48}},"28":{"start":{"line":74,"column":8},"end":{"line":74,"column":22}},"29":{"start":{"line":76,"column":8},"end":{"line":76,"column":60}},"30":{"start":{"line":77,"column":8},"end":{"line":77,"column":20}},"31":{"start":{"line":86,"column":21},"end":{"line":98,"column":1}},"32":{"start":{"line":87,"column":4},"end":{"line":97,"column":5}},"33":{"start":{"line":88,"column":23},"end":{"line":88,"column":57}},"34":{"start":{"line":89,"column":8},"end":{"line":91,"column":9}},"35":{"start":{"line":90,"column":12},"end":{"line":90,"column":48}},"36":{"start":{"line":92,"column":8},"end":{"line":92,"column":60}},"37":{"start":{"line":93,"column":8},"end":{"line":93,"column":73}},"38":{"start":{"line":95,"column":8},"end":{"line":95,"column":55}},"39":{"start":{"line":96,"column":8},"end":{"line":96,"column":20}},"40":{"start":{"line":100,"column":0},"end":{"line":105,"column":2}}},"fnMap":{"0":{"name":"(anonymous_0)","decl":{"start":{"line":11,"column":23},"end":{"line":11,"column":24}},"loc":{"start":{"line":11,"column":60},"end":{"line":47,"column":1}},"line":11},"1":{"name":"(anonymous_1)","decl":{"start":{"line":34,"column":26},"end":{"line":34,"column":27}},"loc":{"start":{"line":34,"column":37},"end":{"line":34,"column":63}},"line":34},"2":{"name":"(anonymous_2)","decl":{"start":{"line":53,"column":22},"end":{"line":53,"column":23}},"loc":{"start":{"line":53,"column":34},"end":{"line":61,"column":1}},"line":53},"3":{"name":"(anonymous_3)","decl":{"start":{"line":68,"column":22},"end":{"line":68,"column":23}},"loc":{"start":{"line":68,"column":36},"end":{"line":79,"column":1}},"line":68},"4":{"name":"(anonymous_4)","decl":{"start":{"line":86,"column":21},"end":{"line":86,"column":22}},"loc":{"start":{"line":86,"column":35},"end":{"line":98,"column":1}},"line":86}},"branchMap":{"0":{"loc":{"start":{"line":71,"column":8},"end":{"line":73,"column":9}},"type":"if","locations":[{"start":{"line":71,"column":8},"end":{"line":73,"column":9}},{"start":{},"end":{}}],"line":71},"1":{"loc":{"start":{"line":89,"column":8},"end":{"line":91,"column":9}},"type":"if","locations":[{"start":{"line":89,"column":8},"end":{"line":91,"column":9}},{"start":{},"end":{}}],"line":89}},"s":{"0":4,"1":4,"2":4,"3":3,"4":3,"5":3,"6":3,"7":3,"8":2,"9":2,"10":0,"11":0,"12":0,"13":0,"14":0,"15":0,"16":0,"17":4,"18":2,"19":2,"20":2,"21":0,"22":0,"23":4,"24":3,"25":3,"26":3,"27":1,"28":2,"29":1,"30":1,"31":4,"32":3,"33":3,"34":3,"35":1,"36":2,"37":2,"38":1,"39":1,"40":4},"f":{"0":3,"1":2,"2":2,"3":3,"4":3},"b":{"0":[1,2],"1":[1,2]},"_coverageSchema":"1a1c01bbd47fc00a2c39e90264f33305004495a9","hash":"0fb29487a3b2767b974d8516928b286bae0ded6a"}
,"C:\\Users\\Ayodhya\\Desktop\\Report new\\Task-Management-System\\reporting-analytics\\src\\services\\syncService.js": {"path":"C:\\Users\\Ayodhya\\Desktop\\Report new\\Task-Management-System\\reporting-analytics\\src\\services\\syncService.js","statementMap":{"0":{"start":{"line":1,"column":20},"end":{"line":1,"column":52}},"1":{"start":{"line":2,"column":63},"end":{"line":2,"column":92}},"2":{"start":{"line":3,"column":26},"end":{"line":3,"column":53}},"3":{"start":{"line":10,"column":26},"end":{"line":46,"column":1}},"4":{"start":{"line":11,"column":19},"end":{"line":11,"column":81}},"5":{"start":{"line":12,"column":20},"end":{"line":12,"column":97}},"6":{"start":{"line":13,"column":16},"end":{"line":13,"column":18}},"7":{"start":{"line":14,"column":16},"end":{"line":14,"column":26}},"8":{"start":{"line":16,"column":2},"end":{"line":44,"column":3}},"9":{"start":{"line":16,"column":15},"end":{"line":16,"column":16}},"10":{"start":{"line":17,"column":19},"end":{"line":17,"column":72}},"11":{"start":{"line":18,"column":29},"end":{"line":18,"column":84}},"12":{"start":{"line":20,"column":27},"end":{"line":20,"column":56}},"13":{"start":{"line":21,"column":22},"end":{"line":21,"column":37}},"14":{"start":{"line":22,"column":4},"end":{"line":22,"column":56}},"15":{"start":{"line":23,"column":4},"end":{"line":23,"column":59}},"16":{"start":{"line":24,"column":4},"end":{"line":24,"column":57}},"17":{"start":{"line":26,"column":22},"end":{"line":26,"column":26}},"18":{"start":{"line":27,"column":4},"end":{"line":33,"column":5}},"19":{"start":{"line":28,"column":31},"end":{"line":28,"column":60}},"20":{"start":{"line":29,"column":6},"end":{"line":29,"column":36}},"21":{"start":{"line":30,"column":6},"end":{"line":30,"column":62}},"22":{"start":{"line":31,"column":6},"end":{"line":31,"column":63}},"23":{"start":{"line":32,"column":6},"end":{"line":32,"column":61}},"24":{"start":{"line":35,"column":4},"end":{"line":43,"column":7}},"25":{"start":{"line":45,"column":2},"end":{"line":45,"column":15}},"26":{"start":{"line":52,"column":30},"end":{"line":94,"column":1}},"27":{"start":{"line":53,"column":4},"end":{"line":93,"column":5}},"28":{"start":{"line":54,"column":8},"end":{"line":54,"column":48}},"29":{"start":{"line":56,"column":20},"end":{"line":56,"column":22}},"30":{"start":{"line":58,"column":8},"end":{"line":67,"column":9}},"31":{"start":{"line":60,"column":12},"end":{"line":60,"column":70}},"32":{"start":{"line":61,"column":12},"end":{"line":61,"column":40}},"33":{"start":{"line":65,"column":12},"end":{"line":65,"column":75}},"34":{"start":{"line":66,"column":12},"end":{"line":66,"column":40}},"35":{"start":{"line":70,"column":8},"end":{"line":70,"column":41}},"36":{"start":{"line":73,"column":8},"end":{"line":79,"column":9}},"37":{"start":{"line":74,"column":12},"end":{"line":78,"column":14}},"38":{"start":{"line":81,"column":8},"end":{"line":81,"column":72}},"39":{"start":{"line":82,"column":8},"end":{"line":86,"column":10}},"40":{"start":{"line":88,"column":8},"end":{"line":88,"column":55}},"41":{"start":{"line":89,"column":8},"end":{"line":92,"column":10}},"42":{"start":{"line":96,"column":0},"end":{"line":99,"column":2}}},"fnMap":{"0":{"name":"(anonymous_0)","decl":{"start":{"line":10,"column":26},"end":{"line":10,"column":27}},"loc":{"start":{"line":10,"column":32},"end":{"line":46,"column":1}},"line":10},"1":{"name":"(anonymous_1)","decl":{"start":{"line":52,"column":30},"end":{"line":52,"column":31}},"loc":{"start":{"line":52,"column":42},"end":{"line":94,"column":1}},"line":52}},"branchMap":{"0":{"loc":{"start":{"line":27,"column":4},"end":{"line":33,"column":5}},"type":"if","locations":[{"start":{"line":27,"column":4},"end":{"line":33,"column":5}},{"start":{},"end":{}}],"line":27},"1":{"loc":{"start":{"line":58,"column":8},"end":{"line":67,"column":9}},"type":"if","locations":[{"start":{"line":58,"column":8},"end":{"line":67,"column":9}},{"start":{"line":62,"column":15},"end":{"line":67,"column":9}}],"line":58}},"s":{"0":4,"1":4,"2":4,"3":4,"4":11,"5":11,"6":11,"7":11,"8":11,"9":11,"10":220,"11":220,"12":220,"13":220,"14":220,"15":220,"16":220,"17":220,"18":220,"19":152,"20":152,"21":152,"22":152,"23":152,"24":220,"25":11,"26":4,"27":6,"28":6,"29":6,"30":6,"31":6,"32":6,"33":0,"34":0,"35":6,"36":6,"37":101,"38":5,"39":5,"40":1,"41":1,"42":4},"f":{"0":11,"1":6},"b":{"0":[152,68],"1":[6,0]},"_coverageSchema":"1a1c01bbd47fc00a2c39e90264f33305004495a9","hash":"6d8bd519acd13da199a978515aecb872eae7fac8"}
,"C:\\Users\\Ayodhya\\Desktop\\Report new\\Task-Management-System\\reporting-analytics\\src\\utils\\constants.js": {"path":"C:\\Users\\Ayodhya\\Desktop\\Report new\\Task-Management-System\\reporting-analytics\\src\\utils\\constants.js","statementMap":{"0":{"start":{"line":2,"column":20},"end":{"line":6,"column":1}},"1":{"start":{"line":9,"column":15},"end":{"line":13,"column":1}},"2":{"start":{"line":16,"column":22},"end":{"line":19,"column":1}},"3":{"start":{"line":22,"column":23},"end":{"line":28,"column":1}},"4":{"start":{"line":31,"column":21},"end":{"line":31,"column":99}},"5":{"start":{"line":34,"column":30},"end":{"line":34,"column":32}},"6":{"start":{"line":36,"column":0},"end":{"line":43,"column":2}}},"fnMap":{},"branchMap":{},"s":{"0":8,"1":8,"2":8,"3":8,"4":8,"5":8,"6":8},"f":{},"b":{},"_coverageSchema":"1a1c01bbd47fc00a2c39e90264f33305004495a9","hash":"3d72fb702e1644ad7236366888d90de027b0e8c4"}
,"C:\\Users\\Ayodhya\\Desktop\\Report new\\Task-Management-System\\reporting-analytics\\src\\utils\\helpers.js": {"path":"C:\\Users\\Ayodhya\\Desktop\\Report new\\Task-Management-System\\reporting-analytics\\src\\utils\\helpers.js","statementMap":{"0":{"start":{"line":1,"column":25},"end":{"line":1,"column":47}},"1":{"start":{"line":8,"column":30},"end":{"line":28,"column":1}},"2":{"start":{"line":9,"column":16},"end":{"line":9,"column":26}},"3":{"start":{"line":10,"column":22},"end":{"line":10,"column":32}},"4":{"start":{"line":11,"column":20},"end":{"line":11,"column":33}},"5":{"start":{"line":13,"column":4},"end":{"line":25,"column":5}},"6":{"start":{"line":14,"column":27},"end":{"line":14,"column":45}},"7":{"start":{"line":15,"column":31},"end":{"line":15,"column":93}},"8":{"start":{"line":16,"column":8},"end":{"line":16,"column":42}},"9":{"start":{"line":17,"column":8},"end":{"line":17,"column":39}},"10":{"start":{"line":18,"column":8},"end":{"line":18,"column":42}},"11":{"start":{"line":19,"column":11},"end":{"line":25,"column":5}},"12":{"start":{"line":20,"column":8},"end":{"line":20,"column":29}},"13":{"start":{"line":21,"column":8},"end":{"line":21,"column":39}},"14":{"start":{"line":22,"column":8},"end":{"line":22,"column":49}},"15":{"start":{"line":23,"column":8},"end":{"line":23,"column":27}},"16":{"start":{"line":24,"column":8},"end":{"line":24,"column":42}},"17":{"start":{"line":27,"column":4},"end":{"line":27,"column":34}},"18":{"start":{"line":35,"column":35},"end":{"line":58,"column":1}},"19":{"start":{"line":36,"column":16},"end":{"line":36,"column":26}},"20":{"start":{"line":37,"column":22},"end":{"line":37,"column":32}},"21":{"start":{"line":38,"column":20},"end":{"line":38,"column":30}},"22":{"start":{"line":40,"column":4},"end":{"line":55,"column":5}},"23":{"start":{"line":42,"column":27},"end":{"line":42,"column":45}},"24":{"start":{"line":43,"column":31},"end":{"line":43,"column":93}},"25":{"start":{"line":44,"column":8},"end":{"line":44,"column":46}},"26":{"start":{"line":45,"column":8},"end":{"line":45,"column":39}},"27":{"start":{"line":46,"column":8},"end":{"line":46,"column":44}},"28":{"start":{"line":47,"column":8},"end":{"line":47,"column":42}},"29":{"start":{"line":48,"column":11},"end":{"line":55,"column":5}},"30":{"start":{"line":50,"column":8},"end":{"line":50,"column":53}},"31":{"start":{"line":51,"column":8},"end":{"line":51,"column":29}},"32":{"start":{"line":52,"column":8},"end":{"line":52,"column":39}},"33":{"start":{"line":53,"column":8},"end":{"line":53,"column":27}},"34":{"start":{"line":54,"column":8},"end":{"line":54,"column":42}},"35":{"start":{"line":57,"column":4},"end":{"line":57,"column":54}},"36":{"start":{"line":66,"column":34},"end":{"line":69,"column":1}},"37":{"start":{"line":67,"column":4},"end":{"line":67,"column":55}},"38":{"start":{"line":67,"column":24},"end":{"line":67,"column":55}},"39":{"start":{"line":68,"column":4},"end":{"line":68,"column":51}},"40":{"start":{"line":75,"column":22},"end":{"line":79,"column":1}},"41":{"start":{"line":76,"column":16},"end":{"line":76,"column":26}},"42":{"start":{"line":77,"column":26},"end":{"line":77,"column":76}},"43":{"start":{"line":78,"column":4},"end":{"line":78,"column":105}},"44":{"start":{"line":86,"column":19},"end":{"line":89,"column":1}},"45":{"start":{"line":87,"column":17},"end":{"line":87,"column":95}},"46":{"start":{"line":88,"column":4},"end":{"line":88,"column":31}},"47":{"start":{"line":96,"column":22},"end":{"line":98,"column":1}},"48":{"start":{"line":97,"column":4},"end":{"line":97,"column":56}},"49":{"start":{"line":100,"column":0},"end":{"line":107,"column":2}}},"fnMap":{"0":{"name":"(anonymous_0)","decl":{"start":{"line":8,"column":30},"end":{"line":8,"column":31}},"loc":{"start":{"line":8,"column":42},"end":{"line":28,"column":1}},"line":8},"1":{"name":"(anonymous_1)","decl":{"start":{"line":35,"column":35},"end":{"line":35,"column":36}},"loc":{"start":{"line":35,"column":47},"end":{"line":58,"column":1}},"line":35},"2":{"name":"(anonymous_2)","decl":{"start":{"line":66,"column":34},"end":{"line":66,"column":35}},"loc":{"start":{"line":66,"column":57},"end":{"line":69,"column":1}},"line":66},"3":{"name":"(anonymous_3)","decl":{"start":{"line":75,"column":22},"end":{"line":75,"column":23}},"loc":{"start":{"line":75,"column":28},"end":{"line":79,"column":1}},"line":75},"4":{"name":"(anonymous_4)","decl":{"start":{"line":86,"column":19},"end":{"line":86,"column":20}},"loc":{"start":{"line":86,"column":29},"end":{"line":89,"column":1}},"line":86},"5":{"name":"(anonymous_5)","decl":{"start":{"line":96,"column":22},"end":{"line":96,"column":23}},"loc":{"start":{"line":96,"column":34},"end":{"line":98,"column":1}},"line":96}},"branchMap":{"0":{"loc":{"start":{"line":13,"column":4},"end":{"line":25,"column":5}},"type":"if","locations":[{"start":{"line":13,"column":4},"end":{"line":25,"column":5}},{"start":{"line":19,"column":11},"end":{"line":25,"column":5}}],"line":13},"1":{"loc":{"start":{"line":15,"column":67},"end":{"line":15,"column":92}},"type":"cond-expr","locations":[{"start":{"line":15,"column":86},"end":{"line":15,"column":88}},{"start":{"line":15,"column":91},"end":{"line":15,"column":92}}],"line":15},"2":{"loc":{"start":{"line":19,"column":11},"end":{"line":25,"column":5}},"type":"if","locations":[{"start":{"line":19,"column":11},"end":{"line":25,"column":5}},{"start":{},"end":{}}],"line":19},"3":{"loc":{"start":{"line":40,"column":4},"end":{"line":55,"column":5}},"type":"if","locations":[{"start":{"line":40,"column":4},"end":{"line":55,"column":5}},{"start":{"line":48,"column":11},"end":{"line":55,"column":5}}],"line":40},"4":{"loc":{"start":{"line":43,"column":67},"end":{"line":43,"column":92}},"type":"cond-expr","locations":[{"start":{"line":43,"column":86},"end":{"line":43,"column":88}},{"start":{"line":43,"column":91},"end":{"line":43,"column":92}}],"line":43},"5":{"loc":{"start":{"line":48,"column":11},"end":{"line":55,"column":5}},"type":"if","locations":[{"start":{"line":48,"column":11},"end":{"line":55,"column":5}},{"start":{},"end":{}}],"line":48},"6":{"loc":{"start":{"line":67,"column":4},"end":{"line":67,"column":55}},"type":"if","locations":[{"start":{"line":67,"column":4},"end":{"line":67,"column":55}},{"start":{},"end":{}}],"line":67},"7":{"loc":{"start":{"line":67,"column":31},"end":{"line":67,"column":54}},"type":"cond-expr","locations":[{"start":{"line":67,"column":47},"end":{"line":67,"column":48}},{"start":{"line":67,"column":51},"end":{"line":67,"column":54}}],"line":67}},"s":{"0":8,"1":8,"2":0,"3":0,"4":0,"5":0,"6":0,"7":0,"8":0,"9":0,"10":0,"11":0,"12":0,"13":0,"14":0,"15":0,"16":0,"17":0,"18":8,"19":0,"20":0,"21":0,"22":0,"23":0,"24":0,"25":0,"26":0,"27":0,"28":0,"29":0,"30":0,"31":0,"32":0,"33":0,"34":0,"35":0,"36":8,"37":12,"38":3,"39":9,"40":8,"41":0,"42":0,"43":0,"44":8,"45":0,"46":0,"47":8,"48":0,"49":8},"f":{"0":0,"1":0,"2":12,"3":0,"4":0,"5":0},"b":{"0":[0,0],"1":[0,0],"2":[0,0],"3":[0,0],"4":[0,0],"5":[0,0],"6":[3,9],"7":[0,3]},"_coverageSchema":"1a1c01bbd47fc00a2c39e90264f33305004495a9","hash":"1e47236a98718681b1f6afda7ad71102754e37a6"}
}
