TN:
SF:src\controllers\analyticsController.js
FN:6,(anonymous_0)
FN:19,(anonymous_1)
FN:31,(anonymous_2)
FN:43,(anonymous_3)
FNF:4
FNH:4
FNDA:2,(anonymous_0)
FNDA:1,(anonymous_1)
FNDA:1,(anonymous_2)
FNDA:1,(anonymous_3)
DA:1,3
DA:6,3
DA:7,2
DA:8,2
DA:9,2
DA:10,2
DA:12,0
DA:19,3
DA:20,1
DA:21,1
DA:22,1
DA:24,0
DA:31,3
DA:32,1
DA:33,1
DA:34,1
DA:36,0
DA:43,3
DA:44,1
DA:45,1
DA:46,1
DA:48,0
DA:52,3
LF:23
LH:19
BRDA:8,0,0,1
BRF:1
BRH:1
end_of_record
TN:
SF:src\controllers\reportsController.js
FN:6,(anonymous_0)
FN:19,(anonymous_1)
FN:31,(anonymous_2)
FN:44,(anonymous_3)
FNF:4
FNH:4
FNDA:1,(anonymous_0)
FNDA:1,(anonymous_1)
FNDA:1,(anonymous_2)
FNDA:1,(anonymous_3)
DA:1,3
DA:6,3
DA:7,1
DA:8,1
DA:9,1
DA:10,0
DA:12,0
DA:19,3
DA:20,1
DA:21,1
DA:22,1
DA:24,0
DA:31,3
DA:32,1
DA:33,1
DA:34,1
DA:35,1
DA:37,0
DA:44,3
DA:45,1
DA:46,1
DA:47,1
DA:48,1
DA:50,0
DA:54,3
LF:25
LH:20
BRF:0
BRH:0
end_of_record
TN:
SF:src\controllers\syncController.js
FN:6,(anonymous_0)
FNF:1
FNH:1
FNDA:2,(anonymous_0)
DA:1,3
DA:6,3
DA:7,2
DA:8,2
DA:9,2
DA:11,0
DA:15,3
LF:7
LH:6
BRF:0
BRH:0
end_of_record
TN:
SF:src\middleware\authMiddleware.js
FN:8,(anonymous_0)
FNF:1
FNH:1
FNDA:12,(anonymous_0)
DA:1,3
DA:8,3
DA:10,12
DA:11,2
DA:15,10
DA:16,10
DA:19,0
DA:20,0
DA:22,0
DA:23,0
DA:30,0
DA:31,0
DA:32,0
DA:36,0
DA:37,0
DA:38,0
DA:40,0
DA:47,3
LF:18
LH:7
BRDA:10,0,0,2
BRDA:10,0,1,10
BRDA:10,1,0,12
BRDA:10,1,1,12
BRDA:15,2,0,10
BRDA:15,2,1,0
BRDA:22,3,0,0
BRDA:22,3,1,0
BRDA:30,4,0,0
BRDA:30,4,1,0
BRDA:36,5,0,0
BRDA:36,5,1,0
BRF:12
BRH:5
end_of_record
TN:
SF:src\middleware\errorHandler.js
FN:5,(anonymous_0)
FNF:1
FNH:0
FNDA:0,(anonymous_0)
DA:5,3
DA:6,0
DA:8,0
DA:10,0
DA:17,3
LF:5
LH:2
BRDA:8,0,0,0
BRDA:8,0,1,0
BRDA:12,1,0,0
BRDA:12,1,1,0
BRDA:13,2,0,0
BRDA:13,2,1,0
BRF:6
BRH:0
end_of_record
TN:
SF:src\middleware\rateLimiter.js
FN:12,(anonymous_0)
FNF:1
FNH:1
FNDA:12,(anonymous_0)
DA:1,3
DA:6,3
DA:14,12
DA:18,3
LF:4
LH:4
BRF:0
BRH:0
end_of_record
TN:
SF:src\middleware\validateRequest.js
FN:6,(anonymous_0)
FNF:1
FNH:1
FNDA:2,(anonymous_0)
DA:1,3
DA:6,3
DA:7,2
DA:22,2
DA:24,2
DA:25,1
DA:31,1
DA:32,1
DA:35,3
LF:9
LH:9
BRDA:24,0,0,1
BRDA:24,0,1,1
BRF:2
BRH:2
end_of_record
TN:
SF:src\models\AnalyticsCache.js
FNF:0
FNH:0
DA:1,0
DA:3,0
DA:37,0
LF:3
LH:0
BRF:0
BRH:0
end_of_record
TN:
SF:src\models\Report.js
FNF:0
FNH:0
DA:1,4
DA:3,4
DA:41,4
LF:3
LH:3
BRF:0
BRH:0
end_of_record
TN:
SF:src\models\TasksMirror.js
FNF:0
FNH:0
DA:1,8
DA:3,8
DA:45,8
LF:3
LH:3
BRF:0
BRH:0
end_of_record
TN:
SF:src\routes\analyticsRoutes.js
FNF:0
FNH:0
DA:1,3
DA:2,3
DA:3,3
DA:9,3
DA:15,3
DA:21,3
DA:27,3
DA:29,3
LF:8
LH:8
BRF:0
BRH:0
end_of_record
TN:
SF:src\routes\reportRoutes.js
FNF:0
FNH:0
DA:1,3
DA:2,3
DA:3,3
DA:4,3
DA:10,3
DA:16,3
DA:23,3
DA:29,3
DA:31,3
LF:9
LH:9
BRF:0
BRH:0
end_of_record
TN:
SF:src\routes\syncRoutes.js
FNF:0
FNH:0
DA:1,3
DA:2,3
DA:3,3
DA:9,3
DA:11,3
LF:5
LH:5
BRF:0
BRH:0
end_of_record
TN:
SF:src\services\analyticsService.js
FN:15,(anonymous_0)
FN:82,(anonymous_1)
FN:102,(anonymous_2)
FN:107,(anonymous_3)
FN:113,(anonymous_4)
FN:127,(anonymous_5)
FN:159,(anonymous_6)
FN:179,(anonymous_7)
FNF:8
FNH:7
FNDA:5,(anonymous_0)
FNDA:3,(anonymous_1)
FNDA:21,(anonymous_2)
FNDA:0,(anonymous_3)
FNDA:21,(anonymous_4)
FNDA:3,(anonymous_5)
FNDA:2,(anonymous_6)
FNDA:2,(anonymous_7)
DA:1,5
DA:2,5
DA:8,5
DA:15,5
DA:16,5
DA:19,5
DA:20,5
DA:21,5
DA:22,5
DA:23,5
DA:24,5
DA:25,5
DA:26,5
DA:29,5
DA:30,5
DA:31,5
DA:32,5
DA:33,5
DA:34,5
DA:37,5
DA:41,4
DA:46,4
DA:51,4
DA:55,4
DA:60,4
DA:64,4
DA:73,0
DA:74,0
DA:82,5
DA:83,3
DA:85,3
DA:86,3
DA:87,3
DA:88,3
DA:89,3
DA:90,3
DA:91,3
DA:92,3
DA:95,3
DA:101,3
DA:102,3
DA:103,21
DA:107,3
DA:108,0
DA:109,0
DA:113,21
DA:118,0
DA:119,0
DA:127,5
DA:128,3
DA:129,3
DA:130,3
DA:131,3
DA:132,3
DA:134,3
DA:150,0
DA:151,0
DA:159,5
DA:160,2
DA:161,2
DA:179,2
DA:189,0
DA:190,0
DA:194,5
LF:64
LH:54
BRDA:15,0,0,0
BRDA:22,1,0,0
BRDA:22,1,1,5
BRDA:46,2,0,4
BRDA:46,2,1,0
BRDA:60,3,0,3
BRDA:60,3,1,1
BRDA:88,4,0,0
BRDA:88,4,1,3
BRDA:137,5,0,3
BRDA:137,5,1,0
BRDA:141,6,0,3
BRDA:141,6,1,0
BRDA:145,7,0,3
BRDA:145,7,1,0
BRDA:184,8,0,2
BRDA:184,8,1,0
BRF:17
BRH:9
end_of_record
TN:
SF:src\services\reportsService.js
FN:11,(anonymous_0)
FN:34,(anonymous_1)
FN:53,(anonymous_2)
FN:68,(anonymous_3)
FN:86,(anonymous_4)
FNF:5
FNH:5
FNDA:3,(anonymous_0)
FNDA:2,(anonymous_1)
FNDA:2,(anonymous_2)
FNDA:3,(anonymous_3)
FNDA:3,(anonymous_4)
DA:1,4
DA:2,4
DA:11,4
DA:12,3
DA:14,3
DA:22,3
DA:23,3
DA:26,3
DA:34,2
DA:37,1
DA:38,1
DA:39,1
DA:41,1
DA:42,1
DA:44,0
DA:45,0
DA:53,4
DA:54,2
DA:55,2
DA:56,2
DA:58,0
DA:59,0
DA:68,4
DA:69,3
DA:70,3
DA:71,3
DA:72,1
DA:74,2
DA:76,1
DA:77,1
DA:86,4
DA:87,3
DA:88,3
DA:89,3
DA:90,1
DA:92,2
DA:93,2
DA:95,1
DA:96,1
DA:100,4
LF:40
LH:36
BRDA:71,0,0,1
BRDA:71,0,1,2
BRDA:89,1,0,1
BRDA:89,1,1,2
BRF:4
BRH:4
end_of_record
TN:
SF:src\services\syncService.js
FN:10,(anonymous_0)
FN:62,(anonymous_1)
FNF:2
FNH:2
FNDA:11,(anonymous_0)
FNDA:6,(anonymous_1)
DA:1,4
DA:2,4
DA:3,4
DA:10,4
DA:11,11
DA:14,11
DA:15,11
DA:16,88
DA:18,11
DA:19,132
DA:23,11
DA:24,209
DA:25,209
DA:28,11
DA:29,220
DA:30,220
DA:31,220
DA:34,220
DA:35,220
DA:36,88
DA:37,88
DA:38,88
DA:39,88
DA:40,88
DA:41,88
DA:44,220
DA:55,11
DA:62,4
DA:63,6
DA:64,6
DA:66,6
DA:68,6
DA:70,6
DA:71,6
DA:75,0
DA:76,0
DA:80,6
DA:83,6
DA:84,101
DA:91,5
DA:92,5
DA:98,1
DA:99,1
DA:106,4
LF:44
LH:42
BRDA:19,0,0,66
BRDA:19,0,1,66
BRDA:35,1,0,88
BRDA:35,1,1,132
BRDA:68,2,0,6
BRDA:68,2,1,0
BRF:6
BRH:5
end_of_record
TN:
SF:src\utils\constants.js
FNF:0
FNH:0
DA:2,8
DA:9,8
DA:16,8
DA:22,8
DA:31,8
DA:34,8
DA:36,8
LF:7
LH:7
BRF:0
BRH:0
end_of_record
TN:
SF:src\utils\helpers.js
FN:8,(anonymous_0)
FN:35,(anonymous_1)
FN:66,(anonymous_2)
FN:75,(anonymous_3)
FN:86,(anonymous_4)
FN:96,(anonymous_5)
FNF:6
FNH:2
FNDA:0,(anonymous_0)
FNDA:0,(anonymous_1)
FNDA:12,(anonymous_2)
FNDA:220,(anonymous_3)
FNDA:0,(anonymous_4)
FNDA:0,(anonymous_5)
DA:1,8
DA:8,8
DA:9,0
DA:10,0
DA:11,0
DA:13,0
DA:14,0
DA:15,0
DA:16,0
DA:17,0
DA:18,0
DA:19,0
DA:20,0
DA:21,0
DA:22,0
DA:23,0
DA:24,0
DA:27,0
DA:35,8
DA:36,0
DA:37,0
DA:38,0
DA:40,0
DA:42,0
DA:43,0
DA:44,0
DA:45,0
DA:46,0
DA:47,0
DA:48,0
DA:50,0
DA:51,0
DA:52,0
DA:53,0
DA:54,0
DA:57,0
DA:66,8
DA:67,12
DA:68,9
DA:75,8
DA:76,220
DA:77,220
DA:78,220
DA:86,8
DA:87,0
DA:88,0
DA:96,8
DA:97,0
DA:100,8
LF:49
LH:13
BRDA:13,0,0,0
BRDA:13,0,1,0
BRDA:15,1,0,0
BRDA:15,1,1,0
BRDA:19,2,0,0
BRDA:19,2,1,0
BRDA:40,3,0,0
BRDA:40,3,1,0
BRDA:43,4,0,0
BRDA:43,4,1,0
BRDA:48,5,0,0
BRDA:48,5,1,0
BRDA:67,6,0,3
BRDA:67,6,1,9
BRDA:67,7,0,0
BRDA:67,7,1,3
BRF:16
BRH:3
end_of_record
