TN:
SF:src\controllers\analyticsController.js
FN:6,(anonymous_0)
FN:19,(anonymous_1)
FN:31,(anonymous_2)
FN:43,(anonymous_3)
FNF:4
FNH:4
FNDA:2,(anonymous_0)
FNDA:1,(anonymous_1)
FNDA:1,(anonymous_2)
FNDA:1,(anonymous_3)
DA:1,3
DA:6,3
DA:7,2
DA:8,2
DA:9,2
DA:10,2
DA:12,0
DA:19,3
DA:20,1
DA:21,1
DA:22,1
DA:24,0
DA:31,3
DA:32,1
DA:33,1
DA:34,1
DA:36,0
DA:43,3
DA:44,1
DA:45,1
DA:46,1
DA:48,0
DA:52,3
LF:23
LH:19
BRDA:8,0,0,1
BRF:1
BRH:1
end_of_record
TN:
SF:src\controllers\reportsController.js
FN:6,(anonymous_0)
FN:19,(anonymous_1)
FN:31,(anonymous_2)
FN:44,(anonymous_3)
FNF:4
FNH:4
FNDA:1,(anonymous_0)
FNDA:1,(anonymous_1)
FNDA:1,(anonymous_2)
FNDA:1,(anonymous_3)
DA:1,3
DA:6,3
DA:7,1
DA:8,1
DA:9,1
DA:10,0
DA:12,0
DA:19,3
DA:20,1
DA:21,1
DA:22,1
DA:24,0
DA:31,3
DA:32,1
DA:33,1
DA:34,1
DA:35,1
DA:37,0
DA:44,3
DA:45,1
DA:46,1
DA:47,1
DA:48,1
DA:50,0
DA:54,3
LF:25
LH:20
BRF:0
BRH:0
end_of_record
TN:
SF:src\controllers\syncController.js
FN:6,(anonymous_0)
FNF:1
FNH:1
FNDA:2,(anonymous_0)
DA:1,3
DA:6,3
DA:7,2
DA:8,2
DA:9,2
DA:11,0
DA:15,3
LF:7
LH:6
BRF:0
BRH:0
end_of_record
TN:
SF:src\middleware\authMiddleware.js
FN:7,(anonymous_0)
FNF:1
FNH:1
FNDA:12,(anonymous_0)
DA:1,3
DA:7,3
DA:9,12
DA:10,2
DA:14,10
DA:15,10
DA:18,0
DA:19,0
DA:21,0
DA:22,0
DA:28,0
DA:29,0
DA:30,0
DA:32,0
DA:39,3
LF:15
LH:7
BRDA:9,0,0,2
BRDA:9,0,1,10
BRDA:9,1,0,12
BRDA:9,1,1,12
BRDA:14,2,0,10
BRDA:14,2,1,0
BRDA:21,3,0,0
BRDA:21,3,1,0
BRDA:28,4,0,0
BRDA:28,4,1,0
BRF:10
BRH:5
end_of_record
TN:
SF:src\middleware\errorHandler.js
FN:5,(anonymous_0)
FNF:1
FNH:0
FNDA:0,(anonymous_0)
DA:5,3
DA:6,0
DA:8,0
DA:10,0
DA:17,3
LF:5
LH:2
BRDA:8,0,0,0
BRDA:8,0,1,0
BRDA:12,1,0,0
BRDA:12,1,1,0
BRDA:13,2,0,0
BRDA:13,2,1,0
BRF:6
BRH:0
end_of_record
TN:
SF:src\middleware\rateLimiter.js
FN:12,(anonymous_0)
FNF:1
FNH:1
FNDA:12,(anonymous_0)
DA:1,3
DA:6,3
DA:14,12
DA:18,3
LF:4
LH:4
BRF:0
BRH:0
end_of_record
TN:
SF:src\middleware\validateRequest.js
FN:6,(anonymous_0)
FNF:1
FNH:1
FNDA:2,(anonymous_0)
DA:1,3
DA:6,3
DA:7,2
DA:22,2
DA:24,2
DA:25,1
DA:31,1
DA:32,1
DA:35,3
LF:9
LH:9
BRDA:24,0,0,1
BRDA:24,0,1,1
BRF:2
BRH:2
end_of_record
TN:
SF:src\models\AnalyticsCache.js
FNF:0
FNH:0
DA:1,0
DA:3,0
DA:37,0
LF:3
LH:0
BRF:0
BRH:0
end_of_record
TN:
SF:src\models\Report.js
FNF:0
FNH:0
DA:1,4
DA:3,4
DA:41,4
LF:3
LH:3
BRF:0
BRH:0
end_of_record
TN:
SF:src\models\TasksMirror.js
FNF:0
FNH:0
DA:1,8
DA:3,8
DA:45,8
LF:3
LH:3
BRF:0
BRH:0
end_of_record
TN:
SF:src\routes\analyticsRoutes.js
FNF:0
FNH:0
DA:1,3
DA:2,3
DA:3,3
DA:9,3
DA:15,3
DA:21,3
DA:27,3
DA:29,3
LF:8
LH:8
BRF:0
BRH:0
end_of_record
TN:
SF:src\routes\reportRoutes.js
FNF:0
FNH:0
DA:1,3
DA:2,3
DA:3,3
DA:4,3
DA:10,3
DA:16,3
DA:23,3
DA:29,3
DA:31,3
LF:9
LH:9
BRF:0
BRH:0
end_of_record
TN:
SF:src\routes\syncRoutes.js
FNF:0
FNH:0
DA:1,3
DA:2,3
DA:3,3
DA:9,3
DA:11,3
LF:5
LH:5
BRF:0
BRH:0
end_of_record
TN:
SF:src\services\analyticsService.js
FN:15,(anonymous_0)
FN:66,(anonymous_1)
FN:78,(anonymous_2)
FN:83,(anonymous_3)
FN:89,(anonymous_4)
FN:103,(anonymous_5)
FN:135,(anonymous_6)
FN:155,(anonymous_7)
FNF:8
FNH:7
FNDA:5,(anonymous_0)
FNDA:3,(anonymous_1)
FNDA:21,(anonymous_2)
FNDA:0,(anonymous_3)
FNDA:21,(anonymous_4)
FNDA:3,(anonymous_5)
FNDA:2,(anonymous_6)
FNDA:2,(anonymous_7)
DA:1,5
DA:2,5
DA:8,5
DA:15,5
DA:16,5
DA:17,5
DA:18,5
DA:21,5
DA:25,4
DA:30,4
DA:35,4
DA:39,4
DA:44,4
DA:48,4
DA:57,0
DA:58,0
DA:66,5
DA:67,3
DA:68,3
DA:71,3
DA:77,3
DA:78,3
DA:79,21
DA:83,3
DA:84,0
DA:85,0
DA:89,21
DA:94,0
DA:95,0
DA:103,5
DA:104,3
DA:105,3
DA:106,3
DA:107,3
DA:108,3
DA:110,3
DA:126,0
DA:127,0
DA:135,5
DA:136,2
DA:137,2
DA:155,2
DA:165,0
DA:166,0
DA:170,5
LF:45
LH:35
BRDA:15,0,0,0
BRDA:30,1,0,4
BRDA:30,1,1,0
BRDA:44,2,0,3
BRDA:44,2,1,1
BRDA:113,3,0,3
BRDA:113,3,1,0
BRDA:117,4,0,3
BRDA:117,4,1,0
BRDA:121,5,0,3
BRDA:121,5,1,0
BRDA:160,6,0,2
BRDA:160,6,1,0
BRF:13
BRH:7
end_of_record
TN:
SF:src\services\reportsService.js
FN:11,(anonymous_0)
FN:50,(anonymous_1)
FN:65,(anonymous_2)
FN:83,(anonymous_3)
FNF:4
FNH:4
FNDA:3,(anonymous_0)
FNDA:2,(anonymous_1)
FNDA:3,(anonymous_2)
FNDA:3,(anonymous_3)
DA:1,4
DA:2,4
DA:11,4
DA:12,3
DA:14,3
DA:22,3
DA:23,3
DA:26,3
DA:34,2
DA:35,2
DA:36,2
DA:38,2
DA:39,2
DA:41,0
DA:42,0
DA:50,4
DA:51,2
DA:52,2
DA:53,2
DA:55,0
DA:56,0
DA:65,4
DA:66,3
DA:67,3
DA:68,3
DA:69,1
DA:71,2
DA:73,1
DA:74,1
DA:83,4
DA:84,3
DA:85,3
DA:86,3
DA:87,1
DA:89,2
DA:90,2
DA:92,1
DA:93,1
DA:97,4
LF:39
LH:35
BRDA:68,0,0,1
BRDA:68,0,1,2
BRDA:86,1,0,1
BRDA:86,1,1,2
BRF:4
BRH:4
end_of_record
TN:
SF:src\services\syncService.js
FN:9,(anonymous_0)
FN:37,(anonymous_1)
FNF:2
FNH:2
FNDA:11,(anonymous_0)
FNDA:6,(anonymous_1)
DA:1,4
DA:2,4
DA:3,4
DA:9,4
DA:10,11
DA:11,11
DA:13,11
DA:14,220
DA:15,220
DA:16,220
DA:17,220
DA:19,220
DA:30,11
DA:37,4
DA:38,6
DA:39,6
DA:41,6
DA:43,6
DA:45,6
DA:46,6
DA:50,0
DA:51,0
DA:55,6
DA:56,101
DA:63,5
DA:64,5
DA:70,1
DA:71,1
DA:78,4
LF:29
LH:27
BRDA:17,0,0,71
BRDA:17,0,1,149
BRDA:43,1,0,6
BRDA:43,1,1,0
BRF:4
BRH:3
end_of_record
TN:
SF:src\utils\constants.js
FNF:0
FNH:0
DA:2,8
DA:9,8
DA:16,8
DA:22,8
DA:31,8
DA:34,8
DA:36,8
LF:7
LH:7
BRF:0
BRH:0
end_of_record
TN:
SF:src\utils\helpers.js
FN:8,(anonymous_0)
FN:35,(anonymous_1)
FN:66,(anonymous_2)
FN:75,(anonymous_3)
FN:86,(anonymous_4)
FN:96,(anonymous_5)
FNF:6
FNH:4
FNDA:8,(anonymous_0)
FNDA:5,(anonymous_1)
FNDA:12,(anonymous_2)
FNDA:291,(anonymous_3)
FNDA:0,(anonymous_4)
FNDA:0,(anonymous_5)
DA:1,8
DA:8,8
DA:9,8
DA:10,8
DA:11,8
DA:13,8
DA:14,8
DA:15,8
DA:16,8
DA:17,8
DA:18,8
DA:19,0
DA:20,0
DA:21,0
DA:22,0
DA:23,0
DA:24,0
DA:27,8
DA:35,8
DA:36,5
DA:37,5
DA:38,5
DA:40,5
DA:42,5
DA:43,5
DA:44,5
DA:45,5
DA:46,5
DA:47,5
DA:48,0
DA:50,0
DA:51,0
DA:52,0
DA:53,0
DA:54,0
DA:57,5
DA:66,8
DA:67,12
DA:68,9
DA:75,8
DA:76,291
DA:77,291
DA:78,291
DA:86,8
DA:87,0
DA:88,0
DA:96,8
DA:97,0
DA:100,8
LF:49
LH:34
BRDA:13,0,0,8
BRDA:13,0,1,0
BRDA:15,1,0,0
BRDA:15,1,1,8
BRDA:19,2,0,0
BRDA:19,2,1,0
BRDA:40,3,0,5
BRDA:40,3,1,0
BRDA:43,4,0,0
BRDA:43,4,1,5
BRDA:48,5,0,0
BRDA:48,5,1,0
BRDA:67,6,0,3
BRDA:67,6,1,9
BRDA:67,7,0,0
BRDA:67,7,1,3
BRF:16
BRH:7
end_of_record
